======================================================================
  Find Center v3 — minimise wrench toward zero
======================================================================
  Host              : 192.168.57.101
  Probe step (XYZ)  : 0.0002 m
  Probe step (rot)  : 0.01 rad
  Move step  (XYZ)  : 0.0001 m
  Move step  (rot)  : 0.005 rad
  Force safety      : 20.0 N
  Moment safety     : 2.0 Nm
  Max steps         : 200
  Speed / Accel     : 0.25 / 0.25
  Settle time       : 0.05 s
  Z plus only       : True
  Mode              : direct
  Force scale       : 20.0 N
  Moment scale      : 2.0 Nm
  Ratio             : 10.0:1  (1 Nm ≡ 10.0 N)

Connected to Ayal at 192.168.57.101
  Measuring sensor noise (100 samples) …
  Noise σ: FX=0.1476 FY=0.1222 FZ=0.1239 MX=0.0037 MY=0.0036 MZ=0.0029
  Noise floor (||σ_F||+||σ_M||) = 0.2341
  Start pose:   [-0.399492,  0.459244,  0.525144, -1.609609,  0.020029,  0.105205]
  Start forces: FX=-0.320  FY=+0.342  FZ=-0.158  MX=+0.032  MY=-0.021  MZ=-0.040
  Start ||W|| = 0.5490
  Force/moment scale: 20.0 N / 2.0 Nm  (ratio 10.0:1)

────────────────────────────────────────────────────────────
  STEP 1 / 200   ||W|| = 0.5490  (step_scale=1.0)
────────────────────────────────────────────────────────────
  Forces: FX=-0.320  FY=+0.342  FZ=-0.158  MX=+0.032  MY=-0.021  MZ=-0.040
  Normalised scores:
    FX = -0.3200  σ=0.1476  norm=0.0086  ← signal 0.1724
    FY = +0.3419  σ=0.1222  norm=0.0110  ← signal 0.2197
    FZ = -0.1579  σ=0.1239  norm=0.0017  ← signal 0.0339
    MX = +0.0318  σ=0.0037  norm=0.0141  ← signal 0.0282
    MY = -0.0205  σ=0.0036  norm=0.0085  ← signal 0.0170
    MZ = -0.0396  σ=0.0029  norm=0.0183  ← signal 0.0367

  ★  Dominant: MZ=-0.0396  (norm=0.0183) → step -RZ
  After step: ||W|| = 1.5295  (Δ = +0.9805)
  MZ: 0.0396 → 0.1047  (Δ = +0.0651, σ = 0.0029)
  Forces: FX=-1.276  FY=+0.563  FZ=+0.113  MX=+0.015  MY=-0.075  MZ=+0.105

  🔬  |MZ| improvement within noise (-0.0651 ≤ σ 0.0029) — halving step size → step_scale=0.5

────────────────────────────────────────────────────────────
  STEP 2 / 200   ||W|| = 1.5295  (step_scale=0.5)
────────────────────────────────────────────────────────────
  Forces: FX=-1.276  FY=+0.563  FZ=+0.113  MX=+0.015  MY=-0.075  MZ=+0.105
  Normalised scores:
    FX = -1.2763  σ=0.1476  norm=0.0564  ← signal 1.1287
    FY = +0.5633  σ=0.1222  norm=0.0221  ← signal 0.4412
    FZ = +0.1132  σ=0.1239  norm=0.0000
    MX = +0.0147  σ=0.0037  norm=0.0055  ← signal 0.0110
    MY = -0.0755  σ=0.0036  norm=0.0360  ← signal 0.0719
    MZ = +0.1047  σ=0.0029  norm=0.0509  ← signal 0.1017

  ★  Dominant: FX=-1.2763  (norm=0.0564) → step -X
  After step: ||W|| = 1.4499  (Δ = -0.0796)
  FX: 1.2763 → 1.0365  (Δ = -0.2398, σ = 0.1476)
  Forces: FX=-1.037  FY=+0.814  FZ=+0.038  MX=-0.008  MY=-0.087  MZ=+0.098

────────────────────────────────────────────────────────────
  STEP 3 / 200   ||W|| = 1.4499  (step_scale=0.5)
────────────────────────────────────────────────────────────
  Forces: FX=-1.037  FY=+0.814  FZ=+0.038  MX=-0.008  MY=-0.087  MZ=+0.098
  Normalised scores:
    FX = -1.0365  σ=0.1476  norm=0.0444  ← signal 0.8889
    FY = +0.8138  σ=0.1222  norm=0.0346  ← signal 0.6916
    FZ = +0.0384  σ=0.1239  norm=0.0000
    MX = -0.0079  σ=0.0037  norm=0.0021  ← signal 0.0043
    MY = -0.0871  σ=0.0036  norm=0.0418  ← signal 0.0835
    MZ = +0.0983  σ=0.0029  norm=0.0477  ← signal 0.0954

  ★  Dominant: MZ=+0.0983  (norm=0.0477) → step +RZ
  After step: ||W|| = 0.8050  (Δ = -0.6449)
  MZ: 0.0983 → 0.0271  (Δ = -0.0712, σ = 0.0029)
  Forces: FX=-0.011  FY=+0.679  FZ=-0.362  MX=-0.016  MY=-0.016  MZ=-0.027

────────────────────────────────────────────────────────────
  STEP 4 / 200   ||W|| = 0.8050  (step_scale=0.5)
────────────────────────────────────────────────────────────
  Forces: FX=-0.011  FY=+0.679  FZ=-0.362  MX=-0.016  MY=-0.016  MZ=-0.027
  Normalised scores:
    FX = -0.0111  σ=0.1476  norm=0.0000
    FY = +0.6792  σ=0.1222  norm=0.0279  ← signal 0.5571
    FZ = -0.3622  σ=0.1239  norm=0.0119  ← signal 0.2383
    MX = -0.0160  σ=0.0037  norm=0.0062  ← signal 0.0124
    MY = -0.0157  σ=0.0036  norm=0.0061  ← signal 0.0121
    MZ = -0.0271  σ=0.0029  norm=0.0121  ← signal 0.0241

  ★  Dominant: FY=+0.6792  (norm=0.0279) → step +Y
  After step: ||W|| = 0.8657  (Δ = +0.0607)
  FY: 0.6792 → 0.6971  (Δ = +0.0178, σ = 0.1222)
  Forces: FX=-0.444  FY=+0.697  FZ=-0.085  MX=-0.009  MY=-0.028  MZ=-0.019

  ✅  |FY| improvement within 0.5σ (-0.0178 ≤ 0.5·σ 0.0611) at step_scale=0.5 — centered.

  Final pose:   [-0.399501,  0.459243,  0.525153, -1.609514,  0.018089,  0.103326]
  Final forces: FX=-0.444  FY=+0.697  FZ=-0.085  MX=-0.009  MY=-0.028  MZ=-0.019
  Final ||W|| = 0.8657  (started at 0.5490)

======================================================================
  SUMMARY
======================================================================
  Total steps:  4
  ||W|| start:  0.5490
  ||W|| final:  0.8657
  Noise floor:  0.2341
  Noise σ:      FX=0.1476 FY=0.1222 FZ=0.1239 MX=0.0037 MY=0.0036 MZ=0.0029
  Start pose:   [-0.399492,  0.459244,  0.525144, -1.609609,  0.020029,  0.105205]
  Final pose:   [-0.399501,  0.459243,  0.525153, -1.609514,  0.018089,  0.103326]

  Step   Dir  ||W|| before   ||W|| after         Δ
  ──────────────────────────────────────────────────
     1   -RZ        0.5490        1.5295   +0.9805
     2    -X        1.5295        1.4499   -0.0796
     3   +RZ        1.4499        0.8050   -0.6449
     4    +Y        0.8050        0.8657   +0.0607
======================================================================

Results saved to /home/user/Projects/yarbiv/rmp_lab/playground/find_center_3_log.json

Disconnected from Ayal.
