======================================================================
  Ayal TCP Center Finder v2 — gradient descent
======================================================================
  Host              : 192.168.57.101
  Probe step (XYZ)  : 0.0002 m
  Probe step (rot)  : 0.01 rad
  Move step  (XYZ)  : 0.0001 m
  Move step  (rot)  : 0.005 rad
  Force safety      : 20.0 N
  Moment safety     : 2.0 Nm
  Grad conv (force) : 0.5
  Grad conv (moment): 0.1
  Force mag conv    : 1.0 N
  Max steps         : 200
  Speed / Accel     : 0.25 / 0.25
  Settle time       : 0.05 s
  Z plus only       : True

Connected to Ayal at 192.168.57.101
  Start pose: [-0.265777,  0.669489,  0.571181, -1.094707,  1.028840,  0.878673]
  Start forces: FX=+0.401  FY=-2.204  FZ=-0.413  MX=-0.196  MY=-0.359  MZ=-0.077
  Start ||W|| = 2.694

────────────────────────────────────────────────────────────
  STEP 1 / 200
────────────────────────────────────────────────────────────
  Current ||W|| = 2.694  (FX=+0.401  FY=-2.204  FZ=-0.413  MX=-0.196  MY=-0.359  MZ=-0.077)

  Probing gradients …
      +X  ||W||=4.401  grad=+8532.568  (FX=-3.161  FY=-1.571  FZ=+1.155  MX=-0.214  MY=-0.646  MZ=-0.087)
      -X  ||W||=2.817  grad=+615.210  (FX=+1.161  FY=-2.055  FZ=-0.654  MX=-0.152  MY=-0.325  MZ=-0.082)
      +Y  ||W||=4.679  grad=+9924.063  (FX=-1.509  FY=-3.862  FZ=-0.164  MX=-0.045  MY=-0.520  MZ=-0.087)
      -Y  ||W||=2.620  grad=-370.908  (FX=-1.826  FY=+0.693  FZ=-0.123  MX=-0.335  MY=-0.565  MZ=-0.094)
      +Z  ||W||=4.215  grad=+7604.292  (FX=+0.796  FY=-2.672  FZ=-2.646  MX=-0.118  MY=-0.335  MZ=-0.110)
     +RX  ||W||=3.039  grad=+34.518  (FX=+1.262  FY=+1.692  FZ=+0.547  MX=-0.776  MY=-0.361  MZ=+0.065)
     -RX  ||W||=4.212  grad=+151.750  (FX=-1.696  FY=-3.185  FZ=-0.459  MX=+0.238  MY=-0.515  MZ=-0.091)
     +RY  ||W||=5.902  grad=+320.790  (FX=-4.262  FY=-2.101  FZ=+0.099  MX=-0.135  MY=-1.140  MZ=-0.065)
     -RY  ||W||=4.610  grad=+191.598  (FX=+4.222  FY=+0.412  FZ=+0.299  MX=-0.321  MY=+0.158  MZ=+0.020)
     +RZ  ||W||=2.888  grad=+19.354  (FX=-1.428  FY=-1.511  FZ=-0.536  MX=-0.170  MY=-0.578  MZ=-0.431)
     -RZ  ||W||=1.497  grad=-119.707  (FX=+0.008  FY=-0.769  FZ=+0.040  MX=-0.244  MY=-0.525  MZ=+0.442)

  ★  Best direction: -Y  (grad=-370.908)
  After step: ||W|| = 1.604  (Δ = -1.090)
  Pose: [-0.265778,  0.669481,  0.571190, -1.094789,  1.028773,  0.878742]

────────────────────────────────────────────────────────────
  STEP 2 / 200
────────────────────────────────────────────────────────────
  Current ||W|| = 1.604  (FX=-0.103  FY=-1.082  FZ=-0.077  MX=-0.188  MY=-0.463  MZ=-0.120)

  Probing gradients …
      +X  ||W||=4.289  grad=+13425.161  (FX=-3.431  FY=-0.546  FZ=+0.553  MX=-0.268  MY=-0.712  MZ=-0.125)
      -X  ||W||=3.158  grad=+7770.764  (FX=+2.330  FY=-1.229  FZ=-0.998  MX=-0.202  MY=-0.259  MZ=-0.093)
      +Y  ||W||=4.320  grad=+13582.547  (FX=-0.826  FY=-3.783  FZ=+0.128  MX=-0.029  MY=-0.435  MZ=-0.095)
      -Y  ||W||=2.233  grad=+3147.848  (FX=-0.788  FY=+1.388  FZ=+0.083  MX=-0.363  MY=-0.512  MZ=-0.095)
      +Z  ||W||=3.985  grad=+11904.480  (FX=+0.395  FY=-2.484  FZ=-2.601  MX=-0.133  MY=-0.324  MZ=-0.109)
     +RX  ||W||=2.927  grad=+132.268  (FX=+1.172  FY=+1.633  FZ=+0.561  MX=-0.743  MY=-0.385  MZ=+0.064)
     -RX  ||W||=3.880  grad=+227.624  (FX=-1.443  FY=-2.983  FZ=-0.230  MX=+0.225  MY=-0.504  MZ=-0.086)
     +RY  ||W||=6.055  grad=+445.131  (FX=-4.158  FY=-2.543  FZ=+0.167  MX=-0.114  MY=-1.172  MZ=-0.060)
     -RY  ||W||=3.871  grad=+226.740  (FX=+3.510  FY=+0.209  FZ=+0.473  MX=-0.301  MY=+0.116  MZ=+0.018)
     +RZ  ||W||=2.550  grad=+94.574  (FX=-1.121  FY=-1.427  FZ=-0.210  MX=-0.177  MY=-0.562  MZ=-0.420)
     -RZ  ||W||=1.679  grad=+7.510  (FX=+0.525  FY=-0.805  FZ=+0.122  MX=-0.250  MY=-0.499  MZ=+0.439)
  ✅  No direction decreases forces (best grad = +7.510)
      Already at a local minimum.

  Final pose:   [-0.265792,  0.669483,  0.571167, -1.094837,  1.028754,  0.878745]
  Final forces: FX=-0.798  FY=-1.461  FZ=+0.034  MX=-0.192  MY=-0.502  MZ=-0.129
  Final ||W|| = 2.218  (started at 2.694)

======================================================================
  SUMMARY
======================================================================
  Total steps:  2
  ||W|| start:  2.694
  ||W|| final:  2.218
  Start pose:   [-0.265777,  0.669489,  0.571181, -1.094707,  1.028840,  0.878673]
  Final pose:   [-0.265792,  0.669483,  0.571167, -1.094837,  1.028754,  0.878745]

  Step   Dir      Grad  ||W|| before   ||W|| after
  ──────────────────────────────────────────────────
     1    -Y  -370.908         2.694         1.604
======================================================================

Results saved to /home/user/Projects/yarbiv/rmp_lab/playground/find_calibrate_2_log.json

Disconnected from Ayal.
