======================================================================
  Ayal TCP Center Finder — force-threshold probing
======================================================================
  Host           : 192.168.57.101
  Step (XYZ)     : 0.0001 m
  Step (RXRYRZ)  : 0.01 rad
  Force threshold: 10.0 N
  Moment threshold: 1.0 Nm
  Max steps/dir  : 50
  Speed / Accel  : 0.25 / 0.25
  Settle time    : 0.05 s

Connected to Ayal at 192.168.57.101
  find_center initial pose: [-0.399549,  0.459173,  0.525154, -1.609533,  0.017889,  0.103352]

════════════════════════════════════════════════════════════
  CENTERING ITERATION 1 / 10
════════════════════════════════════════════════════════════

  ──────────────────────────────────────────────────
    Probing axis: X  (|FX|≥10.0 or |MX|≥1.0)

    ▶ +X
    step   1  FX=+2.092  FY=+0.319  FZ=-15.003  MX=+0.048  MY=+0.201  MZ=+0.003
             |FX|=2.092/10.0  |MX|=0.048/1.0
    step   2  FX=-1.022  FY=+0.737  FZ=-14.488  MX=+0.020  MY=-0.054  MZ=+0.026
             |FX|=1.022/10.0  |MX|=0.020/1.0
    step   3  FX=-2.145  FY=-0.004  FZ=-14.481  MX=+0.074  MY=-0.214  MZ=+0.039
             |FX|=2.145/10.0  |MX|=0.074/1.0
    step   4  FX=-3.736  FY=-0.009  FZ=-14.108  MX=+0.070  MY=-0.377  MZ=+0.042
             |FX|=3.736/10.0  |MX|=0.070/1.0
    step   5  FX=-4.985  FY=-0.078  FZ=-13.564  MX=+0.052  MY=-0.532  MZ=+0.046
             |FX|=4.985/10.0  |MX|=0.052/1.0
    step   6  FX=-6.396  FY=+0.213  FZ=-13.497  MX=+0.054  MY=-0.717  MZ=+0.042
             |FX|=6.396/10.0  |MX|=0.054/1.0
    step   7  FX=-7.989  FY=+0.503  FZ=-13.353  MX=+0.043  MY=-0.910  MZ=+0.046
             |FX|=7.989/10.0  |MX|=0.043/1.0
    step   8  FX=-9.306  FY=+0.182  FZ=-12.723  MX=+0.058  MY=-1.088  MZ=+0.049
             |FX|=9.306/10.0  |MX|=0.058/1.0
    step   9  FX=-10.473  FY=+0.294  FZ=-12.614  MX=+0.041  MY=-1.269  MZ=+0.036
             |FX|=10.473/10.0  |MX|=0.041/1.0
    ✅  Force threshold (FX) reached at step 9
    ↩  Returning to start pose …

    ▶ −X
    step   1  FX=+5.450  FY=+0.840  FZ=-14.787  MX=+0.042  MY=+0.407  MZ=+0.015
             |FX|=5.450/10.0  |MX|=0.042/1.0
    step   2  FX=+6.592  FY=+0.683  FZ=-14.707  MX=+0.034  MY=+0.550  MZ=+0.002
             |FX|=6.592/10.0  |MX|=0.034/1.0
    step   3  FX=+7.336  FY=+0.521  FZ=-15.208  MX=+0.076  MY=+0.708  MZ=-0.012
             |FX|=7.336/10.0  |MX|=0.076/1.0
    step   4  FX=+9.141  FY=+0.474  FZ=-15.174  MX=+0.082  MY=+0.907  MZ=-0.028
             |FX|=9.141/10.0  |MX|=0.082/1.0
    step   5  FX=+9.973  FY=-0.282  FZ=-15.700  MX=+0.128  MY=+1.063  MZ=-0.045
             |FX|=9.973/10.0  |MX|=0.128/1.0
    step   6  FX=+10.578  FY=+1.493  FZ=-15.145  MX=+0.006  MY=+1.158  MZ=-0.042
             |FX|=10.578/10.0  |MX|=0.006/1.0
    ✅  Force threshold (FX) reached at step 6
    ↩  Returning to start pose …

    Center X: [-0.399383,  0.459161,  0.525168, -1.609506,  0.017889,  0.103371]
    Range : 0.001397 m  (+9 / −6 steps)
    → Moving to X center …

  ──────────────────────────────────────────────────
    Probing axis: Y  (|FY|≥10.0 or |MY|≥1.0)

    ▶ +Y
    step   1  FX=-1.240  FY=-0.756  FZ=-13.025  MX=+0.094  MY=-0.105  MZ=+0.046
             |FY|=0.756/10.0  |MY|=0.105/1.0
    step   2  FX=-1.325  FY=-2.782  FZ=-13.757  MX=+0.255  MY=-0.130  MZ=+0.034
             |FY|=2.782/10.0  |MY|=0.130/1.0
    step   3  FX=-1.047  FY=-4.294  FZ=-13.934  MX=+0.384  MY=-0.114  MZ=+0.030
             |FY|=4.294/10.0  |MY|=0.114/1.0
    step   4  FX=-0.731  FY=-5.825  FZ=-14.203  MX=+0.529  MY=-0.097  MZ=+0.029
             |FY|=5.825/10.0  |MY|=0.097/1.0
    step   5  FX=-0.727  FY=-6.787  FZ=-14.073  MX=+0.640  MY=-0.097  MZ=+0.026
             |FY|=6.787/10.0  |MY|=0.097/1.0
    step   6  FX=-0.373  FY=-8.172  FZ=-13.835  MX=+0.758  MY=-0.054  MZ=+0.017
             |FY|=8.172/10.0  |MY|=0.054/1.0
    step   7  FX=-0.538  FY=-8.738  FZ=-13.989  MX=+0.831  MY=-0.067  MZ=+0.020
             |FY|=8.738/10.0  |MY|=0.067/1.0
    step   8  FX=-0.176  FY=-9.978  FZ=-14.319  MX=+0.965  MY=-0.053  MZ=+0.012
             |FY|=9.978/10.0  |MY|=0.053/1.0
    step   9  FX=-0.447  FY=-11.270  FZ=-14.248  MX=+1.102  MY=-0.059  MZ=+0.012
             |FY|=11.270/10.0  |MY|=0.059/1.0
    ✅  Force threshold (FY) reached at step 9
    ↩  Returning to start pose …

    ▶ −Y
    step   1  FX=+0.504  FY=+4.576  FZ=-12.982  MX=-0.156  MY=+0.008  MZ=+0.044
             |FY|=4.576/10.0  |MY|=0.008/1.0
    step   2  FX=+0.687  FY=+6.111  FZ=-12.597  MX=-0.314  MY=-0.002  MZ=+0.050
             |FY|=6.111/10.0  |MY|=0.002/1.0
    step   3  FX=+0.720  FY=+7.474  FZ=-12.123  MX=-0.445  MY=-0.007  MZ=+0.048
             |FY|=7.474/10.0  |MY|=0.007/1.0
    step   4  FX=+0.984  FY=+8.524  FZ=-11.872  MX=-0.522  MY=-0.000  MZ=+0.054
             |FY|=8.524/10.0  |MY|=0.000/1.0
    step   5  FX=+0.424  FY=+9.515  FZ=-11.101  MX=-0.608  MY=+0.012  MZ=+0.052
             |FY|=9.515/10.0  |MY|=0.012/1.0
    step   6  FX=+0.490  FY=+10.643  FZ=-10.656  MX=-0.718  MY=-0.004  MZ=+0.049
             |FY|=10.643/10.0  |MY|=0.004/1.0
    ✅  Force threshold (FY) reached at step 6
    ↩  Returning to start pose …

    Center Y: [-0.399392,  0.459153,  0.525026, -1.609502,  0.017917,  0.103393]
    Range : 0.000068 m  (+9 / −6 steps)
    → Moving to Y center …

  ──────────────────────────────────────────────────
    Probing axis: Z  (|FZ|≥10.0 or |MZ|≥1.0)

    ▶ +Z
    step   1  FX=+1.000  FY=-0.479  FZ=-12.538  MX=+0.084  MY=+0.047  MZ=+0.037
             |FZ|=12.538/10.0  |MZ|=0.037/1.0
    ✅  Force threshold (FZ) reached at step 1
    ↩  Returning to start pose …

    ▶ −Z  [SKIPPED — Z_PLUS_ONLY]

    Center Z: [-0.399387,  0.459169,  0.525158, -1.609534,  0.017868,  0.103377]
    Range : 0.000009 m  (+1 / −0 steps)
    → Moving to Z center …

  ──────────────────────────────────────────────────
    Probing axis: RX  (|FX|≥10.0 or |MX|≥1.0)

    ▶ +RX
    step   1  FX=-1.545  FY=+1.786  FZ=-2.495  MX=-0.137  MY=-0.105  MZ=+0.050
             |FX|=1.545/10.0  |MX|=0.137/1.0
    step   2  FX=-1.573  FY=+1.211  FZ=-1.865  MX=-0.146  MY=-0.169  MZ=+0.053
             |FX|=1.573/10.0  |MX|=0.146/1.0
    step   3  FX=-1.685  FY=+0.276  FZ=-1.532  MX=-0.057  MY=-0.196  MZ=+0.064
             |FX|=1.685/10.0  |MX|=0.057/1.0
    step   4  FX=-2.129  FY=+0.553  FZ=-0.527  MX=-0.110  MY=-0.212  MZ=+0.057
             |FX|=2.129/10.0  |MX|=0.110/1.0
    step   5  FX=-2.026  FY=+1.390  FZ=+0.129  MX=-0.153  MY=-0.202  MZ=+0.045
             |FX|=2.026/10.0  |MX|=0.153/1.0
    step   6  FX=-0.958  FY=+1.225  FZ=-0.189  MX=-0.209  MY=-0.214  MZ=+0.066
             |FX|=0.958/10.0  |MX|=0.209/1.0
    step   7  FX=-1.337  FY=+6.318  FZ=+1.138  MX=-0.536  MY=-0.202  MZ=+0.063
             |FX|=1.337/10.0  |MX|=0.536/1.0
    step   8  FX=-1.961  FY=+8.379  FZ=+0.909  MX=-0.812  MY=-0.249  MZ=+0.036
             |FX|=1.961/10.0  |MX|=0.812/1.0
    step   9  FX=-1.149  FY=+7.376  FZ=+0.234  MX=-0.941  MY=-0.247  MZ=+0.029
             |FX|=1.149/10.0  |MX|=0.941/1.0
    step  10  FX=-0.783  FY=+7.495  FZ=-0.167  MX=-1.154  MY=-0.224  MZ=+0.029
             |FX|=0.783/10.0  |MX|=1.154/1.0
    ✅  Moment threshold (MX) reached at step 10
    ↩  Returning to start pose …

    ▶ −RX
    step   1  FX=-0.158  FY=+0.071  FZ=-2.613  MX=+0.142  MY=-0.036  MZ=-0.108
             |FX|=0.158/10.0  |MX|=0.142/1.0
    step   2  FX=-0.619  FY=-0.880  FZ=-2.932  MX=+0.431  MY=-0.000  MZ=-0.123
             |FX|=0.619/10.0  |MX|=0.431/1.0
    step   3  FX=-0.965  FY=-2.184  FZ=-3.363  MX=+0.801  MY=+0.023  MZ=-0.132
             |FX|=0.965/10.0  |MX|=0.801/1.0
    step   4  FX=-0.150  FY=-4.460  FZ=-4.321  MX=+1.205  MY=+0.084  MZ=-0.139
             |FX|=0.150/10.0  |MX|=1.205/1.0
    ✅  Moment threshold (MX) reached at step 4
    ↩  Returning to start pose …

    Center RX: [-0.399395,  0.459156,  0.525117, -1.579625,  0.019267,  0.102559]
    Range : 0.139967 rad  (+10 / −4 steps)
    → Moving to RX center …

  ──────────────────────────────────────────────────
    Probing axis: RY  (|FY|≥10.0 or |MY|≥1.0)

    ▶ +RY
    step   1  FX=-0.950  FY=+2.106  FZ=-0.212  MX=-0.134  MY=-0.237  MZ=-0.061
             |FY|=2.106/10.0  |MY|=0.237/1.0
    step   2  FX=-1.960  FY=+1.563  FZ=-0.773  MX=-0.139  MY=-0.381  MZ=-0.155
             |FY|=1.563/10.0  |MY|=0.381/1.0
    step   3  FX=-2.802  FY=+3.504  FZ=+0.039  MX=-0.294  MY=-0.643  MZ=-0.235
             |FY|=3.504/10.0  |MY|=0.643/1.0
    step   4  FX=-3.288  FY=+3.230  FZ=-0.896  MX=-0.268  MY=-0.861  MZ=-0.304
             |FY|=3.230/10.0  |MY|=0.861/1.0
    step   5  FX=-5.176  FY=+2.877  FZ=-1.596  MX=-0.261  MY=-1.182  MZ=-0.345
             |FY|=2.877/10.0  |MY|=1.182/1.0
    ✅  Moment threshold (MY) reached at step 5
    ↩  Returning to start pose …

    ▶ −RY
    step   1  FX=-0.296  FY=-1.802  FZ=-1.676  MX=+0.122  MY=-0.121  MZ=-0.007
             |FY|=1.802/10.0  |MY|=0.121/1.0
    step   2  FX=-0.496  FY=-1.154  FZ=-1.778  MX=+0.085  MY=-0.068  MZ=-0.066
             |FY|=1.154/10.0  |MY|=0.068/1.0
    step   3  FX=+0.549  FY=-0.892  FZ=-2.324  MX=+0.091  MY=+0.107  MZ=-0.134
             |FY|=0.892/10.0  |MY|=0.107/1.0
    step   4  FX=+1.580  FY=-0.242  FZ=-3.001  MX=+0.080  MY=+0.442  MZ=-0.164
             |FY|=0.242/10.0  |MY|=0.442/1.0
    step   5  FX=+2.432  FY=+0.059  FZ=-3.677  MX=+0.017  MY=+0.731  MZ=-0.198
             |FY|=0.059/10.0  |MY|=0.731/1.0
    step   6  FX=+3.135  FY=-0.444  FZ=-4.789  MX=+0.066  MY=+1.048  MZ=-0.209
             |FY|=0.444/10.0  |MY|=1.048/1.0
    ✅  Moment threshold (MY) reached at step 6
    ↩  Returning to start pose …

    Center RY: [-0.399388,  0.459147,  0.525156, -1.578904,  0.013963,  0.107264]
    Range : 0.086048 rad  (+5 / −6 steps)
    → Moving to RY center …

  ──────────────────────────────────────────────────
    Probing axis: RZ  (|FZ|≥10.0 or |MZ|≥1.0)

    ▶ +RZ
    step   1  FX=-1.404  FY=+0.679  FZ=-0.520  MX=-0.079  MY=-0.046  MZ=-0.149
             |FZ|=0.520/10.0  |MZ|=0.149/1.0
    step   2  FX=-1.804  FY=+1.383  FZ=-0.225  MX=-0.092  MY=-0.083  MZ=-0.365
             |FZ|=0.225/10.0  |MZ|=0.365/1.0
    step   3  FX=-1.723  FY=+1.799  FZ=-0.036  MX=-0.139  MY=-0.134  MZ=-0.576
             |FZ|=0.036/10.0  |MZ|=0.576/1.0
    step   4  FX=-2.133  FY=+1.907  FZ=-0.375  MX=-0.169  MY=-0.159  MZ=-0.824
             |FZ|=0.375/10.0  |MZ|=0.824/1.0
    step   5  FX=-2.175  FY=+2.309  FZ=+0.126  MX=-0.157  MY=-0.187  MZ=-1.110
             |FZ|=0.126/10.0  |MZ|=1.110/1.0
    ✅  Moment threshold (MZ) reached at step 5
    ↩  Returning to start pose …

    ▶ −RZ
    step   1  FX=-0.734  FY=+0.971  FZ=-0.647  MX=-0.101  MY=-0.050  MZ=+0.063
             |FZ|=0.647/10.0  |MZ|=0.063/1.0
    step   2  FX=-0.467  FY=+1.286  FZ=-0.525  MX=-0.142  MY=-0.079  MZ=+0.086
             |FZ|=0.525/10.0  |MZ|=0.086/1.0
    step   3  FX=-0.586  FY=+2.017  FZ=-0.622  MX=-0.192  MY=-0.116  MZ=+0.145
             |FZ|=0.622/10.0  |MZ|=0.145/1.0
    step   4  FX=-1.400  FY=+2.712  FZ=-0.096  MX=-0.219  MY=-0.123  MZ=+0.251
             |FZ|=0.096/10.0  |MZ|=0.251/1.0
    step   5  FX=-1.269  FY=+2.766  FZ=-0.342  MX=-0.244  MY=-0.126  MZ=+0.457
             |FZ|=0.342/10.0  |MZ|=0.457/1.0
    step   6  FX=-0.659  FY=+2.850  FZ=+0.020  MX=-0.224  MY=-0.137  MZ=+0.696
             |FZ|=0.020/10.0  |MZ|=0.696/1.0
    step   7  FX=-1.281  FY=+2.447  FZ=+0.271  MX=-0.217  MY=-0.113  MZ=+0.916
             |FZ|=0.271/10.0  |MZ|=0.916/1.0
    step   8  FX=-0.628  FY=+2.343  FZ=+0.249  MX=-0.214  MY=-0.137  MZ=+1.189
             |FZ|=0.249/10.0  |MZ|=1.189/1.0
    ✅  Moment threshold (MZ) reached at step 8
    ↩  Returning to start pose …

    Center RZ: [-0.399388,  0.459161,  0.525148, -1.578894,  0.002145,  0.091611]
    Range : 0.101738 rad  (+5 / −8 steps)
    → Moving to RZ center …

  Iteration 1 center: [-0.399383,  0.459153,  0.525158, -1.579625,  0.013963,  0.091611]
    ✓ ΔX = 0.000166 m  (tol 0.0002)
    ✓ ΔY = 0.000020 m  (tol 0.0002)
    ✓ ΔZ = 0.000004 m  (tol 0.0002)
    ✗ ΔRX = 0.029908 rad  (tol 0.005)
    ✓ ΔRY = 0.003926 rad  (tol 0.005)
    ✗ ΔRZ = 0.011741 rad  (tol 0.005)

════════════════════════════════════════════════════════════
  CENTERING ITERATION 2 / 10
════════════════════════════════════════════════════════════

  ──────────────────────────────────────────────────
    Probing axis: X  (|FX|≥10.0 or |MX|≥1.0)

    ▶ +X
    step   1  FX=-0.550  FY=+0.819  FZ=-0.447  MX=-0.094  MY=-0.030  MZ=+0.058
             |FX|=0.550/10.0  |MX|=0.094/1.0
    step   2  FX=-2.342  FY=+1.851  FZ=-0.115  MX=-0.156  MY=-0.217  MZ=+0.054
             |FX|=2.342/10.0  |MX|=0.156/1.0
    step   3  FX=-4.019  FY=+1.498  FZ=+0.034  MX=-0.164  MY=-0.378  MZ=+0.048
             |FX|=4.019/10.0  |MX|=0.164/1.0
    step   4  FX=-4.621  FY=+0.716  FZ=-0.035  MX=-0.106  MY=-0.499  MZ=+0.039
             |FX|=4.621/10.0  |MX|=0.106/1.0
    step   5  FX=-6.436  FY=+1.920  FZ=+0.844  MX=-0.194  MY=-0.698  MZ=+0.034
             |FX|=6.436/10.0  |MX|=0.194/1.0
    step   6  FX=-7.639  FY=+1.468  FZ=+1.315  MX=-0.193  MY=-0.898  MZ=+0.030
             |FX|=7.639/10.0  |MX|=0.193/1.0
    step   7  FX=-9.224  FY=+1.953  FZ=+1.463  MX=-0.190  MY=-1.083  MZ=+0.032
             |FX|=9.224/10.0  |MX|=0.190/1.0
    step   8  FX=-10.674  FY=+1.879  FZ=+1.808  MX=-0.217  MY=-1.287  MZ=+0.029
             |FX|=10.674/10.0  |MX|=0.217/1.0
    ✅  Force threshold (FX) reached at step 8
    ↩  Returning to start pose …

    ▶ −X
    step   1  FX=+1.203  FY=+1.481  FZ=-0.326  MX=-0.129  MY=-0.031  MZ=+0.062
             |FX|=1.203/10.0  |MX|=0.129/1.0
    step   2  FX=+1.286  FY=+0.344  FZ=-0.978  MX=-0.066  MY=-0.003  MZ=+0.068
             |FX|=1.286/10.0  |MX|=0.066/1.0
    step   3  FX=+1.794  FY=+1.266  FZ=-0.438  MX=-0.108  MY=+0.064  MZ=+0.062
             |FX|=1.794/10.0  |MX|=0.108/1.0
    step   4  FX=+3.434  FY=+1.346  FZ=-0.431  MX=-0.116  MY=+0.202  MZ=+0.057
             |FX|=3.434/10.0  |MX|=0.116/1.0
    step   5  FX=+4.603  FY=+1.144  FZ=-1.162  MX=-0.106  MY=+0.324  MZ=+0.044
             |FX|=4.603/10.0  |MX|=0.106/1.0
    step   6  FX=+5.670  FY=+1.481  FZ=-0.433  MX=-0.128  MY=+0.505  MZ=+0.034
             |FX|=5.670/10.0  |MX|=0.128/1.0
    step   7  FX=+7.470  FY=+1.252  FZ=-0.667  MX=-0.123  MY=+0.724  MZ=+0.022
             |FX|=7.470/10.0  |MX|=0.123/1.0
    step   8  FX=+8.127  FY=+1.167  FZ=-0.698  MX=-0.107  MY=+0.860  MZ=+0.014
             |FX|=8.127/10.0  |MX|=0.107/1.0
    step   9  FX=+9.660  FY=+0.721  FZ=-1.114  MX=-0.054  MY=+1.033  MZ=+0.004
             |FX|=9.660/10.0  |MX|=0.054/1.0
    step  10  FX=+10.352  FY=+2.083  FZ=-0.683  MX=-0.164  MY=+1.149  MZ=-0.000
             |FX|=10.352/10.0  |MX|=0.164/1.0
    ✅  Force threshold (FX) reached at step 10
    ↩  Returning to start pose …

    Center X: [-0.399450,  0.459146,  0.525182, -1.579610,  0.014020,  0.091586]
    Range : 0.001733 m  (+8 / −10 steps)
    → Moving to X center …

  ──────────────────────────────────────────────────
    Probing axis: Y  (|FY|≥10.0 or |MY|≥1.0)

    ▶ +Y
    step   1  FX=-0.866  FY=+0.607  FZ=-0.758  MX=-0.091  MY=+0.034  MZ=+0.064
             |FY|=0.607/10.0  |MY|=0.034/1.0
    step   2  FX=-0.785  FY=-0.083  FZ=-0.901  MX=-0.047  MY=+0.037  MZ=+0.071
             |FY|=0.083/10.0  |MY|=0.037/1.0
    step   3  FX=-0.759  FY=-0.176  FZ=-0.582  MX=-0.046  MY=+0.032  MZ=+0.068
             |FY|=0.176/10.0  |MY|=0.032/1.0
    step   4  FX=-0.430  FY=-0.086  FZ=-0.699  MX=-0.014  MY=+0.021  MZ=+0.066
             |FY|=0.086/10.0  |MY|=0.021/1.0
    step   5  FX=-0.601  FY=-1.323  FZ=-0.424  MX=+0.033  MY=+0.017  MZ=+0.066
             |FY|=1.323/10.0  |MY|=0.017/1.0
    step   6  FX=-0.709  FY=-2.081  FZ=-0.488  MX=+0.104  MY=+0.010  MZ=+0.056
             |FY|=2.081/10.0  |MY|=0.010/1.0
    step   7  FX=-0.793  FY=-3.958  FZ=-0.675  MX=+0.264  MY=+0.005  MZ=+0.054
             |FY|=3.958/10.0  |MY|=0.005/1.0
    step   8  FX=-0.732  FY=-4.485  FZ=-0.266  MX=+0.319  MY=-0.015  MZ=+0.051
             |FY|=4.485/10.0  |MY|=0.015/1.0
    step   9  FX=-0.815  FY=-5.084  FZ=-0.220  MX=+0.400  MY=-0.018  MZ=+0.052
             |FY|=5.084/10.0  |MY|=0.018/1.0
    step  10  FX=-1.172  FY=-6.959  FZ=-0.666  MX=+0.518  MY=-0.024  MZ=+0.046
             |FY|=6.959/10.0  |MY|=0.024/1.0
    step  11  FX=-0.523  FY=-8.385  FZ=-0.603  MX=+0.664  MY=-0.017  MZ=+0.048
             |FY|=8.385/10.0  |MY|=0.017/1.0
    step  12  FX=-0.867  FY=-9.104  FZ=-0.925  MX=+0.750  MY=-0.002  MZ=+0.043
             |FY|=9.104/10.0  |MY|=0.002/1.0
    step  13  FX=-0.575  FY=-10.770  FZ=-1.033  MX=+0.927  MY=+0.007  MZ=+0.049
             |FY|=10.770/10.0  |MY|=0.007/1.0
    ✅  Force threshold (FY) reached at step 13
    ↩  Returning to start pose …

    ▶ −Y
    step   1  FX=-0.022  FY=+2.596  FZ=-0.452  MX=-0.117  MY=+0.014  MZ=+0.062
             |FY|=2.596/10.0  |MY|=0.014/1.0
    step   2  FX=-0.073  FY=+4.887  FZ=+0.353  MX=-0.283  MY=-0.004  MZ=+0.057
             |FY|=4.887/10.0  |MY|=0.004/1.0
    step   3  FX=-0.188  FY=+6.566  FZ=+0.552  MX=-0.442  MY=-0.006  MZ=+0.049
             |FY|=6.566/10.0  |MY|=0.006/1.0
    step   4  FX=-0.224  FY=+8.001  FZ=+1.361  MX=-0.563  MY=-0.010  MZ=+0.051
             |FY|=8.001/10.0  |MY|=0.010/1.0
    step   5  FX=-0.025  FY=+8.410  FZ=+0.861  MX=-0.637  MY=+0.002  MZ=+0.054
             |FY|=8.410/10.0  |MY|=0.002/1.0
    step   6  FX=-0.293  FY=+10.616  FZ=+1.967  MX=-0.827  MY=-0.023  MZ=+0.051
             |FY|=10.616/10.0  |MY|=0.023/1.0
    ✅  Force threshold (FY) reached at step 6
    ↩  Returning to start pose …

    Center Y: [-0.399461,  0.459151,  0.524822, -1.579608,  0.014030,  0.091598]
    Range : 0.000001 m  (+13 / −6 steps)
    → Moving to Y center …

  ──────────────────────────────────────────────────
    Probing axis: Z  (|FZ|≥10.0 or |MZ|≥1.0)

    ▶ +Z
    step   1  FX=-0.296  FY=-0.255  FZ=-0.636  MX=-0.077  MY=+0.007  MZ=+0.066
             |FZ|=0.636/10.0  |MZ|=0.066/1.0
    step   2  FX=-0.274  FY=-0.142  FZ=-0.472  MX=-0.064  MY=+0.006  MZ=+0.066
             |FZ|=0.472/10.0  |MZ|=0.066/1.0
    step   3  FX=-0.277  FY=+0.036  FZ=-0.706  MX=-0.075  MY=+0.009  MZ=+0.067
             |FZ|=0.706/10.0  |MZ|=0.067/1.0
    step   4  FX=-0.240  FY=+0.506  FZ=-0.979  MX=-0.092  MY=+0.008  MZ=+0.070
             |FZ|=0.979/10.0  |MZ|=0.070/1.0
    step   5  FX=-0.386  FY=+0.027  FZ=-0.889  MX=-0.070  MY=+0.005  MZ=+0.072
             |FZ|=0.889/10.0  |MZ|=0.072/1.0
    step   6  FX=-0.206  FY=+0.615  FZ=-0.692  MX=-0.082  MY=+0.014  MZ=+0.065
             |FZ|=0.692/10.0  |MZ|=0.065/1.0
    step   7  FX=-0.692  FY=-0.060  FZ=-0.974  MX=-0.054  MY=+0.016  MZ=+0.067
             |FZ|=0.974/10.0  |MZ|=0.067/1.0
    step   8  FX=-0.515  FY=+0.349  FZ=-1.185  MX=-0.072  MY=+0.011  MZ=+0.073
             |FZ|=1.185/10.0  |MZ|=0.073/1.0
    step   9  FX=-0.447  FY=+0.684  FZ=-1.056  MX=-0.084  MY=+0.012  MZ=+0.068
             |FZ|=1.056/10.0  |MZ|=0.068/1.0
    step  10  FX=+0.039  FY=-0.067  FZ=-2.001  MX=-0.065  MY=+0.016  MZ=+0.075
             |FZ|=2.001/10.0  |MZ|=0.075/1.0
    step  11  FX=+0.275  FY=+0.196  FZ=-3.448  MX=-0.060  MY=+0.050  MZ=+0.071
             |FZ|=3.448/10.0  |MZ|=0.071/1.0
    step  12  FX=+0.809  FY=+0.114  FZ=-5.686  MX=-0.046  MY=+0.060  MZ=+0.072
             |FZ|=5.686/10.0  |MZ|=0.072/1.0
    step  13  FX=+1.143  FY=+0.247  FZ=-7.853  MX=-0.045  MY=+0.100  MZ=+0.074
             |FZ|=7.853/10.0  |MZ|=0.074/1.0
    step  14  FX=+2.075  FY=+0.026  FZ=-10.252  MX=-0.027  MY=+0.161  MZ=+0.067
             |FZ|=10.252/10.0  |MZ|=0.067/1.0
    ✅  Force threshold (FZ) reached at step 14
    ↩  Returning to start pose …

    ▶ −Z  [SKIPPED — Z_PLUS_ONLY]

    Center Z: [-0.399501,  0.459838,  0.525137, -1.579639,  0.013969,  0.091602]
    Range : 0.000040 m  (+14 / −0 steps)
    → Moving to Z center …

  ──────────────────────────────────────────────────
    Probing axis: RX  (|FX|≥10.0 or |MX|≥1.0)

    ▶ +RX
    step   1  FX=-0.055  FY=-0.219  FZ=-0.582  MX=-0.064  MY=+0.012  MZ=+0.077
             |FX|=0.055/10.0  |MX|=0.064/1.0
    step   2  FX=+0.573  FY=-0.312  FZ=-0.977  MX=-0.075  MY=-0.014  MZ=+0.095
             |FX|=0.573/10.0  |MX|=0.075/1.0
    step   3  FX=+0.100  FY=+2.401  FZ=-0.436  MX=-0.230  MY=+0.029  MZ=+0.073
             |FX|=0.100/10.0  |MX|=0.230/1.0
    step   4  FX=+0.129  FY=+5.074  FZ=+0.075  MX=-0.470  MY=+0.022  MZ=+0.067
             |FX|=0.129/10.0  |MX|=0.470/1.0
    step   5  FX=+0.460  FY=+7.379  FZ=-0.508  MX=-0.731  MY=-0.001  MZ=+0.056
             |FX|=0.460/10.0  |MX|=0.731/1.0
    step   6  FX=+1.773  FY=+6.631  FZ=-1.331  MX=-0.817  MY=+0.082  MZ=+0.060
             |FX|=1.773/10.0  |MX|=0.817/1.0
    step   7  FX=+0.475  FY=+9.519  FZ=-0.215  MX=-1.200  MY=+0.048  MZ=+0.042
             |FX|=0.475/10.0  |MX|=1.200/1.0
    ✅  Moment threshold (MX) reached at step 7
    ↩  Returning to start pose …

    ▶ −RX
    step   1  FX=+0.239  FY=+0.987  FZ=-0.738  MX=-0.138  MY=-0.001  MZ=-0.008
             |FX|=0.239/10.0  |MX|=0.138/1.0
    step   2  FX=-0.471  FY=+1.600  FZ=-0.914  MX=-0.149  MY=+0.000  MZ=-0.035
             |FX|=0.471/10.0  |MX|=0.149/1.0
    step   3  FX=-0.812  FY=+2.471  FZ=-1.094  MX=-0.091  MY=-0.019  MZ=-0.049
             |FX|=0.812/10.0  |MX|=0.091/1.0
    step   4  FX=-0.143  FY=+1.181  FZ=-1.871  MX=+0.137  MY=+0.003  MZ=-0.041
             |FX|=0.143/10.0  |MX|=0.137/1.0
    step   5  FX=-0.440  FY=+0.264  FZ=-1.841  MX=+0.363  MY=-0.006  MZ=-0.055
             |FX|=0.440/10.0  |MX|=0.363/1.0
    step   6  FX=-0.392  FY=-1.969  FZ=-2.339  MX=+0.763  MY=+0.046  MZ=-0.069
             |FX|=0.392/10.0  |MX|=0.763/1.0
    step   7  FX=-0.086  FY=-4.493  FZ=-3.293  MX=+1.177  MY=+0.097  MZ=-0.056
             |FX|=0.086/10.0  |MX|=1.177/1.0
    ✅  Moment threshold (MX) reached at step 7
    ↩  Returning to start pose …

    Center RX: [-0.399449,  0.459146,  0.525130, -1.579641,  0.013956,  0.091548]
    Range : 0.140021 rad  (+7 / −7 steps)
    → Moving to RX center …

  ──────────────────────────────────────────────────
    Probing axis: RY  (|FY|≥10.0 or |MY|≥1.0)

    ▶ +RY
    step   1  FX=-0.674  FY=+1.311  FZ=-0.865  MX=-0.069  MY=-0.104  MZ=-0.035
             |FY|=1.311/10.0  |MY|=0.104/1.0
    step   2  FX=-1.305  FY=+1.688  FZ=-0.977  MX=-0.115  MY=-0.281  MZ=-0.103
             |FY|=1.688/10.0  |MY|=0.281/1.0
    step   3  FX=-2.082  FY=+3.538  FZ=-0.750  MX=-0.233  MY=-0.550  MZ=-0.137
             |FY|=3.538/10.0  |MY|=0.550/1.0
    step   4  FX=-2.823  FY=+2.327  FZ=-1.535  MX=-0.161  MY=-0.830  MZ=-0.157
             |FY|=2.327/10.0  |MY|=0.830/1.0
    step   5  FX=-4.040  FY=+2.088  FZ=-1.448  MX=-0.181  MY=-1.156  MZ=-0.175
             |FY|=2.088/10.0  |MY|=1.156/1.0
    ✅  Moment threshold (MY) reached at step 5
    ↩  Returning to start pose …

    ▶ −RY
    step   1  FX=+0.043  FY=+0.080  FZ=-1.038  MX=-0.037  MY=-0.099  MZ=+0.060
             |FY|=0.080/10.0  |MY|=0.099/1.0
    step   2  FX=-0.053  FY=-0.004  FZ=-0.810  MX=+0.031  MY=-0.037  MZ=+0.016
             |FY|=0.004/10.0  |MY|=0.037/1.0
    step   3  FX=+0.246  FY=+0.663  FZ=-1.276  MX=-0.043  MY=+0.066  MZ=-0.043
             |FY|=0.663/10.0  |MY|=0.066/1.0
    step   4  FX=+1.214  FY=+0.679  FZ=-1.784  MX=-0.085  MY=+0.324  MZ=-0.067
             |FY|=0.679/10.0  |MY|=0.324/1.0
    step   5  FX=+2.882  FY=+0.866  FZ=-2.203  MX=-0.103  MY=+0.708  MZ=-0.080
             |FY|=0.866/10.0  |MY|=0.708/1.0
    step   6  FX=+3.673  FY=+0.426  FZ=-2.982  MX=-0.098  MY=+1.056  MZ=-0.085
             |FY|=0.426/10.0  |MY|=1.056/1.0
    ✅  Moment threshold (MY) reached at step 6
    ↩  Returning to start pose …

    Center RY: [-0.399461,  0.459150,  0.525139, -1.578952,  0.010086,  0.095524]
    Range : 0.086105 rad  (+5 / −6 steps)
    → Moving to RY center …

  ──────────────────────────────────────────────────
    Probing axis: RZ  (|FZ|≥10.0 or |MZ|≥1.0)

    ▶ +RZ
    step   1  FX=-0.178  FY=+0.620  FZ=-0.560  MX=-0.078  MY=+0.019  MZ=-0.022
             |FZ|=0.560/10.0  |MZ|=0.022/1.0
    step   2  FX=-1.237  FY=+0.537  FZ=-0.858  MX=-0.067  MY=-0.026  MZ=-0.193
             |FZ|=0.858/10.0  |MZ|=0.193/1.0
    step   3  FX=-1.713  FY=+1.234  FZ=-0.112  MX=-0.068  MY=-0.088  MZ=-0.401
             |FZ|=0.112/10.0  |MZ|=0.401/1.0
    step   4  FX=-1.353  FY=+1.462  FZ=-0.148  MX=-0.100  MY=-0.153  MZ=-0.610
             |FZ|=0.148/10.0  |MZ|=0.610/1.0
    step   5  FX=-1.703  FY=+1.537  FZ=+0.111  MX=-0.118  MY=-0.186  MZ=-0.861
             |FZ|=0.111/10.0  |MZ|=0.861/1.0
    step   6  FX=-2.075  FY=+2.118  FZ=+0.140  MX=-0.112  MY=-0.213  MZ=-1.141
             |FZ|=0.140/10.0  |MZ|=1.141/1.0
    ✅  Moment threshold (MZ) reached at step 6
    ↩  Returning to start pose …

    ▶ −RZ
    step   1  FX=-0.493  FY=+1.070  FZ=-0.584  MX=-0.132  MY=-0.067  MZ=+0.080
             |FZ|=0.584/10.0  |MZ|=0.080/1.0
    step   2  FX=-0.477  FY=+1.941  FZ=-0.472  MX=-0.173  MY=-0.120  MZ=+0.135
             |FZ|=0.472/10.0  |MZ|=0.135/1.0
    step   3  FX=-1.424  FY=+2.141  FZ=-0.090  MX=-0.216  MY=-0.146  MZ=+0.236
             |FZ|=0.090/10.0  |MZ|=0.236/1.0
    step   4  FX=-0.998  FY=+2.448  FZ=-0.065  MX=-0.231  MY=-0.166  MZ=+0.442
             |FZ|=0.065/10.0  |MZ|=0.442/1.0
    step   5  FX=-0.615  FY=+2.453  FZ=+0.434  MX=-0.225  MY=-0.184  MZ=+0.683
             |FZ|=0.434/10.0  |MZ|=0.683/1.0
    step   6  FX=-1.163  FY=+2.543  FZ=+0.269  MX=-0.206  MY=-0.171  MZ=+0.912
             |FZ|=0.269/10.0  |MZ|=0.912/1.0
    step   7  FX=-1.098  FY=+2.212  FZ=+0.513  MX=-0.218  MY=-0.190  MZ=+1.189
             |FZ|=0.513/10.0  |MZ|=1.189/1.0
    ✅  Moment threshold (MZ) reached at step 7
    ↩  Returning to start pose …

    Center RZ: [-0.399465,  0.459142,  0.525125, -1.579009,  0.006105,  0.087655]
    Range : 0.101746 rad  (+6 / −7 steps)
    → Moving to RZ center …

  Iteration 2 center: [-0.399450,  0.459151,  0.525137, -1.579641,  0.010086,  0.087655]
  ✅  Converged after 2 iterations (pos < 0.0002 m, rot < 0.005 rad)

  Final pose: [-0.399423,  0.459155,  0.525168, -1.579596,  0.010159,  0.087675]

======================================================================
Axis        −Limit        +Limit        Center         Range
──────────────────────────────────────────────────────────────────────
   X     -0.400316     -0.398584     -0.399450    0.001733 m
   Y      0.459151      0.459150      0.459151    0.000001 m
   Z      0.525157      0.525117      0.525137    0.000040 m
  RX     -1.649652     -1.509631     -1.579641  0.140021 rad
  RY     -0.032967      0.053138      0.010086  0.086105 rad
  RZ      0.036782      0.138528      0.087655  0.101746 rad
======================================================================

Results saved to /home/user/Projects/yarbiv/rmp_lab/playground/find_center_log.json

Disconnected from Ayal.
