init tcp_uri:     [0.3695, -0.3221, 0.6966, 1.5708, 0.0001, -0.0001]
init tcp_ayal:    [-0.1273, 0.6368, 0.4271, 0.0000, 2.2214, 2.2214]
init wrench_ayal: [0.1233, -0.0251, 0.0539, -0.0024, -0.0041, 0.0032]
+x tcp_uri:     [0.3705, -0.3221, 0.6966, 1.5708, 0.0001, -0.0001]
+x tcp_ayal:    [-0.1273, 0.6368, 0.4271, 0.0000, 2.2214, 2.2214]
+x wrench_ayal: [7.8007, 0.3212, 0.4020, 0.0278, 0.0378, -0.9986]
+y tcp_uri:     [0.3695, -0.3211, 0.6966, 1.5708, 0.0001, -0.0001]
+y tcp_ayal:    [-0.1273, 0.6368, 0.4271, -0.0000, 2.2214, 2.2214]
+y wrench_ayal: [-0.4516, -0.1467, 0.1160, -0.0107, -0.0033, -0.0183]
+z tcp_uri:     [0.3695, -0.3221, 0.6976, 1.5708, 0.0001, -0.0001]
+z tcp_ayal:    [-0.1273, 0.6368, 0.4271, 0.0000, 2.2214, 2.2214]
+z wrench_ayal: [-0.0137, 0.9706, 4.2092, 0.3457, -0.0116, -0.0369]
+Rx tcp_uri:     [0.3695, -0.3221, 0.6966, 1.5718, 0.0001, -0.0000]
+Rx tcp_ayal:    [-0.1273, 0.6368, 0.4271, -0.0000, 2.2214, 2.2214]
+Rx wrench_ayal: [-0.0159, -0.1154, -0.2805, -0.0088, -0.0020, 0.0027]
+Ry tcp_uri:     [0.3695, -0.3221, 0.6966, 1.5708, 0.0011, -0.0000]
+Ry tcp_ayal:    [-0.1273, 0.6368, 0.4271, 0.0000, 2.2214, 2.2214]
+Ry wrench_ayal: [-0.1186, -0.3832, -0.2810, -0.0069, -0.0003, -0.0047]
+Rz tcp_uri:     [0.3695, -0.3221, 0.6966, 1.5708, 0.0002, 0.0009]
+Rz tcp_ayal:    [-0.1273, 0.6368, 0.4271, -0.0000, 2.2214, 2.2214]
+Rz wrench_ayal: [-0.0243, -0.2280, -0.1384, -0.0011, -0.0015, -0.0085]
