log_path:  /home/user/Projects/yarbiv/rmp_lab/playground/logs/record_pose_and_force.log
data_path: /home/user/Projects/yarbiv/rmp_lab/playground/logs/record_pose_and_force.json
new uri:  [0.6818, -0.1294, 0.6516, 0.5115, -1.9909, 1.9253]
new ayal: [0.1874, 0.8291, 0.3834, -1.5100, 0.3482, 0.3844]
current uri:   [0.6818, -0.1294, 0.6516, 0.5115, -1.9909, 1.9253]
expected uri:  [0.3695, -0.3221, 0.6966, 1.5708, 0.0000, 0.0000]
current ayal:  [0.1874, 0.8291, 0.3834, -1.5100, 0.3482, 0.3844]
expected ayal: [-0.1273, 0.6368, 0.4271, 0.0000, 2.2214, 2.2214]
zeroFtSensor -> True
step 0
  ayal_delta:      [-0.0000, 0.0000, -0.0000, -0.0000, 0.0000, 0.0001]
  ayal_wrench_tcp: [-0.1756, 0.4358, 0.2070, -0.0058, 0.0108, 0.0055]
strategy: auto_back_z (with rot avg: 0.0, dev: 0.02)
step 1
  ayal_delta:      [-0.0000, -0.0004, -0.0020, 0.0259, -0.0042, 0.0174]
  ayal_wrench_tcp: [-11.5096, -23.1444, 6.6047, 2.6324, -1.4854, -0.2233]
step 2
  ayal_delta:      [-0.0013, -0.0011, -0.0006, -0.0024, -0.0070, 0.0260]
  ayal_wrench_tcp: [8.9388, -5.0213, 8.7351, 1.0270, 1.3008, -0.0663]
step 3
  ayal_delta:      [0.0007, -0.0040, -0.0014, -0.0002, 0.0031, -0.0352]
  ayal_wrench_tcp: [-13.0585, -9.5061, 48.1138, 1.3656, -2.0809, 0.6726]
step 4
  ayal_delta:      [0.0004, -0.0043, 0.0006, 0.0013, 0.0284, -0.0080]
  ayal_wrench_tcp: [3.6427, 14.3698, 19.1813, -0.9381, 0.3630, -0.2699]
step 5
  ayal_delta:      [-0.0000, -0.0051, -0.0010, 0.0208, -0.0137, -0.0001]
  ayal_wrench_tcp: [-1.8793, -9.5134, 14.3272, 1.1796, -0.1910, 0.1621]
step 6
  ayal_delta:      [-0.0009, -0.0056, -0.0015, -0.0025, -0.0158, -0.0050]
  ayal_wrench_tcp: [3.8957, -18.6930, 23.4788, 2.4192, 0.5789, 0.2603]
step 7
  ayal_delta:      [0.0008, -0.0066, -0.0001, 0.0039, -0.0189, 0.0048]
  ayal_wrench_tcp: [-6.3861, 10.2578, 25.5145, -0.4407, -0.8380, -0.0018]
step 8
  ayal_delta:      [0.0008, -0.0097, -0.0005, -0.0023, -0.0071, 0.0216]
  ayal_wrench_tcp: [-6.2661, 6.0204, 11.1349, -0.1601, -0.8630, -0.2023]
step 9
  ayal_delta:      [-0.0016, -0.0080, 0.0004, -0.0263, -0.0219, -0.0090]
  ayal_wrench_tcp: [18.8084, 4.7396, -22.2345, 0.1297, 2.5169, 0.3499]
step 10
  ayal_delta:      [0.0001, -0.0103, -0.0001, 0.0159, -0.0032, -0.0221]
  ayal_wrench_tcp: [-1.4540, 4.7744, 26.5639, -0.2066, 0.1335, 0.0716]
step 11
  ayal_delta:      [-0.0015, -0.0108, -0.0015, 0.0007, -0.0061, -0.0172]
  ayal_wrench_tcp: [8.1903, -18.3085, 23.1431, 2.4701, 1.4530, 0.1445]
step 12
  ayal_delta:      [0.0019, -0.0107, 0.0009, -0.0260, -0.0125, -0.0079]
  ayal_wrench_tcp: [-11.9920, 31.1588, 16.3270, -2.6489, -2.0052, 0.2439]
step 13
  ayal_delta:      [0.0005, -0.0132, 0.0008, -0.0284, -0.0262, -0.0362]
  ayal_wrench_tcp: [2.2294, 14.2824, 64.7022, -1.2130, 0.0234, 0.7839]
step 14
  ayal_delta:      [0.0022, -0.0146, -0.0002, 0.0169, 0.0055, 0.0191]
  ayal_wrench_tcp: [-14.8594, 13.0928, 20.0066, -1.2230, -2.2693, -0.2952]
step 15
  ayal_delta:      [0.0011, -0.0164, 0.0007, 0.0250, -0.0163, 0.0030]
  ayal_wrench_tcp: [1.3219, 14.7603, 19.1184, -1.3413, -0.2973, 0.0518]
step 16
  ayal_delta:      [-0.0006, -0.0155, -0.0007, -0.0019, -0.0070, -0.0177]
  ayal_wrench_tcp: [7.6535, -7.3130, -0.1849, 1.0926, 0.9562, 0.0872]
step 17
  ayal_delta:      [-0.0002, -0.0187, -0.0006, -0.0022, -0.0400, -0.0111]
  ayal_wrench_tcp: [2.7957, -0.0356, 21.0048, 0.4332, 0.5041, 0.1784]
step 18
  ayal_delta:      [0.0000, -0.0180, -0.0014, -0.0334, -0.0333, 0.0093]
  ayal_wrench_tcp: [-2.2849, -5.9360, 7.2485, 1.0874, -0.2223, -0.1596]
step 19
  ayal_delta:      [0.0009, -0.0177, -0.0010, 0.0038, 0.0311, -0.0022]
  ayal_wrench_tcp: [-5.1088, 0.7521, 2.4414, 0.3919, -0.6876, -0.2736]
step 20
  ayal_delta:      [-0.0005, -0.0195, 0.0005, -0.0139, 0.0226, -0.0367]
  ayal_wrench_tcp: [12.9892, 8.6970, 17.6922, -0.5070, 1.8142, 0.0264]
step 21
  ayal_delta:      [-0.0003, -0.0205, -0.0024, -0.0400, -0.0073, -0.0001]
  ayal_wrench_tcp: [-2.2825, -15.2316, 7.8463, 2.0106, -0.2177, -0.2234]
step 22
  ayal_delta:      [-0.0003, -0.0203, -0.0018, -0.0328, 0.0356, 0.0032]
  ayal_wrench_tcp: [3.1767, -6.2351, 2.0068, 1.2497, 0.3770, -0.3157]
step 23
  ayal_delta:      [0.0015, -0.0250, -0.0005, 0.0018, -0.0085, 0.0102]
  ayal_wrench_tcp: [1.3294, -0.9656, 1.4903, 0.6197, 0.1031, -0.1425]
step 24
  ayal_delta:      [0.0008, -0.0248, -0.0007, 0.0144, 0.0030, 0.0328]
  ayal_wrench_tcp: [1.3055, -0.8225, 1.2854, 0.6218, 0.1097, -0.2292]
step 25
  ayal_delta:      [0.0014, -0.0243, -0.0006, 0.0094, -0.0076, -0.0391]
  ayal_wrench_tcp: [0.4244, -0.6399, 1.2541, 0.5776, 0.0135, -0.1334]
saved 26 records to /home/user/Projects/yarbiv/rmp_lab/playground/logs/record_pose_and_force.json
