log_path:  /home/user/Projects/yarbiv/rmp_lab/playground/logs/record_pose_and_force.log
data_path: /home/user/Projects/yarbiv/rmp_lab/playground/logs/record_pose_and_force.json
new uri:  [0.4270, -0.5699, 0.6108, -0.6833, -0.1923, 2.9189]
new ayal: [-0.0711, 0.3896, 0.3409, -2.9442, 0.2598, -0.6955]
current uri:   [0.4270, -0.5699, 0.6108, -0.6833, -0.1923, 2.9189]
expected uri:  [0.3695, -0.3221, 0.6966, 1.5708, 0.0000, 0.0000]
current ayal:  [-0.0711, 0.3896, 0.3409, -2.9442, 0.2598, -0.6955]
expected ayal: [-0.1273, 0.6368, 0.4271, 0.0000, 2.2214, 2.2214]
zeroFtSensor -> True
step 0
  ayal_delta:      [-0.0000, -0.0000, 0.0000, -0.0000, -0.0000, 0.0000]
  ayal_wrench_tcp: [0.0495, -0.1465, -0.0032, 0.0000, -0.0031, 0.0037]
strategy: auto_back_z
step 1
  ayal_delta:      [-0.0005, 0.0000, -0.0000, 0.0000, -0.0000, -0.0000]
  ayal_wrench_tcp: [2.5129, -0.7185, 1.7487, 0.0472, 0.2468, -0.0286]
step 2
  ayal_delta:      [-0.0005, -0.0001, 0.0000, 0.0000, -0.0001, -0.0000]
  ayal_wrench_tcp: [2.1893, -1.4192, 1.7527, 0.0944, 0.2317, -0.0259]
step 3
  ayal_delta:      [-0.0005, -0.0001, 0.0009, 0.0000, -0.0001, 0.0000]
  ayal_wrench_tcp: [0.1530, 0.5364, 1.2796, -0.0557, 0.0192, -0.0171]
step 4
  ayal_delta:      [-0.0009, -0.0001, 0.0009, -0.0000, -0.0000, -0.0001]
  ayal_wrench_tcp: [2.3228, -0.6738, 1.3361, 0.0291, 0.2070, -0.0303]
step 5
  ayal_delta:      [-0.0009, -0.0001, 0.0009, -0.0000, 0.0000, -0.0001]
  ayal_wrench_tcp: [1.5501, -1.4658, 1.0866, 0.0842, 0.1696, -0.0246]
step 6
  ayal_delta:      [-0.0009, -0.0001, 0.0018, -0.0000, -0.0000, -0.0000]
  ayal_wrench_tcp: [0.1449, 0.6916, 1.6106, -0.0709, 0.0156, -0.0199]
step 7
  ayal_delta:      [-0.0014, -0.0001, 0.0017, -0.0000, 0.0000, -0.0001]
  ayal_wrench_tcp: [1.8713, -0.6353, 1.1334, 0.0250, 0.1784, -0.0287]
step 8
  ayal_delta:      [-0.0014, -0.0002, 0.0017, -0.0000, 0.0001, -0.0001]
  ayal_wrench_tcp: [1.6230, -1.5167, 1.1949, 0.0790, 0.1634, -0.0243]
step 9
  ayal_delta:      [-0.0014, -0.0002, 0.0026, -0.0001, 0.0001, -0.0001]
  ayal_wrench_tcp: [0.1459, 0.5728, 1.6750, -0.0764, 0.0134, -0.0209]
step 10
  ayal_delta:      [-0.0018, -0.0002, 0.0026, -0.0000, 0.0001, -0.0001]
  ayal_wrench_tcp: [1.6863, -0.7755, 1.1911, 0.0251, 0.1756, -0.0296]
step 11
  ayal_delta:      [-0.0018, -0.0002, 0.0026, -0.0000, 0.0002, -0.0001]
  ayal_wrench_tcp: [1.1854, -1.5174, 1.0133, 0.0745, 0.1535, -0.0260]
step 12
  ayal_delta:      [-0.0018, -0.0002, 0.0035, -0.0000, 0.0001, -0.0001]
  ayal_wrench_tcp: [-0.0049, 0.7317, 1.6546, -0.0849, 0.0119, -0.0241]
step 13
  ayal_delta:      [-0.0022, -0.0002, 0.0035, -0.0000, 0.0002, -0.0001]
  ayal_wrench_tcp: [1.3787, -0.7611, 0.3703, 0.0175, 0.1345, -0.0284]
step 14
  ayal_delta:      [-0.0022, -0.0003, 0.0035, -0.0000, 0.0003, -0.0001]
  ayal_wrench_tcp: [0.8958, -1.4606, 0.4435, 0.0697, 0.1089, -0.0253]
step 15
  ayal_delta:      [-0.0022, -0.0003, 0.0044, -0.0000, 0.0002, -0.0001]
  ayal_wrench_tcp: [0.0555, 0.6974, 1.4397, -0.0927, 0.0089, -0.0241]
step 16
  ayal_delta:      [-0.0027, -0.0003, 0.0044, -0.0000, 0.0003, -0.0000]
  ayal_wrench_tcp: [1.2440, -0.8241, 0.5482, 0.0193, 0.1300, -0.0286]
step 17
  ayal_delta:      [-0.0027, -0.0004, 0.0044, -0.0001, 0.0002, -0.0000]
  ayal_wrench_tcp: [1.0083, -1.4285, 0.8283, 0.0773, 0.1256, -0.0259]
step 18
  ayal_delta:      [-0.0027, -0.0004, 0.0053, -0.0001, 0.0003, -0.0000]
  ayal_wrench_tcp: [-0.0488, 0.5318, 1.3664, -0.0739, 0.0216, -0.0235]
step 19
  ayal_delta:      [-0.0031, -0.0004, 0.0053, -0.0001, 0.0003, -0.0000]
  ayal_wrench_tcp: [1.0984, -0.7368, 0.7440, 0.0191, 0.1310, -0.0275]
step 20
  ayal_delta:      [-0.0031, -0.0004, 0.0053, -0.0001, 0.0003, -0.0000]
  ayal_wrench_tcp: [0.5806, -1.4028, 0.6176, 0.0659, 0.0951, -0.0234]
step 21
  ayal_delta:      [-0.0031, -0.0004, 0.0062, -0.0000, 0.0004, 0.0000]
  ayal_wrench_tcp: [0.0233, 0.7517, 1.5373, -0.0833, 0.0231, -0.0264]
step 22
  ayal_delta:      [-0.0036, -0.0004, 0.0062, -0.0001, 0.0004, -0.0000]
  ayal_wrench_tcp: [0.8800, -0.7541, 0.6524, 0.0181, 0.1156, -0.0289]
step 23
  ayal_delta:      [-0.0036, -0.0005, 0.0062, -0.0001, 0.0005, -0.0000]
  ayal_wrench_tcp: [0.5903, -1.4963, 0.3729, 0.0667, 0.1015, -0.0258]
step 24
  ayal_delta:      [-0.0036, -0.0005, 0.0071, -0.0001, 0.0005, -0.0000]
  ayal_wrench_tcp: [-0.0773, 0.7119, 1.2392, -0.0867, 0.0252, -0.0280]
step 25
  ayal_delta:      [-0.0041, -0.0005, 0.0070, -0.0002, 0.0004, -0.0001]
  ayal_wrench_tcp: [0.9440, -0.9854, 0.0868, 0.0274, 0.1200, -0.0386]
step 26
  ayal_delta:      [-0.0041, -0.0006, 0.0070, -0.0002, 0.0005, -0.0001]
  ayal_wrench_tcp: [0.6491, -1.5334, -0.0072, 0.0699, 0.0964, -0.0315]
step 27
  ayal_delta:      [-0.0041, -0.0006, 0.0079, -0.0002, 0.0004, -0.0001]
  ayal_wrench_tcp: [-0.0110, 0.4079, 0.6951, -0.0691, 0.0285, -0.0374]
step 28
  ayal_delta:      [-0.0045, -0.0006, 0.0079, -0.0002, 0.0005, -0.0001]
  ayal_wrench_tcp: [0.8642, -0.9034, 0.2399, 0.0291, 0.1124, -0.0340]
step 29
  ayal_delta:      [-0.0045, -0.0006, 0.0079, -0.0002, 0.0005, -0.0001]
  ayal_wrench_tcp: [0.5576, -1.4420, 0.0139, 0.0692, 0.0905, -0.0306]
step 30
  ayal_delta:      [-0.0045, -0.0006, 0.0088, -0.0002, 0.0005, -0.0002]
  ayal_wrench_tcp: [-0.1677, 0.6402, 0.7334, -0.0759, 0.0326, -0.0326]
step 31
  ayal_delta:      [-0.0049, -0.0006, 0.0088, -0.0002, 0.0006, -0.0001]
  ayal_wrench_tcp: [0.4964, -0.9156, -0.2568, 0.0303, 0.0924, -0.0347]
step 32
  ayal_delta:      [-0.0049, -0.0007, 0.0088, -0.0001, 0.0006, -0.0001]
  ayal_wrench_tcp: [0.2888, -1.2767, -0.1629, 0.0608, 0.0726, -0.0306]
step 33
  ayal_delta:      [-0.0049, -0.0007, 0.0097, -0.0001, 0.0006, -0.0001]
  ayal_wrench_tcp: [-0.1933, 0.9346, 0.9188, -0.0988, 0.0257, -0.0366]
step 34
  ayal_delta:      [-0.0053, -0.0007, 0.0097, -0.0001, 0.0007, -0.0001]
  ayal_wrench_tcp: [0.3339, -0.7133, -0.2475, 0.0208, 0.0835, -0.0330]
step 35
  ayal_delta:      [-0.0053, -0.0007, 0.0097, -0.0001, 0.0008, -0.0002]
  ayal_wrench_tcp: [0.1520, -1.2676, -0.2601, 0.0553, 0.0736, -0.0333]
step 36
  ayal_delta:      [-0.0053, -0.0007, 0.0106, -0.0001, 0.0007, -0.0002]
  ayal_wrench_tcp: [-0.2125, 1.1717, 1.1309, -0.1104, 0.0265, -0.0380]
step 37
  ayal_delta:      [-0.0058, -0.0007, 0.0106, -0.0001, 0.0008, -0.0002]
  ayal_wrench_tcp: [0.3281, -0.5155, 0.0344, 0.0092, 0.0823, -0.0343]
step 38
  ayal_delta:      [-0.0058, -0.0008, 0.0106, -0.0001, 0.0008, -0.0002]
  ayal_wrench_tcp: [0.2598, -1.0655, -0.1964, 0.0476, 0.0767, -0.0291]
step 39
  ayal_delta:      [-0.0058, -0.0008, 0.0115, -0.0001, 0.0009, -0.0002]
  ayal_wrench_tcp: [-0.1292, 1.2410, 1.1916, -0.1180, 0.0318, -0.0376]
step 40
  ayal_delta:      [-0.0062, -0.0008, 0.0115, -0.0001, 0.0008, -0.0002]
  ayal_wrench_tcp: [0.3847, -0.6380, -0.1553, 0.0148, 0.0812, -0.0344]
step 41
  ayal_delta:      [-0.0062, -0.0009, 0.0115, -0.0001, 0.0008, -0.0002]
  ayal_wrench_tcp: [0.1891, -1.1638, -0.0712, 0.0528, 0.0764, -0.0346]
step 42
  ayal_delta:      [-0.0062, -0.0009, 0.0124, -0.0001, 0.0008, -0.0002]
  ayal_wrench_tcp: [-0.0702, 1.2025, 1.1892, -0.1137, 0.0333, -0.0380]
step 43
  ayal_delta:      [-0.0067, -0.0009, 0.0124, -0.0001, 0.0009, -0.0002]
  ayal_wrench_tcp: [0.4148, -0.6420, -0.0018, 0.0155, 0.0833, -0.0325]
step 44
  ayal_delta:      [-0.0067, -0.0009, 0.0124, -0.0001, 0.0009, -0.0002]
  ayal_wrench_tcp: [0.1752, -1.0871, -0.1003, 0.0579, 0.0762, -0.0318]
step 45
  ayal_delta:      [-0.0067, -0.0009, 0.0133, -0.0001, 0.0009, -0.0002]
  ayal_wrench_tcp: [-0.1137, 1.1357, 0.9840, -0.1022, 0.0353, -0.0381]
step 46
  ayal_delta:      [-0.0072, -0.0009, 0.0133, -0.0001, 0.0009, -0.0002]
  ayal_wrench_tcp: [0.4643, -0.7145, -0.0940, 0.0302, 0.0786, -0.0322]
step 47
  ayal_delta:      [-0.0072, -0.0010, 0.0133, -0.0001, 0.0009, -0.0002]
  ayal_wrench_tcp: [0.2725, -1.1330, -0.1409, 0.0673, 0.0712, -0.0294]
step 48
  ayal_delta:      [-0.0071, -0.0010, 0.0142, -0.0001, 0.0009, -0.0003]
  ayal_wrench_tcp: [0.0230, 0.8071, 0.5411, -0.0794, 0.0424, -0.0345]
step 49
  ayal_delta:      [-0.0076, -0.0010, 0.0142, -0.0001, 0.0009, -0.0004]
  ayal_wrench_tcp: [0.4126, -0.6724, -0.2574, 0.0325, 0.0708, -0.0328]
step 50
  ayal_delta:      [-0.0076, -0.0010, 0.0142, -0.0001, 0.0010, -0.0003]
  ayal_wrench_tcp: [0.3290, -1.1033, -0.2725, 0.0656, 0.0676, -0.0288]
step 51
  ayal_delta:      [-0.0076, -0.0010, 0.0151, -0.0001, 0.0009, -0.0004]
  ayal_wrench_tcp: [0.0720, 1.1776, 1.0245, -0.0971, 0.0357, -0.0356]
step 52
  ayal_delta:      [-0.0080, -0.0010, 0.0151, -0.0001, 0.0010, -0.0004]
  ayal_wrench_tcp: [0.5306, -0.6080, 0.1106, 0.0257, 0.0789, -0.0323]
step 53
  ayal_delta:      [-0.0080, -0.0011, 0.0151, -0.0001, 0.0010, -0.0004]
  ayal_wrench_tcp: [0.4640, -0.9633, -0.0893, 0.0586, 0.0679, -0.0298]
step 54
  ayal_delta:      [-0.0080, -0.0011, 0.0160, -0.0001, 0.0010, -0.0004]
  ayal_wrench_tcp: [0.1873, 1.1244, 0.8811, -0.0933, 0.0348, -0.0377]
step 55
  ayal_delta:      [-0.0085, -0.0011, 0.0159, -0.0001, 0.0011, -0.0005]
  ayal_wrench_tcp: [0.6511, -0.6936, 0.0931, 0.0326, 0.0730, -0.0279]
step 56
  ayal_delta:      [-0.0085, -0.0012, 0.0159, -0.0001, 0.0011, -0.0005]
  ayal_wrench_tcp: [0.4913, -1.1610, -0.2221, 0.0652, 0.0648, -0.0266]
step 57
  ayal_delta:      [-0.0085, -0.0012, 0.0168, -0.0002, 0.0011, -0.0005]
  ayal_wrench_tcp: [0.1808, 0.8286, 1.1006, -0.0817, 0.0347, -0.0315]
step 58
  ayal_delta:      [-0.0089, -0.0012, 0.0168, -0.0001, 0.0011, -0.0005]
  ayal_wrench_tcp: [0.6143, -0.7851, -0.6691, 0.0369, 0.0719, -0.0361]
step 59
  ayal_delta:      [-0.0089, -0.0012, 0.0168, -0.0001, 0.0012, -0.0004]
  ayal_wrench_tcp: [0.5002, -1.1562, -1.0020, 0.0691, 0.0621, -0.0338]
step 60
  ayal_delta:      [-0.0089, -0.0012, 0.0177, -0.0001, 0.0012, -0.0004]
  ayal_wrench_tcp: [0.2042, 0.7109, 0.0906, -0.0677, 0.0340, -0.0401]
step 61
  ayal_delta:      [-0.0094, -0.0012, 0.0177, -0.0002, 0.0012, -0.0005]
  ayal_wrench_tcp: [0.6504, -0.7819, -0.6099, 0.0403, 0.0737, -0.0336]
step 62
  ayal_delta:      [-0.0094, -0.0013, 0.0177, -0.0002, 0.0012, -0.0005]
  ayal_wrench_tcp: [0.5639, -1.2150, -0.7859, 0.0670, 0.0617, -0.0340]
step 63
  ayal_delta:      [-0.0094, -0.0013, 0.0186, -0.0002, 0.0012, -0.0004]
  ayal_wrench_tcp: [0.2882, 0.4383, -0.0963, -0.0449, 0.0282, -0.0336]
step 64
  ayal_delta:      [-0.0098, -0.0013, 0.0186, -0.0002, 0.0013, -0.0005]
  ayal_wrench_tcp: [0.6728, -0.8347, -0.6104, 0.0518, 0.0749, -0.0334]
step 65
  ayal_delta:      [-0.0098, -0.0014, 0.0186, -0.0002, 0.0013, -0.0005]
  ayal_wrench_tcp: [1.5895, -1.5570, -0.3739, 0.1133, 0.1562, -0.0367]
step 66
  ayal_delta:      [-0.0098, -0.0014, 0.0195, -0.0002, 0.0013, -0.0005]
  ayal_wrench_tcp: [0.4621, -0.8914, -0.8398, 0.0657, 0.0519, -0.0308]
step 67
  ayal_delta:      [-0.0102, -0.0014, 0.0195, -0.0002, 0.0013, -0.0005]
  ayal_wrench_tcp: [0.4887, -1.0725, -0.8975, 0.0807, 0.0613, -0.0309]
step 68
  ayal_delta:      [-0.0103, -0.0014, 0.0195, -0.0002, 0.0013, -0.0005]
  ayal_wrench_tcp: [0.5211, -1.0559, -0.7329, 0.0850, 0.0596, -0.0319]
step 69
  ayal_delta:      [-0.0102, -0.0014, 0.0204, -0.0002, 0.0013, -0.0006]
  ayal_wrench_tcp: [0.5403, -1.1762, -0.8056, 0.0836, 0.0596, -0.0282]
step 70
  ayal_delta:      [-0.0107, -0.0014, 0.0204, -0.0002, 0.0014, -0.0005]
  ayal_wrench_tcp: [0.6165, -1.0784, -0.7449, 0.0873, 0.0568, -0.0272]
step 71
  ayal_delta:      [-0.0107, -0.0015, 0.0204, -0.0002, 0.0014, -0.0005]
  ayal_wrench_tcp: [0.6357, -1.1155, -0.7017, 0.0866, 0.0568, -0.0278]
step 72
  ayal_delta:      [-0.0107, -0.0015, 0.0213, -0.0002, 0.0014, -0.0005]
  ayal_wrench_tcp: [0.5735, -1.0577, -0.6702, 0.0888, 0.0574, -0.0269]
saved 73 records to /home/user/Projects/yarbiv/rmp_lab/playground/logs/record_pose_and_force.json
