log_path:  /home/user/Projects/yarbiv/rmp_lab/playground/logs/record_pose_and_force_1.log
data_path: /home/user/Projects/yarbiv/rmp_lab/playground/logs/record_pose_and_force_1.json
new uri:  [0.4371, -0.5555, 0.6037, -0.7169, -0.1995, 2.9142]
new ayal: [-0.0614, 0.4038, 0.3343, -2.9275, 0.2048, -0.6806]
current uri:   [0.4371, -0.5555, 0.6037, -0.7169, -0.1995, 2.9142]
expected uri:  [0.3695, -0.3221, 0.6966, 1.5708, 0.0000, 0.0000]
current ayal:  [-0.0614, 0.4038, 0.3343, -2.9275, 0.2048, -0.6806]
expected ayal: [-0.1273, 0.6368, 0.4271, 0.0000, 2.2214, 2.2214]
zeroFtSensor -> True
step 0
  ayal_delta:      [-0.0000, -0.0000, 0.0000, 0.0000, -0.0000, 0.0001]
  ayal_wrench_tcp: [0.0105, 0.0528, -0.0309, -0.0001, 0.0040, 0.0033]
strategy: auto_back_z (with rot avg: 0.0, dev: 0.02)
step 1
  ayal_delta:      [0.0008, -0.0013, 0.0021, 0.0087, -0.0152, -0.0087]
  ayal_wrench_tcp: [-26.9823, -10.7552, 22.1356, 1.2600, -4.0725, 0.2100]
step 2
  ayal_delta:      [0.0000, 0.0018, 0.0015, -0.0400, -0.0085, -0.0270]
  ayal_wrench_tcp: [2.4518, 23.8728, -2.2313, -2.1448, -0.1633, 0.1786]
step 3
  ayal_delta:      [-0.0015, -0.0010, 0.0022, -0.0009, 0.0003, 0.0108]
  ayal_wrench_tcp: [4.0310, -4.7241, 4.4021, 0.3087, 0.4715, -0.0242]
step 4
  ayal_delta:      [-0.0026, 0.0004, 0.0041, -0.0356, -0.0081, -0.0047]
  ayal_wrench_tcp: [7.5025, 7.1647, 11.3638, -0.6477, 0.9528, 0.1467]
step 5
  ayal_delta:      [-0.0002, 0.0005, 0.0046, 0.0105, 0.0039, 0.0076]
  ayal_wrench_tcp: [-17.9525, 8.5993, -4.1370, -1.0772, -2.6680, -0.1002]
step 6
  ayal_delta:      [-0.0007, -0.0003, 0.0047, -0.0152, 0.0165, 0.0142]
  ayal_wrench_tcp: [-12.5086, -1.6325, 5.3020, 0.1153, -2.0903, 0.1011]
step 7
  ayal_delta:      [-0.0031, -0.0016, 0.0046, -0.0343, 0.0017, -0.0283]
  ayal_wrench_tcp: [6.5038, -10.8377, 7.5657, 1.2652, 0.7606, 0.1208]
step 8
  ayal_delta:      [-0.0043, -0.0017, 0.0071, 0.0139, -0.0084, 0.0174]
  ayal_wrench_tcp: [5.8338, 1.8582, 4.4828, -0.1193, 0.8725, -0.0423]
step 9
  ayal_delta:      [-0.0044, -0.0003, 0.0063, -0.0322, -0.0142, -0.0175]
  ayal_wrench_tcp: [10.8096, 6.0224, -8.1527, -0.4822, 1.6128, 0.1826]
step 10
  ayal_delta:      [-0.0043, -0.0019, 0.0098, 0.0079, 0.0143, 0.0400]
  ayal_wrench_tcp: [-7.8494, -2.9575, 5.5193, 0.2871, -0.9115, -0.1000]
step 11
  ayal_delta:      [-0.0048, -0.0001, 0.0102, 0.0333, -0.0112, 0.0290]
  ayal_wrench_tcp: [1.6072, 8.8426, 4.2855, -0.8430, 0.1915, -0.0857]
step 12
  ayal_delta:      [-0.0054, -0.0009, 0.0104, 0.0233, 0.0185, -0.0040]
  ayal_wrench_tcp: [0.0988, -0.7190, 0.0176, -0.0362, -0.0269, -0.0746]
step 13
  ayal_delta:      [-0.0049, -0.0005, 0.0132, 0.0058, 0.0125, -0.0067]
  ayal_wrench_tcp: [-16.4652, 8.2590, 17.2747, -0.8631, -2.4361, 0.0981]
step 14
  ayal_delta:      [-0.0043, -0.0006, 0.0122, 0.0131, 0.0398, 0.0150]
  ayal_wrench_tcp: [-12.1213, 4.0196, -12.6646, -0.5117, -2.0189, -0.2104]
step 15
  ayal_delta:      [-0.0079, -0.0012, 0.0132, 0.0234, 0.0072, 0.0051]
  ayal_wrench_tcp: [6.5721, -0.6133, 3.4009, 0.0488, 0.5612, 0.0847]
step 16
  ayal_delta:      [-0.0074, -0.0021, 0.0149, 0.0149, 0.0114, -0.0096]
  ayal_wrench_tcp: [0.7847, -0.4745, -0.1695, -0.0011, -0.0428, -0.0205]
step 17
  ayal_delta:      [-0.0081, -0.0021, 0.0164, -0.0050, 0.0028, -0.0050]
  ayal_wrench_tcp: [0.3554, -0.2586, -0.0401, 0.0091, -0.0497, 0.0483]
step 18
  ayal_delta:      [-0.0093, -0.0013, 0.0153, 0.0053, 0.0197, 0.0170]
  ayal_wrench_tcp: [8.1589, 2.0972, -2.2539, -0.2310, 0.9105, -0.0841]
step 19
  ayal_delta:      [-0.0093, -0.0026, 0.0169, -0.0387, -0.0379, 0.0009]
  ayal_wrench_tcp: [0.8965, -1.4298, 1.4172, 0.1157, 0.0631, 0.1123]
step 20
  ayal_delta:      [-0.0092, -0.0034, 0.0174, 0.0207, -0.0399, -0.0301]
  ayal_wrench_tcp: [-1.3438, -3.2680, 0.2645, 0.2640, -0.1530, -0.0369]
step 21
  ayal_delta:      [-0.0090, -0.0001, 0.0176, 0.0061, 0.0400, 0.0108]
  ayal_wrench_tcp: [0.6950, 10.1915, -1.0082, -0.9602, -0.0938, -0.1056]
step 22
  ayal_delta:      [-0.0100, -0.0023, 0.0192, -0.0061, -0.0035, -0.0177]
  ayal_wrench_tcp: [0.4649, -0.5853, -0.2813, -0.0177, -0.0221, 0.0506]
step 23
  ayal_delta:      [-0.0115, -0.0022, 0.0212, -0.0091, -0.0146, -0.0110]
  ayal_wrench_tcp: [0.6989, -0.6699, -0.4082, -0.0137, -0.0272, 0.0570]
saved 24 records to /home/user/Projects/yarbiv/rmp_lab/playground/logs/record_pose_and_force_1.json
