log_path:  /home/user/Projects/yarbiv/rmp_lab/playground/logs/record_pose_and_force_4.log
data_path: /home/user/Projects/yarbiv/rmp_lab/playground/logs/record_pose_and_force_4.json
new uri:  [0.1465, -0.5497, 0.9103, -0.5729, 0.4054, -1.5828]
new ayal: [-0.3532, 0.4114, 0.6398, -1.9652, -1.8371, 0.7142]
current uri:   [0.1465, -0.5497, 0.9103, -0.5729, 0.4054, -1.5828]
expected uri:  [0.3695, -0.3221, 0.6966, 1.5708, 0.0000, 0.0000]
current ayal:  [-0.3532, 0.4114, 0.6398, -1.9652, -1.8371, 0.7142]
expected ayal: [-0.1273, 0.6368, 0.4271, 0.0000, 2.2214, 2.2214]
zeroFtSensor -> True
step 0
  ayal_delta:      [-0.0000, -0.0000, -0.0000, 0.0000, -0.0001, 0.0000]
  ayal_wrench_tcp: [0.2471, 0.0045, -0.1828, 0.0020, -0.0045, -0.0013]
strategy: auto_back_z (with rot avg: 0.0, dev: 0.02)
step 1
  ayal_delta:      [0.0009, 0.0008, -0.0012, 0.0242, -0.0241, -0.0400]
  ayal_wrench_tcp: [-18.2842, -13.5852, -23.8519, 1.5235, -3.3312, 0.4173]
step 2
  ayal_delta:      [0.0017, 0.0015, 0.0016, -0.0196, 0.0152, 0.0082]
  ayal_wrench_tcp: [-8.8277, 0.5811, 5.2908, 0.0293, -1.5854, -0.1068]
step 3
  ayal_delta:      [0.0023, 0.0021, 0.0027, -0.0166, -0.0027, 0.0200]
  ayal_wrench_tcp: [-13.9158, 0.7722, 7.8694, -0.0445, -2.1654, 0.0766]
step 4
  ayal_delta:      [0.0022, 0.0011, 0.0037, 0.0041, 0.0056, 0.0154]
  ayal_wrench_tcp: [-0.5994, 7.2766, 6.3137, -0.7229, -0.4693, -0.0294]
step 5
  ayal_delta:      [0.0049, 0.0000, 0.0029, -0.0144, -0.0136, -0.0059]
  ayal_wrench_tcp: [2.5924, -15.1408, 4.7548, 1.5805, 0.3345, 0.0540]
step 6
  ayal_delta:      [0.0043, 0.0005, 0.0045, 0.0178, 0.0103, 0.0400]
  ayal_wrench_tcp: [1.3239, 0.6163, 0.4814, 0.1367, -0.0137, 0.0875]
step 7
  ayal_delta:      [0.0039, 0.0001, 0.0053, -0.0176, 0.0300, 0.0400]
  ayal_wrench_tcp: [3.7308, 2.5883, 3.2754, -0.1654, 0.3732, -0.0838]
step 8
  ayal_delta:      [0.0038, 0.0006, 0.0049, 0.0062, -0.0400, -0.0014]
  ayal_wrench_tcp: [-1.9514, 0.1934, -1.6793, 0.0575, -0.2485, 0.1494]
step 9
  ayal_delta:      [0.0070, 0.0004, 0.0086, -0.0203, 0.0031, -0.0033]
  ayal_wrench_tcp: [0.4992, -0.0521, 0.5385, 0.0743, 0.0183, -0.0530]
step 10
  ayal_delta:      [0.0059, 0.0006, 0.0079, -0.0166, -0.0290, 0.0175]
  ayal_wrench_tcp: [0.7771, 0.1998, 0.4123, 0.0571, 0.0197, 0.0481]
step 11
  ayal_delta:      [0.0081, -0.0003, 0.0101, -0.0020, 0.0298, 0.0262]
  ayal_wrench_tcp: [9.3903, -0.7317, 7.8533, 0.1569, 1.2404, -0.0966]
step 12
  ayal_delta:      [0.0069, 0.0015, 0.0092, -0.0105, 0.0200, -0.0218]
  ayal_wrench_tcp: [-3.2278, 0.7070, -2.7216, -0.0462, -0.3803, -0.0647]
step 13
  ayal_delta:      [0.0083, 0.0005, 0.0111, 0.0181, 0.0143, 0.0010]
  ayal_wrench_tcp: [1.2402, -0.5981, 0.3658, 0.0818, 0.0931, 0.0375]
step 14
  ayal_delta:      [0.0077, 0.0006, 0.0116, -0.0164, -0.0022, -0.0002]
  ayal_wrench_tcp: [0.5629, 3.6388, 0.4575, -0.2754, 0.0364, -0.0844]
step 15
  ayal_delta:      [0.0071, 0.0002, 0.0126, -0.0053, 0.0136, -0.0110]
  ayal_wrench_tcp: [8.6974, 15.8198, 14.7334, -1.6058, 1.1963, -0.0690]
step 16
  ayal_delta:      [0.0088, -0.0007, 0.0148, 0.0038, 0.0125, -0.0184]
  ayal_wrench_tcp: [15.7396, 11.8441, 15.8332, -1.4108, 2.3791, 0.1450]
step 17
  ayal_delta:      [0.0096, 0.0026, 0.0124, 0.0069, -0.0106, 0.0175]
  ayal_wrench_tcp: [-14.1862, -4.4738, -11.0748, 0.3440, -1.9410, 0.1867]
step 18
  ayal_delta:      [0.0096, 0.0020, 0.0130, -0.0027, -0.0063, 0.0199]
  ayal_wrench_tcp: [-2.0190, -1.7454, 0.4126, 0.1942, -0.4561, -0.0430]
step 19
  ayal_delta:      [0.0124, 0.0009, 0.0141, 0.0400, 0.0197, 0.0178]
  ayal_wrench_tcp: [2.2932, -4.8461, 3.7211, 0.4722, 0.2045, -0.0314]
step 20
  ayal_delta:      [0.0137, -0.0004, 0.0173, 0.0025, -0.0117, -0.0007]
  ayal_wrench_tcp: [9.2688, 0.0432, 4.1315, -0.0566, 1.3690, 0.1089]
step 21
  ayal_delta:      [0.0118, 0.0025, 0.0180, -0.0097, 0.0084, -0.0304]
  ayal_wrench_tcp: [-4.9276, 5.1128, -0.4235, -0.5029, -0.5955, -0.0833]
step 22
  ayal_delta:      [0.0124, 0.0019, 0.0181, -0.0016, 0.0138, -0.0260]
  ayal_wrench_tcp: [0.0614, -0.7727, 0.4209, 0.0133, 0.0273, 0.0134]
step 23
  ayal_delta:      [0.0116, 0.0010, 0.0171, -0.0214, -0.0365, -0.0125]
  ayal_wrench_tcp: [1.0836, 1.5363, -0.3513, -0.1590, 0.1128, 0.0478]
step 24
  ayal_delta:      [0.0141, 0.0019, 0.0194, -0.0100, -0.0119, 0.0313]
  ayal_wrench_tcp: [0.3699, -1.1397, 0.5101, 0.0377, 0.0193, 0.0540]
step 25
  ayal_delta:      [0.0141, 0.0023, 0.0190, 0.0065, 0.0229, -0.0021]
  ayal_wrench_tcp: [-0.1544, -1.1232, 0.4169, 0.0463, 0.0380, -0.0601]
saved 26 records to /home/user/Projects/yarbiv/rmp_lab/playground/logs/record_pose_and_force_4.json
