log_path:  /home/user/Projects/yarbiv/rmp_lab/playground/logs/record_pose_and_force_9.log
data_path: /home/user/Projects/yarbiv/rmp_lab/playground/logs/record_pose_and_force_9.json
new uri:  [0.3854, -0.5453, 0.4990, -0.6863, -2.6909, 0.7693]
new ayal: [-0.1125, 0.4139, 0.2271, 0.3468, 0.7242, 2.5303]
current uri:   [0.3854, -0.5453, 0.4990, -0.6863, -2.6909, 0.7693]
expected uri:  [0.3695, -0.3221, 0.6966, 1.5708, 0.0000, 0.0000]
current ayal:  [-0.1125, 0.4139, 0.2271, 0.3468, 0.7242, 2.5303]
expected ayal: [-0.1273, 0.6368, 0.4271, 0.0000, 2.2214, 2.2214]
zeroFtSensor -> True
step 0
  ayal_delta:      [0.0000, 0.0000, -0.0000, 0.0000, 0.0000, -0.0001]
  ayal_wrench_tcp: [-0.0100, 0.0088, 0.2980, 0.0070, 0.0055, -0.0003]
strategy: auto_back_z (with rot avg: 0.0, dev: 0.02)
step 1
  ayal_delta:      [0.0002, -0.0012, 0.0010, -0.0255, 0.0070, -0.0057]
  ayal_wrench_tcp: [14.8952, -18.1705, -13.8874, 2.0571, 1.9880, 0.3147]
step 2
  ayal_delta:      [0.0001, -0.0005, -0.0015, -0.0052, 0.0032, -0.0142]
  ayal_wrench_tcp: [3.6729, 10.8856, 23.0886, -0.8427, 0.6989, 0.2618]
step 3
  ayal_delta:      [0.0007, 0.0001, -0.0014, 0.0061, -0.0036, 0.0140]
  ayal_wrench_tcp: [5.4044, 14.7843, -4.1176, -1.2983, 0.7594, -0.2550]
step 4
  ayal_delta:      [-0.0012, -0.0021, -0.0029, -0.0041, 0.0188, 0.0229]
  ayal_wrench_tcp: [3.6548, -6.1351, 9.9540, 0.6488, 0.7224, -0.0523]
step 5
  ayal_delta:      [-0.0018, -0.0016, -0.0053, 0.0150, -0.0059, -0.0084]
  ayal_wrench_tcp: [-7.9879, 14.3890, 15.6851, -1.3611, -1.1088, 0.1949]
step 6
  ayal_delta:      [-0.0002, -0.0022, -0.0055, 0.0073, -0.0133, 0.0038]
  ayal_wrench_tcp: [21.0233, 11.8324, -1.0916, -1.2000, 2.8679, -0.0108]
step 7
  ayal_delta:      [-0.0018, -0.0031, -0.0053, -0.0130, -0.0142, 0.0174]
  ayal_wrench_tcp: [3.2964, -2.5501, 5.3001, 0.2105, 0.8206, -0.1777]
step 8
  ayal_delta:      [-0.0023, -0.0017, -0.0072, 0.0059, 0.0046, 0.0004]
  ayal_wrench_tcp: [-8.9336, 21.4025, 17.1366, -2.2801, -1.3443, 0.1590]
step 9
  ayal_delta:      [-0.0034, -0.0053, -0.0063, 0.0164, -0.0231, 0.0054]
  ayal_wrench_tcp: [2.7449, -19.5219, 8.1270, 2.1252, 0.6479, -0.0043]
step 10
  ayal_delta:      [-0.0055, -0.0048, -0.0071, 0.0047, 0.0179, 0.0261]
  ayal_wrench_tcp: [-20.6947, -14.4962, 23.8023, 1.7074, -3.0746, -0.2870]
step 11
  ayal_delta:      [-0.0023, -0.0036, -0.0079, -0.0194, 0.0371, -0.0087]
  ayal_wrench_tcp: [14.8340, 7.8820, -6.2365, -0.6231, 1.7930, 0.1998]
step 12
  ayal_delta:      [-0.0062, -0.0068, -0.0101, 0.0400, -0.0075, -0.0138]
  ayal_wrench_tcp: [-10.7927, -17.0146, 14.3124, 1.9340, -1.5790, 0.1615]
step 13
  ayal_delta:      [-0.0050, -0.0051, -0.0117, -0.0067, -0.0060, -0.0177]
  ayal_wrench_tcp: [-4.7128, 12.7721, 7.2590, -1.1118, -0.9443, 0.0423]
step 14
  ayal_delta:      [-0.0052, -0.0056, -0.0104, -0.0073, 0.0310, -0.0321]
  ayal_wrench_tcp: [-2.6067, -5.4722, -15.6732, 0.4633, -0.6584, 0.3193]
step 15
  ayal_delta:      [-0.0059, -0.0054, -0.0144, -0.0080, 0.0059, -0.0063]
  ayal_wrench_tcp: [-7.3184, 19.8756, 18.3048, -2.0164, -1.4550, -0.0233]
step 16
  ayal_delta:      [-0.0038, -0.0069, -0.0118, -0.0344, -0.0064, -0.0010]
  ayal_wrench_tcp: [22.6211, -4.3473, -16.2075, 0.7018, 3.1319, -0.0004]
step 17
  ayal_delta:      [-0.0049, -0.0070, -0.0146, -0.0127, 0.0291, 0.0125]
  ayal_wrench_tcp: [7.8198, 9.2574, 11.3103, -0.8060, 1.3840, -0.0404]
step 18
  ayal_delta:      [-0.0061, -0.0073, -0.0135, 0.0215, 0.0400, -0.0017]
  ayal_wrench_tcp: [-2.2646, -2.8237, -1.2085, 0.3042, -0.1457, 0.0465]
step 19
  ayal_delta:      [-0.0087, -0.0080, -0.0141, 0.0131, 0.0238, 0.0096]
  ayal_wrench_tcp: [-19.4650, -9.9287, 14.3663, 1.1733, -2.9513, -0.1534]
step 20
  ayal_delta:      [-0.0091, -0.0087, -0.0166, -0.0329, -0.0350, 0.0019]
  ayal_wrench_tcp: [-9.0710, 1.0963, 5.1736, 0.1315, -1.7235, -0.0781]
step 21
  ayal_delta:      [-0.0067, -0.0086, -0.0174, 0.0401, -0.0078, 0.0048]
  ayal_wrench_tcp: [6.9906, 4.6093, 1.7312, -0.4097, 0.7456, 0.0137]
step 22
  ayal_delta:      [-0.0082, -0.0104, -0.0178, 0.0231, 0.0096, -0.0155]
  ayal_wrench_tcp: [0.2935, -0.0750, 0.2022, -0.0129, -0.0459, 0.0571]
step 23
  ayal_delta:      [-0.0081, -0.0093, -0.0204, 0.0143, 0.0400, -0.0320]
  ayal_wrench_tcp: [0.7005, -0.0887, 0.1886, -0.0124, -0.0622, 0.0601]
step 24
  ayal_delta:      [-0.0092, -0.0089, -0.0181, 0.0056, 0.0040, -0.0010]
  ayal_wrench_tcp: [-1.8712, -0.9679, -3.1192, 0.1291, -0.3289, -0.0884]
step 25
  ayal_delta:      [-0.0090, -0.0111, -0.0210, 0.0121, -0.0396, 0.0192]
  ayal_wrench_tcp: [0.4410, 0.6762, -0.0578, 0.0167, -0.0696, -0.0897]
saved 26 records to /home/user/Projects/yarbiv/rmp_lab/playground/logs/record_pose_and_force_9.json
