log_path:  /home/user/Projects/yarbiv/rmp_lab/playground/logs/record_pose_and_force_3.log
data_path: /home/user/Projects/yarbiv/rmp_lab/playground/logs/record_pose_and_force_3.json
new uri:  [0.5091, -0.3168, 0.5265, 0.2832, -0.6703, -1.3583]
new ayal: [0.0119, 0.6424, 0.2585, 1.6388, 1.9100, 0.3298]
current uri:   [0.5091, -0.3168, 0.5265, 0.2832, -0.6703, -1.3583]
expected uri:  [0.3695, -0.3221, 0.6966, 1.5708, 0.0000, 0.0000]
current ayal:  [0.0119, 0.6424, 0.2585, 1.6388, 1.9100, 0.3298]
expected ayal: [-0.1273, 0.6368, 0.4271, 0.0000, 2.2214, 2.2214]
zeroFtSensor -> True
step 0
  ayal_delta:      [-0.0000, -0.0000, 0.0000, 0.0001, -0.0000, 0.0000]
  ayal_wrench_tcp: [-0.2295, -0.3649, -0.2253, -0.0091, 0.0047, -0.0070]
strategy: auto_back_z (with rot avg: 0.0, dev: 0.02)
step 1
  ayal_delta:      [0.0005, -0.0004, 0.0016, 0.0191, -0.0189, -0.0119]
  ayal_wrench_tcp: [12.0299, -11.4088, 12.2225, 1.2361, 1.9914, -0.1448]
step 2
  ayal_delta:      [-0.0032, 0.0004, 0.0031, 0.0037, 0.0110, -0.0066]
  ayal_wrench_tcp: [0.3952, 5.7679, 3.7763, -0.4738, 0.2279, 0.0646]
step 3
  ayal_delta:      [-0.0021, 0.0013, 0.0027, 0.0046, 0.0158, -0.0298]
  ayal_wrench_tcp: [-5.8681, -0.9912, -0.8143, 0.1207, -0.6456, 0.0963]
step 4
  ayal_delta:      [-0.0014, 0.0009, 0.0037, 0.0061, 0.0021, 0.0038]
  ayal_wrench_tcp: [-0.7235, -4.0219, 1.7015, 0.4259, 0.0338, -0.0893]
step 5
  ayal_delta:      [-0.0045, 0.0023, 0.0024, 0.0228, 0.0223, -0.0052]
  ayal_wrench_tcp: [-18.0764, 23.4536, 12.1001, -2.7809, -3.2619, 0.1635]
step 6
  ayal_delta:      [-0.0042, 0.0008, 0.0059, -0.0218, 0.0275, 0.0018]
  ayal_wrench_tcp: [9.6985, -2.2442, 12.0069, 0.1414, 1.2740, 0.1855]
step 7
  ayal_delta:      [-0.0043, 0.0002, 0.0055, 0.0018, 0.0065, 0.0372]
  ayal_wrench_tcp: [9.2532, 1.5975, 2.5986, -0.1713, 1.2749, -0.0955]
step 8
  ayal_delta:      [-0.0036, -0.0001, 0.0070, -0.0063, 0.0207, 0.0013]
  ayal_wrench_tcp: [22.2923, -10.9853, 18.7168, 1.2737, 3.6891, 0.2295]
step 9
  ayal_delta:      [-0.0042, 0.0024, 0.0057, -0.0174, -0.0014, -0.0400]
  ayal_wrench_tcp: [-8.0207, 2.9811, -0.3890, -0.2543, -0.8394, -0.0108]
step 10
  ayal_delta:      [-0.0070, 0.0012, 0.0086, -0.0067, 0.0164, 0.0218]
  ayal_wrench_tcp: [5.2496, 2.7235, 5.6891, -0.2587, 0.8242, -0.0787]
step 11
  ayal_delta:      [-0.0064, 0.0013, 0.0094, 0.0253, -0.0096, 0.0029]
  ayal_wrench_tcp: [3.9597, -3.6206, 3.3401, 0.2932, 0.7529, -0.1726]
step 12
  ayal_delta:      [-0.0077, 0.0009, 0.0097, 0.0291, 0.0083, 0.0110]
  ayal_wrench_tcp: [9.7331, 5.2436, 12.2250, -0.4444, 1.5008, -0.0238]
step 13
  ayal_delta:      [-0.0093, 0.0025, 0.0111, 0.0007, -0.0050, -0.0076]
  ayal_wrench_tcp: [-1.9743, 0.9144, -0.1844, -0.0685, -0.0499, -0.0851]
step 14
  ayal_delta:      [-0.0095, 0.0027, 0.0100, 0.0264, 0.0367, -0.0154]
  ayal_wrench_tcp: [-4.6242, 13.1655, -8.0101, -1.4772, -0.8821, 0.0324]
step 15
  ayal_delta:      [-0.0103, 0.0024, 0.0120, 0.0049, -0.0120, 0.0036]
  ayal_wrench_tcp: [-1.0028, -0.5924, -0.1478, -0.1383, -0.0815, -0.0870]
step 16
  ayal_delta:      [-0.0081, 0.0025, 0.0128, -0.0011, -0.0054, -0.0080]
  ayal_wrench_tcp: [0.8625, -3.6773, -1.8339, 0.3206, 0.1525, 0.0583]
step 17
  ayal_delta:      [-0.0110, 0.0018, 0.0132, 0.0014, 0.0400, 0.0036]
  ayal_wrench_tcp: [5.8624, 7.2158, 14.9030, -0.7212, 0.8008, 0.1452]
step 18
  ayal_delta:      [-0.0114, 0.0047, 0.0150, -0.0068, -0.0157, -0.0294]
  ayal_wrench_tcp: [-4.5342, -0.7547, -0.1289, 0.0291, -0.4973, -0.0406]
step 19
  ayal_delta:      [-0.0130, 0.0037, 0.0149, -0.0015, -0.0213, 0.0337]
  ayal_wrench_tcp: [0.6082, 6.5654, 1.0945, -0.6059, 0.0309, -0.0815]
step 20
  ayal_delta:      [-0.0136, 0.0044, 0.0157, 0.0163, -0.0112, -0.0051]
  ayal_wrench_tcp: [-0.8697, -0.7882, -0.3141, -0.0347, -0.0981, 0.0298]
step 21
  ayal_delta:      [-0.0121, 0.0039, 0.0161, 0.0068, -0.0054, 0.0110]
  ayal_wrench_tcp: [-0.5084, -0.7085, -0.2302, -0.0261, -0.1005, 0.0376]
step 22
  ayal_delta:      [-0.0137, 0.0048, 0.0184, 0.0306, 0.0220, -0.0162]
  ayal_wrench_tcp: [-1.1300, -0.4027, -0.2552, -0.0122, -0.0901, 0.0247]
step 23
  ayal_delta:      [-0.0150, 0.0061, 0.0189, -0.0111, 0.0244, 0.0162]
  ayal_wrench_tcp: [-1.0313, -0.5460, -0.2782, -0.0155, -0.0932, 0.0256]
step 24
  ayal_delta:      [-0.0138, 0.0045, 0.0170, 0.0180, 0.0154, -0.0042]
  ayal_wrench_tcp: [-1.2742, -0.3675, 0.0274, -0.0050, -0.0842, -0.0623]
step 25
  ayal_delta:      [-0.0142, 0.0056, 0.0208, -0.0049, 0.0216, -0.0153]
  ayal_wrench_tcp: [-0.6727, -0.5267, -0.2621, -0.0052, -0.1070, 0.0346]
saved 26 records to /home/user/Projects/yarbiv/rmp_lab/playground/logs/record_pose_and_force_3.json
