log_path:  /home/user/Projects/yarbiv/rmp_lab/playground/logs/record_pose_and_force_6.log
data_path: /home/user/Projects/yarbiv/rmp_lab/playground/logs/record_pose_and_force_6.json
new uri:  [-0.0062, -0.4419, 0.8767, 0.9652, 0.9954, -1.2097]
new ayal: [-0.5044, 0.5174, 0.6068, -1.3325, -1.5018, -1.0304]
current uri:   [-0.0062, -0.4419, 0.8767, 0.9652, 0.9954, -1.2097]
expected uri:  [0.3695, -0.3221, 0.6966, 1.5708, 0.0000, 0.0000]
current ayal:  [-0.5044, 0.5174, 0.6068, -1.3325, -1.5018, -1.0304]
expected ayal: [-0.1273, 0.6368, 0.4271, 0.0000, 2.2214, 2.2214]
zeroFtSensor -> True
step 0
  ayal_delta:      [-0.0000, -0.0000, 0.0000, 0.0000, -0.0000, 0.0000]
  ayal_wrench_tcp: [-0.1464, 0.1401, -0.1517, -0.0186, 0.0039, 0.0018]
strategy: auto_back_z (with rot avg: 0.0, dev: 0.02)
step 1
  ayal_delta:      [0.0021, -0.0011, -0.0001, -0.0038, -0.0005, -0.0141]
  ayal_wrench_tcp: [2.6765, -23.4804, 11.4251, 2.5581, 0.8554, -0.1730]
step 2
  ayal_delta:      [-0.0003, -0.0018, 0.0004, 0.0096, 0.0223, 0.0215]
  ayal_wrench_tcp: [1.9215, 5.1235, 4.7560, -0.3359, 0.3736, -0.0800]
step 3
  ayal_delta:      [0.0008, -0.0034, 0.0015, -0.0038, 0.0049, -0.0204]
  ayal_wrench_tcp: [-3.9415, -7.5759, 4.0052, 0.8065, -0.2930, -0.1096]
step 4
  ayal_delta:      [0.0001, -0.0028, -0.0003, 0.0080, 0.0045, -0.0107]
  ayal_wrench_tcp: [11.1236, 4.5777, -13.3374, -0.3615, 1.5678, -0.0736]
step 5
  ayal_delta:      [0.0013, -0.0055, 0.0029, -0.0092, 0.0400, -0.0400]
  ayal_wrench_tcp: [-16.2630, -14.1693, 10.0456, 1.7051, -2.1950, -0.2862]
step 6
  ayal_delta:      [0.0003, -0.0059, 0.0018, 0.0040, 0.0158, 0.0072]
  ayal_wrench_tcp: [0.3429, 1.8672, -0.6134, -0.0584, -0.0617, 0.0283]
step 7
  ayal_delta:      [0.0010, -0.0073, 0.0023, 0.0158, -0.0102, 0.0311]
  ayal_wrench_tcp: [0.0128, 0.0777, 0.0383, 0.0805, -0.0224, 0.0087]
step 8
  ayal_delta:      [0.0014, -0.0069, 0.0025, -0.0065, -0.0210, 0.0046]
  ayal_wrench_tcp: [-2.1616, -3.5168, -2.0454, 0.3937, -0.1679, -0.0996]
step 9
  ayal_delta:      [0.0001, -0.0095, 0.0026, -0.0049, 0.0222, -0.0321]
  ayal_wrench_tcp: [-0.5461, 1.9809, -0.7666, -0.0690, -0.0061, -0.0943]
step 10
  ayal_delta:      [0.0019, -0.0090, 0.0025, 0.0042, -0.0136, -0.0220]
  ayal_wrench_tcp: [0.8126, -10.0238, 0.5377, 1.0874, 0.2137, 0.0677]
step 11
  ayal_delta:      [0.0001, -0.0106, 0.0031, 0.0345, -0.0160, -0.0383]
  ayal_wrench_tcp: [0.2269, 2.3224, -0.7897, -0.0797, -0.0099, 0.0390]
step 12
  ayal_delta:      [0.0008, -0.0104, 0.0041, -0.0240, -0.0015, 0.0191]
  ayal_wrench_tcp: [-5.6756, -0.6865, 0.7789, 0.0992, -0.4681, -0.2338]
step 13
  ayal_delta:      [0.0009, -0.0114, 0.0035, -0.0400, 0.0107, 0.0208]
  ayal_wrench_tcp: [4.5787, -3.1626, 12.3091, 0.4703, 0.8988, -0.3883]
step 14
  ayal_delta:      [0.0030, -0.0126, 0.0049, 0.0256, 0.0087, -0.0099]
  ayal_wrench_tcp: [-9.4837, -15.4639, 12.3967, 1.7489, -1.2897, 0.0483]
step 15
  ayal_delta:      [0.0016, -0.0162, 0.0045, 0.0036, 0.0060, 0.0194]
  ayal_wrench_tcp: [1.1532, 1.9846, 2.2406, -0.0401, 0.2579, -0.1490]
step 16
  ayal_delta:      [0.0006, -0.0151, 0.0049, -0.0130, -0.0088, 0.0111]
  ayal_wrench_tcp: [-1.3627, 1.5867, -0.7346, -0.0578, 0.0128, -0.1216]
step 17
  ayal_delta:      [-0.0005, -0.0164, 0.0052, -0.0070, 0.0099, -0.0239]
  ayal_wrench_tcp: [-1.1855, 2.6425, -0.4140, -0.1339, 0.0244, -0.1203]
step 18
  ayal_delta:      [0.0011, -0.0182, 0.0062, 0.0129, 0.0348, -0.0051]
  ayal_wrench_tcp: [-5.9653, -0.1452, 6.9608, 0.0860, -0.7897, -0.0590]
step 19
  ayal_delta:      [0.0016, -0.0177, 0.0054, -0.0031, -0.0052, -0.0077]
  ayal_wrench_tcp: [-0.4610, 1.4223, -0.6075, -0.0779, -0.0213, -0.1014]
step 20
  ayal_delta:      [0.0010, -0.0189, 0.0044, 0.0262, -0.0113, 0.0395]
  ayal_wrench_tcp: [5.3433, 5.5528, 4.9604, -0.5261, 0.7856, -0.0461]
step 21
  ayal_delta:      [-0.0001, -0.0191, 0.0081, 0.0400, 0.0020, 0.0154]
  ayal_wrench_tcp: [-18.9524, 0.6320, 10.9304, -0.2395, -3.1914, 0.0296]
step 22
  ayal_delta:      [0.0025, -0.0219, 0.0064, -0.0033, 0.0227, -0.0099]
  ayal_wrench_tcp: [0.4755, -2.4588, 4.0924, 0.2163, 0.0256, -0.1672]
step 23
  ayal_delta:      [0.0005, -0.0206, 0.0065, 0.0230, 0.0036, 0.0007]
  ayal_wrench_tcp: [0.4736, 1.2418, -0.1130, -0.1101, -0.0354, 0.0059]
step 24
  ayal_delta:      [0.0004, -0.0247, 0.0071, 0.0284, 0.0244, 0.0400]
  ayal_wrench_tcp: [0.7012, 6.6103, 7.9451, -0.7010, -0.1055, -0.0419]
step 25
  ayal_delta:      [0.0025, -0.0246, 0.0065, 0.0246, -0.0218, -0.0021]
  ayal_wrench_tcp: [0.7094, -1.5988, 0.0758, 0.0245, 0.1026, -0.0692]
saved 26 records to /home/user/Projects/yarbiv/rmp_lab/playground/logs/record_pose_and_force_6.json
