log_path:  /home/user/Projects/yarbiv/rmp_lab/playground/logs/record_pose_and_force_8.log
data_path: /home/user/Projects/yarbiv/rmp_lab/playground/logs/record_pose_and_force_8.json
new uri:  [0.0709, -0.3176, 0.6639, 2.3142, 1.4732, 0.2716]
new ayal: [-0.4254, 0.6431, 0.3908, -0.3824, -0.2055, 1.1088]
current uri:   [0.0709, -0.3176, 0.6639, 2.3142, 1.4732, 0.2716]
expected uri:  [0.3695, -0.3221, 0.6966, 1.5708, 0.0000, 0.0000]
current ayal:  [-0.4254, 0.6431, 0.3908, -0.3824, -0.2055, 1.1088]
expected ayal: [-0.1273, 0.6368, 0.4271, 0.0000, 2.2214, 2.2214]
zeroFtSensor -> True
step 0
  ayal_delta:      [-0.0000, -0.0000, -0.0000, -0.0000, -0.0000, 0.0000]
  ayal_wrench_tcp: [-0.1431, -0.0630, -0.2504, 0.0021, 0.0060, 0.0003]
strategy: auto_back_z (with rot avg: 0.0, dev: 0.02)
step 1
  ayal_delta:      [0.0018, -0.0018, 0.0011, 0.0178, -0.0400, -0.0011]
  ayal_wrench_tcp: [12.9799, 40.0405, -2.1902, -4.6018, 2.8629, 0.3393]
step 2
  ayal_delta:      [0.0027, -0.0017, -0.0023, 0.0400, 0.0011, 0.0138]
  ayal_wrench_tcp: [4.7501, 20.8378, 28.2133, -2.8672, 1.1891, -0.1582]
step 3
  ayal_delta:      [-0.0009, -0.0015, -0.0035, 0.0203, 0.0252, 0.0051]
  ayal_wrench_tcp: [14.9117, -22.2472, 16.5411, 2.2840, 2.7311, 0.0410]
step 4
  ayal_delta:      [0.0008, -0.0010, -0.0033, 0.0075, 0.0238, -0.0400]
  ayal_wrench_tcp: [2.0047, -2.5597, 17.7528, 0.4037, 0.7712, 0.7324]
step 5
  ayal_delta:      [0.0023, -0.0010, -0.0039, 0.0188, 0.0193, 0.0062]
  ayal_wrench_tcp: [-5.8877, 6.3865, 7.7691, -0.7406, -0.4684, -0.1433]
step 6
  ayal_delta:      [0.0009, -0.0016, -0.0062, 0.0376, 0.0105, -0.0249]
  ayal_wrench_tcp: [9.2829, -14.8588, 45.1763, 1.4473, 2.0047, 0.4994]
step 7
  ayal_delta:      [0.0025, -0.0034, -0.0062, 0.0200, -0.0191, -0.0267]
  ayal_wrench_tcp: [17.4125, 17.5359, 48.2045, -1.8068, 3.4261, 0.3778]
step 8
  ayal_delta:      [0.0030, -0.0018, -0.0076, -0.0316, 0.0007, 0.0183]
  ayal_wrench_tcp: [-4.0958, 0.8343, 1.5846, -0.2169, -0.1271, -0.1423]
step 9
  ayal_delta:      [0.0027, -0.0014, -0.0086, -0.0065, -0.0144, -0.0128]
  ayal_wrench_tcp: [-7.1213, -6.9232, 9.7283, 0.6894, -0.6689, 0.1775]
step 10
  ayal_delta:      [0.0029, -0.0029, -0.0091, -0.0066, -0.0095, 0.0063]
  ayal_wrench_tcp: [8.1036, 0.2110, 9.6709, -0.0365, 1.4085, -0.1295]
step 11
  ayal_delta:      [0.0053, -0.0031, -0.0102, -0.0110, 0.0093, 0.0288]
  ayal_wrench_tcp: [-0.6354, 16.5128, 14.3825, -1.7562, 0.2219, -0.2354]
step 12
  ayal_delta:      [0.0054, -0.0028, -0.0112, 0.0177, -0.0038, -0.0334]
  ayal_wrench_tcp: [-6.0681, 6.6107, 14.5168, -0.8321, -0.5351, 0.4355]
step 13
  ayal_delta:      [0.0028, -0.0037, -0.0123, -0.0214, 0.0090, -0.0159]
  ayal_wrench_tcp: [15.1722, -11.2654, 2.6522, 1.1891, 2.5793, -0.0125]
step 14
  ayal_delta:      [0.0055, -0.0025, -0.0134, 0.0128, -0.0124, -0.0006]
  ayal_wrench_tcp: [-10.9911, -0.0848, 7.5442, -0.0005, -1.1457, -0.0687]
step 15
  ayal_delta:      [0.0072, -0.0044, -0.0123, -0.0120, 0.0153, -0.0143]
  ayal_wrench_tcp: [5.6846, 28.9558, 4.2569, -3.0608, 0.8189, 0.1541]
step 16
  ayal_delta:      [0.0047, -0.0031, -0.0155, 0.0112, 0.0015, 0.0035]
  ayal_wrench_tcp: [-2.4010, -13.7902, 5.4053, 1.2822, -0.0597, -0.1334]
step 17
  ayal_delta:      [0.0039, -0.0033, -0.0150, 0.0089, -0.0075, -0.0190]
  ayal_wrench_tcp: [4.0266, -13.3651, -11.9870, 1.4889, 0.6112, 0.1905]
step 18
  ayal_delta:      [0.0061, -0.0056, -0.0162, 0.0282, -0.0221, 0.0048]
  ayal_wrench_tcp: [12.8090, 7.3419, 11.6786, -0.7891, 2.2140, -0.0978]
step 19
  ayal_delta:      [0.0076, -0.0052, -0.0191, -0.0041, -0.0075, 0.0028]
  ayal_wrench_tcp: [-2.9789, 0.9171, 0.1192, -0.1184, -0.0048, 0.0510]
step 20
  ayal_delta:      [0.0065, -0.0057, -0.0184, 0.0179, 0.0210, -0.0137]
  ayal_wrench_tcp: [7.3345, -2.2286, -13.4253, 0.2404, 1.0613, 0.0696]
step 21
  ayal_delta:      [0.0072, -0.0061, -0.0203, -0.0317, 0.0162, 0.0054]
  ayal_wrench_tcp: [-3.0635, 0.6157, 0.1221, -0.1226, -0.0115, -0.0919]
step 22
  ayal_delta:      [0.0073, -0.0057, -0.0205, -0.0117, 0.0087, 0.0094]
  ayal_wrench_tcp: [-2.6912, 0.6866, -0.0640, -0.1221, -0.0291, -0.0812]
step 23
  ayal_delta:      [0.0063, -0.0035, -0.0207, 0.0289, 0.0400, 0.0343]
  ayal_wrench_tcp: [-4.5098, -2.4770, -4.5353, 0.1152, -0.2716, -0.0825]
step 24
  ayal_delta:      [0.0071, -0.0052, -0.0214, -0.0003, 0.0059, 0.0021]
  ayal_wrench_tcp: [-1.9407, 1.2504, -0.5871, -0.0942, -0.0695, 0.0201]
step 25
  ayal_delta:      [0.0069, -0.0063, -0.0215, -0.0095, 0.0248, -0.0235]
  ayal_wrench_tcp: [-2.1562, 1.3005, -0.4969, -0.0950, -0.0629, 0.0176]
saved 26 records to /home/user/Projects/yarbiv/rmp_lab/playground/logs/record_pose_and_force_8.json
