log_path:  /home/user/Projects/yarbiv/rmp_lab/playground/logs/record_pose_and_force.log
data_path: /home/user/Projects/yarbiv/rmp_lab/playground/logs/record_pose_and_force.json
new uri:  [0.3810, -0.3656, 0.6086, -0.1303, 1.8343, -1.6941]
new ayal: [-0.1155, 0.5932, 0.3379, -1.4073, -0.7109, 0.0838]
current uri:   [0.3810, -0.3656, 0.6086, -0.1303, 1.8343, -1.6941]
expected uri:  [0.3695, -0.3221, 0.6966, 1.5708, 0.0000, 0.0000]
current ayal:  [-0.1155, 0.5932, 0.3379, -1.4073, -0.7109, 0.0838]
expected ayal: [-0.1273, 0.6368, 0.4271, 0.0000, 2.2214, 2.2214]
zeroFtSensor -> True
step 0
  ayal_delta:      [0.0000, 0.0000, 0.0000, 0.0000, 0.0000, -0.0001]
  ayal_wrench_tcp: [-0.2075, 0.0401, -0.2901, 0.0088, -0.0030, -0.0038]
strategy: auto_back_z (with rot avg: 0.0, dev: 0.02)
step 1
  ayal_delta:      [0.0010, -0.0005, -0.0003, -0.0113, -0.0205, 0.0400]
  ayal_wrench_tcp: [-6.0981, -1.9781, 6.5636, 0.1818, -0.5457, -0.0361]
step 2
  ayal_delta:      [0.0018, -0.0010, -0.0004, 0.0065, -0.0343, -0.0273]
  ayal_wrench_tcp: [-10.6241, -7.3321, 23.6952, 0.8676, -1.5067, 0.7787]
step 3
  ayal_delta:      [0.0008, -0.0021, -0.0010, 0.0110, 0.0163, 0.0030]
  ayal_wrench_tcp: [7.5326, -6.7050, 9.1289, 0.7520, 1.1038, -0.0624]
step 4
  ayal_delta:      [0.0008, -0.0029, -0.0009, 0.0401, 0.0129, 0.0001]
  ayal_wrench_tcp: [11.6621, -5.5426, 17.7679, 0.5409, 1.7133, 0.2554]
step 5
  ayal_delta:      [0.0023, -0.0048, 0.0007, 0.0301, 0.0082, 0.0044]
  ayal_wrench_tcp: [-1.4547, 6.8181, 4.5863, -0.6215, -0.0511, -0.0397]
step 6
  ayal_delta:      [0.0025, -0.0045, -0.0015, 0.0387, 0.0083, -0.0308]
  ayal_wrench_tcp: [8.2385, -19.6982, -2.4895, 2.1576, 0.9959, 0.6249]
step 7
  ayal_delta:      [0.0035, -0.0051, -0.0001, 0.0020, 0.0066, 0.0031]
  ayal_wrench_tcp: [-4.5754, -1.0453, 2.0478, 0.3196, -0.4686, -0.0837]
step 8
  ayal_delta:      [0.0039, -0.0069, -0.0014, -0.0032, 0.0027, -0.0057]
  ayal_wrench_tcp: [5.2250, -9.6202, 9.1604, 1.1629, 0.7798, 0.1459]
step 9
  ayal_delta:      [0.0047, -0.0058, -0.0020, 0.0141, -0.0158, -0.0043]
  ayal_wrench_tcp: [-4.0645, -19.7173, -6.5204, 2.1563, -0.3165, 0.3095]
step 10
  ayal_delta:      [0.0034, -0.0100, 0.0008, 0.0173, -0.0286, -0.0205]
  ayal_wrench_tcp: [15.1320, 15.4690, 38.3037, -1.5151, 2.5791, 0.5293]
step 11
  ayal_delta:      [0.0065, -0.0086, -0.0005, -0.0191, 0.0064, 0.0135]
  ayal_wrench_tcp: [-8.4506, -6.2081, 3.7167, 0.6846, -0.8561, -0.1135]
step 12
  ayal_delta:      [0.0048, -0.0095, 0.0005, -0.0276, 0.0258, -0.0143]
  ayal_wrench_tcp: [0.2726, 1.5693, 0.4142, -0.0380, 0.0954, 0.0415]
step 13
  ayal_delta:      [0.0045, -0.0115, 0.0002, 0.0111, -0.0040, -0.0048]
  ayal_wrench_tcp: [12.4784, 4.5920, 17.0810, -0.4385, 2.0319, 0.2304]
step 14
  ayal_delta:      [0.0062, -0.0122, -0.0018, 0.0080, -0.0001, -0.0237]
  ayal_wrench_tcp: [8.4784, -13.6014, 22.7246, 1.3587, 1.6872, 0.2728]
step 15
  ayal_delta:      [0.0087, -0.0139, -0.0008, 0.0400, 0.0189, 0.0078]
  ayal_wrench_tcp: [-5.3490, -4.5815, 5.5861, 0.5508, -0.3308, -0.1012]
step 16
  ayal_delta:      [0.0092, -0.0123, -0.0014, 0.0108, 0.0093, 0.0085]
  ayal_wrench_tcp: [-8.2843, -10.1844, -10.1232, 1.1232, -0.9443, 0.0545]
step 17
  ayal_delta:      [0.0075, -0.0156, 0.0000, -0.0292, 0.0400, -0.0168]
  ayal_wrench_tcp: [3.7685, 3.2882, 3.9101, -0.1524, 0.6370, -0.0801]
step 18
  ayal_delta:      [0.0087, -0.0155, 0.0014, 0.0058, -0.0400, -0.0291]
  ayal_wrench_tcp: [-5.8011, 12.3880, 11.2632, -1.2125, -0.6415, 0.5962]
step 19
  ayal_delta:      [0.0092, -0.0180, 0.0011, 0.0200, 0.0400, -0.0107]
  ayal_wrench_tcp: [-1.4119, 2.2137, 1.7226, -0.2979, -0.1315, -0.0727]
step 20
  ayal_delta:      [0.0091, -0.0177, -0.0009, -0.0151, 0.0190, 0.0357]
  ayal_wrench_tcp: [2.5367, -3.8877, -1.1454, 0.3441, 0.5172, -0.1367]
step 21
  ayal_delta:      [0.0095, -0.0168, 0.0005, 0.0078, -0.0209, -0.0047]
  ayal_wrench_tcp: [-2.5984, 1.3167, -3.0881, -0.0864, -0.1484, 0.1643]
step 22
  ayal_delta:      [0.0119, -0.0204, -0.0007, 0.0174, -0.0010, 0.0051]
  ayal_wrench_tcp: [-0.4663, -1.1601, 0.0146, 0.0524, 0.0462, -0.0596]
step 23
  ayal_delta:      [0.0119, -0.0195, -0.0010, 0.0075, 0.0296, 0.0052]
  ayal_wrench_tcp: [-0.8278, -0.6066, -0.6007, 0.0393, 0.0181, -0.0728]
step 24
  ayal_delta:      [0.0107, -0.0207, -0.0002, 0.0092, 0.0178, 0.0225]
  ayal_wrench_tcp: [-0.1858, -0.0176, -0.0030, -0.0029, 0.0621, -0.0644]
step 25
  ayal_delta:      [0.0132, -0.0208, 0.0007, -0.0197, -0.0075, -0.0187]
  ayal_wrench_tcp: [-7.2966, -1.2637, 7.7206, 0.2100, -0.9120, 0.1476]
saved 26 records to /home/user/Projects/yarbiv/rmp_lab/playground/logs/record_pose_and_force.json
