log_path:  /home/user/Projects/yarbiv/rmp_lab/playground/logs/record_pose_and_force.log
data_path: /home/user/Projects/yarbiv/rmp_lab/playground/logs/record_pose_and_force.json
new uri:  [0.4370, -0.5555, 0.6037, -0.7168, -0.1995, 2.9142]
new ayal: [-0.0607, 0.4035, 0.3339, -2.9246, 0.2186, -0.7029]
current uri:   [0.4370, -0.5555, 0.6037, -0.7168, -0.1995, 2.9142]
expected uri:  [0.3695, -0.3221, 0.6966, 1.5708, 0.0000, 0.0000]
current ayal:  [-0.0607, 0.4035, 0.3339, -2.9246, 0.2186, -0.7029]
expected ayal: [-0.1273, 0.6368, 0.4271, 0.0000, 2.2214, 2.2214]
zeroFtSensor -> True
step 0
  ayal_delta:      [-0.0000, -0.0000, -0.0000, -0.0001, -0.0000, -0.0001]
  ayal_wrench_tcp: [0.3019, -0.0418, 0.2235, -0.0062, -0.0050, 0.0003]
strategy: auto_back_z (with rot avg: 0.0, dev: 0.02)
step 1
  ayal_delta:      [-0.0005, -0.0000, -0.0000, -0.0035, -0.0023, -0.0103]
  ayal_wrench_tcp: [1.1848, 0.0025, 0.6678, -0.0248, 0.1189, -0.0937]
step 2
  ayal_delta:      [-0.0005, -0.0001, -0.0000, -0.0144, 0.0094, -0.0223]
  ayal_wrench_tcp: [0.5835, -2.4170, 0.4405, 0.1812, 0.0645, -0.0876]
step 3
  ayal_delta:      [-0.0005, -0.0001, 0.0009, 0.0451, 0.0275, -0.0229]
  ayal_wrench_tcp: [-3.5547, -0.2583, 4.7413, -0.0848, -0.5226, -0.1097]
step 4
  ayal_delta:      [-0.0010, -0.0001, 0.0009, 0.0057, -0.0160, -0.0740]
  ayal_wrench_tcp: [-0.3733, -1.8209, 1.7811, 0.1858, -0.3507, 0.2275]
step 5
  ayal_delta:      [-0.0010, -0.0002, 0.0009, -0.0011, -0.0320, -0.0630]
  ayal_wrench_tcp: [-0.9809, -2.4988, 2.4473, 0.2479, -0.2836, 0.2512]
step 6
  ayal_delta:      [-0.0010, -0.0002, 0.0017, -0.0087, -0.0343, -0.0479]
  ayal_wrench_tcp: [-5.9180, -1.8980, 8.1383, 0.1722, -0.8752, 0.1570]
step 7
  ayal_delta:      [-0.0015, -0.0002, 0.0017, 0.0151, -0.0464, -0.0594]
  ayal_wrench_tcp: [4.0540, -2.5376, 10.1985, 0.1126, 0.3150, 0.1414]
step 8
  ayal_delta:      [-0.0015, -0.0003, 0.0017, 0.0020, -0.0470, -0.0541]
  ayal_wrench_tcp: [1.6663, -2.6163, 10.4305, 0.1998, 0.0277, 0.2178]
step 9
  ayal_delta:      [-0.0015, -0.0003, 0.0026, 0.0042, -0.0705, -0.0551]
  ayal_wrench_tcp: [-9.8295, -2.4757, 31.2551, 0.1960, -1.5078, 0.4992]
step 10
  ayal_delta:      [-0.0019, -0.0003, 0.0026, 0.0184, -0.0713, -0.0374]
  ayal_wrench_tcp: [2.8117, -2.6210, 13.6582, 0.1758, 0.1274, 0.1095]
step 11
  ayal_delta:      [-0.0019, -0.0004, 0.0026, 0.0204, -0.0737, -0.0403]
  ayal_wrench_tcp: [1.4166, -4.8329, 13.9102, 0.3308, -0.0165, 0.1718]
step 12
  ayal_delta:      [-0.0019, -0.0004, 0.0035, 0.0220, -0.0596, -0.0205]
  ayal_wrench_tcp: [-3.4248, -0.4051, 5.0949, 0.0182, -0.5471, -0.0021]
step 13
  ayal_delta:      [-0.0024, -0.0004, 0.0035, 0.0258, -0.0489, -0.0148]
  ayal_wrench_tcp: [2.4586, -0.5289, 1.1483, -0.0046, 0.1088, -0.0687]
step 14
  ayal_delta:      [-0.0024, -0.0005, 0.0035, 0.0271, -0.0411, -0.0140]
  ayal_wrench_tcp: [1.5927, -0.8307, 1.1272, 0.0201, 0.0649, -0.0793]
step 15
  ayal_delta:      [-0.0024, -0.0005, 0.0044, 0.0406, -0.0049, 0.0085]
  ayal_wrench_tcp: [2.0989, -0.1560, 0.7841, -0.0228, 0.0701, -0.0736]
step 16
  ayal_delta:      [-0.0029, -0.0005, 0.0044, 0.0354, -0.0124, 0.0043]
  ayal_wrench_tcp: [2.4148, -0.0527, 0.5684, -0.0180, 0.0789, 0.0375]
step 17
  ayal_delta:      [-0.0029, -0.0006, 0.0044, 0.0364, 0.0207, 0.0143]
  ayal_wrench_tcp: [2.4508, -0.6902, 0.8761, 0.0320, 0.1841, -0.0779]
step 18
  ayal_delta:      [-0.0029, -0.0006, 0.0052, 0.0348, -0.0173, 0.0477]
  ayal_wrench_tcp: [-3.4968, -1.9360, 5.0428, 0.1476, -0.4388, 0.0430]
step 19
  ayal_delta:      [-0.0034, -0.0006, 0.0053, 0.0508, -0.0234, 0.0332]
  ayal_wrench_tcp: [2.6588, -0.4187, 1.6279, 0.0108, 0.1603, -0.0497]
step 20
  ayal_delta:      [-0.0033, -0.0008, 0.0053, 0.0565, -0.0441, 0.0006]
  ayal_wrench_tcp: [3.0878, -2.4175, 0.6211, 0.1723, 0.2051, -0.0155]
step 21
  ayal_delta:      [-0.0033, -0.0008, 0.0061, 0.0475, -0.0801, 0.0089]
  ayal_wrench_tcp: [-4.1841, -3.0416, 17.9765, 0.2485, -0.5403, 0.2954]
step 22
  ayal_delta:      [-0.0038, -0.0008, 0.0062, 0.0476, -0.1020, -0.0115]
  ayal_wrench_tcp: [1.6011, -3.4671, 20.2536, 0.3140, 0.0224, 0.5032]
step 23
  ayal_delta:      [-0.0038, -0.0009, 0.0062, 0.0484, -0.1152, 0.0098]
  ayal_wrench_tcp: [2.3051, -4.6947, 19.9852, 0.3023, 0.3191, 0.6274]
step 24
  ayal_delta:      [-0.0038, -0.0009, 0.0070, 0.0528, -0.1076, -0.0305]
  ayal_wrench_tcp: [-11.0841, -5.1806, 36.7115, 0.5022, -1.6575, 0.3598]
step 25
  ayal_delta:      [-0.0043, -0.0009, 0.0070, 0.0618, -0.0615, -0.0046]
  ayal_wrench_tcp: [2.1109, -0.2983, 3.6379, 0.0112, 0.0283, -0.0741]
step 26
  ayal_delta:      [-0.0043, -0.0011, 0.0070, 0.0677, -0.0856, -0.0079]
  ayal_wrench_tcp: [2.8101, -2.4146, 3.9898, 0.1290, 0.2137, 0.1908]
step 27
  ayal_delta:      [-0.0043, -0.0011, 0.0079, 0.0825, -0.0919, -0.0005]
  ayal_wrench_tcp: [-6.7300, -0.8437, 23.0832, -0.1155, -0.8751, 0.0956]
step 28
  ayal_delta:      [-0.0048, -0.0011, 0.0079, 0.0623, -0.1043, -0.0002]
  ayal_wrench_tcp: [2.3094, -1.7022, 25.1029, 0.1767, 0.1198, 0.4340]
step 29
  ayal_delta:      [-0.0048, -0.0012, 0.0079, 0.0653, -0.0888, -0.0262]
  ayal_wrench_tcp: [-1.9985, -6.3686, 15.3009, 0.5581, -0.3979, 0.0916]
step 30
  ayal_delta:      [-0.0048, -0.0013, 0.0088, 0.0588, -0.1135, 0.0134]
  ayal_wrench_tcp: [-7.6468, -3.5083, 33.8227, 0.2952, -0.8539, 0.4505]
step 31
  ayal_delta:      [-0.0052, -0.0012, 0.0088, 0.0525, -0.1002, 0.0218]
  ayal_wrench_tcp: [2.5047, -2.0192, 18.7519, 0.1907, 0.2464, 0.1425]
step 32
  ayal_delta:      [-0.0052, -0.0014, 0.0088, 0.0625, -0.1035, 0.0481]
  ayal_wrench_tcp: [1.5036, -3.0898, 18.4349, 0.1095, 0.3520, 0.2876]
step 33
  ayal_delta:      [-0.0052, -0.0014, 0.0096, 0.1154, -0.1155, 0.0562]
  ayal_wrench_tcp: [-6.5735, 1.6482, 33.0603, -0.7810, -0.7500, 0.1413]
step 34
  ayal_delta:      [-0.0056, -0.0014, 0.0096, 0.1143, -0.1210, 0.0524]
  ayal_wrench_tcp: [1.5605, 1.4758, 35.3555, -0.6573, 0.1383, 0.3886]
step 35
  ayal_delta:      [-0.0056, -0.0016, 0.0096, 0.1380, -0.1207, 0.0673]
  ayal_wrench_tcp: [-0.8640, -0.0507, 32.4119, -0.8841, 0.1068, 0.1229]
step 36
  ayal_delta:      [-0.0056, -0.0016, 0.0105, 0.1800, -0.1335, 0.0694]
  ayal_wrench_tcp: [-9.1535, 5.3941, 46.3434, -1.7466, -1.1873, 0.1277]
step 37
  ayal_delta:      [-0.0061, -0.0016, 0.0105, 0.1802, -0.1079, 0.0505]
  ayal_wrench_tcp: [-3.6615, 3.8116, 45.3625, -1.2557, -0.7458, -0.1946]
step 38
  ayal_delta:      [-0.0061, -0.0019, 0.0105, 0.1969, -0.1059, 0.0214]
  ayal_wrench_tcp: [-7.5688, 0.0154, 43.7322, -1.0175, -1.1929, -0.2042]
step 39
  ayal_delta:      [-0.0061, -0.0019, 0.0113, 0.2171, -0.1034, 0.0286]
  ayal_wrench_tcp: [-14.8705, 6.5992, 58.6316, -1.7647, -2.3896, -0.2588]
saved 40 records to /home/user/Projects/yarbiv/rmp_lab/playground/logs/record_pose_and_force.json
