log_path:  /home/user/Projects/yarbiv/rmp_lab/playground/logs/record_pose_and_force_10.log
data_path: /home/user/Projects/yarbiv/rmp_lab/playground/logs/record_pose_and_force_10.json
new uri:  [0.6818, -0.1315, 0.6481, 0.5127, -1.9991, 1.9134]
new ayal: [0.1872, 0.8261, 0.3791, -1.5032, 0.3577, 0.4138]
current uri:   [0.6818, -0.1315, 0.6481, 0.5127, -1.9991, 1.9134]
expected uri:  [0.3695, -0.3221, 0.6966, 1.5708, 0.0000, 0.0000]
current ayal:  [0.1872, 0.8261, 0.3791, -1.5032, 0.3577, 0.4138]
expected ayal: [-0.1273, 0.6368, 0.4271, 0.0000, 2.2214, 2.2214]
zeroFtSensor -> True
step 0
  ayal_delta:      [-0.0000, 0.0000, 0.0000, 0.0000, -0.0001, 0.0000]
  ayal_wrench_tcp: [-0.0068, -0.0630, 0.0372, -0.0018, -0.0023, 0.0018]
strategy: auto_back_z (with rot avg: 0.0, dev: 0.02)
step 1
  ayal_delta:      [0.0008, 0.0004, -0.0005, -0.0261, -0.0108, 0.0158]
  ayal_wrench_tcp: [-11.6516, 4.9715, -3.4406, -0.1623, -1.4100, 0.0490]
step 2
  ayal_delta:      [-0.0001, -0.0040, -0.0007, -0.0155, 0.0024, 0.0027]
  ayal_wrench_tcp: [1.3412, -4.0824, 1.9636, 0.4800, 0.1079, -0.1223]
step 3
  ayal_delta:      [-0.0015, -0.0010, 0.0003, 0.0331, 0.0072, 0.0089]
  ayal_wrench_tcp: [12.5882, -7.7151, -19.9262, 0.7009, 1.9275, -0.3402]
step 4
  ayal_delta:      [0.0008, -0.0055, 0.0004, 0.0239, 0.0139, 0.0242]
  ayal_wrench_tcp: [-6.3597, 12.0393, 23.1276, -1.1227, -0.5847, -0.3403]
step 5
  ayal_delta:      [-0.0007, -0.0032, -0.0011, 0.0157, -0.0154, -0.0043]
  ayal_wrench_tcp: [0.3013, -14.4761, -14.1567, 1.3726, 0.1334, 0.1601]
step 6
  ayal_delta:      [0.0004, -0.0072, 0.0006, -0.0074, -0.0168, 0.0220]
  ayal_wrench_tcp: [-1.2021, 14.6814, 16.6394, -1.3045, -0.0129, -0.1849]
step 7
  ayal_delta:      [0.0000, -0.0050, 0.0004, 0.0231, -0.0034, 0.0113]
  ayal_wrench_tcp: [0.7595, 1.6153, -5.3958, -0.2719, 0.2366, -0.1937]
step 8
  ayal_delta:      [-0.0002, -0.0069, -0.0011, -0.0280, -0.0019, 0.0251]
  ayal_wrench_tcp: [-3.3118, -10.0572, 15.5404, 1.0871, -0.1919, -0.2311]
step 9
  ayal_delta:      [0.0015, -0.0097, -0.0007, 0.0033, 0.0089, -0.0020]
  ayal_wrench_tcp: [-12.9485, 4.4542, 13.7832, -0.4539, -1.7937, 0.0121]
step 10
  ayal_delta:      [-0.0007, -0.0090, 0.0001, 0.0086, 0.0076, 0.0146]
  ayal_wrench_tcp: [10.9158, -0.8982, -2.7331, 0.1347, 1.5131, -0.2265]
step 11
  ayal_delta:      [0.0002, -0.0107, -0.0008, -0.0023, -0.0004, -0.0094]
  ayal_wrench_tcp: [-1.6124, -3.0755, 2.2254, 0.3550, -0.0191, 0.0410]
step 12
  ayal_delta:      [0.0009, -0.0126, -0.0011, -0.0110, -0.0400, -0.0107]
  ayal_wrench_tcp: [-10.8576, -3.5790, 26.6182, 0.4551, -1.2611, 0.3423]
step 13
  ayal_delta:      [0.0009, -0.0128, 0.0002, 0.0074, -0.0041, 0.0324]
  ayal_wrench_tcp: [-3.0226, 15.3365, 7.4961, -1.4437, -0.3804, -0.3224]
step 14
  ayal_delta:      [0.0017, -0.0138, -0.0002, -0.0049, 0.0023, 0.0337]
  ayal_wrench_tcp: [-12.5486, 16.1950, 19.9925, -1.7277, -1.6760, -0.2739]
step 15
  ayal_delta:      [-0.0008, -0.0131, 0.0001, 0.0088, -0.0138, -0.0203]
  ayal_wrench_tcp: [12.7656, -4.0914, -2.7082, 0.4363, 1.8696, 0.1674]
step 16
  ayal_delta:      [0.0018, -0.0168, -0.0012, -0.0037, 0.0114, -0.0156]
  ayal_wrench_tcp: [-14.9014, 1.0457, 6.6654, -0.0096, -2.1332, -0.0763]
step 17
  ayal_delta:      [0.0010, -0.0158, -0.0009, 0.0024, -0.0152, 0.0190]
  ayal_wrench_tcp: [-4.9833, 1.0952, -6.7981, -0.0873, -0.8371, -0.1686]
step 18
  ayal_delta:      [-0.0009, -0.0178, 0.0003, -0.0053, 0.0021, -0.0077]
  ayal_wrench_tcp: [15.0244, 0.6231, 11.2927, -0.0494, 2.2460, 0.0665]
step 19
  ayal_delta:      [-0.0001, -0.0195, 0.0012, 0.0173, -0.0204, -0.0257]
  ayal_wrench_tcp: [10.8599, 17.6696, 17.3759, -1.8090, 1.9240, 0.1652]
step 20
  ayal_delta:      [0.0004, -0.0200, 0.0001, 0.0400, 0.0176, -0.0156]
  ayal_wrench_tcp: [0.4190, 3.6938, 3.7231, -0.5239, 0.4247, -0.1655]
step 21
  ayal_delta:      [0.0015, -0.0214, -0.0015, -0.0225, -0.0145, 0.0171]
  ayal_wrench_tcp: [-11.0224, -2.5366, 7.7391, 0.2637, -1.5058, 0.0199]
step 22
  ayal_delta:      [0.0026, -0.0220, -0.0006, 0.0237, 0.0038, -0.0400]
  ayal_wrench_tcp: [-13.4561, 10.4595, 5.0960, -1.0420, -2.0467, 0.1828]
step 23
  ayal_delta:      [0.0026, -0.0220, 0.0002, -0.0038, 0.0004, 0.0126]
  ayal_wrench_tcp: [-9.2184, 17.6451, -2.3113, -1.7952, -1.5252, -0.1840]
step 24
  ayal_delta:      [0.0016, -0.0251, -0.0023, 0.0107, 0.0232, 0.0093]
  ayal_wrench_tcp: [1.6022, -0.2972, -0.1499, -0.0362, 0.0665, -0.1403]
step 25
  ayal_delta:      [0.0000, -0.0241, 0.0007, -0.0200, 0.0029, 0.0376]
  ayal_wrench_tcp: [1.4141, -0.2078, -0.2728, -0.0228, 0.0859, -0.1331]
saved 26 records to /home/user/Projects/yarbiv/rmp_lab/playground/logs/record_pose_and_force_10.json
