log_path:  /home/user/Projects/yarbiv/rmp_lab/playground/logs/record_pose_and_force_7.log
data_path: /home/user/Projects/yarbiv/rmp_lab/playground/logs/record_pose_and_force_7.json
new uri:  [-0.1482, -0.3882, 0.3660, 0.2839, -0.1283, 0.8794]
new ayal: [-0.6453, 0.5753, 0.0968, -1.2432, 2.6730, 0.4385]
current uri:   [-0.1482, -0.3882, 0.3660, 0.2839, -0.1283, 0.8794]
expected uri:  [0.3695, -0.3221, 0.6966, 1.5708, 0.0000, 0.0000]
current ayal:  [-0.6453, 0.5753, 0.0968, -1.2432, 2.6730, 0.4385]
expected ayal: [-0.1273, 0.6368, 0.4271, 0.0000, 2.2214, 2.2214]
zeroFtSensor -> True
step 0
  ayal_delta:      [0.0000, 0.0000, -0.0000, 0.0000, -0.0000, 0.0000]
  ayal_wrench_tcp: [-0.3888, -0.1780, 0.1057, 0.0089, -0.0159, 0.0002]
strategy: auto_back_z (with rot avg: 0.0, dev: 0.02)
step 1
  ayal_delta:      [-0.0008, -0.0002, 0.0030, 0.0149, 0.0112, 0.0036]
  ayal_wrench_tcp: [0.9489, -18.2219, 19.3136, 1.7681, 0.2536, -0.2160]
step 2
  ayal_delta:      [0.0002, -0.0003, 0.0012, 0.0202, -0.0243, 0.0038]
  ayal_wrench_tcp: [-1.3213, 3.7502, -43.1524, -0.3047, 0.2283, -0.0907]
step 3
  ayal_delta:      [-0.0021, -0.0008, 0.0027, -0.0220, -0.0042, 0.0366]
  ayal_wrench_tcp: [-14.5957, -23.6013, 20.4105, 2.6624, -2.1641, 0.2694]
step 4
  ayal_delta:      [0.0011, -0.0020, 0.0038, -0.0020, -0.0024, -0.0175]
  ayal_wrench_tcp: [2.9970, 17.8091, 13.5378, -1.8934, 0.3806, -0.1053]
step 5
  ayal_delta:      [0.0012, -0.0023, 0.0050, -0.0169, 0.0176, -0.0265]
  ayal_wrench_tcp: [4.8226, 16.8798, 15.3241, -1.8596, 0.5933, 0.0459]
step 6
  ayal_delta:      [0.0017, -0.0038, 0.0061, 0.0011, -0.0184, -0.0179]
  ayal_wrench_tcp: [-1.8475, 31.7718, 31.1328, -3.7298, -0.1939, 0.0337]
step 7
  ayal_delta:      [0.0014, -0.0012, 0.0080, -0.0058, 0.0031, -0.0092]
  ayal_wrench_tcp: [19.6107, -5.5545, 11.2522, 0.4482, 3.2382, 0.1635]
step 8
  ayal_delta:      [0.0000, -0.0042, 0.0076, -0.0305, -0.0241, -0.0258]
  ayal_wrench_tcp: [-15.7749, 9.1484, 12.9091, -1.2287, -2.2366, 0.3922]
step 9
  ayal_delta:      [-0.0001, -0.0010, 0.0094, -0.0117, -0.0371, -0.0067]
  ayal_wrench_tcp: [15.2624, -20.9298, 29.5677, 2.1359, 2.8938, 0.1810]
step 10
  ayal_delta:      [-0.0000, -0.0043, 0.0105, 0.0051, 0.0006, -0.0029]
  ayal_wrench_tcp: [-8.9786, 7.0093, 12.6499, -0.8253, -1.2441, -0.1236]
step 11
  ayal_delta:      [0.0004, -0.0044, 0.0123, 0.0152, 0.0172, 0.0016]
  ayal_wrench_tcp: [1.2850, 5.8854, 4.9630, -0.7731, -0.0025, -0.1217]
step 12
  ayal_delta:      [-0.0017, -0.0041, 0.0115, -0.0115, -0.0110, -0.0113]
  ayal_wrench_tcp: [-14.9761, -12.5034, -17.7953, 1.1579, -2.1577, 0.1834]
step 13
  ayal_delta:      [-0.0012, -0.0045, 0.0114, -0.0086, -0.0256, 0.0098]
  ayal_wrench_tcp: [-14.8901, -0.5544, -13.5859, 0.0707, -2.2799, 0.0633]
step 14
  ayal_delta:      [-0.0017, -0.0051, 0.0118, -0.0035, -0.0359, -0.0202]
  ayal_wrench_tcp: [-21.8220, -5.2248, -1.5463, 0.3812, -3.2895, 0.0837]
step 15
  ayal_delta:      [-0.0014, -0.0044, 0.0151, 0.0306, -0.0154, -0.0333]
  ayal_wrench_tcp: [-1.9769, -16.2721, 8.4502, 1.6778, -0.5322, -0.1674]
step 16
  ayal_delta:      [0.0003, -0.0050, 0.0142, -0.0399, 0.0100, 0.0237]
  ayal_wrench_tcp: [3.3256, 6.3604, -0.4126, -0.5328, 0.2869, 0.1011]
step 17
  ayal_delta:      [-0.0012, -0.0066, 0.0171, 0.0083, 0.0162, -0.0393]
  ayal_wrench_tcp: [-12.6168, -2.7004, 6.8387, 0.0886, -1.9049, -0.1271]
step 18
  ayal_delta:      [0.0000, -0.0063, 0.0169, 0.0073, 0.0324, -0.0400]
  ayal_wrench_tcp: [0.0600, 5.1059, 2.1581, -0.5771, -0.3816, 0.0921]
step 19
  ayal_delta:      [-0.0010, -0.0065, 0.0182, 0.0018, -0.0302, 0.0006]
  ayal_wrench_tcp: [-8.2603, -3.2212, 6.9352, 0.2542, -1.3035, 0.1483]
step 20
  ayal_delta:      [-0.0007, -0.0072, 0.0201, 0.0049, 0.0338, 0.0148]
  ayal_wrench_tcp: [-1.3642, 0.1590, 1.7560, -0.0971, -0.5601, -0.0407]
step 21
  ayal_delta:      [0.0000, -0.0056, 0.0194, 0.0153, -0.0306, 0.0245]
  ayal_wrench_tcp: [6.2657, -1.9310, -3.8619, 0.1074, 0.6845, -0.0365]
step 22
  ayal_delta:      [0.0006, -0.0074, 0.0208, -0.0063, -0.0197, -0.0400]
  ayal_wrench_tcp: [0.3453, 0.4049, 0.4621, -0.0284, 0.0454, 0.0654]
step 23
  ayal_delta:      [-0.0011, -0.0063, 0.0202, 0.0148, -0.0002, -0.0096]
  ayal_wrench_tcp: [-0.8445, -4.9974, -2.5200, 0.3789, -0.1242, -0.0643]
step 24
  ayal_delta:      [-0.0005, -0.0082, 0.0230, -0.0062, -0.0074, -0.0316]
  ayal_wrench_tcp: [0.8597, 0.6337, 0.2479, -0.0179, 0.0183, 0.0614]
step 25
  ayal_delta:      [-0.0004, -0.0078, 0.0242, 0.0140, -0.0131, 0.0067]
  ayal_wrench_tcp: [0.7465, -0.0705, 0.1508, -0.0466, 0.0185, -0.0322]
saved 26 records to /home/user/Projects/yarbiv/rmp_lab/playground/logs/record_pose_and_force_7.json
