log_path:  /home/user/Projects/yarbiv/rmp_lab/playground/logs/record_pose_and_force_5.log
data_path: /home/user/Projects/yarbiv/rmp_lab/playground/logs/record_pose_and_force_5.json
new uri:  [-0.0371, -0.4720, 0.4431, -2.7404, -0.2466, -1.0713]
new ayal: [-0.5329, 0.4917, 0.1703, 1.1193, 0.2710, -2.7611]
current uri:   [-0.0371, -0.4720, 0.4431, -2.7404, -0.2466, -1.0713]
expected uri:  [0.3695, -0.3221, 0.6966, 1.5708, 0.0000, 0.0000]
current ayal:  [-0.5329, 0.4917, 0.1703, 1.1193, 0.2710, -2.7611]
expected ayal: [-0.1273, 0.6368, 0.4271, 0.0000, 2.2214, 2.2214]
zeroFtSensor -> True
step 0
  ayal_delta:      [-0.0000, -0.0000, -0.0000, 0.0000, -0.0000, 0.0000]
  ayal_wrench_tcp: [0.1329, 0.2590, 0.2816, 0.0034, -0.0016, 0.0025]
strategy: auto_back_z (with rot avg: 0.0, dev: 0.02)
step 1
  ayal_delta:      [-0.0000, 0.0010, -0.0013, -0.0050, 0.0118, 0.0308]
  ayal_wrench_tcp: [-7.9051, 5.0003, 12.2802, -0.5706, -1.2812, -0.1366]
step 2
  ayal_delta:      [0.0028, 0.0024, -0.0013, 0.0146, -0.0120, 0.0200]
  ayal_wrench_tcp: [17.2890, 11.6827, 18.4654, -1.3182, 2.2369, -0.0139]
step 3
  ayal_delta:      [0.0000, 0.0018, -0.0034, -0.0179, -0.0176, -0.0012]
  ayal_wrench_tcp: [-20.6200, 8.5754, 3.6841, -1.2553, -3.6790, 0.1752]
step 4
  ayal_delta:      [0.0036, 0.0008, -0.0026, -0.0151, 0.0308, 0.0028]
  ayal_wrench_tcp: [10.2555, -2.4152, 8.6573, 0.1963, 1.3960, -0.0112]
step 5
  ayal_delta:      [0.0035, 0.0009, -0.0026, 0.0049, -0.0059, -0.0031]
  ayal_wrench_tcp: [8.1586, -2.9113, 5.1649, 0.2068, 1.0743, 0.1317]
step 6
  ayal_delta:      [0.0031, 0.0012, -0.0050, -0.0212, -0.0309, 0.0006]
  ayal_wrench_tcp: [-6.7034, -1.1182, 5.0818, 0.0204, -0.9838, -0.0702]
step 7
  ayal_delta:      [0.0055, 0.0020, -0.0046, -0.0310, 0.0286, 0.0274]
  ayal_wrench_tcp: [10.6475, -1.0155, 6.5492, 0.1073, 1.3628, -0.1054]
step 8
  ayal_delta:      [0.0034, -0.0002, -0.0046, 0.0383, 0.0286, 0.0272]
  ayal_wrench_tcp: [-9.6747, -7.0806, -23.3440, 0.8082, -1.9938, 0.1981]
step 9
  ayal_delta:      [0.0076, 0.0019, -0.0070, -0.0160, -0.0152, -0.0180]
  ayal_wrench_tcp: [7.6682, 1.1214, 4.8395, -0.1348, 0.9050, 0.1873]
step 10
  ayal_delta:      [0.0053, 0.0009, -0.0061, -0.0040, -0.0138, -0.0400]
  ayal_wrench_tcp: [-0.3800, -1.5096, -9.2308, 0.1228, -0.1374, 0.2246]
step 11
  ayal_delta:      [0.0068, 0.0038, -0.0084, 0.0182, 0.0038, -0.0116]
  ayal_wrench_tcp: [-6.5838, 7.7866, 8.6279, -0.8213, -1.1838, 0.0730]
step 12
  ayal_delta:      [0.0083, 0.0027, -0.0098, -0.0057, 0.0098, 0.0022]
  ayal_wrench_tcp: [0.5133, -0.8465, 1.0727, 0.0018, -0.2036, -0.0320]
step 13
  ayal_delta:      [0.0075, 0.0025, -0.0106, 0.0238, -0.0015, 0.0171]
  ayal_wrench_tcp: [-16.4854, -2.2274, 2.4772, 0.1342, -3.1081, 0.1023]
step 14
  ayal_delta:      [0.0114, 0.0027, -0.0102, 0.0253, -0.0009, -0.0400]
  ayal_wrench_tcp: [11.2803, -1.8416, 21.9255, 0.1621, 1.5353, 0.3681]
step 15
  ayal_delta:      [0.0096, 0.0029, -0.0095, 0.0232, 0.0092, -0.0029]
  ayal_wrench_tcp: [-0.0814, -0.0003, 0.2779, -0.0108, 0.0018, -0.0161]
step 16
  ayal_delta:      [0.0091, 0.0044, -0.0108, 0.0187, 0.0028, 0.0320]
  ayal_wrench_tcp: [-6.0699, 4.2042, 6.3336, -0.5516, -1.0292, -0.0831]
step 17
  ayal_delta:      [0.0114, 0.0042, -0.0118, 0.0150, -0.0201, -0.0082]
  ayal_wrench_tcp: [1.2764, -0.3038, 0.3944, -0.0491, -0.0695, 0.0907]
step 18
  ayal_delta:      [0.0118, 0.0048, -0.0125, 0.0094, -0.0276, 0.0082]
  ayal_wrench_tcp: [0.9717, 2.7050, 1.4705, -0.3314, -0.0506, -0.0293]
step 19
  ayal_delta:      [0.0128, 0.0062, -0.0130, 0.0154, 0.0400, -0.0002]
  ayal_wrench_tcp: [2.3267, 3.2431, 1.8973, -0.3794, 0.1164, 0.0102]
step 20
  ayal_delta:      [0.0124, 0.0043, -0.0131, -0.0087, -0.0091, -0.0100]
  ayal_wrench_tcp: [1.3508, -0.7429, 0.1031, -0.0399, -0.0609, 0.0918]
step 21
  ayal_delta:      [0.0131, 0.0027, -0.0139, -0.0090, 0.0001, -0.0226]
  ayal_wrench_tcp: [0.3688, -4.3556, 2.0328, 0.3673, -0.1284, 0.1148]
step 22
  ayal_delta:      [0.0164, 0.0038, -0.0155, 0.0172, -0.0131, 0.0028]
  ayal_wrench_tcp: [1.0097, -0.1705, 0.1269, -0.0023, -0.0447, -0.0151]
step 23
  ayal_delta:      [0.0145, 0.0058, -0.0152, -0.0005, -0.0175, 0.0068]
  ayal_wrench_tcp: [1.2711, -0.0951, -0.1166, -0.0054, -0.0519, 0.0012]
step 24
  ayal_delta:      [0.0170, 0.0037, -0.0173, -0.0125, -0.0339, -0.0051]
  ayal_wrench_tcp: [1.1027, -0.1847, -0.1691, -0.0118, -0.0494, 0.0763]
step 25
  ayal_delta:      [0.0168, 0.0046, -0.0188, -0.0058, 0.0060, -0.0348]
  ayal_wrench_tcp: [1.1827, -0.0311, -0.0144, -0.0041, -0.0512, 0.0828]
saved 26 records to /home/user/Projects/yarbiv/rmp_lab/playground/logs/record_pose_and_force_5.json
