log_path:  /home/user/Projects/yarbiv/rmp_lab/playground/logs/record_pose_and_force_3.log
data_path: /home/user/Projects/yarbiv/rmp_lab/playground/logs/record_pose_and_force_3.json
new uri:  [0.4113, -0.4858, 0.5465, 0.0827, 0.0216, 3.0018]
new ayal: [-0.0860, 0.4733, 0.2810, 3.1141, -0.2217, -0.0960]
current uri:   [0.4113, -0.4858, 0.5465, 0.0827, 0.0216, 3.0018]
expected uri:  [0.3695, -0.3221, 0.6966, 1.5708, 0.0000, 0.0000]
current ayal:  [-0.0860, 0.4733, 0.2810, 3.1141, -0.2217, -0.0960]
expected ayal: [-0.1273, 0.6368, 0.4271, 0.0000, 2.2214, 2.2214]
zeroFtSensor -> True
step 0
  ayal_delta:      [-0.0000, -0.0000, -0.0000, -0.0000, 0.0001, 0.0000]
  ayal_wrench_tcp: [0.0182, 0.1090, 0.0191, 0.0013, 0.0049, 0.0042]
step 1
  ayal_delta:      [0.0005, -0.0011, 0.0065, 0.0132, -0.0001, -0.0118]
  ayal_wrench_tcp: [-0.4438, -6.0291, -0.0841, 0.6446, -0.0613, 0.0065]
step 2
  ayal_delta:      [0.0007, 0.0019, 0.0110, -6.2354, 0.5159, 0.2114]
  ayal_wrench_tcp: [1.8131, 4.7667, 1.6052, -0.4506, 0.3619, -0.1266]
step 3
  ayal_delta:      [0.0011, 0.0035, 0.0282, -6.2166, 0.5134, 0.2201]
  ayal_wrench_tcp: [-1.2190, 0.9054, 0.7874, -0.0561, -0.0066, -0.0006]
saved 4 records to /home/user/Projects/yarbiv/rmp_lab/playground/logs/record_pose_and_force_3.json
