uri rxyz anchor (first pose): [-0.0384, -0.0221, -2.2731]
ayal current position: [-0.2376, 0.4511, 0.2944, -2.8578, -1.2060, -0.0351]
uri  mate: [0.2620, -0.5046, 0.5602, -0.0384, -0.0221, -2.2731]
ayal mate: [-0.2335, 0.4571, 0.2908, 2.8365, 1.3082, -0.0479]
ayal_unmate: [-0.2329, 0.4580, 0.3207, 2.8365, 1.3082, -0.0479]
[cycle 0] insert: target rel_d <= 1.5 mm (cap 25 steps × 1.0 mm), then seek |F_z|>=5.0 N (cap 15 steps)
  [insert c0 s0] delta=[0.0006, 0.0009, 0.0300, 0.0000, -0.0000, -0.0000] rel_d=0.0300m ayal_F/T_tcp=[-5.6820, 7.4226, 45.4450, -0.8031, -0.6316, 0.4348] uri_F/T_tcp=[-4.3039, -5.8484, 44.1186, 0.9707, -0.9766, 0.3752]
  large wrench over 20.0 N detected, aborting insert: [-5.6820, 7.4226, 45.4450, -0.8031, -0.6316, 0.4348]. distance was 0.0300 m
  exceeded wrench. straightening then entering force-seek
  [straightening c0 s0] delta=[0.0006, 0.0009, 0.0300, 0.0000, -0.0001, -0.0000] rel_d=0.0299m ayal_F/T_tcp=[-5.6691, 7.5218, 45.5807, -0.8012, -0.6321, 0.4387] uri_F/T_tcp=[-4.2631, -5.7945, 44.3299, 0.9724, -0.9767, 0.3763]
  large wrench over 20.0 N detected, aborting insert: [-5.6820, 7.4226, 45.4450, -0.8031, -0.6316, 0.4348]. distance was 0.0300 m
  exceeded wrench during straightening. skipping force-seek and moving to next cycle.
[cycle 0] pull: target rel_d >= 27.0 mm (cap 25 steps × 1.0 mm), then -Z back-off 20.0 mm
  pull anchor xyz=[-0.2329, 0.4580, 0.3207] rxyz=[2.8364, 1.3082, -0.0479]
  [pull_straighten c0 s0] delta=[0.0006, 0.0009, 0.0300, 0.0000, -0.0001, 0.0000] rel_d=0.0300m ayal_F/T_tcp=[-5.7032, 7.3570, 45.6052, -0.8041, -0.6325, 0.4406] uri_F/T_tcp=[-4.2014, -5.8236, 44.3633, 0.9725, -0.9767, 0.3765]
  [pull c0 s0] delta=[0.0018, -0.0001, 0.0329, -0.0039, 0.0151, 0.0316] rel_d=0.0330m ayal_F/T_tcp=[-5.5163, 7.3913, 45.4841, -0.8035, -0.6339, 0.5347] uri_F/T_tcp=[-4.1301, -5.8077, 44.3489, 0.9732, -0.9781, 0.3758]
  large wrench over 20.0 N detected, aborting insert: [-5.5163, 7.3913, 45.4841, -0.8035, -0.6339, 0.5347]. distance was 0.0330 m
  exceeded wrench. straightening then moving to next cycle
  [straightening c0 s0] delta=[0.0019, -0.0000, 0.0330, -0.0039, 0.0150, 0.0316] rel_d=0.0330m ayal_F/T_tcp=[-5.5827, 7.3295, 45.2942, -0.8052, -0.6325, 0.5277] uri_F/T_tcp=[-4.1561, -5.8451, 44.3888, 0.9734, -0.9773, 0.3741]
  reached target rel_d=0.0330 m at step 0
  extra pull-back 20.0 mm along ayal -Z
  [pull_backoff c0 s0] delta=[0.0018, -0.0001, 0.0329, -0.0040, 0.0151, 0.0316] rel_d=0.0330m ayal_F/T_tcp=[-5.5651, 7.3561, 45.4962, -0.8043, -0.6314, 0.5243] uri_F/T_tcp=[-4.1816, -5.9485, 44.5065, 0.9715, -0.9773, 0.3753]
choose_new_uri_location: picked [0.4600, -0.3600, 0.3000, 0.0946, -0.1146, -2.2045] (attempt 1)
move ayal to compact position
saved 6 records to /home/user/Projects/yarbiv/rmp_lab/dual_arm_peg/output/auto_peg_cycle_13.json
