uri rxyz anchor (first pose): [1.4081, -0.5810, -0.3814]
ayal current position: [-0.4987, 0.4409, 0.3894, 1.0139, 1.8385, 1.5956]
uri  mate: [0.0911, -0.5095, 0.6288, 1.4081, -0.5810, -0.3814]
ayal mate: [-0.4044, 0.4529, 0.3594, 0.4681, 1.9122, 1.7132]
ayal_unmate: [-0.4204, 0.4312, 0.3610, 0.4681, 1.9122, 1.7132]
[cycle 0] insert: target rel_d <= 1.5 mm (cap 25 steps × 1.0 mm), then seek |F_z|>=5.0 N (cap 15 steps)
  [insert c0 s0] delta=[-0.0158, -0.0181, 0.0014, -0.0248, 0.0020, 0.0064] rel_d=0.0241m ayal_F/T_tcp=[-2.4658, -2.5484, -2.8721, 0.1888, -0.2597, 0.0139] uri_F/T_tcp=[-2.4110, 2.1238, -2.5253, -0.2904, -0.3202, 0.0074]
  [insert c0 s1] delta=[-0.0124, -0.0188, -0.0003, 0.0354, 0.0170, 0.0049] rel_d=0.0225m ayal_F/T_tcp=[14.4881, 8.1099, -11.2834, -0.9564, 2.3646, -0.3295] uri_F/T_tcp=[16.3560, -7.6011, -12.4496, 1.1943, 2.8116, -0.1176]
  [insert c0 s2] delta=[-0.0142, -0.0163, 0.0004, -0.0037, -0.0400, 0.0058] rel_d=0.0216m ayal_F/T_tcp=[-8.8398, 0.1243, -3.1845, -0.0185, -1.1669, -0.1166] uri_F/T_tcp=[-8.8723, 0.6838, -3.2941, -0.0095, -1.4170, 0.0448]
  [insert c0 s3] delta=[-0.0119, -0.0182, 0.0015, -0.0139, -0.0080, 0.0051] rel_d=0.0218m ayal_F/T_tcp=[19.1154, -5.7419, 3.6329, 0.9358, 3.4554, 0.0673] uri_F/T_tcp=[21.6633, 7.1262, 4.4855, -1.0098, 3.9014, 0.0808]
  [insert c0 s4] delta=[-0.0111, -0.0164, -0.0001, -0.0224, 0.0055, 0.0046] rel_d=0.0198m ayal_F/T_tcp=[8.5489, 4.7362, -9.1817, -0.1577, 1.7575, 0.0705] uri_F/T_tcp=[10.9382, -2.6471, -9.3389, 0.4510, 2.1084, 0.0654]
  [insert c0 s5] delta=[-0.0093, -0.0142, 0.0012, 0.0159, 0.0286, -0.0029] rel_d=0.0170m ayal_F/T_tcp=[13.9342, -9.8395, -24.4887, 1.1861, 2.5283, -0.1621] uri_F/T_tcp=[16.5735, 10.3317, -23.4324, -1.4963, 3.0901, -0.1311]
  large wrench over 20.0 N detected, aborting insert: [13.9342, -9.8395, -24.4887, 1.1861, 2.5283, -0.1621]. distance was 0.0170 m
  exceeded wrench. straightening then entering force-seek
  [straightening c0 s5] delta=[-0.0112, -0.0153, 0.0011, 0.0000, -0.0000, -0.0000] rel_d=0.0189m ayal_F/T_tcp=[2.0263, -6.6429, 7.8118, 0.9744, 1.0253, -0.1382] uri_F/T_tcp=[3.8220, 7.3175, 9.0300, -1.0243, 1.0789, 0.0366]
  large wrench over 20.0 N detected, aborting insert: [13.9342, -9.8395, -24.4887, 1.1861, 2.5283, -0.1621]. distance was 0.0170 m
  exceeded wrench during straightening. skipping force-seek and moving to next cycle.
[cycle 0] pull: target rel_d >= 27.0 mm (cap 25 steps × 1.0 mm), then -Z back-off 20.0 mm
  [pull c0 s0] delta=[0.0003, -0.0025, -0.0012, -0.0042, -0.0262, 0.0023] rel_d=0.0028m ayal_F/T_tcp=[23.6269, 6.2058, -28.9204, -0.3053, 3.8719, -0.0286] uri_F/T_tcp=[26.6299, -3.8794, -28.4556, 0.8226, 4.3870, 0.2177]
  large wrench over 20.0 N detected, aborting insert: [23.6269, 6.2058, -28.9204, -0.3053, 3.8719, -0.0286]. distance was 0.0028 m
  exceeded wrench. straightening then moving to next cycle
  [straightening c0 s0] delta=[-0.0006, -0.0008, 0.0001, -0.0000, 0.0000, 0.0000] rel_d=0.0010m ayal_F/T_tcp=[3.1356, -11.2588, -16.6342, 1.4969, 0.9336, 0.0163] uri_F/T_tcp=[4.6641, 12.4067, -14.2188, -1.6098, 1.1627, 0.0261]
  [pull c0 s1] delta=[0.0004, -0.0012, 0.0004, -0.0382, 0.0009, 0.0003] rel_d=0.0014m ayal_F/T_tcp=[24.7173, -13.6922, -18.9914, 2.1710, 3.9817, 0.3815] uri_F/T_tcp=[27.0085, 15.4215, -17.9383, -2.0649, 5.0686, 0.3910]
  large wrench over 20.0 N detected, aborting insert: [24.7173, -13.6922, -18.9914, 2.1710, 3.9817, 0.3815]. distance was 0.0014 m
  exceeded wrench. straightening then moving to next cycle
  [straightening c0 s1] delta=[-0.0012, -0.0016, 0.0001, 0.0000, -0.0000, -0.0000] rel_d=0.0020m ayal_F/T_tcp=[2.1439, -10.9995, 4.0675, 1.6334, 1.1744, -0.2543] uri_F/T_tcp=[4.2334, 11.4705, 6.4270, -1.5696, 1.2981, -0.0645]
  [pull c0 s2] delta=[-0.0011, -0.0010, 0.0005, 0.0034, -0.0058, 0.0365] rel_d=0.0016m ayal_F/T_tcp=[2.1893, -16.5182, -4.7599, 2.4789, 1.0130, -0.3966] uri_F/T_tcp=[4.8813, 16.5190, -1.2869, -1.9873, 1.3989, -0.1871]
  [pull c0 s3] delta=[-0.0024, -0.0032, 0.0017, 0.0285, -0.0052, 0.0036] rel_d=0.0043m ayal_F/T_tcp=[5.8025, -30.4311, 23.2489, 4.1280, 1.8232, -0.1743] uri_F/T_tcp=[7.9533, 29.6821, 28.0284, -3.9676, 1.9755, -0.1494]
  large wrench over 20.0 N detected, aborting insert: [5.8025, -30.4311, 23.2489, 4.1280, 1.8232, -0.1743]. distance was 0.0043 m
  exceeded wrench. straightening then moving to next cycle
  [straightening c0 s3] delta=[-0.0023, -0.0032, 0.0002, 0.0000, -0.0000, -0.0000] rel_d=0.0040m ayal_F/T_tcp=[4.7901, -5.8495, 10.5740, 1.3852, 1.3211, 0.1121] uri_F/T_tcp=[6.2644, 8.2540, 12.2966, -1.3310, 1.3827, 0.0943]
  [pull c0 s4] delta=[-0.0023, -0.0026, 0.0004, -0.0054, -0.0136, -0.0024] rel_d=0.0035m ayal_F/T_tcp=[-0.8514, -10.1060, -1.0186, 1.6992, 0.5819, -0.0165] uri_F/T_tcp=[0.8430, 11.5174, 1.4141, -1.6545, 0.6122, 0.1282]
  [pull c0 s5] delta=[-0.0044, -0.0057, 0.0022, -0.0137, 0.0278, -0.0185] rel_d=0.0074m ayal_F/T_tcp=[9.5827, -33.1784, 30.4585, 4.3001, 2.4102, 0.1617] uri_F/T_tcp=[11.4210, 32.7880, 34.7112, -4.7730, 2.7091, 0.1287]
  large wrench over 20.0 N detected, aborting insert: [9.5827, -33.1784, 30.4585, 4.3001, 2.4102, 0.1617]. distance was 0.0074 m
  exceeded wrench. straightening then moving to next cycle
  [straightening c0 s5] delta=[-0.0035, -0.0048, 0.0004, 0.0001, 0.0000, 0.0000] rel_d=0.0060m ayal_F/T_tcp=[3.7865, -4.4360, 2.4733, 1.1763, 1.2360, -0.2534] uri_F/T_tcp=[5.9410, 5.9013, 4.7139, -1.0942, 1.3139, -0.0631]
  [pull c0 s6] delta=[-0.0038, -0.0058, -0.0011, -0.0157, -0.0030, -0.0173] rel_d=0.0070m ayal_F/T_tcp=[6.1409, 9.6519, 15.0965, -0.6146, 1.5944, 0.1729] uri_F/T_tcp=[8.0567, -6.4603, 14.8504, 0.6524, 1.4539, 0.1921]
  [pull c0 s7] delta=[-0.0047, -0.0074, 0.0006, -0.0305, 0.0196, -0.0095] rel_d=0.0088m ayal_F/T_tcp=[15.6924, -10.0322, 30.3785, 1.4140, 3.1213, 0.2438] uri_F/T_tcp=[18.2436, 12.0133, 31.1794, -1.7639, 3.5128, 0.2156]
  large wrench over 20.0 N detected, aborting insert: [15.6924, -10.0322, 30.3785, 1.4140, 3.1213, 0.2438]. distance was 0.0088 m
  exceeded wrench. straightening then moving to next cycle
  [straightening c0 s7] delta=[-0.0047, -0.0064, 0.0005, -0.0000, 0.0000, 0.0000] rel_d=0.0080m ayal_F/T_tcp=[1.7736, -7.8351, 0.2967, 1.2877, 1.1087, -0.2677] uri_F/T_tcp=[3.8596, 8.9054, 2.4702, -1.3034, 1.1803, -0.0828]
  [pull c0 s8] delta=[-0.0040, -0.0071, 0.0019, 0.0196, -0.0056, -0.0336] rel_d=0.0083m ayal_F/T_tcp=[19.9428, -21.1532, 4.6579, 2.9334, 4.2271, 0.0863] uri_F/T_tcp=[21.8568, 22.2467, 8.4488, -3.3710, 3.9698, 0.0927]
  large wrench over 20.0 N detected, aborting insert: [19.9428, -21.1532, 4.6579, 2.9334, 4.2271, 0.0863]. distance was 0.0083 m
  exceeded wrench. straightening then moving to next cycle
  [straightening c0 s8] delta=[-0.0053, -0.0072, 0.0005, 0.0000, -0.0000, 0.0000] rel_d=0.0090m ayal_F/T_tcp=[1.1207, -5.7745, 7.4659, 1.1622, 1.0008, -0.1817] uri_F/T_tcp=[3.3438, 6.7593, 9.3690, -1.1360, 1.0537, 0.0019]
  [pull c0 s9] delta=[-0.0063, -0.0067, -0.0000, -0.0400, 0.0267, 0.0211] rel_d=0.0092m ayal_F/T_tcp=[-7.0939, -1.8368, 2.9801, 0.6373, -0.8706, 0.1519] uri_F/T_tcp=[-5.8396, 3.2397, 3.9871, -0.4801, -0.4078, 0.1406]
  [pull c0 s10] delta=[-0.0066, -0.0105, -0.0003, 0.0001, 0.0112, 0.0199] rel_d=0.0124m ayal_F/T_tcp=[13.6256, 3.4649, 16.1641, 0.0142, 2.6194, -0.2831] uri_F/T_tcp=[16.0460, -1.9331, 15.6842, 0.2972, 2.8734, -0.0856]
  [pull c0 s11] delta=[-0.0071, -0.0107, 0.0014, -0.0078, 0.0158, -0.0025] rel_d=0.0129m ayal_F/T_tcp=[13.1085, -14.1163, 14.6807, 1.9125, 2.7852, 0.1365] uri_F/T_tcp=[15.3116, 15.1886, 16.1749, -2.1946, 3.0652, 0.1415]
  [pull c0 s12] delta=[-0.0074, -0.0097, 0.0014, -0.0048, 0.0400, 0.0053] rel_d=0.0123m ayal_F/T_tcp=[2.4102, -14.3917, -2.6364, 2.0774, 1.0053, -0.0710] uri_F/T_tcp=[4.1365, 15.6442, 0.0209, -2.3402, 1.3294, -0.0770]
  [pull c0 s13] delta=[-0.0079, -0.0123, 0.0006, 0.0401, 0.0106, -0.0178] rel_d=0.0147m ayal_F/T_tcp=[12.5303, -2.9987, 13.1001, 0.9055, 2.6671, -0.2905] uri_F/T_tcp=[14.7750, 4.3779, 14.1899, -0.7725, 2.7787, -0.1030]
  [pull c0 s14] delta=[-0.0094, -0.0117, 0.0013, 0.0057, 0.0078, 0.0016] rel_d=0.0151m ayal_F/T_tcp=[-6.1497, -11.3256, 5.2221, 1.7127, -0.2884, -0.1962] uri_F/T_tcp=[-4.7862, 12.2150, 8.1270, -1.7447, -0.2927, -0.0126]
  [pull c0 s15] delta=[-0.0079, -0.0139, 0.0028, 0.0368, 0.0046, 0.0044] rel_d=0.0162m ayal_F/T_tcp=[26.1137, -23.0144, 23.9742, 3.5008, 5.5667, -0.5404] uri_F/T_tcp=[31.2500, 21.4810, 27.3916, -3.3327, 6.1255, -0.3123]
  large wrench over 20.0 N detected, aborting insert: [26.1137, -23.0144, 23.9742, 3.5008, 5.5667, -0.5404]. distance was 0.0162 m
  exceeded wrench. straightening then moving to next cycle
  [straightening c0 s15] delta=[-0.0095, -0.0129, 0.0009, 0.0000, -0.0000, 0.0000] rel_d=0.0160m ayal_F/T_tcp=[-0.7055, -1.1665, 1.8227, 0.7040, 0.5319, 0.0005] uri_F/T_tcp=[0.7795, 3.3420, 3.4405, -0.6563, 0.5373, 0.0107]
  [pull c0 s16] delta=[-0.0112, -0.0154, 0.0003, 0.0401, -0.0101, -0.0105] rel_d=0.0190m ayal_F/T_tcp=[-1.5038, 4.2962, 0.8020, 0.0299, 0.2794, -0.1686] uri_F/T_tcp=[-0.3604, -1.7808, 1.2426, 0.0791, 0.2547, -0.0231]
  [pull c0 s17] delta=[-0.0087, -0.0165, 0.0013, -0.0387, 0.0170, 0.0353] rel_d=0.0187m ayal_F/T_tcp=[32.3138, -5.8302, -11.2375, 1.3936, 5.8939, 0.1288] uri_F/T_tcp=[35.8803, 7.9416, -12.1108, -1.2194, 6.9573, 0.1801]
  large wrench over 20.0 N detected, aborting insert: [32.3138, -5.8302, -11.2375, 1.3936, 5.8939, 0.1288]. distance was 0.0187 m
  exceeded wrench. straightening then moving to next cycle
  [straightening c0 s17] delta=[-0.0107, -0.0145, 0.0011, -0.0001, 0.0000, 0.0000] rel_d=0.0180m ayal_F/T_tcp=[-4.2642, -1.7190, -3.6759, 0.6612, 0.0676, 0.0096] uri_F/T_tcp=[-2.9364, 4.2483, -2.3779, -0.6976, 0.0162, -0.0102]
  [pull c0 s18] delta=[-0.0096, -0.0145, 0.0018, 0.0168, -0.0109, 0.0366] rel_d=0.0175m ayal_F/T_tcp=[10.5452, -9.9491, -8.8711, 1.5271, 2.2083, -0.3832] uri_F/T_tcp=[13.0629, 11.1851, -6.3974, -1.7093, 2.5664, -0.2024]
  [pull c0 s19] delta=[-0.0104, -0.0153, 0.0012, 0.0002, 0.0192, 0.0131] rel_d=0.0185m ayal_F/T_tcp=[6.1170, -3.5034, 6.0852, 0.9672, 1.6365, -0.0938] uri_F/T_tcp=[7.9462, 5.4341, 7.3905, -0.9038, 1.8358, -0.0598]
  [pull c0 s20] delta=[-0.0135, -0.0166, 0.0004, 0.0011, -0.0316, 0.0050] rel_d=0.0214m ayal_F/T_tcp=[-9.9689, 2.4641, 5.8396, 0.1018, -1.0900, -0.1260] uri_F/T_tcp=[-9.3077, -0.7043, 6.1389, 0.0668, -1.2366, 0.0303]
  [pull c0 s21] delta=[-0.0119, -0.0179, 0.0013, 0.0063, -0.0084, 0.0159] rel_d=0.0215m ayal_F/T_tcp=[12.9850, -1.7508, 2.5887, 0.6327, 2.4632, -0.0912] uri_F/T_tcp=[14.9523, 3.8293, 2.8832, -0.5728, 2.7811, -0.0710]
  [pull c0 s22] delta=[-0.0126, -0.0189, 0.0005, -0.0088, 0.0178, -0.0191] rel_d=0.0227m ayal_F/T_tcp=[9.7692, 6.2024, 10.0143, -0.2269, 2.1247, 0.0449] uri_F/T_tcp=[11.6123, -2.9556, 9.6167, 0.2460, 2.2648, 0.0490]
  [pull c0 s23] delta=[-0.0131, -0.0200, 0.0031, -0.0219, -0.0255, 0.0025] rel_d=0.0241m ayal_F/T_tcp=[14.6623, -14.9353, 11.0111, 2.0474, 3.2496, -0.0451] uri_F/T_tcp=[16.8982, 15.8202, 13.4265, -2.3173, 3.5025, 0.1046]
  [pull c0 s24] delta=[-0.0138, -0.0215, 0.0013, -0.0150, -0.0400, -0.0149] rel_d=0.0256m ayal_F/T_tcp=[0.4550, 2.8700, -0.5936, 0.0707, 0.8267, 0.0111] uri_F/T_tcp=[2.1634, -0.3411, -0.5774, 0.0055, 0.9029, 0.0157]
  step cap hit before reaching rel_d target; backing off anyway
  extra pull-back 20.0 mm along ayal -Z
  [pull_backoff c0 s0] delta=[-0.0260, -0.0373, 0.0020, -0.0151, -0.0400, -0.0149] rel_d=0.0455m ayal_F/T_tcp=[-3.1639, 2.3101, -0.7255, 0.0788, 0.1036, -0.1540] uri_F/T_tcp=[-2.0171, -0.2470, -0.1828, -0.0083, 0.0982, -0.0177]
choose_new_uri_location: picked [0.1400, -0.5200, 0.7400, 1.3226, -0.6645, -0.4031] (attempt 1)
move ayal to compact position
move uri to [0.1400, -0.5200, 0.7400, 1.3226, -0.6645, -0.4031]
  computed ayal mate: [-0.3556, 0.4422, 0.4706, 0.4874, 1.9085, 1.5852]
ayal current position: [-0.5657, 0.1948, 0.3613, 0.0399, 2.0795, 1.9673]
uri  mate: [0.1400, -0.5200, 0.7400, 1.3226, -0.6645, -0.4031]
ayal mate: [-0.3556, 0.4422, 0.4706, 0.4874, 1.9085, 1.5852]
ayal_unmate: [-0.3732, 0.4220, 0.4734, 0.4874, 1.9085, 1.5852]
[cycle 1] insert: target rel_d <= 1.5 mm (cap 25 steps × 1.0 mm), then seek |F_z|>=5.0 N (cap 15 steps)
  [insert c1 s0] delta=[-0.0154, -0.0183, 0.0015, 0.0048, 0.0218, 0.0153] rel_d=0.0240m ayal_F/T_tcp=[-0.0948, 0.4812, 0.3824, 0.0237, 0.0255, 0.0911] uri_F/T_tcp=[0.4728, -0.0851, 0.1732, -0.0170, 0.0084, 0.0190]
  [insert c1 s1] delta=[-0.0149, -0.0178, 0.0031, 0.0103, -0.0017, -0.0038] rel_d=0.0234m ayal_F/T_tcp=[2.8533, -13.0455, -5.1760, 1.4535, 0.5150, -0.0335] uri_F/T_tcp=[3.8071, 12.3257, -3.3945, -1.7719, 0.5959, 0.0312]
  [insert c1 s2] delta=[-0.0152, -0.0175, 0.0022, 0.0013, 0.0211, -0.0229] rel_d=0.0233m ayal_F/T_tcp=[-0.9551, -3.0552, -3.3993, 0.4891, -0.1814, 0.1075] uri_F/T_tcp=[-0.6654, 2.9697, -2.6386, -0.6250, -0.2249, 0.0248]
  [insert c1 s3] delta=[-0.0157, -0.0154, 0.0041, 0.0168, 0.0121, 0.0039] rel_d=0.0224m ayal_F/T_tcp=[-9.9602, -22.9520, -18.2696, 2.7149, -1.5374, -0.1547] uri_F/T_tcp=[-9.4600, 21.9219, -13.7793, -3.3743, -1.8389, -0.0610]
  large wrench over 20.0 N detected, aborting insert: [-9.9602, -22.9520, -18.2696, 2.7149, -1.5374, -0.1547]. distance was 0.0224 m
  exceeded wrench. straightening then entering force-seek
  [straightening c1 s3] delta=[-0.0137, -0.0157, 0.0022, 0.0000, 0.0000, 0.0000] rel_d=0.0210m ayal_F/T_tcp=[1.6881, -3.3582, -4.3781, 0.6104, 0.1041, -0.0877] uri_F/T_tcp=[2.5112, 3.2842, -3.4573, -0.7890, 0.0968, 0.0002]
  large wrench over 20.0 N detected, aborting insert: [-9.9602, -22.9520, -18.2696, 2.7149, -1.5374, -0.1547]. distance was 0.0224 m
  exceeded wrench during straightening. skipping force-seek and moving to next cycle.
[cycle 1] pull: target rel_d >= 27.0 mm (cap 25 steps × 1.0 mm), then -Z back-off 20.0 mm
saved 46 records to /home/user/Projects/yarbiv/rmp_lab/dual_arm_peg/output/auto_peg_cycle_4.json
