uri rxyz anchor (first pose): [1.4843, -0.6632, -0.6169]
ayal current position: [-0.2366, 0.5316, 0.1301, 0.6229, 1.8297, 1.7964]
uri  mate: [0.3458, -0.3867, 0.3993, 1.4843, -0.6632, -0.6169]
ayal mate: [-0.1493, 0.5747, 0.1299, 0.7254, 1.7178, 1.7358]
ayal_unmate: [-0.1691, 0.5563, 0.1293, 0.7254, 1.7178, 1.7358]
[cycle 0] insert: target rel_d <= 1.5 mm (cap 25 steps × 1.0 mm), then seek |F_z|>=5.0 N (cap 15 steps)
  [insert c0 s0] delta=[-0.0188, -0.0162, 0.0006, -0.0053, -0.0125, -0.0084] rel_d=0.0248m ayal_F/T_tcp=[-2.5725, -2.1900, -9.9328, 0.1938, -0.3381, -0.1831] uri_F/T_tcp=[-3.0969, 2.3269, -9.8590, -0.2481, -0.4859, -0.0104]
  [insert c0 s1] delta=[-0.0148, -0.0144, 0.0000, -0.0113, 0.0117, -0.0014] rel_d=0.0206m ayal_F/T_tcp=[-4.0276, -8.2390, -2.3248, 0.9534, -0.5129, 0.0544] uri_F/T_tcp=[-4.7168, 7.7912, -1.2850, -1.1660, -0.5617, 0.0521]
  [insert c0 s2] delta=[-0.0166, -0.0169, -0.0002, -0.0110, -0.0018, -0.0199] rel_d=0.0237m ayal_F/T_tcp=[2.0269, -0.6071, 1.2147, 0.1926, 0.2794, 0.0255] uri_F/T_tcp=[1.6452, 0.6611, 0.7680, -0.2319, 0.3367, 0.0188]
  [insert c0 s3] delta=[-0.0155, -0.0140, -0.0005, -0.0252, -0.0137, -0.0130] rel_d=0.0209m ayal_F/T_tcp=[-12.9474, -1.6417, -14.6406, 0.0575, -2.0473, -0.0640] uri_F/T_tcp=[-14.7420, 1.4656, -14.7333, -0.3181, -2.4940, 0.0963]
  [insert c0 s4] delta=[-0.0156, -0.0149, 0.0005, 0.0266, -0.0104, -0.0113] rel_d=0.0216m ayal_F/T_tcp=[-1.3087, -14.0481, 0.1130, 1.5737, -0.2868, -0.0610] uri_F/T_tcp=[-2.5395, 13.3226, 1.7157, -1.8651, -0.2581, -0.0706]
  [insert c0 s5] delta=[-0.0134, -0.0127, -0.0012, 0.0018, 0.0313, 0.0191] rel_d=0.0185m ayal_F/T_tcp=[-3.4449, 3.4697, -4.8604, -0.2415, -0.6353, -0.0239] uri_F/T_tcp=[-4.2996, -3.1075, -4.8665, 0.3384, -0.7529, -0.0370]
  [insert c0 s6] delta=[-0.0130, -0.0108, -0.0019, -0.0231, 0.0297, 0.0065] rel_d=0.0171m ayal_F/T_tcp=[-15.6201, 8.9338, -22.6075, -1.0922, -2.7885, 0.1755] uri_F/T_tcp=[-19.1616, -8.6851, -23.9717, 1.2216, -3.5325, 0.0945]
  large wrench over 20.0 N detected, aborting insert: [-15.6201, 8.9338, -22.6075, -1.0922, -2.7885, 0.1755]. distance was 0.0171 m
  exceeded wrench. straightening then entering force-seek
  [straightening c0 s6] delta=[-0.0132, -0.0123, -0.0004, 0.0000, -0.0000, 0.0000] rel_d=0.0180m ayal_F/T_tcp=[-2.2239, -6.1080, 0.3019, 0.5887, -0.5115, -0.1697] uri_F/T_tcp=[-3.0578, 5.2533, 1.1675, -0.6950, -0.5585, 0.0029]
  large wrench over 20.0 N detected, aborting insert: [-15.6201, 8.9338, -22.6075, -1.0922, -2.7885, 0.1755]. distance was 0.0171 m
  exceeded wrench during straightening. skipping force-seek and moving to next cycle.
[cycle 0] pull: target rel_d >= 27.0 mm (cap 25 steps × 1.0 mm), then -Z back-off 20.0 mm
  [pull c0 s0] delta=[-0.0002, -0.0011, -0.0005, -0.0110, 0.0009, -0.0045] rel_d=0.0012m ayal_F/T_tcp=[3.1232, -1.2360, -6.8264, 0.1227, 0.2305, -0.1383] uri_F/T_tcp=[3.0406, 0.9042, -7.0291, -0.1294, 0.4156, 0.0538]
  [pull c0 s1] delta=[-0.0011, -0.0008, 0.0001, -0.0324, 0.0290, 0.0195] rel_d=0.0014m ayal_F/T_tcp=[-9.7338, -12.1991, -2.5018, 1.3935, -2.3754, 0.1607] uri_F/T_tcp=[-10.4459, 11.2721, -0.6208, -1.3675, -0.7685, 0.1206]
  [pull c0 s2] delta=[-0.0038, -0.0036, 0.0007, -0.0164, 0.0163, 0.0222] rel_d=0.0052m ayal_F/T_tcp=[-3.7572, -17.1866, 26.4495, 1.9659, -0.7358, -0.1828] uri_F/T_tcp=[-3.9514, 15.5070, 28.8683, -1.9867, -0.1226, -0.0266]
  large wrench over 20.0 N detected, aborting insert: [-3.7572, -17.1866, 26.4495, 1.9659, -0.7358, -0.1828]. distance was 0.0052 m
  exceeded wrench. straightening then moving to next cycle
  [straightening c0 s2] delta=[-0.0022, -0.0021, -0.0001, 0.0000, -0.0000, -0.0000] rel_d=0.0030m ayal_F/T_tcp=[-8.4259, -1.6813, -10.5180, 0.3242, -1.4743, 0.0541] uri_F/T_tcp=[-10.4848, 2.2585, -10.0380, -0.5239, -1.6140, 0.0622]
  [pull c0 s3] delta=[-0.0030, -0.0029, -0.0014, -0.0176, -0.0010, 0.0271] rel_d=0.0044m ayal_F/T_tcp=[-5.2908, 11.9729, 18.6016, -1.2761, -1.1355, -0.1791] uri_F/T_tcp=[-5.5102, -12.2134, 17.0762, 1.4610, -0.7351, -0.0119]
  [pull c0 s4] delta=[-0.0040, -0.0043, -0.0007, -0.0234, 0.0318, 0.0071] rel_d=0.0059m ayal_F/T_tcp=[2.0404, -2.0099, 28.6051, 0.1117, 0.0443, 0.1939] uri_F/T_tcp=[2.0570, 2.3040, 27.7541, -0.2933, 0.7263, 0.1673]
  large wrench over 20.0 N detected, aborting insert: [2.0404, -2.0099, 28.6051, 0.1117, 0.0443, 0.1939]. distance was 0.0059 m
  exceeded wrench. straightening then moving to next cycle
  [straightening c0 s4] delta=[-0.0037, -0.0034, -0.0001, 0.0001, -0.0000, -0.0000] rel_d=0.0050m ayal_F/T_tcp=[-9.0093, -6.1510, -4.8430, 0.6240, -1.3526, -0.1666] uri_F/T_tcp=[-10.5597, 5.1728, -4.5039, -0.7514, -1.4920, 0.0043]
  [pull c0 s5] delta=[-0.0060, -0.0061, -0.0015, 0.0199, 0.0158, 0.0281] rel_d=0.0087m ayal_F/T_tcp=[-2.2615, 11.2318, 30.0478, -1.2713, -0.5406, -0.4547] uri_F/T_tcp=[-2.6695, -10.6677, 28.4266, 1.1601, -0.1772, -0.2538]
  large wrench over 20.0 N detected, aborting insert: [-2.2615, 11.2318, 30.0478, -1.2713, -0.5406, -0.4547]. distance was 0.0087 m
  exceeded wrench. straightening then moving to next cycle
  [straightening c0 s5] delta=[-0.0044, -0.0041, -0.0001, -0.0000, -0.0000, -0.0000] rel_d=0.0060m ayal_F/T_tcp=[-7.6684, -4.9342, -12.0135, 0.4320, -1.2778, 0.0505] uri_F/T_tcp=[-9.0874, 4.8275, -11.1136, -0.7099, -1.4276, 0.0534]
  [pull c0 s6] delta=[-0.0050, -0.0033, -0.0007, -0.0200, -0.0076, -0.0077] rel_d=0.0060m ayal_F/T_tcp=[-20.3513, 2.9976, -13.0634, -0.5616, -3.5675, 0.0968] uri_F/T_tcp=[-23.3809, -3.6568, -13.2044, 0.4006, -3.9445, 0.2217]
  large wrench over 20.0 N detected, aborting insert: [-20.3513, 2.9976, -13.0634, -0.5616, -3.5675, 0.0968]. distance was 0.0060 m
  exceeded wrench. straightening then moving to next cycle
  [straightening c0 s6] delta=[-0.0051, -0.0048, -0.0001, 0.0000, -0.0000, -0.0000] rel_d=0.0070m ayal_F/T_tcp=[-1.6168, -5.2337, 4.0855, 0.5826, -0.4893, 0.0174] uri_F/T_tcp=[-2.9395, 5.1232, 4.6730, -0.6242, -0.4636, 0.0178]
  [pull c0 s7] delta=[-0.0065, -0.0051, -0.0005, -0.0118, 0.0310, -0.0062] rel_d=0.0083m ayal_F/T_tcp=[-12.7598, -3.5588, 17.2877, 0.4012, -2.2290, 0.1768] uri_F/T_tcp=[-14.7139, 3.3667, 17.1724, -0.5001, -2.0551, 0.1119]
  [pull c0 s8] delta=[-0.0082, -0.0043, -0.0015, 0.0014, -0.0283, -0.0119] rel_d=0.0094m ayal_F/T_tcp=[-33.8079, 6.9036, 19.3912, -0.9974, -6.1964, 0.1052] uri_F/T_tcp=[-38.3396, -9.7657, 16.7069, 1.2853, -6.6283, 0.1767]
  large wrench over 20.0 N detected, aborting insert: [-33.8079, 6.9036, 19.3912, -0.9974, -6.1964, 0.1052]. distance was 0.0094 m
  exceeded wrench. straightening then moving to next cycle
  [straightening c0 s8] delta=[-0.0066, -0.0061, -0.0002, 0.0000, -0.0000, -0.0000] rel_d=0.0090m ayal_F/T_tcp=[4.2987, -7.6987, 2.2214, 0.9241, 0.4335, -0.0374] uri_F/T_tcp=[3.8591, 7.3386, 2.8895, -0.9975, 0.5451, -0.0171]
  [pull c0 s9] delta=[-0.0059, -0.0059, -0.0002, 0.0090, 0.0256, 0.0118] rel_d=0.0083m ayal_F/T_tcp=[4.9324, -6.4839, -12.1629, 0.7432, 0.4650, -0.1973] uri_F/T_tcp=[4.6353, 6.4441, -11.7628, -0.9780, 0.8015, -0.1703]
  [pull c0 s10] delta=[-0.0070, -0.0073, -0.0017, 0.0104, -0.0166, -0.0060] rel_d=0.0102m ayal_F/T_tcp=[2.7075, 10.8173, 8.0710, -1.2132, 0.3204, -0.1658] uri_F/T_tcp=[2.3397, -10.5369, 6.4530, 1.2206, 0.3448, 0.0344]
  [pull c0 s11] delta=[-0.0105, -0.0100, -0.0011, -0.0262, -0.0121, 0.0048] rel_d=0.0145m ayal_F/T_tcp=[0.4737, 0.1283, 5.2892, -0.1537, 0.1009, -0.1522] uri_F/T_tcp=[0.6620, -0.4500, 4.4459, 0.1272, 0.1688, 0.0513]
  [pull c0 s12] delta=[-0.0103, -0.0074, 0.0005, 0.0152, -0.0110, -0.0338] rel_d=0.0127m ayal_F/T_tcp=[-23.1433, -14.0183, -33.4535, 1.5207, -3.9394, 0.1987] uri_F/T_tcp=[-25.5169, 14.0004, -31.6843, -2.2514, -4.6782, 0.1480]
  large wrench over 20.0 N detected, aborting insert: [-23.1433, -14.0183, -33.4535, 1.5207, -3.9394, 0.1987]. distance was 0.0127 m
  exceeded wrench. straightening then moving to next cycle
  [straightening c0 s12] delta=[-0.0095, -0.0088, -0.0003, 0.0000, 0.0000, 0.0000] rel_d=0.0130m ayal_F/T_tcp=[2.5370, -1.3973, -0.7761, 0.2158, 0.1432, -0.2009] uri_F/T_tcp=[2.6763, 1.0477, -1.0478, -0.2711, 0.1884, 0.0028]
  [pull c0 s13] delta=[-0.0107, -0.0106, -0.0002, -0.0105, 0.0038, 0.0085] rel_d=0.0151m ayal_F/T_tcp=[8.5269, -2.9854, 10.0000, 0.3854, 1.2290, -0.1750] uri_F/T_tcp=[8.7788, 2.4144, 9.3172, -0.4398, 1.4016, 0.0390]
  [pull c0 s14] delta=[-0.0105, -0.0084, 0.0010, -0.0215, -0.0044, 0.0187] rel_d=0.0135m ayal_F/T_tcp=[-12.5650, -16.1616, -23.7044, 1.8035, -2.0222, -0.1352] uri_F/T_tcp=[-13.9720, 15.8325, -20.2337, -2.4853, -2.4030, 0.0765]
  large wrench over 20.0 N detected, aborting insert: [-12.5650, -16.1616, -23.7044, 1.8035, -2.0222, -0.1352]. distance was 0.0135 m
  exceeded wrench. straightening then moving to next cycle
  [straightening c0 s14] delta=[-0.0105, -0.0084, 0.0010, -0.0215, -0.0044, 0.0187] rel_d=0.0134m ayal_F/T_tcp=[-12.4231, -15.6546, -25.8470, 1.7727, -2.0356, -0.1342] uri_F/T_tcp=[-13.9062, 15.6145, -22.1991, -2.4725, -2.4279, 0.0764]
  [pull c0 s15] delta=[-0.0108, -0.0089, -0.0023, 0.0061, 0.0147, -0.0316] rel_d=0.0142m ayal_F/T_tcp=[-9.9630, 16.6574, -4.8639, -1.8083, -1.9499, 0.1797] uri_F/T_tcp=[-11.2872, -15.4582, -7.4796, 1.9170, -2.2512, 0.1533]
  [pull c0 s16] delta=[-0.0127, -0.0128, -0.0001, -0.0049, -0.0190, -0.0146] rel_d=0.0180m ayal_F/T_tcp=[8.8729, -5.8118, 10.9075, 0.6086, 1.4465, -0.1280] uri_F/T_tcp=[8.8623, 5.2952, 11.2279, -0.7693, 1.4833, 0.0993]
  [pull c0 s17] delta=[-0.0128, -0.0130, -0.0011, -0.0086, 0.0060, 0.0347] rel_d=0.0183m ayal_F/T_tcp=[7.9163, 4.4285, 3.5939, -0.4016, 1.3196, -0.3165] uri_F/T_tcp=[9.0324, -4.8060, 2.6867, 0.5846, 1.5197, -0.0591]
  [pull c0 s18] delta=[-0.0129, -0.0133, -0.0011, 0.0153, -0.0135, 0.0171] rel_d=0.0186m ayal_F/T_tcp=[9.4856, 2.7793, 7.2312, -0.2054, 1.4896, -0.1389] uri_F/T_tcp=[9.3592, -2.9843, 6.3938, 0.4237, 1.6348, -0.0509]
  [pull c0 s19] delta=[-0.0152, -0.0146, 0.0009, -0.0267, -0.0183, 0.0035] rel_d=0.0211m ayal_F/T_tcp=[2.8828, -16.1492, 10.2988, 1.8982, 0.6383, 0.0753] uri_F/T_tcp=[2.2360, 14.5475, 12.2068, -2.0876, 0.6353, 0.0873]
  [pull c0 s20] delta=[-0.0154, -0.0123, -0.0013, -0.0105, 0.0145, 0.0060] rel_d=0.0197m ayal_F/T_tcp=[-14.3000, 6.7915, -15.2511, -0.7664, -2.5013, 0.0960] uri_F/T_tcp=[-16.6217, -6.1325, -16.2208, 0.7674, -3.0934, 0.0615]
  [pull c0 s21] delta=[-0.0149, -0.0152, -0.0016, -0.0286, 0.0038, 0.0058] rel_d=0.0213m ayal_F/T_tcp=[9.0390, 4.4336, 9.5254, -0.6038, 1.4166, -0.1158] uri_F/T_tcp=[9.6753, -4.2624, 7.9864, 0.5378, 1.6136, 0.1159]
  [pull c0 s22] delta=[-0.0165, -0.0146, -0.0013, -0.0023, 0.0332, -0.0008] rel_d=0.0221m ayal_F/T_tcp=[-4.6488, -0.4959, 2.3577, 0.0543, -0.7948, 0.0004] uri_F/T_tcp=[-5.7343, 0.7568, 2.1184, -0.1076, -0.7849, 0.0094]
  [pull c0 s23] delta=[-0.0162, -0.0159, -0.0005, -0.0296, 0.0229, 0.0230] rel_d=0.0227m ayal_F/T_tcp=[6.2787, -2.6870, 4.1612, 0.3108, 0.9674, -0.1938] uri_F/T_tcp=[6.8524, 2.4421, 3.4628, -0.3353, 1.1000, 0.0344]
  [pull c0 s24] delta=[-0.0194, -0.0187, -0.0002, -0.0061, -0.0053, -0.0300] rel_d=0.0269m ayal_F/T_tcp=[0.1895, 0.3894, -0.8919, 0.0191, 0.0014, -0.0345] uri_F/T_tcp=[-0.3801, -0.1966, -1.4863, -0.0222, 0.0510, 0.0093]
  step cap hit before reaching rel_d target; backing off anyway
  extra pull-back 20.0 mm along ayal -Z
  [pull_backoff c0 s0] delta=[-0.0343, -0.0320, -0.0006, -0.0061, -0.0053, -0.0300] rel_d=0.0469m ayal_F/T_tcp=[0.0438, 0.4443, -0.9291, 0.0174, 0.0042, -0.0356] uri_F/T_tcp=[-0.5000, -0.1221, -1.4635, -0.0178, 0.0500, 0.0135]
choose_new_uri_location: picked [0.1000, -0.4800, 0.4200, 1.4127, -0.5701, -0.7654] (attempt 1)
move ayal to compact position
move uri to [0.1000, -0.4800, 0.4200, 1.4127, -0.5701, -0.7654]
saved 41 records to /home/user/Projects/yarbiv/rmp_lab/dual_arm_peg/output/auto_peg_cycle_2.json
