uri rxyz anchor (first pose): [1.3226, -0.6646, -0.4031]
ayal current position: [-0.4374, 0.3450, 0.5035, 0.1536, 2.0427, 1.6517]
uri  mate: [0.1400, -0.5200, 0.7400, 1.3226, -0.6646, -0.4031]
ayal mate: [-0.3556, 0.4422, 0.4706, 0.4873, 1.9085, 1.5852]
ayal_unmate: [-0.3732, 0.4220, 0.4734, 0.4873, 1.9085, 1.5852]
[cycle 0] insert: target rel_d <= 1.5 mm (cap 25 steps × 1.0 mm), then seek |F_z|>=5.0 N (cap 15 steps)
  [insert c0 s0] delta=[-0.0160, -0.0184, 0.0038, -0.0161, 0.0165, 0.0157] rel_d=0.0247m ayal_F/T_tcp=[1.7293, -6.2477, -11.0812, 0.4685, 0.2194, 0.0139] uri_F/T_tcp=[1.0951, 5.6711, -10.3310, -0.7809, 0.2384, -0.0078]
  [insert c0 s1] delta=[-0.0151, -0.0181, 0.0006, 0.0228, -0.0120, 0.0092] rel_d=0.0236m ayal_F/T_tcp=[-0.6540, 7.0698, -3.8988, -0.7837, -0.1317, -0.1108] uri_F/T_tcp=[-0.9505, -7.2405, -4.8025, 0.9915, -0.1491, -0.0155]
  [insert c0 s2] delta=[-0.0132, -0.0145, 0.0029, 0.0272, -0.0033, 0.0207] rel_d=0.0198m ayal_F/T_tcp=[-2.9832, -14.2803, -11.0997, 1.3691, -0.3439, -0.1809] uri_F/T_tcp=[-3.0455, 13.0187, -9.1035, -1.7989, -0.4240, -0.0539]
  [insert c0 s3] delta=[-0.0134, -0.0158, 0.0007, 0.0358, -0.0109, -0.0105] rel_d=0.0208m ayal_F/T_tcp=[-0.7413, 5.5286, 1.9768, -0.6469, -0.1807, 0.0644] uri_F/T_tcp=[-1.4770, -5.7327, 1.1672, 0.6978, -0.2439, 0.0073]
  [insert c0 s4] delta=[-0.0135, -0.0143, 0.0017, -0.0233, -0.0400, 0.0053] rel_d=0.0197m ayal_F/T_tcp=[-6.8882, -3.3035, -5.2725, 0.2081, -1.0474, 0.0094] uri_F/T_tcp=[-7.6665, 2.6907, -5.3619, -0.3092, -1.2104, 0.0943]
  [insert c0 s5] delta=[-0.0121, -0.0144, 0.0011, -0.0031, -0.0051, 0.0047] rel_d=0.0188m ayal_F/T_tcp=[4.0044, 1.8649, -2.6618, -0.2386, 0.4574, 0.0674] uri_F/T_tcp=[3.7642, -2.0994, -3.4612, 0.3247, 0.5667, 0.0204]
  [insert c0 s6] delta=[-0.0126, -0.0126, 0.0021, -0.0248, -0.0115, 0.0350] rel_d=0.0179m ayal_F/T_tcp=[-7.5588, -10.9658, -6.1752, 1.0233, -1.1136, -0.0449] uri_F/T_tcp=[-8.2843, 10.1448, -4.2704, -1.3364, -1.2509, 0.0512]
  [insert c0 s7] delta=[-0.0103, -0.0132, 0.0024, 0.0300, -0.0058, 0.0276] rel_d=0.0170m ayal_F/T_tcp=[13.0760, -10.7076, -13.8113, 1.0823, 2.0113, -0.2954] uri_F/T_tcp=[13.8431, 9.2119, -12.4412, -1.4216, 2.4066, -0.1611]
  [insert c0 s8] delta=[-0.0105, -0.0116, 0.0036, -0.0268, 0.0163, -0.0037] rel_d=0.0160m ayal_F/T_tcp=[2.7879, -25.6133, -22.8724, 2.9171, 0.4545, 0.2828] uri_F/T_tcp=[1.6783, 23.7809, -19.3288, -3.4616, 0.7562, 0.2239]
  large wrench over 20.0 N detected, aborting insert: [2.7879, -25.6133, -22.8724, 2.9171, 0.4545, 0.2828]. distance was 0.0160 m
  exceeded wrench. straightening then entering force-seek
  [straightening c0 s8] delta=[-0.0104, -0.0120, 0.0017, 0.0000, -0.0000, -0.0000] rel_d=0.0160m ayal_F/T_tcp=[-0.4007, -3.1715, -3.7336, 0.4764, 0.0675, -0.1077] uri_F/T_tcp=[-0.2436, 2.6964, -3.0386, -0.5938, 0.1057, 0.0088]
  large wrench over 20.0 N detected, aborting insert: [2.7879, -25.6133, -22.8724, 2.9171, 0.4545, 0.2828]. distance was 0.0160 m
  exceeded wrench during straightening. skipping force-seek and moving to next cycle.
[cycle 0] pull: target rel_d >= 27.0 mm (cap 25 steps × 1.0 mm), then -Z back-off 20.0 mm
  [pull c0 s0] delta=[-0.0007, -0.0019, -0.0010, -0.0068, -0.0389, 0.0075] rel_d=0.0023m ayal_F/T_tcp=[7.0894, 4.5911, -37.4514, -0.3109, 1.0888, 0.1056] uri_F/T_tcp=[8.1469, -3.3626, -37.8834, 0.6028, 1.0111, 0.2475]
  large wrench over 20.0 N detected, aborting insert: [7.0894, 4.5911, -37.4514, -0.3109, 1.0888, 0.1056]. distance was 0.0023 m
  exceeded wrench. straightening then moving to next cycle
  [straightening c0 s0] delta=[-0.0007, -0.0019, -0.0010, -0.0068, -0.0389, 0.0075] rel_d=0.0023m ayal_F/T_tcp=[6.8179, 4.3792, -36.9708, -0.2951, 1.0716, 0.1008] uri_F/T_tcp=[8.0447, -3.1694, -37.3781, 0.5776, 0.9953, 0.2426]
  [pull c0 s1] delta=[-0.0009, -0.0015, 0.0008, -0.0144, 0.0055, 0.0033] rel_d=0.0019m ayal_F/T_tcp=[10.4932, -19.8028, -18.6318, 2.1825, 1.6072, 0.2175] uri_F/T_tcp=[10.8768, 17.9064, -16.2774, -2.4085, 2.1936, 0.1504]
  [pull c0 s2] delta=[-0.0029, -0.0010, 0.0002, -0.0060, 0.0221, -0.0086] rel_d=0.0031m ayal_F/T_tcp=[-11.5913, -14.0884, -3.0756, 1.5315, -1.6147, 0.2007] uri_F/T_tcp=[-12.6200, 12.8631, -0.3699, -1.8145, -1.6117, 0.1109]
  [pull c0 s3] delta=[-0.0031, -0.0024, 0.0007, 0.0044, 0.0132, 0.0331] rel_d=0.0040m ayal_F/T_tcp=[2.0540, -17.4569, 17.4463, 2.0929, 0.2925, -0.3162] uri_F/T_tcp=[2.8834, 14.2355, 20.3479, -1.8587, 0.8287, -0.2338]
  [pull c0 s4] delta=[-0.0030, -0.0033, 0.0003, -0.0081, 0.0096, -0.0098] rel_d=0.0045m ayal_F/T_tcp=[6.2753, -9.7528, 10.7263, 1.1461, 1.0376, 0.1703] uri_F/T_tcp=[6.0211, 8.6775, 11.7995, -1.3367, 1.1112, 0.1163]
  [pull c0 s5] delta=[-0.0057, -0.0057, -0.0006, 0.0097, -0.0284, -0.0400] rel_d=0.0081m ayal_F/T_tcp=[0.5680, 0.6729, 35.3137, -0.0713, 0.5480, 0.2039] uri_F/T_tcp=[-1.5051, -1.2780, 34.7134, -0.0529, -0.1310, 0.2700]
  large wrench over 20.0 N detected, aborting insert: [0.5680, 0.6729, 35.3137, -0.0713, 0.5480, 0.2039]. distance was 0.0081 m
  exceeded wrench. straightening then moving to next cycle
  [straightening c0 s5] delta=[-0.0039, -0.0045, 0.0006, 0.0000, 0.0000, 0.0000] rel_d=0.0060m ayal_F/T_tcp=[6.9620, -11.9750, -12.0296, 1.2029, 1.1732, -0.1265] uri_F/T_tcp=[7.8167, 10.2387, -10.7279, -1.4153, 1.4204, 0.0027]
  [pull c0 s6] delta=[-0.0042, -0.0046, 0.0009, -0.0222, 0.0225, 0.0017] rel_d=0.0063m ayal_F/T_tcp=[8.6324, -14.4400, -6.6720, 1.5410, 1.2448, 0.2655] uri_F/T_tcp=[9.1763, 12.8443, -5.5459, -1.7453, 1.8547, 0.2216]
  [pull c0 s7] delta=[-0.0058, -0.0041, 0.0013, 0.0078, 0.0005, -0.0349] rel_d=0.0072m ayal_F/T_tcp=[-10.6967, -20.0404, 2.8326, 2.2668, -1.2670, 0.0065] uri_F/T_tcp=[-11.8570, 18.2606, 5.6183, -2.4952, -1.6009, 0.1173]
  large wrench over 20.0 N detected, aborting insert: [-10.6967, -20.0404, 2.8326, 2.2668, -1.2670, 0.0065]. distance was 0.0072 m
  exceeded wrench. straightening then moving to next cycle
  [straightening c0 s7] delta=[-0.0052, -0.0060, 0.0008, 0.0000, -0.0000, 0.0000] rel_d=0.0080m ayal_F/T_tcp=[8.0649, -10.1525, 10.6223, 1.2264, 1.3326, -0.1231] uri_F/T_tcp=[8.3256, 8.4193, 11.9586, -1.2388, 1.4876, 0.0039]
  [pull c0 s8] delta=[-0.0065, -0.0077, 0.0020, 0.0259, -0.0059, 0.0099] rel_d=0.0103m ayal_F/T_tcp=[9.1436, -21.2013, 19.1237, 2.4648, 1.8822, -0.2723] uri_F/T_tcp=[10.4187, 17.7841, 21.5829, -2.3225, 2.0825, -0.1377]
  large wrench over 20.0 N detected, aborting insert: [9.1436, -21.2013, 19.1237, 2.4648, 1.8822, -0.2723]. distance was 0.0103 m
  exceeded wrench. straightening then moving to next cycle
  [straightening c0 s8] delta=[-0.0065, -0.0077, 0.0020, 0.0258, -0.0059, 0.0100] rel_d=0.0103m ayal_F/T_tcp=[8.9075, -20.9595, 18.7409, 2.4510, 1.8627, -0.2676] uri_F/T_tcp=[10.2758, 17.5334, 21.1801, -2.3172, 2.0570, -0.1321]
  [pull c0 s9] delta=[-0.0068, -0.0061, -0.0004, 0.0172, 0.0203, -0.0062] rel_d=0.0092m ayal_F/T_tcp=[-5.4036, 3.0693, -5.1929, -0.2601, -0.8400, 0.0699] uri_F/T_tcp=[-6.3663, -3.0202, -5.7568, 0.2281, -0.9723, 0.0124]
  [pull c0 s10] delta=[-0.0059, -0.0073, 0.0015, 0.0167, -0.0021, 0.0255] rel_d=0.0095m ayal_F/T_tcp=[10.7786, -14.2525, 8.3521, 1.7213, 1.9436, -0.2988] uri_F/T_tcp=[12.5880, 11.7330, 10.4257, -1.5889, 2.2487, -0.1704]
  [pull c0 s11] delta=[-0.0094, -0.0096, -0.0001, 0.0054, -0.0250, -0.0098] rel_d=0.0134m ayal_F/T_tcp=[-5.6860, 1.5882, 6.3683, -0.1584, -0.7987, 0.1069] uri_F/T_tcp=[-6.4906, -2.4432, 5.4987, 0.2362, -0.8852, 0.0446]
  [pull c0 s12] delta=[-0.0093, -0.0091, 0.0008, -0.0141, -0.0067, -0.0086] rel_d=0.0130m ayal_F/T_tcp=[-3.9137, -7.6585, 0.2793, 0.7278, -0.5962, 0.1149] uri_F/T_tcp=[-4.6472, 6.4992, 0.9272, -0.7980, -0.5810, 0.0521]
  [pull c0 s13] delta=[-0.0105, -0.0096, 0.0008, 0.0361, 0.0187, 0.0058] rel_d=0.0142m ayal_F/T_tcp=[-8.7556, -6.9582, 9.5207, 0.6826, -1.2393, -0.1885] uri_F/T_tcp=[-9.2681, 6.8492, 9.9702, -0.9430, -1.1626, -0.1068]
  [pull c0 s14] delta=[-0.0102, -0.0092, 0.0024, 0.0302, -0.0121, -0.0158] rel_d=0.0140m ayal_F/T_tcp=[-6.1075, -20.7380, 2.2595, 2.2555, -0.8085, -0.0726] uri_F/T_tcp=[-6.8785, 18.6314, 4.7705, -2.5252, -0.8488, 0.0244]
  large wrench over 20.0 N detected, aborting insert: [-6.1075, -20.7380, 2.2595, 2.2555, -0.8085, -0.0726]. distance was 0.0140 m
  exceeded wrench. straightening then moving to next cycle
  [straightening c0 s14] delta=[-0.0098, -0.0112, 0.0016, -0.0000, 0.0000, 0.0000] rel_d=0.0150m ayal_F/T_tcp=[7.7846, -6.9840, 11.8158, 0.8002, 1.2782, 0.1230] uri_F/T_tcp=[7.9867, 5.7407, 12.0988, -0.9360, 1.3600, 0.0663]
  [pull c0 s15] delta=[-0.0109, -0.0108, 0.0013, -0.0275, -0.0079, 0.0347] rel_d=0.0154m ayal_F/T_tcp=[-3.4387, -5.0562, 2.6868, 0.5730, -0.3071, -0.0722] uri_F/T_tcp=[-3.1691, 3.7263, 2.9629, -0.6056, -0.3064, 0.0240]
  [pull c0 s16] delta=[-0.0120, -0.0127, 0.0020, 0.0030, -0.0090, -0.0122] rel_d=0.0176m ayal_F/T_tcp=[0.6061, -10.3343, 5.1514, 1.1454, 0.2374, 0.0489] uri_F/T_tcp=[0.3611, 8.9351, 6.1937, -1.2172, 0.2178, 0.0227]
  [pull c0 s17] delta=[-0.0110, -0.0139, 0.0024, 0.0329, -0.0032, -0.0092] rel_d=0.0178m ayal_F/T_tcp=[13.5509, -9.1473, 6.5680, 1.0753, 2.2726, -0.2083] uri_F/T_tcp=[14.2851, 7.6011, 7.4282, -1.1309, 2.4966, -0.1089]
  [pull c0 s18] delta=[-0.0132, -0.0152, 0.0018, 0.0185, -0.0062, 0.0073] rel_d=0.0202m ayal_F/T_tcp=[0.8111, -1.0514, 1.5416, 0.1552, 0.4047, -0.1440] uri_F/T_tcp=[1.5367, 0.2455, 1.2254, -0.1571, 0.4374, -0.0140]
  [pull c0 s19] delta=[-0.0146, -0.0170, 0.0009, 0.0115, 0.0037, -0.0163] rel_d=0.0224m ayal_F/T_tcp=[0.0818, 3.9214, 2.2842, -0.4043, 0.1415, 0.0314] uri_F/T_tcp=[0.1382, -4.1059, 1.4076, 0.4109, 0.1571, 0.0105]
  [pull c0 s20] delta=[-0.0132, -0.0155, 0.0022, -0.0181, -0.0028, -0.0400] rel_d=0.0205m ayal_F/T_tcp=[5.8919, -7.8716, -14.5226, 0.8210, 0.9177, 0.1990] uri_F/T_tcp=[6.1964, 7.0747, -13.9789, -0.8964, 1.1485, 0.1470]
  [pull c0 s21] delta=[-0.0144, -0.0154, 0.0024, 0.0029, -0.0161, 0.0394] rel_d=0.0212m ayal_F/T_tcp=[-2.5931, -8.3343, 3.6863, 0.8524, -0.1298, -0.1595] uri_F/T_tcp=[-2.3694, 7.0901, 4.4440, -0.9674, -0.0449, -0.0496]
  [pull c0 s22] delta=[-0.0142, -0.0174, 0.0029, -0.0095, -0.0019, 0.0202] rel_d=0.0227m ayal_F/T_tcp=[11.5563, -7.6644, 12.9346, 0.8405, 1.9510, 0.0914] uri_F/T_tcp=[12.3604, 6.2187, 13.2631, -0.9144, 2.1409, 0.0409]
  [pull c0 s23] delta=[-0.0155, -0.0184, 0.0012, 0.0400, -0.0084, 0.0241] rel_d=0.0241m ayal_F/T_tcp=[1.9963, 3.2677, 2.5664, -0.3628, 0.5115, -0.1470] uri_F/T_tcp=[1.9155, -4.0347, 1.8629, 0.4336, 0.5325, -0.0290]
  [pull c0 s24] delta=[-0.0164, -0.0185, 0.0040, 0.0234, 0.0339, 0.0198] rel_d=0.0251m ayal_F/T_tcp=[1.2983, -11.1685, 0.5626, 1.1594, 0.4300, 0.0127] uri_F/T_tcp=[1.6764, 10.1108, 1.2504, -1.3277, 0.5518, -0.0133]
  step cap hit before reaching rel_d target; backing off anyway
  extra pull-back 20.0 mm along ayal -Z
  [pull_backoff c0 s0] delta=[-0.0291, -0.0338, 0.0065, 0.0235, 0.0339, 0.0198] rel_d=0.0451m ayal_F/T_tcp=[-0.2661, 0.0330, -0.8643, 0.0036, 0.0309, -0.0710] uri_F/T_tcp=[-0.5127, -0.5940, -1.0021, -0.0367, 0.0580, 0.0041]
choose_new_uri_location: picked [0.1800, -0.3200, 0.5800, 1.2417, -0.5163, -0.4176] (attempt 1)
move ayal to compact position
move uri to [0.1800, -0.3200, 0.5800, 1.2417, -0.5163, -0.4176]
  computed ayal mate: [-0.3148, 0.6420, 0.3106, 0.5299, 2.0868, 1.5622]
ayal current position: [-0.5213, 0.2076, 0.4771, 0.0842, 2.1579, 1.8603]
uri  mate: [0.1800, -0.3200, 0.5800, 1.2417, -0.5162, -0.4176]
ayal mate: [-0.3148, 0.6421, 0.3106, 0.5299, 2.0869, 1.5622]
ayal_unmate: [-0.3306, 0.6211, 0.3169, 0.5299, 2.0869, 1.5622]
[cycle 1] insert: target rel_d <= 1.5 mm (cap 25 steps × 1.0 mm), then seek |F_z|>=5.0 N (cap 15 steps)
  [insert c1 s0] delta=[-0.0145, -0.0191, 0.0063, 0.0172, -0.0126, -0.0330] rel_d=0.0247m ayal_F/T_tcp=[-0.0030, 0.2210, 0.1458, -0.0120, -0.0224, -0.0155] uri_F/T_tcp=[-0.3546, 0.3397, -0.4079, 0.0115, 0.0068, -0.0242]
  [insert c1 s1] delta=[-0.0126, -0.0172, 0.0039, -0.0284, 0.0139, 0.0030] rel_d=0.0217m ayal_F/T_tcp=[-0.2107, 5.4782, -3.3082, -0.5928, -0.0985, 0.1059] uri_F/T_tcp=[-0.3846, -4.5457, -4.6980, 0.7809, -0.1399, -0.0070]
  [insert c1 s2] delta=[-0.0144, -0.0172, 0.0035, -0.0199, 0.0400, 0.0227] rel_d=0.0227m ayal_F/T_tcp=[-7.7290, 4.7746, 8.3272, -0.6923, -1.2259, 0.0964] uri_F/T_tcp=[-8.1515, -4.1854, 6.5081, 0.7056, -1.2642, -0.0647]
  [insert c1 s3] delta=[-0.0124, -0.0171, 0.0047, 0.0156, -0.0121, 0.0311] rel_d=0.0216m ayal_F/T_tcp=[4.3432, -1.2308, -1.2275, -0.0683, 0.4396, -0.0451] uri_F/T_tcp=[3.7652, 1.3290, -2.1378, 0.0751, 0.5762, -0.0578]
  [insert c1 s4] delta=[-0.0119, -0.0175, 0.0044, -0.0269, 0.0018, 0.0295] rel_d=0.0216m ayal_F/T_tcp=[6.9843, 0.3601, 0.3429, -0.1776, 0.8156, 0.1546] uri_F/T_tcp=[6.4355, -0.1947, -0.9532, 0.2206, 1.0014, 0.0205]
  [insert c1 s5] delta=[-0.0116, -0.0142, 0.0052, 0.0105, -0.0014, -0.0400] rel_d=0.0191m ayal_F/T_tcp=[-4.9360, -8.4231, -9.7092, 0.6707, -0.7573, 0.0151] uri_F/T_tcp=[-5.6096, 8.1576, -9.4413, -0.9665, -0.8448, 0.0098]
  [insert c1 s6] delta=[-0.0099, -0.0148, 0.0043, -0.0244, 0.0207, 0.0065] rel_d=0.0183m ayal_F/T_tcp=[8.4380, -0.9907, -4.7977, 0.0015, 0.9180, 0.1517] uri_F/T_tcp=[7.7098, 0.8522, -6.1924, 0.0926, 1.1953, 0.0085]
  [insert c1 s7] delta=[-0.0110, -0.0112, 0.0058, 0.0114, -0.0164, -0.0012] rel_d=0.0167m ayal_F/T_tcp=[-16.7961, -17.1602, -24.1673, 1.7851, -2.5184, -0.0290] uri_F/T_tcp=[-17.2407, 17.4104, -22.3492, -2.4816, -3.0389, 0.0045]
  large wrench over 20.0 N detected, aborting insert: [-16.7961, -17.1602, -24.1673, 1.7851, -2.5184, -0.0290]. distance was 0.0167 m
  exceeded wrench. straightening then entering force-seek
  [straightening c1 s7] delta=[-0.0099, -0.0132, 0.0040, -0.0000, -0.0000, 0.0000] rel_d=0.0170m ayal_F/T_tcp=[2.7914, 1.1463, 2.1517, -0.1462, 0.2148, 0.1217] uri_F/T_tcp=[2.5346, -0.8168, 0.4999, 0.1391, 0.2607, -0.0398]
  large wrench over 20.0 N detected, aborting insert: [-16.7961, -17.1602, -24.1673, 1.7851, -2.5184, -0.0290]. distance was 0.0167 m
  exceeded wrench during straightening. skipping force-seek and moving to next cycle.
[cycle 1] pull: target rel_d >= 27.0 mm (cap 25 steps × 1.0 mm), then -Z back-off 20.0 mm
  [pull c1 s0] delta=[-0.0001, -0.0013, 0.0013, -0.0167, 0.0088, 0.0273] rel_d=0.0018m ayal_F/T_tcp=[11.1227, -11.4398, -41.1860, 1.1669, 1.1183, 0.1302] uri_F/T_tcp=[10.3275, 11.3201, -40.9681, -1.2960, 1.7556, -0.0083]
  large wrench over 20.0 N detected, aborting insert: [11.1227, -11.4398, -41.1860, 1.1669, 1.1183, 0.1302]. distance was 0.0018 m
  exceeded wrench. straightening then moving to next cycle
  [straightening c1 s0] delta=[-0.0006, -0.0008, 0.0002, -0.0000, 0.0000, -0.0000] rel_d=0.0010m ayal_F/T_tcp=[-1.4225, -0.0122, -1.5231, -0.0462, -0.2220, -0.0374] uri_F/T_tcp=[-1.8922, 0.2477, -2.7401, -0.0002, -0.2048, -0.0260]
  [pull c1 s1] delta=[0.0002, -0.0016, -0.0006, 0.0048, -0.0262, 0.0164] rel_d=0.0017m ayal_F/T_tcp=[7.6639, 5.3341, 2.1354, -0.5796, 1.0299, -0.0669] uri_F/T_tcp=[7.2111, -5.1107, 0.1081, 0.8095, 1.0209, -0.0405]
  [pull c1 s2] delta=[-0.0019, -0.0023, 0.0003, 0.0064, 0.0399, 0.0027] rel_d=0.0030m ayal_F/T_tcp=[-3.9442, -2.2176, 12.3049, 0.0388, -0.5875, 0.0408] uri_F/T_tcp=[-3.5695, 2.3805, 11.3658, -0.2043, -0.1596, -0.1112]
  [pull c1 s3] delta=[-0.0009, -0.0039, 0.0018, -0.0244, -0.0073, 0.0203] rel_d=0.0044m ayal_F/T_tcp=[17.7039, -10.0637, 18.4252, 1.1126, 2.7073, 0.1065] uri_F/T_tcp=[17.9570, 8.2582, 17.9838, -0.8259, 3.0843, 0.1150]
  [pull c1 s4] delta=[-0.0029, -0.0036, -0.0002, 0.0216, -0.0155, -0.0011] rel_d=0.0046m ayal_F/T_tcp=[-4.4969, 3.3643, 3.3776, -0.5154, -0.5461, -0.0971] uri_F/T_tcp=[-5.0038, -2.8211, 1.7215, 0.4499, -0.6993, -0.0801]
  [pull c1 s5] delta=[-0.0052, -0.0057, 0.0023, -0.0034, 0.0374, -0.0075] rel_d=0.0080m ayal_F/T_tcp=[-5.7769, -8.6456, 16.5087, 0.7273, -0.9094, 0.1522] uri_F/T_tcp=[-5.8126, 8.2416, 16.6789, -0.8578, -0.6141, -0.0115]
  [pull c1 s6] delta=[-0.0056, -0.0042, 0.0027, -0.0102, 0.0054, -0.0163] rel_d=0.0075m ayal_F/T_tcp=[-16.0129, -13.7581, -2.3657, 1.4744, -2.4757, 0.1220] uri_F/T_tcp=[-17.1900, 12.9761, -1.5045, -1.6003, -2.5949, 0.1031]
  [pull c1 s7] delta=[-0.0037, -0.0055, 0.0025, -0.0321, 0.0013, 0.0073] rel_d=0.0071m ayal_F/T_tcp=[6.0920, -8.8577, 1.5230, 1.0120, 0.6389, 0.2344] uri_F/T_tcp=[5.8317, 7.9212, 1.5898, -0.8949, 0.9464, 0.0619]
  [pull c1 s8] delta=[-0.0040, -0.0077, 0.0017, -0.0090, -0.0076, 0.0369] rel_d=0.0088m ayal_F/T_tcp=[11.2129, 0.6375, 11.7277, -0.1294, 1.5387, -0.0802] uri_F/T_tcp=[11.0494, -1.2559, 9.7696, 0.2440, 1.7988, -0.0773]
  [pull c1 s9] delta=[-0.0070, -0.0097, 0.0020, 0.0277, -0.0179, -0.0090] rel_d=0.0121m ayal_F/T_tcp=[-2.5472, -0.1387, 2.4211, -0.1224, -0.2959, -0.0514] uri_F/T_tcp=[-2.9407, 0.2863, 1.0010, 0.0893, -0.3145, -0.0522]
  [pull c1 s10] delta=[-0.0064, -0.0086, 0.0024, 0.0400, 0.0123, 0.0211] rel_d=0.0110m ayal_F/T_tcp=[-2.1096, -2.9370, -5.4738, 0.1718, -0.3666, -0.0535] uri_F/T_tcp=[-2.5375, 2.8802, -5.9058, -0.2161, -0.2586, -0.1817]
  [pull c1 s11] delta=[-0.0078, -0.0084, 0.0041, 0.0132, -0.0296, 0.0031] rel_d=0.0122m ayal_F/T_tcp=[-7.7361, -13.7390, 10.2405, 1.3881, -1.1528, 0.0200] uri_F/T_tcp=[-8.9093, 12.0336, 11.1689, -1.3573, -1.2120, 0.0006]
  [pull c1 s12] delta=[-0.0096, -0.0106, 0.0020, -0.0240, 0.0261, 0.0400] rel_d=0.0144m ayal_F/T_tcp=[-8.1552, 1.0724, 11.8281, -0.2678, -1.3555, 0.1036] uri_F/T_tcp=[-8.0675, -1.0752, 10.8140, 0.1914, -1.1080, -0.0606]
  [pull c1 s13] delta=[-0.0068, -0.0098, 0.0038, -0.0268, 0.0015, 0.0219] rel_d=0.0125m ayal_F/T_tcp=[5.3690, -6.7168, -8.2136, 0.5928, 0.5191, -0.0128] uri_F/T_tcp=[4.8139, 6.7931, -8.7725, -0.7152, 0.7435, -0.0131]
  [pull c1 s14] delta=[-0.0101, -0.0111, 0.0015, -0.0234, 0.0236, 0.0096] rel_d=0.0150m ayal_F/T_tcp=[-8.2190, 3.1630, 8.7887, -0.4893, -1.3773, 0.1740] uri_F/T_tcp=[-8.8797, -3.3770, 6.8761, 0.5207, -1.3411, -0.0009]
  [pull c1 s15] delta=[-0.0086, -0.0126, 0.0029, 0.0054, -0.0030, -0.0104] rel_d=0.0155m ayal_F/T_tcp=[4.5338, -1.3876, 3.3828, -0.0518, 0.4566, -0.0123] uri_F/T_tcp=[4.1812, 1.3268, 2.2479, -0.0263, 0.5042, -0.0267]
  [pull c1 s16] delta=[-0.0103, -0.0127, 0.0037, 0.0085, -0.0233, -0.0196] rel_d=0.0168m ayal_F/T_tcp=[-1.8759, -2.8173, 2.5780, 0.1111, -0.3290, -0.0201] uri_F/T_tcp=[-2.4832, 2.2978, 1.9901, -0.1312, -0.3405, -0.0391]
  [pull c1 s17] delta=[-0.0088, -0.0126, 0.0034, 0.0252, 0.0189, 0.0037] rel_d=0.0158m ayal_F/T_tcp=[3.2251, -1.1116, -0.8412, -0.0349, 0.2330, 0.0599] uri_F/T_tcp=[2.8039, 0.9702, -1.9874, 0.0062, 0.3264, -0.0720]
  [pull c1 s18] delta=[-0.0091, -0.0152, 0.0037, -0.0400, 0.0177, -0.0011] rel_d=0.0181m ayal_F/T_tcp=[13.0851, 1.1092, 13.1508, -0.3325, 1.8515, 0.2246] uri_F/T_tcp=[13.1497, -0.4903, 10.6874, 0.1331, 2.1296, 0.0716]
  [pull c1 s19] delta=[-0.0107, -0.0170, 0.0035, 0.0252, 0.0176, -0.0133] rel_d=0.0203m ayal_F/T_tcp=[5.0936, 2.6654, 7.0030, -0.4687, 0.8526, -0.0766] uri_F/T_tcp=[4.8299, -2.7212, 5.3613, 0.4980, 0.9301, -0.0876]
  [pull c1 s20] delta=[-0.0114, -0.0176, 0.0042, -0.0096, -0.0387, 0.0060] rel_d=0.0214m ayal_F/T_tcp=[2.2323, 0.5940, 3.8457, -0.2721, 0.5035, -0.0226] uri_F/T_tcp=[2.3525, -0.5197, 2.6827, 0.2207, 0.5664, -0.0205]
  [pull c1 s21] delta=[-0.0124, -0.0161, 0.0065, 0.0170, 0.0179, -0.0079] rel_d=0.0213m ayal_F/T_tcp=[-2.7311, -9.4652, -0.9464, 0.8125, -0.3611, 0.0784] uri_F/T_tcp=[-3.2169, 8.9852, -0.8694, -1.0136, -0.3450, -0.0545]
  [pull c1 s22] delta=[-0.0135, -0.0174, 0.0052, 0.0238, 0.0109, 0.0178] rel_d=0.0226m ayal_F/T_tcp=[-1.2982, 0.0430, 0.7024, -0.0734, -0.2267, -0.0583] uri_F/T_tcp=[-1.6694, 0.2161, -0.5057, 0.0340, -0.1989, -0.0631]
  [pull c1 s23] delta=[-0.0126, -0.0192, 0.0066, 0.0204, 0.0091, -0.0208] rel_d=0.0239m ayal_F/T_tcp=[6.4385, -2.4017, 3.0067, 0.1080, 0.8559, -0.0385] uri_F/T_tcp=[6.2353, 2.2060, 1.9537, -0.1582, 0.9877, -0.0447]
  [pull c1 s24] delta=[-0.0139, -0.0185, 0.0061, 0.0042, -0.0202, 0.0177] rel_d=0.0239m ayal_F/T_tcp=[-0.7590, -0.6382, 0.1304, -0.0371, -0.0371, -0.0618] uri_F/T_tcp=[-0.8180, 0.8550, -1.1395, 0.0095, -0.0104, -0.0603]
  step cap hit before reaching rel_d target; backing off anyway
  extra pull-back 20.0 mm along ayal -Z
  [pull_backoff c1 s0] delta=[-0.0256, -0.0340, 0.0105, 0.0043, -0.0203, 0.0177] rel_d=0.0439m ayal_F/T_tcp=[-0.6943, -0.6033, -0.0347, -0.0387, 0.0126, -0.0744] uri_F/T_tcp=[-0.3297, 0.7994, -1.3571, 0.0156, 0.0280, -0.0561]
choose_new_uri_location: picked [0.5000, -0.3600, 0.2600, 1.1842, -0.7651, -0.3809] (attempt 1)
move ayal to compact position
move uri to [0.5000, -0.3600, 0.2600, 1.1842, -0.7651, -0.3809]
  computed ayal mate: [0.0050, 0.6008, -0.0094, 0.4542, 1.9285, 1.3989]
ayal current position: [-0.5655, 0.4072, 0.3211, 0.0797, 2.2916, 1.8100]
uri  mate: [0.5000, -0.3600, 0.2600, 1.1842, -0.7651, -0.3809]
ayal mate: [0.0050, 0.6008, -0.0094, 0.4542, 1.9285, 1.3989]
ayal_unmate: [-0.0142, 0.5824, -0.0048, 0.4542, 1.9285, 1.3989]
[cycle 2] insert: target rel_d <= 1.5 mm (cap 25 steps × 1.0 mm), then seek |F_z|>=5.0 N (cap 15 steps)
  [insert c2 s0] delta=[-0.0179, -0.0177, 0.0049, -0.0274, 0.0126, 0.0048] rel_d=0.0257m ayal_F/T_tcp=[0.8761, 0.1983, 0.4877, -0.0061, -0.0535, 0.1309] uri_F/T_tcp=[-0.0421, 0.0191, -0.3041, -0.0011, -0.0042, 0.0381]
  [insert c2 s1] delta=[-0.0165, -0.0156, 0.0057, 0.0221, -0.0101, -0.0134] rel_d=0.0234m ayal_F/T_tcp=[-1.9658, -3.9371, -20.6069, 0.3798, -0.3582, -0.0367] uri_F/T_tcp=[-1.9988, 4.6681, -20.8742, -0.6704, -0.4517, 0.0023]
  large wrench over 20.0 N detected, aborting insert: [-1.9658, -3.9371, -20.6069, 0.3798, -0.3582, -0.0367]. distance was 0.0234 m
  exceeded wrench. straightening then entering force-seek
  [straightening c2 s1] delta=[-0.0164, -0.0157, 0.0039, 0.0000, 0.0000, 0.0000] rel_d=0.0230m ayal_F/T_tcp=[-2.8207, 3.9007, -13.0552, -0.4108, -0.5620, 0.1433] uri_F/T_tcp=[-3.3357, -2.4802, -14.5039, 0.2660, -0.7120, 0.0741]
  large wrench over 20.0 N detected, aborting insert: [-1.9658, -3.9371, -20.6069, 0.3798, -0.3582, -0.0367]. distance was 0.0234 m
  exceeded wrench during straightening. skipping force-seek and moving to next cycle.
[cycle 2] pull: target rel_d >= 27.0 mm (cap 25 steps × 1.0 mm), then -Z back-off 20.0 mm
  [pull c2 s0] delta=[-0.0025, -0.0002, -0.0002, 0.0090, -0.0003, 0.0001] rel_d=0.0025m ayal_F/T_tcp=[-24.1210, -9.1765, -36.8304, 0.8994, -4.1091, 0.1675] uri_F/T_tcp=[-26.0156, 8.6875, -35.7724, -1.2376, -4.7390, 0.0100]
  large wrench over 20.0 N detected, aborting insert: [-24.1210, -9.1765, -36.8304, 0.8994, -4.1091, 0.1675]. distance was 0.0025 m
  exceeded wrench. straightening then moving to next cycle
  [straightening c2 s0] delta=[-0.0007, -0.0007, 0.0002, -0.0000, 0.0000, -0.0000] rel_d=0.0010m ayal_F/T_tcp=[1.8698, -5.8353, -16.1047, 0.6658, -0.4966, 0.2046] uri_F/T_tcp=[0.3793, 5.0000, -15.5316, -0.6811, -0.4671, 0.0374]
  [pull c2 s1] delta=[-0.0018, -0.0021, 0.0019, -0.0129, 0.0249, 0.0300] rel_d=0.0034m ayal_F/T_tcp=[0.9447, -17.1529, 31.9224, 1.9557, -0.2679, 0.1804] uri_F/T_tcp=[1.6507, 13.7409, 33.4256, -1.6251, 0.3890, -0.0032]
  large wrench over 20.0 N detected, aborting insert: [0.9447, -17.1529, 31.9224, 1.9557, -0.2679, 0.1804]. distance was 0.0034 m
  exceeded wrench. straightening then moving to next cycle
  [straightening c2 s1] delta=[-0.0014, -0.0014, 0.0003, -0.0000, 0.0000, -0.0000] rel_d=0.0020m ayal_F/T_tcp=[-2.9271, -3.8679, -4.8996, 0.4848, -0.6988, 0.0361] uri_F/T_tcp=[-3.4532, 2.9745, -4.4912, -0.4877, -0.6874, 0.0671]
  [pull c2 s2] delta=[-0.0038, -0.0026, -0.0010, -0.0179, 0.0127, 0.0292] rel_d=0.0047m ayal_F/T_tcp=[-20.9298, 2.5011, 12.7513, -0.3952, -4.1048, 0.2154] uri_F/T_tcp=[-21.7816, -3.1241, 10.5664, 0.2810, -3.3137, 0.0336]
  large wrench over 20.0 N detected, aborting insert: [-20.9298, 2.5011, 12.7513, -0.3952, -4.1048, 0.2154]. distance was 0.0047 m
  exceeded wrench. straightening then moving to next cycle
  [straightening c2 s2] delta=[-0.0021, -0.0021, 0.0005, -0.0000, 0.0000, -0.0000] rel_d=0.0031m ayal_F/T_tcp=[2.2864, -5.4923, -7.0997, 0.5011, -0.2841, -0.0173] uri_F/T_tcp=[1.1604, 4.4342, -7.6758, -0.4836, -0.2466, 0.0383]
  [pull c2 s3] delta=[-0.0039, -0.0036, 0.0016, -0.0068, -0.0170, 0.0188] rel_d=0.0056m ayal_F/T_tcp=[1.3907, -11.0634, 12.9046, 1.1493, -0.1808, 0.1195] uri_F/T_tcp=[0.4931, 8.7324, 13.3758, -0.9803, -0.1445, 0.0334]
  [pull c2 s4] delta=[-0.0030, -0.0050, 0.0005, 0.0055, -0.0400, -0.0400] rel_d=0.0059m ayal_F/T_tcp=[6.4400, 2.3669, 7.2346, -0.4032, 1.0896, 0.2587] uri_F/T_tcp=[5.8337, -2.1499, 4.9985, 0.1828, 0.4366, 0.3114]
  [pull c2 s5] delta=[-0.0045, -0.0032, 0.0030, 0.0031, -0.0028, -0.0003] rel_d=0.0063m ayal_F/T_tcp=[-4.5019, -33.6678, 4.8807, 3.7854, -0.8794, 0.2159] uri_F/T_tcp=[-5.4545, 29.7317, 9.6815, -4.0536, -0.7479, 0.0826]
  large wrench over 20.0 N detected, aborting insert: [-4.5019, -33.6678, 4.8807, 3.7854, -0.8794, 0.2159]. distance was 0.0063 m
  exceeded wrench. straightening then moving to next cycle
  [straightening c2 s5] delta=[-0.0045, -0.0032, 0.0030, 0.0032, -0.0028, -0.0003] rel_d=0.0063m ayal_F/T_tcp=[-4.2261, -33.0530, 5.0011, 3.7617, -0.8649, 0.2126] uri_F/T_tcp=[-5.1941, 29.1166, 9.7195, -4.0277, -0.7336, 0.0800]
  [pull c2 s6] delta=[-0.0044, -0.0033, 0.0017, -0.0171, -0.0270, 0.0057] rel_d=0.0057m ayal_F/T_tcp=[-6.2336, -8.9016, 1.3759, 1.4210, -1.3439, 0.3421] uri_F/T_tcp=[-7.3097, 7.3341, 2.6983, -1.0940, -1.2987, 0.2034]
  [pull c2 s7] delta=[-0.0041, -0.0047, 0.0028, -0.0104, -0.0119, -0.0102] rel_d=0.0068m ayal_F/T_tcp=[4.8544, -17.5517, 14.9570, 2.0356, 0.4821, 0.1258] uri_F/T_tcp=[3.8746, 15.5522, 16.7245, -2.1476, 0.4860, 0.1408]
  [pull c2 s8] delta=[-0.0057, -0.0045, 0.0029, -0.0338, -0.0035, 0.0266] rel_d=0.0078m ayal_F/T_tcp=[-7.3087, -24.6522, 23.3331, 2.9720, -1.3454, 0.3181] uri_F/T_tcp=[-7.4041, 20.5059, 26.5238, -2.6603, -0.9209, 0.1893]
  large wrench over 20.0 N detected, aborting insert: [-7.3087, -24.6522, 23.3331, 2.9720, -1.3454, 0.3181]. distance was 0.0078 m
  exceeded wrench. straightening then moving to next cycle
  [straightening c2 s8] delta=[-0.0064, -0.0061, 0.0015, -0.0000, -0.0000, -0.0000] rel_d=0.0090m ayal_F/T_tcp=[-0.8221, -1.6203, 3.3458, 0.3697, -0.4345, -0.0062] uri_F/T_tcp=[-0.8065, 1.1269, 2.8468, -0.3774, -0.3709, 0.0548]
  [pull c2 s9] delta=[-0.0079, -0.0079, 0.0025, -0.0217, -0.0127, -0.0369] rel_d=0.0114m ayal_F/T_tcp=[2.1263, -6.8036, 22.6928, 0.8330, 0.2180, 0.2410] uri_F/T_tcp=[1.3377, 6.1723, 21.9235, -0.8870, 0.0588, 0.2905]
  large wrench over 20.0 N detected, aborting insert: [2.1263, -6.8036, 22.6928, 0.8330, 0.2180, 0.2410]. distance was 0.0114 m
  exceeded wrench. straightening then moving to next cycle
  [straightening c2 s9] delta=[-0.0071, -0.0068, 0.0017, 0.0000, 0.0000, -0.0000] rel_d=0.0100m ayal_F/T_tcp=[-0.0723, -1.8084, -1.3417, 0.3129, -0.2522, 0.0965] uri_F/T_tcp=[0.1459, 1.1311, -2.2842, -0.3184, -0.2007, 0.0487]
  [pull c2 s10] delta=[-0.0085, -0.0062, 0.0026, -0.0013, 0.0147, -0.0064] rel_d=0.0108m ayal_F/T_tcp=[-11.4219, -10.5943, 14.1649, 1.1831, -2.1545, 0.2496] uri_F/T_tcp=[-12.3043, 9.4585, 14.5703, -1.2682, -1.7691, 0.1368]
  [pull c2 s11] delta=[-0.0097, -0.0080, 0.0021, -0.0137, 0.0305, 0.0061] rel_d=0.0128m ayal_F/T_tcp=[-11.0080, -2.7973, 9.9255, 0.3452, -2.2941, 0.1866] uri_F/T_tcp=[-11.4094, 1.9169, 9.4857, -0.4159, -1.7643, 0.0849]
  [pull c2 s12] delta=[-0.0090, -0.0078, 0.0022, -0.0042, -0.0004, -0.0014] rel_d=0.0121m ayal_F/T_tcp=[0.5635, -3.0027, -1.9635, 0.3739, -0.4273, 0.0199] uri_F/T_tcp=[0.1553, 2.2339, -2.4061, -0.3280, -0.3341, 0.0720]
  [pull c2 s13] delta=[-0.0092, -0.0101, 0.0038, 0.0036, 0.0130, -0.0081] rel_d=0.0142m ayal_F/T_tcp=[2.9939, -6.9065, 4.0413, 0.7262, 0.0286, 0.0079] uri_F/T_tcp=[2.4155, 5.9778, 3.3314, -0.7992, 0.1111, 0.0571]
  [pull c2 s14] delta=[-0.0098, -0.0118, 0.0034, -0.0261, -0.0224, 0.0086] rel_d=0.0157m ayal_F/T_tcp=[5.2023, -2.5167, 7.2679, 0.2903, 0.3877, 0.0747] uri_F/T_tcp=[4.6104, 1.4344, 6.4935, -0.2998, 0.3710, 0.1234]
  [pull c2 s15] delta=[-0.0111, -0.0097, 0.0020, -0.0231, -0.0209, -0.0088] rel_d=0.0149m ayal_F/T_tcp=[-4.4143, -0.5901, -2.6612, 0.1647, -0.8812, 0.0787] uri_F/T_tcp=[-4.2253, 0.4281, -4.1356, -0.1562, -0.8364, 0.1485]
  [pull c2 s16] delta=[-0.0122, -0.0108, 0.0031, -0.0180, 0.0046, 0.0088] rel_d=0.0166m ayal_F/T_tcp=[-2.9661, -4.9070, 5.2454, 0.4984, -0.8128, 0.1537] uri_F/T_tcp=[-3.2770, 3.5111, 5.3509, -0.4920, -0.6475, 0.0883]
  [pull c2 s17] delta=[-0.0126, -0.0126, 0.0040, 0.0049, 0.0207, -0.0315] rel_d=0.0182m ayal_F/T_tcp=[1.9517, -0.9808, 2.3352, 0.1937, -0.0061, 0.0038] uri_F/T_tcp=[2.2037, 1.1211, 0.6307, -0.2309, 0.0122, 0.0639]
  [pull c2 s18] delta=[-0.0138, -0.0121, 0.0034, -0.0175, 0.0100, 0.0271] rel_d=0.0187m ayal_F/T_tcp=[-5.3206, -4.8470, 1.9957, 0.5303, -1.2292, 0.1375] uri_F/T_tcp=[-5.7720, 3.3284, 1.9601, -0.4680, -0.9499, 0.0579]
  [pull c2 s19] delta=[-0.0148, -0.0135, 0.0034, -0.0200, 0.0155, -0.0056] rel_d=0.0203m ayal_F/T_tcp=[-0.0014, -1.3055, 5.3842, 0.1761, -0.4494, 0.0683] uri_F/T_tcp=[-0.3442, 0.7653, 4.2593, -0.2032, -0.3333, 0.0990]
  [pull c2 s20] delta=[-0.0148, -0.0154, 0.0045, 0.0043, 0.0171, -0.0188] rel_d=0.0219m ayal_F/T_tcp=[2.0192, -0.1819, 2.0289, 0.1112, 0.0059, -0.0131] uri_F/T_tcp=[2.4246, 0.2549, 0.3057, -0.1433, 0.0243, 0.0571]
  [pull c2 s21] delta=[-0.0160, -0.0137, 0.0023, 0.0206, -0.0152, -0.0298] rel_d=0.0212m ayal_F/T_tcp=[-0.8452, 0.5845, 1.4174, 0.0074, -0.4247, 0.0258] uri_F/T_tcp=[-1.1344, -0.6485, -0.4387, -0.0130, -0.4018, 0.0800]
  [pull c2 s22] delta=[-0.0169, -0.0148, 0.0038, -0.0103, -0.0400, 0.0091] rel_d=0.0228m ayal_F/T_tcp=[0.2548, -3.8579, 2.9079, 0.4364, -0.2794, 0.1211] uri_F/T_tcp=[-0.1901, 3.2247, 1.9872, -0.4127, -0.2499, 0.0687]
  [pull c2 s23] delta=[-0.0170, -0.0168, 0.0060, -0.0132, -0.0076, -0.0069] rel_d=0.0246m ayal_F/T_tcp=[2.0943, -8.8139, 5.0499, 1.0147, 0.0757, 0.1602] uri_F/T_tcp=[1.8412, 7.7723, 4.6982, -0.9773, 0.0648, 0.0858]
  [pull c2 s24] delta=[-0.0198, -0.0190, 0.0061, -0.0107, -0.0111, -0.0152] rel_d=0.0281m ayal_F/T_tcp=[1.4369, -1.1804, 2.4435, 0.2652, -0.0529, 0.0165] uri_F/T_tcp=[1.4835, 0.7860, 1.2934, -0.2653, -0.0532, 0.0669]
  reached target rel_d=0.0281 m at step 24
  extra pull-back 20.0 mm along ayal -Z
  [pull_backoff c2 s0] delta=[-0.0342, -0.0325, 0.0094, -0.0107, -0.0111, -0.0152] rel_d=0.0481m ayal_F/T_tcp=[1.6065, -0.1394, 0.5435, 0.0231, -0.0839, 0.0006] uri_F/T_tcp=[1.3473, -0.4715, -0.9091, -0.0592, -0.0642, 0.0533]
choose_new_uri_location: picked [0.3000, -0.3600, 0.3800, 1.2786, -0.5376, -0.3031] (attempt 1)
move ayal to compact position
move uri to [0.3000, -0.3600, 0.3800, 1.2786, -0.5376, -0.3031]
  computed ayal mate: [-0.1950, 0.6016, 0.1106, 0.3832, 2.0665, 1.5984]
ayal current position: [-0.2665, 0.5027, -0.0000, 0.0194, 2.0945, 1.6513]
uri  mate: [0.3000, -0.3600, 0.3800, 1.2786, -0.5375, -0.3032]
ayal mate: [-0.1950, 0.6016, 0.1106, 0.3834, 2.0666, 1.5984]
ayal_unmate: [-0.2096, 0.5794, 0.1157, 0.3834, 2.0666, 1.5984]
[cycle 3] insert: target rel_d <= 1.5 mm (cap 25 steps × 1.0 mm), then seek |F_z|>=5.0 N (cap 15 steps)
saved 112 records to /home/user/Projects/yarbiv/rmp_lab/dual_arm_peg/output/auto_peg_cycle_5.json
