ayal current position: [-0.1557, 0.3091, 0.5247, 0.0512, -0.3548, -2.2356]
uri  mate: [0.5000, -0.3600, 0.2600, 1.5710, -0.0000, 0.0000]
ayal mate: [0.0050, 0.6008, -0.0094, 0.0042, 2.2193, 2.2197]
ayal_unmate: [0.0049, 0.5748, -0.0094, 0.0042, 2.2193, 2.2197]
[cycle 0] insert: target rel_d <= 1.5 mm (cap 25 steps × 1.0 mm), then seek |F_z|>=5.0 N (cap 15 steps)
  [insert c0 s0] delta=[-0.0010, -0.0241, 0.0000, -0.0102, -4.4027, -4.4262] rel_d=0.0241m ayal_F/T_tcp=[-7.6632, -4.2323, -14.2002, 0.0421, -1.0425, -0.1565] uri_F/T_tcp=[-9.1359, 0.9432, -13.2796, -0.1416, -1.3996, 0.1209]
  [insert c0 s1] delta=[0.0015, -0.0220, 0.0011, 0.0031, -0.0400, 0.0120] rel_d=0.0221m ayal_F/T_tcp=[11.7887, -14.2563, -17.0429, 1.4479, 1.9832, 0.2046] uri_F/T_tcp=[12.3761, 11.8067, -14.4877, -1.7979, 2.6125, 0.2807]
  [insert c0 s2] delta=[-0.0021, -0.0226, 0.0005, -0.0320, -0.0252, -0.0029] rel_d=0.0227m ayal_F/T_tcp=[-17.2518, -8.4870, -1.7182, 0.7381, -2.8121, 0.2970] uri_F/T_tcp=[-19.5781, 5.5063, 0.2693, -0.9324, -3.0675, 0.2968]
  [insert c0 s3] delta=[-0.0013, -0.0225, 0.0007, -0.0147, -4.4566, -4.4061] rel_d=0.0225m ayal_F/T_tcp=[-4.5301, -11.6658, -1.5010, 1.0419, -0.8139, -0.1678] uri_F/T_tcp=[-5.2979, 8.9593, 0.7122, -1.3742, -0.8016, 0.0719]
  [insert c0 s4] delta=[0.0011, -0.0193, 0.0008, 0.0093, -0.0059, -0.0140] rel_d=0.0194m ayal_F/T_tcp=[9.2387, -10.6475, -13.4387, 1.1231, 1.4787, 0.1818] uri_F/T_tcp=[9.6444, 8.2842, -11.9732, -1.3088, 1.9856, 0.2561]
  [insert c0 s5] delta=[0.0004, -0.0177, 0.0003, 0.0099, 0.0087, -0.0256] rel_d=0.0177m ayal_F/T_tcp=[-0.7430, -6.5913, -3.7028, 0.5277, 0.1166, -0.0580] uri_F/T_tcp=[-0.8402, 3.9904, -2.6821, -0.7246, 0.2643, 0.1871]
  [insert c0 s6] delta=[-0.0010, -0.0185, 0.0015, -0.0145, -0.0380, 0.0200] rel_d=0.0186m ayal_F/T_tcp=[-11.4562, -18.1047, 9.8844, 2.0116, -1.6587, 0.2347] uri_F/T_tcp=[-13.3909, 14.4136, 13.3893, -2.0868, -1.7452, 0.2714]
  [insert c0 s7] delta=[0.0006, -0.0175, 0.0001, -0.0254, -4.4261, -4.4494] rel_d=0.0175m ayal_F/T_tcp=[4.8512, -0.9707, -4.7412, -0.0421, 0.8476, -0.1640] uri_F/T_tcp=[5.4422, -0.9554, -4.3824, -0.0344, 1.1046, 0.1172]
  [insert c0 s8] delta=[0.0019, -0.0151, -0.0007, -0.0285, -4.4070, -4.4095] rel_d=0.0153m ayal_F/T_tcp=[16.9700, 0.3939, -16.3126, -0.3445, 2.7303, -0.3177] uri_F/T_tcp=[17.9841, -3.0031, -16.9238, 0.3754, 3.4618, 0.0356]
  [insert c0 s9] delta=[-0.0021, -0.0161, -0.0008, -0.0151, -4.4318, -4.4393] rel_d=0.0163m ayal_F/T_tcp=[-18.6043, -0.7884, 9.2528, -0.2915, -3.1311, 0.1270] uri_F/T_tcp=[-20.9812, -1.6228, 9.8834, 0.1156, -3.2097, 0.1157]
  [insert c0 s10] delta=[-0.0009, -0.0124, -0.0011, 0.0258, -0.0359, 0.0001] rel_d=0.0125m ayal_F/T_tcp=[-4.8692, 3.1481, -7.6045, -0.6313, -0.9830, 0.1860] uri_F/T_tcp=[-6.0236, -4.7005, -8.2356, 0.6335, -1.1678, 0.2153]
  [insert c0 s11] delta=[0.0019, -0.0144, -0.0001, -0.0323, -0.0400, -0.0191] rel_d=0.0145m ayal_F/T_tcp=[12.9826, -5.8728, 29.0822, 0.4227, 2.4086, 0.4501] uri_F/T_tcp=[12.9042, 3.7925, 29.1016, -0.5773, 2.4601, 0.5006]
  large wrench over 20.0 N detected, aborting insert: [12.9826, -5.8728, 29.0822, 0.4227, 2.4086, 0.4501]. distance was 0.0145 m
  exceeded wrench. straightening then entering force-seek
  [straightening c0 s11] delta=[-0.0001, -0.0130, 0.0000, -0.0000, -0.0000, 0.0000] rel_d=0.0130m ayal_F/T_tcp=[-6.6832, -3.2870, -4.3528, 0.0639, -0.8527, -0.0681] uri_F/T_tcp=[-7.4784, 0.9687, -3.5360, -0.1927, -0.9362, 0.1761]
  large wrench over 20.0 N detected, aborting insert: [12.9826, -5.8728, 29.0822, 0.4227, 2.4086, 0.4501]. distance was 0.0145 m
  exceeded wrench during straightening. skipping force-seek and moving to next cycle.
[cycle 0] pull: target rel_d >= 26.0 mm (cap 25 steps × 1.0 mm), then -Z back-off 20.0 mm
  [pull c0 s0] delta=[-0.0009, -0.0013, 0.0002, 0.0231, -4.4272, -4.4355] rel_d=0.0016m ayal_F/T_tcp=[-9.5719, -3.7124, -43.1106, 0.1429, -1.9048, 0.1710] uri_F/T_tcp=[-11.4582, 2.6153, -41.2297, -0.3285, -1.5057, 0.2250]
  large wrench over 20.0 N detected, aborting insert: [-9.5719, -3.7124, -43.1106, 0.1429, -1.9048, 0.1710]. distance was 0.0016 m
  exceeded wrench. straightening then moving to next cycle
  [straightening c0 s0] delta=[0.0000, -0.0010, -0.0000, 0.0000, 0.0000, -0.0001] rel_d=0.0010m ayal_F/T_tcp=[-1.6887, -3.5464, -30.4056, 0.1914, -0.6191, -0.0850] uri_F/T_tcp=[-2.3578, 1.3136, -28.6068, -0.0650, -0.2394, 0.1548]
  [pull c0 s1] delta=[-0.0005, -0.0020, 0.0008, 0.0084, -0.0008, -0.0204] rel_d=0.0022m ayal_F/T_tcp=[-6.8253, -12.9233, 6.0875, 1.1565, -0.9560, 0.1728] uri_F/T_tcp=[-8.4869, 9.8523, 8.0954, -1.2776, -1.0206, 0.2265]
  [pull c0 s2] delta=[-0.0008, -0.0036, -0.0010, 0.0019, -0.0391, -0.0028] rel_d=0.0038m ayal_F/T_tcp=[-10.6433, 4.9032, 9.2634, -0.6554, -1.7056, 0.2540] uri_F/T_tcp=[-12.2491, -7.3175, 8.7721, 0.8876, -1.8370, 0.2568]
  [pull c0 s3] delta=[-0.0007, -0.0049, -0.0001, 0.0039, -0.0218, 0.0202] rel_d=0.0049m ayal_F/T_tcp=[-3.7614, -2.6885, 1.6555, 0.0166, -0.6987, -0.0689] uri_F/T_tcp=[-4.2732, 0.5059, 2.9591, -0.0502, -0.6508, 0.1526]
  [pull c0 s4] delta=[-0.0009, -0.0030, -0.0011, -0.0019, 0.0080, -0.0066] rel_d=0.0033m ayal_F/T_tcp=[-6.2284, 3.7882, -6.0120, -0.6981, -1.1169, -0.0609] uri_F/T_tcp=[-7.5046, -5.7819, -5.5250, 0.6882, -1.1518, 0.1653]
  [pull c0 s5] delta=[-0.0008, -0.0069, -0.0002, 0.0400, 0.0032, -0.0076] rel_d=0.0070m ayal_F/T_tcp=[-8.0863, -3.3631, 2.2968, -0.0455, -1.1735, -0.1474] uri_F/T_tcp=[-9.0236, 1.2889, 3.2685, -0.1283, -1.2652, 0.0967]
  [pull c0 s6] delta=[0.0008, -0.0086, 0.0011, 0.0048, -4.4396, -4.4379] rel_d=0.0087m ayal_F/T_tcp=[8.9314, -13.4658, 14.9762, 1.3956, 1.6150, 0.1473] uri_F/T_tcp=[9.2141, 10.6745, 16.5979, -1.4512, 1.9299, 0.2083]
  [pull c0 s7] delta=[-0.0017, -0.0096, -0.0017, 0.0239, 0.0124, -0.0093] rel_d=0.0099m ayal_F/T_tcp=[-15.6963, 7.8030, 12.2479, -1.3469, -2.5855, -0.1811] uri_F/T_tcp=[-17.8624, -9.5398, 11.1392, 1.0994, -2.6551, 0.0322]
  [pull c0 s8] delta=[0.0003, -0.0088, 0.0020, -0.0317, 0.0090, -0.0119] rel_d=0.0090m ayal_F/T_tcp=[6.0261, -22.1668, -10.6743, 2.4142, 1.0825, 0.2632] uri_F/T_tcp=[5.8551, 18.9079, -7.5199, -2.6507, 1.5406, 0.3105]
  large wrench over 20.0 N detected, aborting insert: [6.0261, -22.1668, -10.6743, 2.4142, 1.0825, 0.2632]. distance was 0.0090 m
  exceeded wrench. straightening then moving to next cycle
  [straightening c0 s8] delta=[-0.0000, -0.0090, 0.0000, -0.0000, -0.0000, -0.0000] rel_d=0.0090m ayal_F/T_tcp=[-0.8841, -0.8644, -0.8643, 0.0285, 0.0110, -0.0941] uri_F/T_tcp=[-1.1281, -0.8712, 0.0174, -0.0622, 0.0968, 0.1640]
  [pull c0 s9] delta=[0.0001, -0.0102, -0.0002, -0.0262, -4.4064, -4.4366] rel_d=0.0102m ayal_F/T_tcp=[0.9396, -1.3295, 8.1409, 0.0338, 0.3275, -0.2469] uri_F/T_tcp=[1.0044, -2.2988, 8.4285, 0.1078, 0.5492, 0.0410]
  [pull c0 s10] delta=[0.0019, -0.0117, -0.0020, 0.0311, -4.4188, -4.4353] rel_d=0.0120m ayal_F/T_tcp=[13.2514, 6.8365, 18.1952, -1.0102, 2.3530, 0.1722] uri_F/T_tcp=[14.8988, -9.5435, 15.9549, 1.0304, 2.8054, 0.2950]
  [pull c0 s11] delta=[-0.0012, -0.0129, -0.0001, 0.0050, -0.0138, -0.0019] rel_d=0.0130m ayal_F/T_tcp=[-11.7606, -4.5539, 6.8003, 0.3273, -1.6363, 0.1796] uri_F/T_tcp=[-13.0432, 2.5886, 7.5538, -0.3225, -1.6303, 0.2034]
  [pull c0 s12] delta=[0.0011, -0.0131, -0.0001, 0.0024, -4.4334, -4.4334] rel_d=0.0131m ayal_F/T_tcp=[6.1869, -3.1942, 3.8784, 0.0969, 1.0649, -0.1056] uri_F/T_tcp=[6.5196, 0.8485, 4.4359, -0.1088, 1.2961, 0.1507]
  [pull c0 s13] delta=[0.0002, -0.0148, 0.0002, -0.0483, -4.4374, -4.4373] rel_d=0.0148m ayal_F/T_tcp=[-4.3859, -5.0610, 1.9103, 0.2933, -0.3595, -0.1337] uri_F/T_tcp=[-4.5051, 2.7483, 3.1034, -0.4037, -0.3168, 0.1270]
  [pull c0 s14] delta=[-0.0020, -0.0154, 0.0007, -0.0294, -4.4242, -4.4507] rel_d=0.0155m ayal_F/T_tcp=[-15.4702, -6.2937, 6.4926, 0.4414, -2.5153, 0.0266] uri_F/T_tcp=[-17.4398, 3.9186, 8.0763, -0.6604, -2.5589, 0.0801]
  [pull c0 s15] delta=[-0.0002, -0.0156, -0.0015, -0.0141, 0.0053, -0.0365] rel_d=0.0157m ayal_F/T_tcp=[1.8401, 4.5363, 4.2407, -0.7574, 0.3044, 0.2101] uri_F/T_tcp=[1.8788, -5.6309, 3.4573, 0.6845, 0.3763, 0.2685]
  [pull c0 s16] delta=[-0.0001, -0.0171, 0.0006, -0.0111, 0.0128, -0.0105] rel_d=0.0171m ayal_F/T_tcp=[1.5920, -8.0429, 4.0854, 0.5231, 0.3791, -0.0476] uri_F/T_tcp=[1.0711, 5.3382, 4.9888, -0.6369, 0.4918, 0.1821]
  [pull c0 s17] delta=[0.0007, -0.0183, 0.0007, 0.0180, -4.4275, -4.4283] rel_d=0.0183m ayal_F/T_tcp=[4.5647, -7.4386, 6.7077, 0.5288, 0.8638, -0.0847] uri_F/T_tcp=[4.7739, 4.5272, 7.7875, -0.5909, 1.0607, 0.1604]
  [pull c0 s18] delta=[0.0001, -0.0191, -0.0007, -0.0189, -0.0076, -0.0205] rel_d=0.0191m ayal_F/T_tcp=[-2.8166, 0.7776, 3.9507, -0.3097, -0.2742, 0.1296] uri_F/T_tcp=[-3.2614, -2.9052, 3.7753, 0.3029, -0.2024, 0.2021]
  [pull c0 s19] delta=[0.0010, -0.0189, 0.0007, 0.0055, -0.0077, -0.0185] rel_d=0.0189m ayal_F/T_tcp=[3.8875, -7.2908, -0.9283, 0.5200, 0.7777, -0.0130] uri_F/T_tcp=[4.0105, 4.8953, 0.1018, -0.6277, 0.9454, 0.2299]
  [pull c0 s20] delta=[0.0007, -0.0211, -0.0012, -0.0210, -4.4405, -4.4300] rel_d=0.0211m ayal_F/T_tcp=[0.9514, 2.6406, 3.2237, -0.5111, 0.3744, -0.1391] uri_F/T_tcp=[1.2057, -4.6900, 3.2064, 0.5541, 0.4254, 0.1406]
  [pull c0 s21] delta=[0.0004, -0.0218, -0.0004, -0.0031, -4.4256, -4.4090] rel_d=0.0218m ayal_F/T_tcp=[-0.5555, -1.6985, 0.5777, -0.1263, 0.1562, -0.1075] uri_F/T_tcp=[-0.3804, -0.4561, 0.8310, 0.1001, 0.2228, 0.1564]
  [pull c0 s22] delta=[-0.0004, -0.0229, 0.0001, 0.0034, -0.0317, -0.0066] rel_d=0.0229m ayal_F/T_tcp=[-4.9031, -2.2180, 1.9220, 0.0048, -0.6013, 0.1175] uri_F/T_tcp=[-5.6955, 0.0120, 2.7476, -0.0051, -0.5734, 0.1850]
  [pull c0 s23] delta=[-0.0007, -0.0260, 0.0008, 0.0252, 0.0144, -0.0151] rel_d=0.0260m ayal_F/T_tcp=[-0.9595, -1.9702, -0.6939, -0.0407, -0.0200, -0.0851] uri_F/T_tcp=[-0.8222, -0.2598, 0.3063, -0.0062, 0.0302, 0.1580]
  reached target rel_d=0.0260 m at step 23
  extra pull-back 20.0 mm along ayal -Z
  [pull_backoff c0 s0] delta=[-0.0009, -0.0460, 0.0011, 0.0253, 0.0143, -0.0150] rel_d=0.0460m ayal_F/T_tcp=[-1.1065, -1.9783, -0.4078, -0.0399, -0.0110, -0.0963] uri_F/T_tcp=[-0.8347, -0.1187, 0.0526, -0.0013, 0.0323, 0.1622]
choose_new_uri_location: picked [0.3400, -0.3600, 0.3800, 1.5710, 0.0000, 0.0000] (attempt 2)
move ayal to compact position
move uri to [0.3400, -0.3600, 0.3800, 1.5710, 0.0000, 0.0000]
  computed ayal mate: [-0.1550, 0.6014, 0.1106, 0.0043, 2.2193, 2.2197]
ayal current position: [-0.0038, 0.3461, 0.5247, -0.0336, -0.3967, -2.6853]
uri  mate: [0.3400, -0.3600, 0.3800, 1.5710, 0.0000, 0.0000]
ayal mate: [-0.1550, 0.6014, 0.1106, 0.0043, 2.2193, 2.2197]
ayal_unmate: [-0.1551, 0.5754, 0.1106, 0.0043, 2.2193, 2.2197]
[cycle 1] insert: target rel_d <= 1.5 mm (cap 25 steps × 1.0 mm), then seek |F_z|>=5.0 N (cap 15 steps)
  [insert c1 s0] delta=[-0.0016, -0.0250, 0.0005, 0.0061, -0.0207, 0.0225] rel_d=0.0251m ayal_F/T_tcp=[-0.0370, -2.8626, -0.1783, -0.0936, -0.0237, -0.0260] uri_F/T_tcp=[-0.6916, 0.7700, 0.2139, 0.0523, 0.0095, -0.1999]
  [insert c1 s1] delta=[-0.0007, -0.0247, 0.0020, 0.0149, -0.0043, 0.0023] rel_d=0.0248m ayal_F/T_tcp=[1.1117, -5.2899, -3.0197, 0.1051, 0.1614, -0.1715] uri_F/T_tcp=[0.4577, 2.7190, -2.2718, -0.2572, 0.2386, -0.2083]
  [insert c1 s2] delta=[-0.0006, -0.0227, -0.0007, -0.0080, -0.0068, -0.0027] rel_d=0.0227m ayal_F/T_tcp=[0.0421, -0.5498, -0.3939, -0.2464, 0.0133, -0.0270] uri_F/T_tcp=[-0.5175, -1.5842, -0.5086, 0.2372, 0.0592, -0.1930]
  [insert c1 s3] delta=[0.0003, -0.0201, -0.0020, 0.0158, -0.0163, 0.0007] rel_d=0.0202m ayal_F/T_tcp=[2.2688, 3.0529, -3.5767, -0.6217, 0.3495, -0.1240] uri_F/T_tcp=[2.1356, -4.9511, -4.1353, 0.7388, 0.4705, -0.1759]
  [insert c1 s4] delta=[0.0015, -0.0192, 0.0001, 0.0264, 0.0074, -0.0055] rel_d=0.0193m ayal_F/T_tcp=[5.8917, -6.3289, -5.2567, 0.3160, 1.0620, -0.2311] uri_F/T_tcp=[6.5439, 3.8036, -4.2007, -0.4653, 1.3552, -0.2081]
  [insert c1 s5] delta=[-0.0009, -0.0194, 0.0014, -0.0248, -4.4401, -4.4065] rel_d=0.0195m ayal_F/T_tcp=[-8.2104, -9.7014, 2.8107, 0.7249, -1.0102, -0.2770] uri_F/T_tcp=[-8.2507, 7.2256, 4.5838, -1.0012, -1.0107, -0.2494]
  [insert c1 s6] delta=[-0.0006, -0.0172, -0.0005, 0.0175, -0.0400, -0.0400] rel_d=0.0173m ayal_F/T_tcp=[-4.7599, 2.1855, -8.7855, -0.4430, -0.7131, 0.1169] uri_F/T_tcp=[-5.2090, -3.4726, -9.2097, 0.4063, -0.8037, -0.0779]
  [insert c1 s7] delta=[-0.0011, -0.0163, 0.0012, 0.0393, -0.0281, -0.0310] rel_d=0.0163m ayal_F/T_tcp=[-9.0613, -10.0645, -10.6996, 0.6965, -1.2353, -0.1348] uri_F/T_tcp=[-9.4176, 7.8144, -9.2258, -1.0816, -1.4354, -0.1514]
  [insert c1 s8] delta=[-0.0007, -0.0171, 0.0013, -0.0468, -4.4654, -4.4026] rel_d=0.0171m ayal_F/T_tcp=[-1.9641, -10.6960, 3.2151, 0.8926, -0.2650, -0.2777] uri_F/T_tcp=[-1.9224, 7.9721, 5.5270, -1.1388, -0.1587, -0.2650]
  [insert c1 s9] delta=[0.0009, -0.0158, -0.0009, -0.0001, -0.0013, -0.0141] rel_d=0.0159m ayal_F/T_tcp=[4.4597, 0.5952, -3.3756, -0.2596, 0.6688, 0.0197] uri_F/T_tcp=[4.4349, -2.6254, -3.2685, 0.3121, 0.8488, -0.1453]
  [insert c1 s10] delta=[-0.0005, -0.0126, 0.0007, -0.0004, -4.4550, -4.4188] rel_d=0.0126m ayal_F/T_tcp=[-3.7059, -8.2401, -5.8556, 0.5371, -0.3836, -0.1884] uri_F/T_tcp=[-4.0363, 5.5780, -4.6024, -0.8033, -0.4323, -0.1831]
  [insert c1 s11] delta=[-0.0014, -0.0121, -0.0012, 0.0004, -4.4251, -4.4456] rel_d=0.0123m ayal_F/T_tcp=[-7.8499, 3.9110, -4.7134, -0.6407, -1.1678, 0.0151] uri_F/T_tcp=[-8.6295, -5.1727, -5.3702, 0.6105, -1.3148, -0.1670]
  [insert c1 s12] delta=[-0.0015, -0.0131, 0.0001, 0.0177, -0.0254, 0.0103] rel_d=0.0132m ayal_F/T_tcp=[-8.8888, -5.8135, 5.1809, 0.3043, -1.3452, 0.0217] uri_F/T_tcp=[-10.1126, 3.5741, 5.7336, -0.3823, -1.3570, -0.1668]
  [insert c1 s13] delta=[-0.0017, -0.0093, 0.0009, 0.0059, -0.0029, -0.0152] rel_d=0.0095m ayal_F/T_tcp=[-11.2506, -10.1944, -15.8264, 0.6521, -1.7498, -0.0916] uri_F/T_tcp=[-12.6138, 7.7648, -13.7298, -1.0709, -1.9987, -0.1196]
  [insert c1 s14] delta=[-0.0012, -0.0095, 0.0001, -0.0381, -4.4447, -4.4301] rel_d=0.0095m ayal_F/T_tcp=[-3.6154, -4.0090, 0.7273, 0.1438, -0.6716, -0.2397] uri_F/T_tcp=[-3.9954, 1.7329, 2.1132, -0.3092, -0.6518, -0.2305]
  [insert c1 s15] delta=[0.0002, -0.0085, 0.0006, 0.0295, 0.0054, -0.0398] rel_d=0.0085m ayal_F/T_tcp=[2.5005, -7.8031, -4.5144, 0.5912, 0.4181, 0.0190] uri_F/T_tcp=[2.5232, 5.4432, -3.5248, -0.7053, 0.5288, -0.1349]
  [insert c1 s16] delta=[-0.0007, -0.0075, -0.0016, 0.0075, -0.0090, -0.0183] rel_d=0.0077m ayal_F/T_tcp=[-3.4646, 6.1832, -5.5060, -0.8320, -0.5329, 0.0231] uri_F/T_tcp=[-3.7499, -7.3304, -6.2664, 0.8973, -0.5854, -0.1648]
  [insert c1 s17] delta=[0.0013, -0.0068, 0.0007, 0.0161, -0.0159, 0.0010] rel_d=0.0070m ayal_F/T_tcp=[9.0880, -8.4101, -7.7224, 0.7391, 1.4551, -0.0087] uri_F/T_tcp=[9.7222, 6.1111, -6.4764, -0.8467, 1.6985, -0.1710]
  [insert c1 s18] delta=[-0.0000, -0.0069, 0.0004, -0.0291, -0.0114, -0.0128] rel_d=0.0069m ayal_F/T_tcp=[-3.6716, -4.5604, -0.1283, 0.3024, -0.3764, 0.1702] uri_F/T_tcp=[-3.6729, 2.4027, 0.4545, -0.3722, -0.2515, -0.0346]
  [insert c1 s19] delta=[0.0001, -0.0049, 0.0012, -0.0083, -4.4247, -4.4405] rel_d=0.0050m ayal_F/T_tcp=[0.1432, -11.9169, -11.4467, 0.9899, 0.1548, -0.2437] uri_F/T_tcp=[-0.3044, 9.0080, -7.9204, -1.1763, 0.1975, -0.2353]
  [insert c1 s20] delta=[0.0001, -0.0052, -0.0005, 0.0096, -0.0056, -0.0186] rel_d=0.0053m ayal_F/T_tcp=[-2.4409, 0.6566, 0.2551, -0.2272, -0.2310, 0.0090] uri_F/T_tcp=[-2.6165, -2.4444, 0.2321, 0.2096, -0.2360, -0.1501]
  [insert c1 s21] delta=[-0.0002, -0.0021, -0.0004, -0.0145, -4.4106, -4.4410] rel_d=0.0021m ayal_F/T_tcp=[-2.3565, -1.1046, -13.8410, -0.1451, -0.3644, -0.2986] uri_F/T_tcp=[-2.4957, -0.7939, -13.1442, 0.1063, -0.1872, -0.2753]
  [insert c1 s22] delta=[0.0006, -0.0013, -0.0007, 0.0133, -0.0400, -0.0109] rel_d=0.0016m ayal_F/T_tcp=[2.7348, 1.5822, -9.7113, -0.3757, 0.6993, 0.2139] uri_F/T_tcp=[2.9294, -2.8293, -9.5927, 0.3158, 0.2936, 0.0461]
  [insert c1 s23] delta=[0.0003, -0.0030, 0.0004, -0.0036, -0.0260, -0.0094] rel_d=0.0030m ayal_F/T_tcp=[-0.1322, -6.6337, 7.3313, 0.3815, 0.2083, -0.0798] uri_F/T_tcp=[-0.3169, 3.8640, 8.0267, -0.4330, 0.1849, -0.0861]
  [insert c1 s24] delta=[0.0014, 0.0005, -0.0011, -0.0216, -0.0119, 0.0142] rel_d=0.0018m ayal_F/T_tcp=[10.1993, 3.0869, -75.8895, -0.3518, 0.9703, -0.2565] uri_F/T_tcp=[11.8086, -3.4341, -75.9449, 0.8140, 2.0553, -0.1600]
  large wrench over 20.0 N detected, aborting insert: [10.1993, 3.0869, -75.8895, -0.3518, 0.9703, -0.2565]. distance was 0.0018 m
  exceeded wrench. straightening then entering force-seek
  [straightening c1 s24] delta=[-0.0000, -0.0000, -0.0000, 0.0000, 0.0000, -0.0000] rel_d=0.0000m ayal_F/T_tcp=[-3.5068, -8.8248, -34.7159, 0.6779, -0.5705, -0.1951] uri_F/T_tcp=[-3.5579, 6.2815, -32.4163, -0.7515, -0.1731, -0.1519]
  large wrench over 20.0 N detected, aborting insert: [10.1993, 3.0869, -75.8895, -0.3518, 0.9703, -0.2565]. distance was 0.0018 m
  exceeded wrench during straightening. skipping force-seek and moving to next cycle.
[cycle 1] pull: target rel_d >= 26.0 mm (cap 25 steps × 1.0 mm), then -Z back-off 20.0 mm
  [pull c1 s0] delta=[0.0007, -0.0018, 0.0001, -0.0170, -4.4152, -4.4389] rel_d=0.0019m ayal_F/T_tcp=[3.5174, -6.2595, 2.7391, 0.4279, 0.6425, -0.2824] uri_F/T_tcp=[3.8250, 3.2443, 3.8548, -0.4301, 0.8547, -0.2215]
  [pull c1 s1] delta=[-0.0010, -0.0019, 0.0014, -0.0280, -0.0207, 0.0162] rel_d=0.0025m ayal_F/T_tcp=[-11.4129, -14.0157, -3.0191, 1.5128, -1.8001, 0.2323] uri_F/T_tcp=[-12.9724, 11.1378, -0.5254, -1.3529, -1.5378, 0.0442]
  [pull c1 s2] delta=[0.0000, -0.0032, -0.0020, -0.0217, -0.0225, -0.0074] rel_d=0.0038m ayal_F/T_tcp=[0.1564, 8.3710, 13.9185, -1.0993, 0.1700, 0.1914] uri_F/T_tcp=[-0.0759, -9.5049, 12.4382, 1.1182, 0.1596, 0.0085]
  [pull c1 s3] delta=[-0.0005, -0.0027, -0.0008, 0.0283, -0.0052, -0.0201] rel_d=0.0029m ayal_F/T_tcp=[-3.6533, -2.9292, -1.8026, -0.0842, -0.3209, -0.1742] uri_F/T_tcp=[-3.5666, 0.7872, -1.0342, -0.0374, -0.3729, -0.1623]
  [pull c1 s4] delta=[0.0009, -0.0059, 0.0000, -0.0200, -4.4323, -4.4444] rel_d=0.0060m ayal_F/T_tcp=[4.1259, -4.5377, 4.4664, 0.2199, 0.6863, -0.0503] uri_F/T_tcp=[3.9649, 2.1002, 5.2161, -0.2130, 0.7708, -0.1971]
  [pull c1 s5] delta=[-0.0002, -0.0065, 0.0001, -0.0118, -4.4659, -4.4114] rel_d=0.0065m ayal_F/T_tcp=[-3.1598, -5.5312, 1.8649, 0.2455, -0.2692, -0.1765] uri_F/T_tcp=[-3.3415, 2.9628, 2.7731, -0.3854, -0.2022, -0.1735]
  [pull c1 s6] delta=[0.0005, -0.0057, 0.0007, -0.0200, -4.4220, -4.4371] rel_d=0.0057m ayal_F/T_tcp=[2.2715, -6.8184, -5.1138, 0.4870, 0.4250, -0.0988] uri_F/T_tcp=[2.4540, 4.4147, -3.5973, -0.5686, 0.5392, -0.2275]
  [pull c1 s7] delta=[0.0007, -0.0067, -0.0005, 0.0306, -4.4286, -4.4032] rel_d=0.0067m ayal_F/T_tcp=[4.0368, -1.3413, 16.7785, -0.1054, 0.7300, -0.1915] uri_F/T_tcp=[5.7726, -0.6102, 16.9362, -0.0151, 1.2361, -0.1628]
  [pull c1 s8] delta=[-0.0008, -0.0096, 0.0004, -0.0078, -0.0102, 0.0055] rel_d=0.0096m ayal_F/T_tcp=[-5.3902, -5.0202, 4.0147, 0.3198, -0.5646, 0.0094] uri_F/T_tcp=[-5.7613, 2.7717, 4.6927, -0.3483, -0.5015, -0.1414]
  [pull c1 s9] delta=[-0.0007, -0.0098, -0.0005, -0.0096, -4.4648, -4.4144] rel_d=0.0098m ayal_F/T_tcp=[-2.2137, -0.9828, 0.0711, -0.1513, -0.2472, -0.1552] uri_F/T_tcp=[-2.4802, -1.1959, 0.7991, 0.0748, -0.1955, -0.1515]
  [pull c1 s10] delta=[-0.0005, -0.0113, -0.0002, -0.0366, -0.0039, -0.0145] rel_d=0.0113m ayal_F/T_tcp=[-3.0919, -2.5536, 8.9657, 0.0649, -0.3268, 0.0871] uri_F/T_tcp=[-2.9870, 0.6526, 9.6975, -0.1096, -0.1885, -0.0677]
  [pull c1 s11] delta=[-0.0004, -0.0126, -0.0010, -0.0221, -0.0005, 0.0022] rel_d=0.0127m ayal_F/T_tcp=[-1.0761, -0.7763, -0.1126, -0.1482, -0.0316, -0.1656] uri_F/T_tcp=[-0.8410, -1.1435, 0.6631, 0.0908, 0.0117, -0.1572]
  [pull c1 s12] delta=[-0.0007, -0.0123, 0.0012, 0.0277, 0.0112, -0.0132] rel_d=0.0124m ayal_F/T_tcp=[-3.4262, -10.3182, -3.1534, 0.7922, -0.2433, -0.2712] uri_F/T_tcp=[-3.1633, 7.8716, -1.2008, -0.9910, -0.2466, -0.2330]
  [pull c1 s13] delta=[0.0004, -0.0148, 0.0012, -0.0135, -0.0183, 0.0150] rel_d=0.0149m ayal_F/T_tcp=[2.8803, -6.7199, 5.2179, 0.5188, 0.5659, 0.0258] uri_F/T_tcp=[3.0804, 4.4019, 6.5922, -0.6192, 0.6451, -0.1200]
  [pull c1 s14] delta=[-0.0006, -0.0155, 0.0001, -0.0257, -4.4317, -4.4375] rel_d=0.0155m ayal_F/T_tcp=[-2.5894, -2.1853, 0.5322, -0.0011, -0.1734, -0.2017] uri_F/T_tcp=[-2.4567, 0.0605, 1.4968, -0.1024, -0.1310, -0.1751]
  [pull c1 s15] delta=[-0.0003, -0.0156, -0.0005, -0.0134, -0.0080, 0.0037] rel_d=0.0157m ayal_F/T_tcp=[-0.5547, -0.7230, -0.2035, -0.0755, 0.0513, -0.0323] uri_F/T_tcp=[-0.3864, -0.8859, 0.4680, 0.0278, 0.1008, -0.1560]
  [pull c1 s16] delta=[0.0015, -0.0183, 0.0014, 0.0306, -0.0400, 0.0019] rel_d=0.0184m ayal_F/T_tcp=[7.3589, -8.3854, 7.3481, 0.7109, 1.3099, 0.0537] uri_F/T_tcp=[6.9827, 5.9308, 8.7499, -0.8186, 1.3949, -0.1159]
  [pull c1 s17] delta=[0.0006, -0.0188, -0.0010, -0.0384, -4.4258, -4.4212] rel_d=0.0188m ayal_F/T_tcp=[0.0607, 0.8280, 0.1349, -0.3487, 0.1821, -0.2318] uri_F/T_tcp=[0.2645, -3.0997, 0.4393, 0.2943, 0.2640, -0.1942]
  [pull c1 s18] delta=[0.0002, -0.0188, -0.0012, -0.0451, -4.4461, -4.4166] rel_d=0.0188m ayal_F/T_tcp=[-2.0913, -0.5047, 0.6515, -0.2412, -0.0049, -0.2122] uri_F/T_tcp=[-1.6299, -1.6675, 0.9728, 0.1600, 0.0219, -0.1684]
  [pull c1 s19] delta=[0.0008, -0.0203, 0.0015, -0.0431, -4.4154, -4.4251] rel_d=0.0204m ayal_F/T_tcp=[1.7246, -10.4293, 6.3996, 0.8831, 0.4670, -0.0769] uri_F/T_tcp=[1.8949, 7.5460, 7.9375, -0.9596, 0.6345, -0.2184]
  [pull c1 s20] delta=[0.0003, -0.0198, -0.0011, -0.0089, -0.0272, -0.0350] rel_d=0.0198m ayal_F/T_tcp=[-1.0683, 2.4783, -1.0158, -0.4152, -0.0131, 0.1246] uri_F/T_tcp=[-1.3551, -3.5827, -1.0486, 0.3631, -0.0153, -0.0517]
  [pull c1 s21] delta=[0.0006, -0.0224, -0.0008, 0.0295, -0.0100, -0.0096] rel_d=0.0225m ayal_F/T_tcp=[-0.1840, -2.1631, -0.0454, -0.0736, 0.1205, -0.1729] uri_F/T_tcp=[-0.2327, 0.0375, 0.6893, 0.0051, 0.1818, -0.1568]
  [pull c1 s22] delta=[-0.0011, -0.0220, -0.0004, -0.0222, -0.0244, -0.0104] rel_d=0.0220m ayal_F/T_tcp=[-3.8723, -1.2003, -0.1872, -0.0654, -0.4011, 0.0187] uri_F/T_tcp=[-4.3125, -0.3939, -0.0125, 0.0171, -0.3850, -0.1304]
  [pull c1 s23] delta=[0.0013, -0.0245, -0.0020, 0.0092, 0.0217, -0.0197] rel_d=0.0247m ayal_F/T_tcp=[4.1846, -0.6569, 2.2977, -0.1812, 0.8093, -0.2099] uri_F/T_tcp=[4.7469, -1.2682, 2.6636, 0.1680, 0.9257, -0.1641]
  [pull c1 s24] delta=[0.0016, -0.0240, -0.0001, 0.0207, -0.0287, -0.0038] rel_d=0.0241m ayal_F/T_tcp=[4.0642, -5.5887, -2.8790, 0.3864, 0.7995, 0.0279] uri_F/T_tcp=[4.4010, 3.7276, -1.7658, -0.4557, 1.0116, -0.1059]
  step cap hit before reaching rel_d target; backing off anyway
  extra pull-back 20.0 mm along ayal -Z
  [pull_backoff c1 s0] delta=[0.0011, -0.0440, -0.0003, 0.0207, -0.0287, -0.0038] rel_d=0.0440m ayal_F/T_tcp=[-1.3034, -1.6303, -0.0613, -0.0455, 0.0278, -0.0017] uri_F/T_tcp=[-1.5565, -0.2181, 0.0463, -0.0120, 0.0868, -0.1572]
choose_new_uri_location: picked [0.4200, -0.3600, 0.6600, 1.5710, 0.0000, 0.0000] (attempt 2)
move ayal to compact position
move uri to [0.4200, -0.3600, 0.6600, 1.5710, 0.0000, 0.0000]
  computed ayal mate: [-0.0750, 0.6011, 0.3906, 0.0043, 2.2193, 2.2197]
ayal current position: [-0.1516, 0.3111, 0.5246, 0.0490, -0.3561, -2.2489]
uri  mate: [0.4200, -0.3600, 0.6600, 1.5710, -0.0000, 0.0001]
ayal mate: [-0.0750, 0.6011, 0.3906, 0.0042, 2.2193, 2.2197]
ayal_unmate: [-0.0751, 0.5751, 0.3906, 0.0042, 2.2193, 2.2197]
[cycle 2] insert: target rel_d <= 1.5 mm (cap 25 steps × 1.0 mm), then seek |F_z|>=5.0 N (cap 15 steps)
saved 92 records to /home/user/Projects/yarbiv/rmp_lab/dual_arm_peg/output/auto_peg_cycle.json
