uri rxyz anchor (first pose): [1.3406, -0.4122, -0.1840]
ayal current position: [-0.2833, 0.4618, 0.5130, 0.2669, 2.1574, 1.7547]
uri  mate: [0.2200, -0.4800, 0.7800, 1.3406, -0.4122, -0.1840]
ayal mate: [-0.2754, 0.4819, 0.5106, 0.2416, 2.1352, 1.7291]
ayal_unmate: [-0.2873, 0.4548, 0.5157, 0.2416, 2.1352, 1.7291]
[cycle 0] insert: target rel_d <= 1.5 mm (cap 25 steps × 1.0 mm), then seek |F_z|>=5.0 N (cap 15 steps)
  [insert c0 s0] delta=[-0.0103, -0.0218, 0.0031, 0.0324, 0.0209, -0.0085] rel_d=0.0243m ayal_F/T_tcp=[-9.8257, -6.8596, 8.8725, 0.7112, -1.2743, 0.0864] uri_F/T_tcp=[-10.1209, 6.6577, 9.8407, -0.9108, -1.5449, 0.0675]
  [insert c0 s1] delta=[-0.0086, -0.0218, 0.0029, -0.0326, -0.0319, 0.0131] rel_d=0.0236m ayal_F/T_tcp=[-0.3866, -3.6475, 4.4462, 0.4599, -0.0578, 0.0249] uri_F/T_tcp=[0.2169, 4.0273, 4.8264, -0.5327, -0.0599, 0.1305]
  [insert c0 s2] delta=[-0.0089, -0.0187, 0.0048, 0.0239, -0.0164, -0.0400] rel_d=0.0213m ayal_F/T_tcp=[-9.8900, -25.7103, -2.3661, 2.7821, -1.2829, 0.0770] uri_F/T_tcp=[-9.9903, 24.3006, 1.2331, -3.5667, -1.5551, 0.0343]
  large wrench over 20.0 N detected, aborting insert: [-9.8900, -25.7103, -2.3661, 2.7821, -1.2829, 0.0770]. distance was 0.0213 m
  exceeded wrench. straightening then entering force-seek
  [straightening c0 s2] delta=[-0.0087, -0.0199, 0.0037, -0.0001, -0.0000, 0.0000] rel_d=0.0220m ayal_F/T_tcp=[-6.0796, -8.3615, 10.3105, 1.1134, -0.8057, 0.1022] uri_F/T_tcp=[-5.9623, 8.2714, 11.7503, -1.3510, -1.0030, 0.0544]
  large wrench over 20.0 N detected, aborting insert: [-9.8900, -25.7103, -2.3661, 2.7821, -1.2829, 0.0770]. distance was 0.0213 m
  exceeded wrench during straightening. skipping force-seek and moving to next cycle.
[cycle 0] pull: target rel_d >= 27.0 mm (cap 25 steps × 1.0 mm), then -Z back-off 20.0 mm
  [pull c0 s0] delta=[0.0002, 0.0008, -0.0001, 0.0090, 0.0002, 0.0089] rel_d=0.0008m ayal_F/T_tcp=[-5.2516, -12.0815, -40.8699, 1.5752, -0.8191, 0.0393] uri_F/T_tcp=[-5.2912, 11.6087, -38.5263, -1.5006, -1.2505, 0.0179]
  large wrench over 20.0 N detected, aborting insert: [-5.2516, -12.0815, -40.8699, 1.5752, -0.8191, 0.0393]. distance was 0.0008 m
  exceeded wrench. straightening then moving to next cycle
  [straightening c0 s0] delta=[-0.0004, -0.0009, 0.0002, 0.0000, -0.0000, 0.0000] rel_d=0.0010m ayal_F/T_tcp=[-2.6049, -16.6254, -1.2252, 1.8250, -0.4070, 0.2005] uri_F/T_tcp=[-3.0906, 15.7052, 1.1825, -2.1110, -0.5865, 0.1528]
  [pull c0 s1] delta=[-0.0002, -0.0018, 0.0005, -0.0012, -0.0058, -0.0256] rel_d=0.0019m ayal_F/T_tcp=[5.4122, -20.5275, 14.0004, 2.2626, 1.0920, 0.1875] uri_F/T_tcp=[4.9050, 19.4689, 16.7208, -2.7906, 0.6593, 0.2582]
  large wrench over 20.0 N detected, aborting insert: [5.4122, -20.5275, 14.0004, 2.2626, 1.0920, 0.1875]. distance was 0.0019 m
  exceeded wrench. straightening then moving to next cycle
  [straightening c0 s1] delta=[-0.0008, -0.0018, 0.0003, 0.0000, -0.0000, 0.0000] rel_d=0.0020m ayal_F/T_tcp=[-4.2202, -17.3571, 14.4345, 2.0706, -0.3536, 0.0650] uri_F/T_tcp=[-3.8240, 15.8009, 16.9949, -2.2079, -0.4196, 0.0404]
  [pull c0 s2] delta=[0.0002, -0.0017, -0.0010, -0.0169, 0.0400, -0.0074] rel_d=0.0020m ayal_F/T_tcp=[7.0843, -1.8596, 1.7424, 0.3748, 0.8672, 0.2177] uri_F/T_tcp=[7.5847, 2.0078, 1.7132, -0.4305, 1.4052, 0.1641]
  [pull c0 s3] delta=[-0.0019, -0.0016, -0.0009, 0.0153, 0.0200, 0.0231] rel_d=0.0026m ayal_F/T_tcp=[-16.2330, -4.1352, 14.1616, 0.4692, -2.3948, -0.2696] uri_F/T_tcp=[-17.1405, 3.5660, 14.8706, -0.4440, -2.5802, -0.1702]
  [pull c0 s4] delta=[-0.0018, -0.0040, 0.0008, 0.0002, -0.0104, 0.0400] rel_d=0.0044m ayal_F/T_tcp=[-1.2454, -20.6523, 33.1334, 2.2782, 0.0188, -0.1316] uri_F/T_tcp=[-0.7008, 17.2941, 35.8175, -2.1530, 0.0253, -0.0067]
  large wrench over 20.0 N detected, aborting insert: [-1.2454, -20.6523, 33.1334, 2.2782, 0.0188, -0.1316]. distance was 0.0044 m
  exceeded wrench. straightening then moving to next cycle
  [straightening c0 s4] delta=[-0.0020, -0.0045, 0.0008, -0.0001, -0.0000, 0.0000] rel_d=0.0050m ayal_F/T_tcp=[-2.5962, -17.1479, 19.5352, 1.8891, -0.2277, 0.1408] uri_F/T_tcp=[-3.0632, 16.0922, 21.8904, -2.1722, -0.3739, 0.1200]
  [pull c0 s5] delta=[-0.0021, -0.0041, -0.0000, -0.0256, -0.0315, -0.0045] rel_d=0.0046m ayal_F/T_tcp=[-9.0499, -3.1005, 7.7737, 0.4772, -1.2314, 0.3120] uri_F/T_tcp=[-9.5540, 2.7798, 8.4218, -0.4414, -1.6576, 0.3859]
  [pull c0 s6] delta=[-0.0036, -0.0074, -0.0003, -0.0054, -0.0209, 0.0031] rel_d=0.0083m ayal_F/T_tcp=[-10.2222, 3.1566, 19.3523, -0.3334, -1.5086, -0.0173] uri_F/T_tcp=[-10.5042, -3.2518, 18.7717, 0.2340, -1.8488, 0.0765]
  [pull c0 s7] delta=[-0.0040, -0.0082, 0.0005, 0.0063, -0.0173, 0.0388] rel_d=0.0091m ayal_F/T_tcp=[-7.9087, -3.8200, 15.4147, 0.2768, -1.1343, -0.0653] uri_F/T_tcp=[-7.9463, 3.4818, 15.3353, -0.4321, -1.4339, 0.0511]
  [pull c0 s8] delta=[-0.0028, -0.0096, 0.0020, -0.0161, -0.0273, 0.0036] rel_d=0.0101m ayal_F/T_tcp=[12.6654, -18.7310, 25.6702, 2.0416, 2.3276, 0.3256] uri_F/T_tcp=[13.1112, 17.5584, 27.6709, -2.5770, 2.2469, 0.2819]
  large wrench over 20.0 N detected, aborting insert: [12.6654, -18.7310, 25.6702, 2.0416, 2.3276, 0.3256]. distance was 0.0101 m
  exceeded wrench. straightening then moving to next cycle
  [straightening c0 s8] delta=[-0.0036, -0.0081, 0.0015, 0.0000, 0.0000, -0.0000] rel_d=0.0090m ayal_F/T_tcp=[-7.2183, -13.9686, 5.8638, 1.5246, -0.6664, 0.1303] uri_F/T_tcp=[-6.8339, 13.3659, 8.3149, -1.9628, -0.8928, 0.0730]
  [pull c0 s9] delta=[-0.0049, -0.0095, 0.0030, -0.0253, -0.0207, 0.0038] rel_d=0.0111m ayal_F/T_tcp=[-8.3129, -32.4824, 29.0091, 3.6775, -0.7795, 0.0787] uri_F/T_tcp=[-8.4855, 29.3621, 34.0422, -4.0180, -1.0403, 0.1755]
  large wrench over 20.0 N detected, aborting insert: [-8.3129, -32.4824, 29.0091, 3.6775, -0.7795, 0.0787]. distance was 0.0111 m
  exceeded wrench. straightening then moving to next cycle
  [straightening c0 s9] delta=[-0.0040, -0.0090, 0.0017, -0.0000, 0.0000, 0.0000] rel_d=0.0100m ayal_F/T_tcp=[-5.4937, -11.5368, 8.4718, 1.4585, -0.5975, 0.0566] uri_F/T_tcp=[-5.0443, 11.1641, 10.4755, -1.7686, -0.7765, 0.0319]
  [pull c0 s10] delta=[-0.0058, -0.0113, 0.0023, -0.0400, -0.0045, 0.0045] rel_d=0.0129m ayal_F/T_tcp=[-11.1006, -18.0081, 29.9559, 2.0901, -1.3291, 0.2662] uri_F/T_tcp=[-10.6586, 16.3920, 32.5230, -2.3522, -1.4830, 0.2084]
  large wrench over 20.0 N detected, aborting insert: [-11.1006, -18.0081, 29.9559, 2.0901, -1.3291, 0.2662]. distance was 0.0129 m
  exceeded wrench. straightening then moving to next cycle
  [straightening c0 s10] delta=[-0.0043, -0.0099, 0.0019, 0.0001, 0.0000, 0.0000] rel_d=0.0110m ayal_F/T_tcp=[-5.7076, -11.1779, 5.4681, 1.3867, -0.6953, -0.0422] uri_F/T_tcp=[-5.1188, 10.9264, 7.4440, -1.7223, -0.8849, 0.0614]
  [pull c0 s11] delta=[-0.0042, -0.0106, 0.0005, -0.0358, 0.0109, 0.0097] rel_d=0.0114m ayal_F/T_tcp=[-1.4115, 1.7250, 11.1421, -0.0534, -0.2166, 0.1757] uri_F/T_tcp=[-0.8449, -1.3531, 10.7858, 0.0760, -0.1958, 0.1400]
  [pull c0 s12] delta=[-0.0053, -0.0120, 0.0023, -0.0117, 0.0244, 0.0152] rel_d=0.0133m ayal_F/T_tcp=[-4.0058, -18.6336, 21.0692, 2.0030, -0.3017, -0.0721] uri_F/T_tcp=[-2.9154, 16.9961, 23.4138, -2.2471, -0.3157, 0.0288]
  large wrench over 20.0 N detected, aborting insert: [-4.0058, -18.6336, 21.0692, 2.0030, -0.3017, -0.0721]. distance was 0.0133 m
  exceeded wrench. straightening then moving to next cycle
  [straightening c0 s12] delta=[-0.0052, -0.0118, 0.0022, -0.0000, 0.0000, 0.0000] rel_d=0.0130m ayal_F/T_tcp=[-6.3468, -13.4805, 13.1781, 1.5212, -0.6853, -0.0099] uri_F/T_tcp=[-6.1938, 12.7359, 15.6964, -1.8228, -0.8679, 0.0858]
  [pull c0 s13] delta=[-0.0067, -0.0136, 0.0032, -0.0053, 0.0153, -0.0041] rel_d=0.0155m ayal_F/T_tcp=[-10.3748, -24.0835, 19.0884, 2.7092, -1.2977, 0.0759] uri_F/T_tcp=[-10.4550, 22.2749, 22.6091, -3.0448, -1.4341, 0.0431]
  large wrench over 20.0 N detected, aborting insert: [-10.3748, -24.0835, 19.0884, 2.7092, -1.2977, 0.0759]. distance was 0.0155 m
  exceeded wrench. straightening then moving to next cycle
  [straightening c0 s13] delta=[-0.0067, -0.0136, 0.0032, -0.0052, 0.0153, -0.0041] rel_d=0.0155m ayal_F/T_tcp=[-10.2782, -23.6960, 18.9798, 2.6959, -1.2891, 0.0719] uri_F/T_tcp=[-10.2763, 22.0956, 22.2541, -3.0283, -1.4292, 0.0458]
  [pull c0 s14] delta=[-0.0073, -0.0149, 0.0011, 0.0051, 0.0264, -0.0092] rel_d=0.0166m ayal_F/T_tcp=[-11.7371, 1.3655, 16.1353, -0.0989, -1.8039, 0.1586] uri_F/T_tcp=[-12.2408, -1.0971, 16.4541, -0.0555, -2.1219, 0.0864]
  [pull c0 s15] delta=[-0.0063, -0.0141, 0.0020, 0.0038, 0.0254, -0.0121] rel_d=0.0156m ayal_F/T_tcp=[-6.3657, -7.7623, 10.3846, 0.7440, -1.0731, 0.1492] uri_F/T_tcp=[-7.0468, 7.1541, 11.6824, -0.9601, -1.2969, 0.0825]
  [pull c0 s16] delta=[-0.0061, -0.0154, 0.0030, -0.0137, 0.0212, 0.0031] rel_d=0.0169m ayal_F/T_tcp=[3.4801, -17.3002, 25.2442, 1.8446, 0.7434, 0.0346] uri_F/T_tcp=[4.2432, 15.9410, 26.8681, -2.2430, 0.7917, 0.1281]
  large wrench over 20.0 N detected, aborting insert: [3.4801, -17.3002, 25.2442, 1.8446, 0.7434, 0.0346]. distance was 0.0169 m
  exceeded wrench. straightening then moving to next cycle
  [straightening c0 s16] delta=[-0.0061, -0.0154, 0.0030, -0.0137, 0.0212, 0.0031] rel_d=0.0168m ayal_F/T_tcp=[3.3006, -17.0755, 24.7406, 1.8359, 0.7249, 0.0392] uri_F/T_tcp=[4.0351, 15.5787, 26.5399, -2.2333, 0.7700, 0.1287]
  [pull c0 s17] delta=[-0.0062, -0.0173, 0.0037, -0.0213, 0.0020, 0.0326] rel_d=0.0187m ayal_F/T_tcp=[9.9581, -20.1794, 33.8700, 2.2813, 1.9675, -0.0114] uri_F/T_tcp=[11.4066, 17.3895, 35.7886, -2.5594, 2.1878, 0.0981]
  large wrench over 20.0 N detected, aborting insert: [9.9581, -20.1794, 33.8700, 2.2813, 1.9675, -0.0114]. distance was 0.0187 m
  exceeded wrench. straightening then moving to next cycle
  [straightening c0 s17] delta=[-0.0071, -0.0163, 0.0031, -0.0000, -0.0000, 0.0000] rel_d=0.0180m ayal_F/T_tcp=[-8.5811, -11.1063, 14.3000, 1.2534, -0.8926, -0.0174] uri_F/T_tcp=[-8.3725, 10.4276, 15.8647, -1.5686, -1.1385, 0.1047]
  [pull c0 s18] delta=[-0.0068, -0.0171, 0.0026, -0.0379, 0.0035, 0.0172] rel_d=0.0186m ayal_F/T_tcp=[0.9017, -4.7823, 18.8894, 0.5651, 0.3616, 0.1588] uri_F/T_tcp=[1.8179, 4.6853, 18.8190, -0.8275, 0.2829, 0.1477]
  [pull c0 s19] delta=[-0.0068, -0.0161, 0.0039, 0.0148, -0.0206, 0.0385] rel_d=0.0178m ayal_F/T_tcp=[-2.5354, -22.2318, 6.5710, 2.3911, -0.0953, -0.1283] uri_F/T_tcp=[-2.1698, 20.6866, 10.0859, -2.9226, -0.1543, -0.0332]
  large wrench over 20.0 N detected, aborting insert: [-2.5354, -22.2318, 6.5710, 2.3911, -0.0953, -0.1283]. distance was 0.0178 m
  exceeded wrench. straightening then moving to next cycle
  [straightening c0 s19] delta=[-0.0079, -0.0180, 0.0034, -0.0000, -0.0000, -0.0000] rel_d=0.0200m ayal_F/T_tcp=[-7.8797, -9.4707, 13.3721, 1.1571, -0.8957, 0.1132] uri_F/T_tcp=[-7.5368, 8.8079, 15.2441, -1.4143, -1.1156, 0.0793]
  [pull c0 s20] delta=[-0.0070, -0.0179, 0.0042, 0.0243, -0.0333, -0.0056] rel_d=0.0196m ayal_F/T_tcp=[3.0358, -20.4718, 9.2345, 2.2593, 0.6504, -0.0086] uri_F/T_tcp=[3.1922, 19.1340, 12.5705, -2.7904, 0.6194, 0.0774]
  large wrench over 20.0 N detected, aborting insert: [3.0358, -20.4718, 9.2345, 2.2593, 0.6504, -0.0086]. distance was 0.0196 m
  exceeded wrench. straightening then moving to next cycle
  [straightening c0 s20] delta=[-0.0083, -0.0190, 0.0036, -0.0000, -0.0000, -0.0000] rel_d=0.0210m ayal_F/T_tcp=[-8.6647, -9.0626, 12.9168, 1.0887, -0.9394, 0.1053] uri_F/T_tcp=[-8.2583, 8.4258, 14.3645, -1.3459, -1.1684, 0.0816]
  [pull c0 s21] delta=[-0.0082, -0.0183, 0.0040, 0.0041, 0.0224, -0.0305] rel_d=0.0204m ayal_F/T_tcp=[-8.5022, -17.6451, 4.2297, 1.8530, -1.0264, 0.1192] uri_F/T_tcp=[-8.7586, 16.5182, 7.0153, -2.3824, -1.2778, 0.0771]
  [pull c0 s22] delta=[-0.0091, -0.0210, 0.0027, -0.0018, -0.0032, -0.0261] rel_d=0.0231m ayal_F/T_tcp=[-8.1670, -3.7988, 12.4059, 0.4887, -1.0060, -0.0219] uri_F/T_tcp=[-7.7079, 3.4674, 13.2374, -0.6908, -1.2547, 0.0846]
  [pull c0 s23] delta=[-0.0105, -0.0213, 0.0051, -0.0182, -0.0102, -0.0287] rel_d=0.0242m ayal_F/T_tcp=[-11.9196, -17.6199, 12.1275, 1.9085, -1.5231, 0.0462] uri_F/T_tcp=[-12.1311, 16.4845, 14.5789, -2.2906, -1.8388, 0.0931]
  [pull c0 s24] delta=[-0.0112, -0.0219, 0.0043, -0.0052, -0.0149, 0.0118] rel_d=0.0250m ayal_F/T_tcp=[-11.4880, -5.7086, 10.8992, 0.6741, -1.6861, -0.0111] uri_F/T_tcp=[-12.0203, 5.1665, 12.3418, -0.8880, -2.0026, 0.0824]
  step cap hit before reaching rel_d target; backing off anyway
  extra pull-back 20.0 mm along ayal -Z
  [pull_backoff c0 s0] delta=[-0.0191, -0.0400, 0.0075, -0.0052, -0.0150, 0.0118] rel_d=0.0450m ayal_F/T_tcp=[-6.7288, -6.5109, 10.8489, 0.7572, -1.1646, 0.0225] uri_F/T_tcp=[-7.5788, 6.2550, 12.2672, -0.9692, -1.3941, 0.0833]
choose_new_uri_location: picked [0.2600, -0.4400, 0.6600, 1.5035, -0.2468, -0.3114] (attempt 1)
move ayal to compact position
move uri to [0.2600, -0.4400, 0.6600, 1.5035, -0.2468, -0.3114]
  computed ayal mate: [-0.2353, 0.5217, 0.3906, 0.4163, 2.0905, 1.9896]
ayal current position: [-0.4537, 0.2760, 0.5180, -0.2470, 2.2964, 1.9668]
uri  mate: [0.2600, -0.4400, 0.6600, 1.5035, -0.2468, -0.3114]
ayal mate: [-0.2353, 0.5217, 0.3906, 0.4163, 2.0905, 1.9896]
ayal_unmate: [-0.2459, 0.4937, 0.3922, 0.4163, 2.0905, 1.9896]
[cycle 1] insert: target rel_d <= 1.5 mm (cap 25 steps × 1.0 mm), then seek |F_z|>=5.0 N (cap 15 steps)
  [insert c1 s0] delta=[-0.0091, -0.0213, 0.0020, -0.0095, -0.0072, 0.0034] rel_d=0.0233m ayal_F/T_tcp=[-7.1071, -1.2837, -16.9962, 0.0518, -0.9065, 0.1228] uri_F/T_tcp=[-8.2601, 2.4040, -17.5984, -0.2647, -1.2643, -0.0034]
  [insert c1 s1] delta=[-0.0074, -0.0212, 0.0026, -0.0388, 0.0069, -0.0040] rel_d=0.0227m ayal_F/T_tcp=[5.5181, -11.2132, -17.7480, 1.0738, 0.9478, 0.0408] uri_F/T_tcp=[4.9103, 11.2923, -16.6714, -1.6276, 1.0243, -0.0698]
  [insert c1 s2] delta=[-0.0088, -0.0206, -0.0008, -0.0099, -0.0133, -0.0359] rel_d=0.0224m ayal_F/T_tcp=[-7.6010, 9.7491, -2.5721, -1.2095, -1.2819, 0.0516] uri_F/T_tcp=[-8.8749, -9.7164, -4.6394, 1.3644, -1.5007, 0.0359]
  [insert c1 s3] delta=[-0.0070, -0.0188, -0.0003, 0.0019, 0.0040, -0.0131] rel_d=0.0200m ayal_F/T_tcp=[1.3844, 2.8143, -2.0372, -0.4654, 0.0572, 0.1076] uri_F/T_tcp=[0.6942, -2.6009, -2.8056, 0.6043, 0.0724, -0.0298]
  [insert c1 s4] delta=[-0.0060, -0.0197, 0.0019, -0.0088, -0.0118, -0.0270] rel_d=0.0207m ayal_F/T_tcp=[12.1369, -15.0795, 5.9631, 1.5336, 2.1181, 0.1279] uri_F/T_tcp=[11.8323, 14.0360, 7.6565, -1.9071, 2.3354, 0.1279]
  [insert c1 s5] delta=[-0.0057, -0.0194, 0.0016, 0.0262, -0.0099, -0.0029] rel_d=0.0203m ayal_F/T_tcp=[11.0599, -10.0010, -3.9934, 1.1164, 1.9007, -0.1380] uri_F/T_tcp=[11.4469, 9.1069, -2.3156, -1.3305, 2.2522, -0.1346]
  [insert c1 s6] delta=[-0.0044, -0.0175, 0.0003, -0.0025, -0.0269, 0.0185] rel_d=0.0180m ayal_F/T_tcp=[15.3385, 2.2399, -14.5685, -0.0687, 2.4246, 0.0339] uri_F/T_tcp=[16.3481, -1.6050, -14.7709, 0.2862, 3.0402, 0.0632]
  [insert c1 s7] delta=[-0.0050, -0.0173, 0.0002, -0.0011, 0.0367, -0.0135] rel_d=0.0180m ayal_F/T_tcp=[0.8408, 1.6921, -3.6369, -0.2005, 0.8381, 0.1438] uri_F/T_tcp=[0.4882, -1.6175, -3.5098, 0.3156, 1.0506, -0.0293]
  [insert c1 s8] delta=[-0.0071, -0.0145, 0.0009, 0.0127, 0.0098, 0.0303] rel_d=0.0162m ayal_F/T_tcp=[-15.0140, -4.8525, -14.8595, 0.4865, -1.9270, -0.1782] uri_F/T_tcp=[-16.2326, 5.1755, -13.8088, -0.5462, -2.3857, -0.1688]
  [insert c1 s9] delta=[-0.0058, -0.0126, 0.0028, 0.0051, -0.0317, 0.0082] rel_d=0.0142m ayal_F/T_tcp=[-13.1830, -22.2749, -20.2404, 2.5740, -1.6177, 0.0106] uri_F/T_tcp=[-14.0897, 22.0237, -15.8847, -3.3952, -1.8429, 0.0038]
  large wrench over 20.0 N detected, aborting insert: [-13.1830, -22.2749, -20.2404, 2.5740, -1.6177, 0.0106]. distance was 0.0142 m
  exceeded wrench. straightening then entering force-seek
  [straightening c1 s9] delta=[-0.0053, -0.0140, 0.0008, 0.0000, -0.0000, -0.0000] rel_d=0.0150m ayal_F/T_tcp=[-1.0971, -0.9948, -1.0966, 0.2722, 0.1518, 0.1100] uri_F/T_tcp=[-1.2862, 1.3803, -0.9524, -0.3065, 0.1798, -0.0586]
  large wrench over 20.0 N detected, aborting insert: [-13.1830, -22.2749, -20.2404, 2.5740, -1.6177, 0.0106]. distance was 0.0142 m
  exceeded wrench during straightening. skipping force-seek and moving to next cycle.
[cycle 1] pull: target rel_d >= 27.0 mm (cap 25 steps × 1.0 mm), then -Z back-off 20.0 mm
  [pull c1 s0] delta=[0.0005, -0.0006, 0.0012, 0.0071, 0.0044, 0.0253] rel_d=0.0015m ayal_F/T_tcp=[1.9613, -23.2093, -31.9045, 2.6763, 0.8913, -0.0395] uri_F/T_tcp=[1.9667, 21.9903, -27.6232, -3.1534, 1.2819, -0.1796]
  large wrench over 20.0 N detected, aborting insert: [1.9613, -23.2093, -31.9045, 2.6763, 0.8913, -0.0395]. distance was 0.0015 m
  exceeded wrench. straightening then moving to next cycle
  [straightening c1 s0] delta=[-0.0004, -0.0009, 0.0001, 0.0000, 0.0000, -0.0000] rel_d=0.0010m ayal_F/T_tcp=[-6.1002, -8.4857, -10.0070, 0.9390, -0.4280, -0.0420] uri_F/T_tcp=[-6.9598, 7.5253, -8.3519, -0.9601, -0.5234, -0.0289]
  [pull c1 s1] delta=[-0.0024, -0.0006, -0.0013, 0.0094, -0.0330, 0.0030] rel_d=0.0027m ayal_F/T_tcp=[-18.5250, 7.8500, -4.4374, -1.0606, -2.7235, -0.0106] uri_F/T_tcp=[-20.1183, -7.9613, -6.8296, 1.2177, -3.2146, -0.0454]
  [pull c1 s2] delta=[-0.0003, -0.0029, 0.0009, 0.0037, -0.0007, -0.0312] rel_d=0.0030m ayal_F/T_tcp=[10.2728, -20.9694, 20.4079, 2.1375, 2.0166, 0.2323] uri_F/T_tcp=[8.9824, 19.1813, 22.8494, -2.4099, 1.9713, 0.0455]
  large wrench over 20.0 N detected, aborting insert: [10.2728, -20.9694, 20.4079, 2.1375, 2.0166, 0.2323]. distance was 0.0030 m
  exceeded wrench. straightening then moving to next cycle
  [straightening c1 s2] delta=[-0.0003, -0.0028, 0.0009, 0.0037, -0.0007, -0.0312] rel_d=0.0030m ayal_F/T_tcp=[10.0872, -20.7866, 20.0422, 2.1329, 1.9900, 0.2264] uri_F/T_tcp=[8.7188, 19.0206, 22.5529, -2.3975, 1.9543, 0.0413]
  [pull c1 s3] delta=[-0.0018, -0.0046, 0.0002, 0.0133, -0.0029, 0.0064] rel_d=0.0049m ayal_F/T_tcp=[-1.8283, -6.7480, 3.3201, 0.7745, 0.1180, 0.1176] uri_F/T_tcp=[-1.8491, 5.8222, 4.6225, -0.7817, 0.2085, -0.0669]
  [pull c1 s4] delta=[-0.0019, -0.0042, 0.0004, 0.0061, -0.0378, -0.0182] rel_d=0.0046m ayal_F/T_tcp=[-7.5650, -7.2689, -1.9836, 0.8346, -0.7289, 0.2238] uri_F/T_tcp=[-8.8451, 6.5839, -1.0945, -0.7994, -1.0064, 0.1867]
  [pull c1 s5] delta=[-0.0012, -0.0063, -0.0007, -0.0018, 0.0279, 0.0083] rel_d=0.0064m ayal_F/T_tcp=[-1.3084, 1.0276, 6.1812, -0.3110, 0.9553, 0.1071] uri_F/T_tcp=[-2.3001, -1.3509, 6.3870, 0.4474, 1.1829, -0.0886]
  [pull c1 s6] delta=[-0.0040, -0.0076, 0.0005, 0.0081, -0.0059, -0.0400] rel_d=0.0086m ayal_F/T_tcp=[-16.8701, -8.1747, 15.7535, 0.7744, -1.8733, 0.0808] uri_F/T_tcp=[-19.2154, 6.6806, 16.6958, -0.7210, -2.1149, 0.0434]
  [pull c1 s7] delta=[-0.0029, -0.0078, 0.0010, -0.0332, -0.0214, -0.0065] rel_d=0.0084m ayal_F/T_tcp=[-0.2272, -12.6195, 9.6648, 1.3436, 0.2978, 0.3401] uri_F/T_tcp=[-2.1126, 10.9791, 11.6106, -1.2150, 0.5569, 0.1361]
  [pull c1 s8] delta=[-0.0026, -0.0082, 0.0016, 0.0301, -0.0256, -0.0153] rel_d=0.0087m ayal_F/T_tcp=[-1.2827, -18.3161, 6.9520, 1.8777, 0.4431, -0.0718] uri_F/T_tcp=[-2.9732, 16.5275, 10.1199, -2.0566, 0.5237, -0.1515]
  [pull c1 s9] delta=[-0.0034, -0.0091, 0.0003, -0.0189, 0.0137, 0.0028] rel_d=0.0097m ayal_F/T_tcp=[-6.0276, -2.2469, 2.7480, 0.1490, -0.1122, 0.1814] uri_F/T_tcp=[-7.0433, 1.8547, 3.4174, -0.1411, -0.0276, -0.0402]
  [pull c1 s10] delta=[-0.0027, -0.0094, 0.0004, -0.0138, 0.0054, -0.0013] rel_d=0.0098m ayal_F/T_tcp=[2.8105, -3.7790, 3.1687, 0.2617, 0.9347, 0.0313] uri_F/T_tcp=[1.5657, 3.5840, 3.9878, -0.3173, 1.1502, -0.0243]
  [pull c1 s11] delta=[-0.0049, -0.0104, -0.0009, -0.0142, 0.0400, 0.0299] rel_d=0.0116m ayal_F/T_tcp=[-10.5426, 3.5178, 11.0759, -0.7645, -1.0521, 0.0487] uri_F/T_tcp=[-12.0212, -3.8116, 11.3766, 0.7179, -0.9138, -0.1935]
  [pull c1 s12] delta=[-0.0041, -0.0121, -0.0001, 0.0036, -0.0069, -0.0084] rel_d=0.0128m ayal_F/T_tcp=[-6.9782, -1.2599, 2.4937, -0.1155, -0.0233, -0.0324] uri_F/T_tcp=[-7.9149, 0.8214, 3.2772, 0.1328, 0.0257, -0.0359]
  [pull c1 s13] delta=[-0.0044, -0.0128, 0.0008, -0.0044, -0.0070, -0.0009] rel_d=0.0135m ayal_F/T_tcp=[-5.9658, -9.4403, 6.5659, 0.8047, -0.0333, 0.0957] uri_F/T_tcp=[-7.3862, 8.4364, 8.4042, -0.7990, 0.0870, -0.0570]
  [pull c1 s14] delta=[-0.0052, -0.0128, 0.0006, -0.0326, -0.0187, -0.0060] rel_d=0.0138m ayal_F/T_tcp=[-10.9494, -7.2052, 10.1508, 0.5723, -0.8483, 0.1293] uri_F/T_tcp=[-12.6263, 5.8816, 11.4679, -0.4709, -0.8171, 0.0732]
  [pull c1 s15] delta=[-0.0057, -0.0133, -0.0008, 0.0195, -0.0059, 0.0054] rel_d=0.0145m ayal_F/T_tcp=[-8.1651, 6.0069, 9.4372, -0.8949, -0.8085, -0.0737] uri_F/T_tcp=[-10.7190, -5.6931, 9.0475, 0.8600, -0.8501, -0.1350]
  [pull c1 s16] delta=[-0.0049, -0.0154, 0.0010, 0.0216, 0.0077, -0.0007] rel_d=0.0162m ayal_F/T_tcp=[0.8610, -12.3057, 9.9050, 1.0703, 0.8306, 0.0713] uri_F/T_tcp=[-0.0269, 10.7086, 11.7238, -1.0767, 1.0063, -0.1071]
  [pull c1 s17] delta=[-0.0070, -0.0166, 0.0015, -0.0023, -0.0200, 0.0113] rel_d=0.0180m ayal_F/T_tcp=[-10.5804, -11.2338, 9.3809, 1.1000, -1.0729, 0.0527] uri_F/T_tcp=[-13.1754, 9.6538, 11.6448, -1.1105, -1.0162, -0.0259]
  [pull c1 s18] delta=[-0.0057, -0.0186, 0.0004, -0.0087, 0.0085, 0.0186] rel_d=0.0194m ayal_F/T_tcp=[4.6754, 0.7948, 9.7785, -0.1868, 1.3320, 0.1434] uri_F/T_tcp=[3.6824, -1.0611, 9.3011, 0.2558, 1.5358, -0.0621]
  [pull c1 s19] delta=[-0.0074, -0.0207, -0.0007, 0.0182, -0.0046, 0.0282] rel_d=0.0220m ayal_F/T_tcp=[-2.9658, 4.9854, 6.7673, -0.7917, 0.0990, 0.0031] uri_F/T_tcp=[-5.1810, -4.8839, 6.0699, 0.8495, 0.1288, -0.0844]
  [pull c1 s20] delta=[-0.0068, -0.0181, 0.0021, 0.0321, -0.0197, -0.0180] rel_d=0.0195m ayal_F/T_tcp=[-4.7827, -14.3367, -7.9531, 1.2320, -0.2064, -0.0047] uri_F/T_tcp=[-6.7241, 13.6799, -5.3634, -1.6654, -0.1542, -0.0796]
  [pull c1 s21] delta=[-0.0073, -0.0202, 0.0004, -0.0371, 0.0123, 0.0044] rel_d=0.0215m ayal_F/T_tcp=[-2.7886, -1.4644, 2.2357, -0.0305, 0.1733, 0.1668] uri_F/T_tcp=[-4.3571, 0.9972, 2.8687, 0.0287, 0.2696, -0.0560]
  [pull c1 s22] delta=[-0.0095, -0.0208, 0.0010, 0.0056, -0.0180, -0.0245] rel_d=0.0228m ayal_F/T_tcp=[-12.6788, -2.6751, 7.4439, 0.0623, -1.4571, 0.0890] uri_F/T_tcp=[-15.2582, 2.0130, 7.8728, -0.0178, -1.5354, 0.0007]
  [pull c1 s23] delta=[-0.0088, -0.0233, 0.0027, 0.0261, -0.0161, 0.0077] rel_d=0.0251m ayal_F/T_tcp=[-1.6281, -2.6314, 1.3529, 0.0704, 0.0514, 0.0011] uri_F/T_tcp=[-3.7865, 1.8643, 2.7373, -0.0866, 0.1533, -0.0598]
  [pull c1 s24] delta=[-0.0095, -0.0219, 0.0034, 0.0280, 0.0182, -0.0036] rel_d=0.0241m ayal_F/T_tcp=[-8.8262, -7.1764, -14.2895, 0.4719, -0.9019, 0.2065] uri_F/T_tcp=[-10.9556, 6.9064, -12.3762, -0.8755, -0.9659, -0.0113]
  step cap hit before reaching rel_d target; backing off anyway
  extra pull-back 20.0 mm along ayal -Z
  [pull_backoff c1 s0] delta=[-0.0165, -0.0406, 0.0048, 0.0282, 0.0182, -0.0037] rel_d=0.0441m ayal_F/T_tcp=[-1.4314, -1.7264, 1.5919, -0.0178, 0.0484, 0.0497] uri_F/T_tcp=[-3.6282, 0.9702, 3.0940, 0.0107, 0.1368, -0.0602]
choose_new_uri_location: picked [0.3400, -0.3200, 0.4600, 1.5005, -0.3201, -0.1666] (attempt 1)
move ayal to compact position
move uri to [0.3400, -0.3200, 0.4600, 1.5005, -0.3201, -0.1666]
  computed ayal mate: [-0.1548, 0.6414, 0.1906, 0.2208, 2.0635, 1.9513]
ayal current position: [-0.4316, 0.3296, 0.3953, 0.0234, -2.2363, -2.0819]
uri  mate: [0.3400, -0.3200, 0.4600, 1.5005, -0.3201, -0.1667]
ayal mate: [-0.1548, 0.6414, 0.1906, 0.2208, 2.0636, 1.9514]
ayal_unmate: [-0.1642, 0.6129, 0.1917, 0.2208, 2.0636, 1.9514]
[cycle 2] insert: target rel_d <= 1.5 mm (cap 25 steps × 1.0 mm), then seek |F_z|>=5.0 N (cap 15 steps)
[cycle 2] insert skipped after fault
[cycle 2] pull: target rel_d >= 27.0 mm (cap 25 steps × 1.0 mm), then -Z back-off 20.0 mm
  [pull c2 s0] delta=[-0.0023, -0.0011, 0.0008, 0.0028, 0.0182, 0.0046] rel_d=0.0027m ayal_F/T_tcp=[-26.4809, -12.4668, -41.9790, 1.3559, -4.5714, 0.0808] uri_F/T_tcp=[-28.4741, 12.1600, -39.8955, -1.7278, -5.2292, -0.0296]
  large wrench over 20.0 N detected, aborting insert: [-26.4809, -12.4668, -41.9790, 1.3559, -4.5714, 0.0808]. distance was 0.0027 m
  exceeded wrench. straightening then moving to next cycle
  [straightening c2 s0] delta=[-0.0003, -0.0010, 0.0000, 0.0000, 0.0000, 0.0000] rel_d=0.0010m ayal_F/T_tcp=[0.3217, 0.5825, -7.8932, -0.0311, -0.3853, 0.1957] uri_F/T_tcp=[0.7850, -0.7165, -9.1282, 0.0732, -0.4666, 0.0858]
  [pull c2 s1] delta=[-0.0005, -0.0027, 0.0014, -0.0015, 0.0042, 0.0088] rel_d=0.0030m ayal_F/T_tcp=[4.1319, -12.6622, 10.8550, 1.4107, 0.6232, 0.0010] uri_F/T_tcp=[6.0619, 11.3909, 11.1527, -1.4124, 0.7320, 0.0641]
  [pull c2 s2] delta=[-0.0015, -0.0027, 0.0003, -0.0001, -0.0126, 0.0099] rel_d=0.0031m ayal_F/T_tcp=[-9.2333, -0.7782, 8.2595, 0.1592, -1.5094, 0.1925] uri_F/T_tcp=[-9.0470, 0.3802, 6.8489, -0.0852, -1.6378, 0.0976]
  [pull c2 s3] delta=[-0.0007, -0.0031, 0.0006, -0.0187, 0.0113, -0.0263] rel_d=0.0031m ayal_F/T_tcp=[2.8375, -3.9707, 7.5838, 0.3264, 0.2651, 0.1804] uri_F/T_tcp=[4.5504, 3.8852, 6.8735, -0.5975, 0.3517, 0.2714]
  [pull c2 s4] delta=[-0.0024, -0.0038, 0.0008, -0.0330, -0.0128, 0.0177] rel_d=0.0046m ayal_F/T_tcp=[-14.4302, -9.1718, 27.1751, 1.1190, -2.4410, 0.3321] uri_F/T_tcp=[-14.1839, 6.9240, 27.0559, -0.7834, -2.1311, 0.2115]
  large wrench over 20.0 N detected, aborting insert: [-14.4302, -9.1718, 27.1751, 1.1190, -2.4410, 0.3321]. distance was 0.0046 m
  exceeded wrench. straightening then moving to next cycle
  [straightening c2 s4] delta=[-0.0015, -0.0047, 0.0002, 0.0000, -0.0000, -0.0000] rel_d=0.0049m ayal_F/T_tcp=[-0.3724, -0.5396, 2.4415, 0.0540, -0.3305, 0.0096] uri_F/T_tcp=[0.4738, 0.3280, 1.2730, -0.0550, -0.3733, 0.1079]
  [pull c2 s5] delta=[-0.0006, -0.0067, -0.0001, -0.0056, 0.0146, 0.0095] rel_d=0.0066m ayal_F/T_tcp=[8.1395, 1.2863, 10.8614, -0.2353, 1.1792, -0.0407] uri_F/T_tcp=[10.3559, -1.7195, 8.8048, 0.2220, 1.3021, 0.1030]
  [pull c2 s6] delta=[-0.0036, -0.0049, 0.0009, -0.0400, 0.0065, 0.0196] rel_d=0.0062m ayal_F/T_tcp=[-22.3896, -11.1550, -13.5008, 1.2850, -4.2576, 0.3537] uri_F/T_tcp=[-24.3370, 10.3088, -11.8227, -1.3032, -3.9605, 0.2206]
  large wrench over 20.0 N detected, aborting insert: [-22.3896, -11.1550, -13.5008, 1.2850, -4.2576, 0.3537]. distance was 0.0062 m
  exceeded wrench. straightening then moving to next cycle
  [straightening c2 s6] delta=[-0.0022, -0.0066, 0.0003, -0.0000, 0.0000, -0.0000] rel_d=0.0070m ayal_F/T_tcp=[1.9282, -0.7427, 0.9313, -0.0122, -0.1076, -0.0002] uri_F/T_tcp=[2.6182, 0.0474, -0.1664, -0.0181, -0.1589, 0.0949]
  [pull c2 s7] delta=[-0.0029, -0.0087, -0.0007, -0.0158, -0.0242, -0.0400] rel_d=0.0091m ayal_F/T_tcp=[-1.8855, 4.4343, 26.5109, -0.5668, -0.4207, 0.4511] uri_F/T_tcp=[-2.2095, -4.8737, 24.3958, 0.5218, -0.7083, 0.3543]
  large wrench over 20.0 N detected, aborting insert: [-1.8855, 4.4343, 26.5109, -0.5668, -0.4207, 0.4511]. distance was 0.0091 m
  exceeded wrench. straightening then moving to next cycle
  [straightening c2 s7] delta=[-0.0025, -0.0076, 0.0003, 0.0001, -0.0000, 0.0000] rel_d=0.0080m ayal_F/T_tcp=[1.4719, -2.5830, 0.4016, 0.1029, -0.0625, 0.0135] uri_F/T_tcp=[2.3313, 1.6272, -0.1839, -0.1753, -0.1246, 0.0887]
  [pull c2 s8] delta=[-0.0029, -0.0094, -0.0005, 0.0013, -0.0283, 0.0085] rel_d=0.0098m ayal_F/T_tcp=[1.0074, 5.0871, 5.2184, -0.5780, -0.0535, 0.1393] uri_F/T_tcp=[1.9738, -5.3383, 3.4977, 0.5926, -0.1514, 0.0852]
  [pull c2 s9] delta=[-0.0032, -0.0101, 0.0016, -0.0262, 0.0039, -0.0265] rel_d=0.0106m ayal_F/T_tcp=[3.0531, -9.9155, 13.8816, 0.8747, 0.3921, 0.1669] uri_F/T_tcp=[4.3099, 8.7568, 13.8095, -1.1251, 0.4119, 0.2420]
  [pull c2 s10] delta=[-0.0027, -0.0105, 0.0017, 0.0158, 0.0130, -0.0161] rel_d=0.0110m ayal_F/T_tcp=[4.2742, -10.9206, 5.8138, 1.1088, 0.6893, -0.1041] uri_F/T_tcp=[6.6267, 9.1540, 6.1968, -1.2159, 0.7655, 0.0096]
  [pull c2 s11] delta=[-0.0028, -0.0127, -0.0011, -0.0114, -0.0228, -0.0071] rel_d=0.0130m ayal_F/T_tcp=[4.7703, 10.1199, 13.5334, -1.1154, 0.7959, 0.1930] uri_F/T_tcp=[6.6045, -9.0061, 10.3551, 1.0720, 0.7462, 0.1549]
  [pull c2 s12] delta=[-0.0048, -0.0131, 0.0013, -0.0400, -0.0353, 0.0163] rel_d=0.0139m ayal_F/T_tcp=[-5.9933, -7.0520, 9.9980, 0.6891, -0.9515, 0.2575] uri_F/T_tcp=[-5.4619, 5.8460, 9.5973, -0.7098, -0.9911, 0.1688]
  [pull c2 s13] delta=[-0.0043, -0.0135, -0.0007, 0.0159, -0.0281, 0.0009] rel_d=0.0141m ayal_F/T_tcp=[-1.4385, 5.9822, 5.2945, -0.7147, -0.3246, -0.0114] uri_F/T_tcp=[-0.2872, -6.0432, 3.4101, 0.7158, -0.4569, 0.0845]
  [pull c2 s14] delta=[-0.0030, -0.0162, 0.0001, 0.0261, -0.0400, -0.0084] rel_d=0.0164m ayal_F/T_tcp=[10.0441, 0.8125, 10.3616, -0.1771, 1.5631, 0.2035] uri_F/T_tcp=[11.7075, -0.8848, 8.8785, 0.1169, 1.4983, 0.1629]
  [pull c2 s15] delta=[-0.0038, -0.0143, 0.0014, -0.0297, 0.0157, -0.0197] rel_d=0.0148m ayal_F/T_tcp=[-0.5316, -6.2171, -4.2933, 0.5685, 0.0606, 0.0181] uri_F/T_tcp=[1.2239, 5.7288, -4.6739, -0.7216, 0.0041, 0.1285]
  [pull c2 s16] delta=[-0.0062, -0.0154, 0.0007, -0.0248, 0.0105, -0.0024] rel_d=0.0166m ayal_F/T_tcp=[-11.1046, -1.7277, 9.2424, 0.1131, -1.8437, 0.2434] uri_F/T_tcp=[-11.1183, 0.6897, 8.7689, -0.0785, -1.9229, 0.1560]
  [pull c2 s17] delta=[-0.0076, -0.0175, 0.0013, 0.0042, 0.0310, 0.0220] rel_d=0.0191m ayal_F/T_tcp=[-15.1625, -4.7157, 11.8800, 0.3469, -2.4169, -0.1066] uri_F/T_tcp=[-14.3511, 4.5375, 11.9508, -0.6713, -2.5008, -0.0188]
  [pull c2 s18] delta=[-0.0065, -0.0193, 0.0001, -0.0148, 0.0148, -0.0105] rel_d=0.0204m ayal_F/T_tcp=[0.6778, 0.7891, 2.0485, -0.1340, -0.2227, 0.1723] uri_F/T_tcp=[1.3691, -1.0468, 0.9318, 0.1335, -0.2856, 0.1078]
  [pull c2 s19] delta=[-0.0082, -0.0200, 0.0021, -0.0103, -0.0090, -0.0129] rel_d=0.0217m ayal_F/T_tcp=[-11.0633, -7.8562, 8.0377, 0.7985, -1.8419, 0.2248] uri_F/T_tcp=[-11.3487, 6.8594, 7.9721, -0.8629, -2.0367, 0.1327]
  [pull c2 s20] delta=[-0.0068, -0.0200, 0.0002, 0.0005, 0.0018, -0.0116] rel_d=0.0210m ayal_F/T_tcp=[0.3184, 0.7686, 1.5093, -0.1279, -0.1675, 0.0112] uri_F/T_tcp=[1.6831, -1.0565, 0.1314, 0.1329, -0.2509, 0.1063]
  [pull c2 s21] delta=[-0.0068, -0.0204, 0.0014, -0.0130, 0.0172, 0.0346] rel_d=0.0215m ayal_F/T_tcp=[1.3375, -3.1217, 2.0318, 0.2293, -0.0196, 0.1411] uri_F/T_tcp=[2.1405, 2.5399, 1.4796, -0.2634, -0.0491, 0.0906]
  [pull c2 s22] delta=[-0.0085, -0.0220, 0.0014, -0.0280, 0.0135, 0.0139] rel_d=0.0236m ayal_F/T_tcp=[-5.8944, -0.8578, 3.9158, 0.0200, -1.0518, 0.1853] uri_F/T_tcp=[-5.6965, 0.5037, 2.8679, -0.0592, -1.1790, 0.1060]
  [pull c2 s23] delta=[-0.0084, -0.0230, 0.0012, -0.0166, 0.0019, -0.0108] rel_d=0.0245m ayal_F/T_tcp=[-0.0809, -0.5147, 1.5021, -0.0428, -0.1972, 0.0192] uri_F/T_tcp=[1.1898, 0.0740, 0.3871, 0.0170, -0.2879, 0.1087]
  [pull c2 s24] delta=[-0.0079, -0.0236, 0.0008, -0.0294, 0.0050, -0.0285] rel_d=0.0249m ayal_F/T_tcp=[0.7596, -0.3807, 1.4855, -0.0229, -0.0479, 0.0043] uri_F/T_tcp=[2.2295, 0.3289, 0.2675, 0.0046, -0.1222, 0.1041]
  step cap hit before reaching rel_d target; backing off anyway
  extra pull-back 20.0 mm along ayal -Z
  [pull_backoff c2 s0] delta=[-0.0141, -0.0426, 0.0018, -0.0295, 0.0050, -0.0286] rel_d=0.0449m ayal_F/T_tcp=[0.3802, -0.7383, 1.3906, -0.0308, -0.0319, -0.0073] uri_F/T_tcp=[2.2553, 0.2715, 0.3482, 0.0039, -0.1191, 0.1024]
choose_new_uri_location: picked [0.1000, -0.5200, 0.7800, 1.1973, -0.3977, -0.2880] (attempt 9)
move ayal to compact position
move uri to [0.1000, -0.5200, 0.7800, 1.1973, -0.3977, -0.2880]
  computed ayal mate: [-0.3956, 0.4424, 0.5106, 0.3822, 2.2461, 1.5695]
ayal current position: [-0.4062, 0.4713, 0.1924, -0.2850, 2.2512, 2.1555]
uri  mate: [0.1000, -0.5200, 0.7800, 1.1972, -0.3977, -0.2880]
ayal mate: [-0.3956, 0.4424, 0.5106, 0.3821, 2.2462, 1.5695]
ayal_unmate: [-0.4090, 0.4172, 0.5198, 0.3821, 2.2462, 1.5695]
[cycle 3] insert: target rel_d <= 1.5 mm (cap 25 steps × 1.0 mm), then seek |F_z|>=5.0 N (cap 15 steps)
saved 111 records to /home/user/Projects/yarbiv/rmp_lab/dual_arm_peg/output/auto_peg_cycle_8.json
