uri rxyz anchor (first pose): [1.4127, -0.5701, -0.7654]
ayal current position: [-0.1823, -0.0881, 0.1054, 1.4195, 1.4901, 0.5844]
uri  mate: [0.1000, -0.4800, 0.4200, 1.4127, -0.5701, -0.7654]
ayal mate: [-0.3954, 0.4824, 0.1506, 0.9223, 1.7874, 1.6946]
ayal_unmate: [-0.4158, 0.4649, 0.1531, 0.9223, 1.7874, 1.6946]
[cycle 0] insert: target rel_d <= 1.5 mm (cap 25 steps × 1.0 mm), then seek |F_z|>=5.0 N (cap 15 steps)
  [insert c0 s0] delta=[-0.0192, -0.0149, 0.0021, 0.0202, -0.0184, -0.0062] rel_d=0.0244m ayal_F/T_tcp=[-0.0171, -0.9398, -0.1518, -0.0483, 0.0043, -0.1370] uri_F/T_tcp=[0.2255, 0.1061, -0.4056, 0.0010, -0.0048, 0.0016]
  [insert c0 s1] delta=[-0.0177, -0.0141, 0.0008, 0.0084, 0.0066, -0.0276] rel_d=0.0226m ayal_F/T_tcp=[4.8597, 1.6221, -4.3753, -0.1533, 0.6351, -0.0098] uri_F/T_tcp=[5.9719, -1.7078, -4.9218, 0.2423, 0.7664, 0.0227]
  [insert c0 s2] delta=[-0.0161, -0.0163, 0.0025, -0.0262, 0.0040, 0.0052] rel_d=0.0230m ayal_F/T_tcp=[19.3489, -12.5369, -1.0545, 1.5715, 3.5589, -0.0716] uri_F/T_tcp=[21.7979, 11.2523, 0.1923, -1.7526, 4.0675, 0.1526]
  [insert c0 s3] delta=[-0.0166, -0.0147, 0.0031, -0.0173, -0.0255, 0.0238] rel_d=0.0224m ayal_F/T_tcp=[-1.5541, -10.0777, -8.7804, 1.2629, 0.2200, -0.1903] uri_F/T_tcp=[-0.5099, 9.8562, -6.1944, -1.6068, 0.2864, 0.0283]
  [insert c0 s4] delta=[-0.0141, -0.0134, 0.0026, 0.0135, -0.0080, -0.0121] rel_d=0.0196m ayal_F/T_tcp=[9.3279, -12.9772, -23.4909, 1.5823, 1.5776, -0.0607] uri_F/T_tcp=[11.0410, 12.6766, -21.1626, -2.0626, 2.0739, -0.0151]
  large wrench over 20.0 N detected, aborting insert: [9.3279, -12.9772, -23.4909, 1.5823, 1.5776, -0.0607]. distance was 0.0196 m
  exceeded wrench. straightening then entering force-seek
  [straightening c0 s4] delta=[-0.0151, -0.0130, 0.0019, 0.0000, -0.0000, 0.0000] rel_d=0.0200m ayal_F/T_tcp=[-2.6780, -2.8520, -2.7120, 0.4636, -0.0639, -0.1652] uri_F/T_tcp=[-1.8508, 2.7104, -1.7505, -0.6006, -0.0739, 0.0111]
  large wrench over 20.0 N detected, aborting insert: [9.3279, -12.9772, -23.4909, 1.5823, 1.5776, -0.0607]. distance was 0.0196 m
  exceeded wrench during straightening. skipping force-seek and moving to next cycle.
[cycle 0] pull: target rel_d >= 27.0 mm (cap 25 steps × 1.0 mm), then -Z back-off 20.0 mm
  [pull c0 s0] delta=[-0.0001, 0.0002, -0.0003, -0.0221, 0.0014, 0.0322] rel_d=0.0004m ayal_F/T_tcp=[2.2633, -1.4014, -39.2806, 0.3424, 0.0651, -0.1672] uri_F/T_tcp=[2.5034, 1.9287, -38.2641, -0.3262, 0.5385, 0.0257]
  large wrench over 20.0 N detected, aborting insert: [2.2633, -1.4014, -39.2806, 0.3424, 0.0651, -0.1672]. distance was 0.0004 m
  exceeded wrench. straightening then moving to next cycle
  [straightening c0 s0] delta=[-0.0007, -0.0006, 0.0001, -0.0000, -0.0000, -0.0000] rel_d=0.0010m ayal_F/T_tcp=[0.4622, -10.2827, 0.6808, 1.2088, 0.3625, -0.0492] uri_F/T_tcp=[1.0012, 9.5301, 2.6516, -1.2988, 0.3781, -0.0123]
  [pull c0 s1] delta=[-0.0005, -0.0010, -0.0003, -0.0194, 0.0072, -0.0074] rel_d=0.0011m ayal_F/T_tcp=[10.3552, -4.6211, 1.0780, 0.6815, 1.6360, 0.1286] uri_F/T_tcp=[11.2454, 4.7767, 1.5081, -0.8051, 1.8829, 0.1426]
  [pull c0 s2] delta=[-0.0020, -0.0007, -0.0002, -0.0291, 0.0203, -0.0168] rel_d=0.0022m ayal_F/T_tcp=[-7.8510, -5.8357, 21.3956, 0.6751, -1.0203, 0.3548] uri_F/T_tcp=[-7.8931, 5.2628, 22.2285, -0.9018, -0.8038, 0.2901]
  large wrench over 20.0 N detected, aborting insert: [-7.8510, -5.8357, 21.3956, 0.6751, -1.0203, 0.3548]. distance was 0.0022 m
  exceeded wrench. straightening then moving to next cycle
  [straightening c0 s2] delta=[-0.0023, -0.0019, 0.0003, -0.0000, -0.0000, 0.0000] rel_d=0.0030m ayal_F/T_tcp=[2.5472, -10.3704, 4.1923, 1.2163, 0.5462, -0.2134] uri_F/T_tcp=[3.1460, 9.1124, 5.9174, -1.2547, 0.6025, -0.0308]
  [pull c0 s3] delta=[-0.0037, -0.0007, -0.0005, 0.0012, -0.0272, 0.0051] rel_d=0.0038m ayal_F/T_tcp=[-13.7923, 3.9021, 4.9973, -0.4308, -2.1823, -0.0712] uri_F/T_tcp=[-15.2089, -5.0638, 4.6260, 0.6023, -2.4677, 0.0714]
  [pull c0 s4] delta=[-0.0058, -0.0034, 0.0020, 0.0213, 0.0204, 0.0007] rel_d=0.0070m ayal_F/T_tcp=[-6.1879, -25.4671, 17.1907, 2.8964, -0.9316, -0.1357] uri_F/T_tcp=[-6.1883, 23.7197, 20.6707, -3.3653, -0.6392, -0.1604]
  large wrench over 20.0 N detected, aborting insert: [-6.1879, -25.4671, 17.1907, 2.8964, -0.9316, -0.1357]. distance was 0.0070 m
  exceeded wrench. straightening then moving to next cycle
  [straightening c0 s4] delta=[-0.0038, -0.0032, 0.0005, -0.0000, 0.0000, 0.0000] rel_d=0.0050m ayal_F/T_tcp=[7.2072, -5.1738, -10.8687, 0.7445, 1.0297, -0.1370] uri_F/T_tcp=[8.0894, 4.4159, -10.0035, -0.8360, 1.3064, 0.0390]
  [pull c0 s5] delta=[-0.0042, -0.0019, -0.0008, 0.0033, -0.0051, 0.0042] rel_d=0.0046m ayal_F/T_tcp=[-5.4587, 6.0997, -4.3357, -0.5664, -0.8189, -0.1951] uri_F/T_tcp=[-5.5860, -5.9645, -4.8658, 0.6685, -0.9574, -0.0171]
  [pull c0 s6] delta=[-0.0062, -0.0053, 0.0018, 0.0356, -0.0018, 0.0326] rel_d=0.0083m ayal_F/T_tcp=[4.2806, -20.9550, 30.6066, 2.4607, 1.0741, -0.5112] uri_F/T_tcp=[7.0113, 17.7684, 33.0900, -2.4536, 1.5708, -0.2916]
  large wrench over 20.0 N detected, aborting insert: [4.2806, -20.9550, 30.6066, 2.4607, 1.0741, -0.5112]. distance was 0.0083 m
  exceeded wrench. straightening then moving to next cycle
  [straightening c0 s6] delta=[-0.0053, -0.0045, 0.0007, -0.0000, -0.0000, -0.0000] rel_d=0.0070m ayal_F/T_tcp=[3.7196, -3.7565, -6.6780, 0.7143, 0.6841, 0.0198] uri_F/T_tcp=[4.4744, 3.6782, -5.7717, -0.7476, 0.8621, 0.0548]
  [pull c0 s7] delta=[-0.0047, -0.0050, -0.0001, 0.0035, -0.0260, 0.0400] rel_d=0.0069m ayal_F/T_tcp=[12.5091, 2.4010, -4.1582, -0.0403, 2.0882, -0.4168] uri_F/T_tcp=[14.1631, -3.2488, -4.1091, 0.3289, 2.3993, -0.1852]
  [pull c0 s8] delta=[-0.0062, -0.0067, 0.0017, -0.0400, 0.0129, -0.0021] rel_d=0.0094m ayal_F/T_tcp=[14.9737, -16.8702, 30.7520, 1.9709, 2.9202, 0.3072] uri_F/T_tcp=[16.5061, 15.9060, 31.6243, -2.4101, 3.2036, 0.3131]
  large wrench over 20.0 N detected, aborting insert: [14.9737, -16.8702, 30.7520, 1.9709, 2.9202, 0.3072]. distance was 0.0094 m
  exceeded wrench. straightening then moving to next cycle
  [straightening c0 s8] delta=[-0.0068, -0.0058, 0.0009, -0.0000, 0.0000, 0.0000] rel_d=0.0090m ayal_F/T_tcp=[-1.5325, -4.9773, 1.4274, 0.7224, 0.1992, -0.2096] uri_F/T_tcp=[-0.5622, 4.0704, 2.8090, -0.7801, 0.2074, -0.0055]
  [pull c0 s9] delta=[-0.0062, -0.0069, 0.0023, 0.0101, 0.0137, 0.0211] rel_d=0.0096m ayal_F/T_tcp=[13.6442, -25.5429, 9.4926, 3.2187, 2.8062, -0.4672] uri_F/T_tcp=[17.1010, 22.3478, 12.6284, -3.2954, 3.3818, -0.2288]
  large wrench over 20.0 N detected, aborting insert: [13.6442, -25.5429, 9.4926, 3.2187, 2.8062, -0.4672]. distance was 0.0096 m
  exceeded wrench. straightening then moving to next cycle
  [straightening c0 s9] delta=[-0.0076, -0.0065, 0.0009, -0.0000, 0.0000, 0.0000] rel_d=0.0100m ayal_F/T_tcp=[-2.2316, -3.2049, 1.6597, 0.6765, -0.0151, -0.0153] uri_F/T_tcp=[-1.7198, 3.1554, 2.6004, -0.6916, -0.0257, 0.0073]
  [pull c0 s10] delta=[-0.0097, -0.0062, 0.0008, -0.0063, -0.0205, -0.0400] rel_d=0.0115m ayal_F/T_tcp=[-11.2522, -2.1289, 17.3441, 0.4982, -1.5049, 0.2316] uri_F/T_tcp=[-12.5920, 1.7064, 17.1671, -0.3487, -1.9418, 0.2026]
  [pull c0 s11] delta=[-0.0089, -0.0058, 0.0016, -0.0219, -0.0154, -0.0102] rel_d=0.0107m ayal_F/T_tcp=[-7.1467, -13.4071, -1.8535, 1.5673, -1.0334, -0.0851] uri_F/T_tcp=[-7.1829, 12.3233, 1.0361, -1.7191, -1.0884, 0.0650]
  [pull c0 s12] delta=[-0.0090, -0.0087, 0.0016, 0.0024, 0.0180, -0.0101] rel_d=0.0126m ayal_F/T_tcp=[15.2312, -10.6528, 22.0812, 1.5038, 2.8150, 0.0272] uri_F/T_tcp=[16.7116, 10.4126, 22.6845, -1.6777, 3.0340, 0.0415]
  large wrench over 20.0 N detected, aborting insert: [15.2312, -10.6528, 22.0812, 1.5038, 2.8150, 0.0272]. distance was 0.0126 m
  exceeded wrench. straightening then moving to next cycle
  [straightening c0 s12] delta=[-0.0098, -0.0084, 0.0012, 0.0000, -0.0000, -0.0000] rel_d=0.0130m ayal_F/T_tcp=[1.4352, -4.1919, 5.8779, 0.7180, 0.7239, -0.1953] uri_F/T_tcp=[3.0920, 3.8365, 6.7830, -0.7604, 0.7725, 0.0059]
  [pull c0 s13] delta=[-0.0109, -0.0089, -0.0001, 0.0117, -0.0084, 0.0052] rel_d=0.0141m ayal_F/T_tcp=[1.1017, 8.4677, 5.4860, -0.7441, 0.3602, -0.2392] uri_F/T_tcp=[1.4575, -7.8929, 5.0836, 0.8274, 0.3204, -0.0418]
  [pull c0 s14] delta=[-0.0126, -0.0077, 0.0022, -0.0209, -0.0080, -0.0043] rel_d=0.0149m ayal_F/T_tcp=[-16.7405, -12.7242, 9.0053, 1.5946, -2.6686, 0.0965] uri_F/T_tcp=[-18.1272, 11.3554, 12.0856, -1.6394, -2.8349, 0.0754]
  [pull c0 s15] delta=[-0.0114, -0.0093, 0.0018, -0.0244, 0.0071, 0.0157] rel_d=0.0148m ayal_F/T_tcp=[6.1028, -7.8259, 3.8850, 1.0803, 1.0908, -0.1990] uri_F/T_tcp=[7.2941, 7.2475, 5.3551, -1.1633, 1.2253, -0.0038]
  [pull c0 s16] delta=[-0.0130, -0.0111, 0.0036, -0.0211, -0.0100, 0.0028] rel_d=0.0175m ayal_F/T_tcp=[4.4695, -24.0308, 17.9040, 2.9650, 1.2982, -0.1233] uri_F/T_tcp=[5.7820, 21.5551, 21.6201, -3.2026, 1.3002, 0.0726]
  large wrench over 20.0 N detected, aborting insert: [4.4695, -24.0308, 17.9040, 2.9650, 1.2982, -0.1233]. distance was 0.0175 m
  exceeded wrench. straightening then moving to next cycle
  [straightening c0 s16] delta=[-0.0129, -0.0110, 0.0016, -0.0000, 0.0000, 0.0000] rel_d=0.0170m ayal_F/T_tcp=[5.2727, -0.2450, 0.2950, 0.3351, 1.1093, -0.0713] uri_F/T_tcp=[6.7590, 0.5288, 0.9681, -0.3898, 1.2235, -0.0205]
  [pull c0 s17] delta=[-0.0117, -0.0106, 0.0006, -0.0080, 0.0178, -0.0372] rel_d=0.0158m ayal_F/T_tcp=[7.8113, 3.2522, -9.3374, 0.0468, 1.3137, 0.0223] uri_F/T_tcp=[9.3091, -2.6102, -8.9713, 0.1141, 1.6175, 0.0679]
  [pull c0 s18] delta=[-0.0126, -0.0128, 0.0018, -0.0020, -0.0215, -0.0323] rel_d=0.0181m ayal_F/T_tcp=[18.2340, -7.5777, 18.2219, 0.9356, 3.3607, -0.0458] uri_F/T_tcp=[19.0232, 6.8851, 20.1281, -1.1836, 3.3874, 0.1414]
  [pull c0 s19] delta=[-0.0136, -0.0136, 0.0027, -0.0369, 0.0043, 0.0035] rel_d=0.0193m ayal_F/T_tcp=[16.7005, -13.4635, 20.9339, 1.5613, 3.3013, -0.0176] uri_F/T_tcp=[18.8303, 12.0375, 22.3456, -1.9114, 3.5071, 0.1739]
  large wrench over 20.0 N detected, aborting insert: [16.7005, -13.4635, 20.9339, 1.5613, 3.3013, -0.0176]. distance was 0.0193 m
  exceeded wrench. straightening then moving to next cycle
  [straightening c0 s19] delta=[-0.0151, -0.0130, 0.0019, -0.0000, 0.0000, 0.0000] rel_d=0.0200m ayal_F/T_tcp=[-2.5725, -1.6839, -0.3938, 0.3895, 0.0590, -0.2289] uri_F/T_tcp=[-1.2700, 1.4808, 0.8015, -0.4462, 0.0430, -0.0042]
  [pull c0 s20] delta=[-0.0158, -0.0144, 0.0005, -0.0017, -0.0400, 0.0045] rel_d=0.0214m ayal_F/T_tcp=[5.9763, 7.1232, 8.5145, -0.5981, 1.2587, -0.2062] uri_F/T_tcp=[7.3254, -6.6782, 8.2569, 0.6561, 1.2840, 0.0301]
  [pull c0 s21] delta=[-0.0146, -0.0144, 0.0025, 0.0369, -0.0191, -0.0019] rel_d=0.0206m ayal_F/T_tcp=[9.8060, -10.9489, -8.4105, 1.2890, 1.8078, -0.0942] uri_F/T_tcp=[11.4567, 9.9462, -6.3712, -1.5397, 2.2066, -0.0410]
  [pull c0 s22] delta=[-0.0182, -0.0134, 0.0012, 0.0260, -0.0211, -0.0223] rel_d=0.0227m ayal_F/T_tcp=[-9.2237, 3.3346, 6.0553, -0.2516, -1.3446, 0.0241] uri_F/T_tcp=[-9.6326, -3.0998, 6.0967, 0.2490, -1.4940, 0.0042]
  [pull c0 s23] delta=[-0.0188, -0.0169, 0.0019, 0.0356, 0.0063, -0.0096] rel_d=0.0253m ayal_F/T_tcp=[0.1749, 0.6976, -1.4925, 0.0091, -0.0164, -0.0134] uri_F/T_tcp=[0.1140, -0.5162, -1.0039, -0.0192, -0.0194, -0.0077]
  [pull c0 s24] delta=[-0.0169, -0.0163, 0.0024, -0.0050, 0.0400, 0.0137] rel_d=0.0236m ayal_F/T_tcp=[5.0331, -4.5870, -33.1894, 0.6255, 0.4492, 0.0173] uri_F/T_tcp=[4.5156, 4.0280, -32.3987, -0.6077, 0.7830, 0.0289]
  large wrench over 20.0 N detected, aborting insert: [5.0331, -4.5870, -33.1894, 0.6255, 0.4492, 0.0173]. distance was 0.0236 m
  exceeded wrench. straightening then moving to next cycle
  [straightening c0 s24] delta=[-0.0189, -0.0162, 0.0024, 0.0000, 0.0000, 0.0000] rel_d=0.0250m ayal_F/T_tcp=[-0.4673, 0.8983, -1.7674, 0.0219, 0.0124, -0.1806] uri_F/T_tcp=[-0.2349, -0.9712, -1.6412, -0.0437, 0.0119, -0.0037]
  step cap hit before reaching rel_d target; backing off anyway
  extra pull-back 20.0 mm along ayal -Z
  [pull_backoff c0 s0] delta=[-0.0340, -0.0291, 0.0043, 0.0001, -0.0000, 0.0000] rel_d=0.0450m ayal_F/T_tcp=[-0.3058, 0.9434, -1.8262, 0.0177, 0.0078, -0.1754] uri_F/T_tcp=[-0.1992, -0.9370, -1.6547, -0.0404, 0.0079, -0.0026]
choose_new_uri_location: picked [0.1400, -0.4800, 0.7800, 1.5267, -0.7437, -0.6019] (attempt 2)
move ayal to compact position
move uri to [0.1400, -0.4800, 0.7800, 1.5267, -0.7437, -0.6019]
  computed ayal mate: [-0.3554, 0.4822, 0.5106, 0.6898, 1.6269, 1.7399]
ayal current position: [-0.5807, 0.2293, 0.1548, 0.5547, 2.0999, 1.9473]
uri  mate: [0.1400, -0.4800, 0.7800, 1.5267, -0.7437, -0.6019]
ayal mate: [-0.3555, 0.4822, 0.5106, 0.6898, 1.6268, 1.7399]
ayal_unmate: [-0.3758, 0.4646, 0.5081, 0.6898, 1.6268, 1.7399]
[cycle 1] insert: target rel_d <= 1.5 mm (cap 25 steps × 1.0 mm), then seek |F_z|>=5.0 N (cap 15 steps)
  [insert c1 s0] delta=[-0.0168, -0.0164, -0.0027, -0.0250, 0.0097, 0.0035] rel_d=0.0236m ayal_F/T_tcp=[8.5028, -0.1209, -8.8709, 0.0358, 1.2013, 0.1675] uri_F/T_tcp=[9.2237, -0.1214, -9.2109, 0.0963, 1.4916, 0.0376]
  [insert c1 s1] delta=[-0.0181, -0.0148, -0.0023, -0.0400, 0.0191, -0.0338] rel_d=0.0236m ayal_F/T_tcp=[-6.8580, -1.8472, -1.8041, 0.1596, -0.9337, 0.2389] uri_F/T_tcp=[-6.9007, 1.2284, -1.6541, -0.1820, -1.0896, 0.0620]
  [insert c1 s2] delta=[-0.0185, -0.0141, -0.0020, 0.0013, -0.0261, -0.0016] rel_d=0.0234m ayal_F/T_tcp=[-10.5922, -5.6356, -3.6509, 0.5615, -1.5063, -0.0308] uri_F/T_tcp=[-10.7625, 5.1403, -3.0644, -0.7179, -1.7763, -0.0418]
  [insert c1 s3] delta=[-0.0158, -0.0138, -0.0012, -0.0246, -0.0033, -0.0140] rel_d=0.0210m ayal_F/T_tcp=[3.6331, -8.6644, -10.0864, 0.9880, 0.4598, 0.1756] uri_F/T_tcp=[3.9645, 8.5580, -8.8035, -1.2288, 0.5976, 0.0284]
  [insert c1 s4] delta=[-0.0155, -0.0150, -0.0025, 0.0165, 0.0124, -0.0244] rel_d=0.0217m ayal_F/T_tcp=[7.8394, 2.9730, 4.9763, -0.2755, 1.2803, 0.1466] uri_F/T_tcp=[8.8573, -2.8391, 4.0854, 0.2607, 1.3712, -0.0149]
  [insert c1 s5] delta=[-0.0162, -0.0132, -0.0020, -0.0033, 0.0158, 0.0096] rel_d=0.0209m ayal_F/T_tcp=[-4.7767, -2.4997, -1.8343, 0.1722, -0.5900, -0.0514] uri_F/T_tcp=[-4.3310, 1.7483, -1.3297, -0.2525, -0.7134, -0.0434]
  [insert c1 s6] delta=[-0.0118, -0.0102, -0.0006, -0.0265, 0.0108, 0.0085] rel_d=0.0156m ayal_F/T_tcp=[1.7031, -11.8855, -9.3970, 1.1486, 0.3286, -0.0225] uri_F/T_tcp=[2.3225, 10.6526, -7.5717, -1.4535, 0.3968, -0.0001]
  [insert c1 s7] delta=[-0.0145, -0.0108, -0.0019, 0.0279, 0.0016, 0.0380] rel_d=0.0182m ayal_F/T_tcp=[-9.9794, -0.6415, 16.0347, 0.0160, -1.4770, -0.2385] uri_F/T_tcp=[-9.4324, 0.1226, 16.7393, -0.2243, -1.4353, -0.2170]
  [insert c1 s8] delta=[-0.0129, -0.0124, -0.0017, -0.0381, 0.0079, 0.0237] rel_d=0.0180m ayal_F/T_tcp=[8.2322, -2.1828, -0.6927, 0.2689, 1.2594, 0.1821] uri_F/T_tcp=[9.4556, 2.0574, -0.8092, -0.2905, 1.4758, 0.0473]
  [insert c1 s9] delta=[-0.0114, -0.0085, -0.0024, -0.0053, -0.0073, -0.0027] rel_d=0.0144m ayal_F/T_tcp=[-7.5388, 3.3493, -7.0124, -0.4038, -0.9805, 0.1858] uri_F/T_tcp=[-7.0736, -3.3828, -7.4127, 0.3909, -1.2255, 0.0107]
  [insert c1 s10] delta=[-0.0099, -0.0071, -0.0020, -0.0100, 0.0191, -0.0137] rel_d=0.0124m ayal_F/T_tcp=[-6.5777, 0.6080, -10.6120, -0.1570, -0.9583, 0.2067] uri_F/T_tcp=[-6.5277, -0.7430, -10.6620, 0.1050, -1.1773, 0.0340]
  [insert c1 s11] delta=[-0.0093, -0.0076, -0.0010, 0.0025, -0.0400, 0.0077] rel_d=0.0120m ayal_F/T_tcp=[0.0769, -6.2622, -0.3589, 0.6211, 0.1424, -0.0555] uri_F/T_tcp=[1.1520, 5.3557, 0.6500, -0.6308, 0.0655, -0.0540]
  [insert c1 s12] delta=[-0.0108, -0.0068, -0.0002, -0.0239, -0.0196, -0.0020] rel_d=0.0127m ayal_F/T_tcp=[-14.8939, -12.9512, 4.9307, 1.4994, -2.2823, 0.2967] uri_F/T_tcp=[-15.8476, 11.4623, 7.0816, -1.5695, -2.4201, 0.1127]
  [insert c1 s13] delta=[-0.0084, -0.0055, -0.0006, -0.0023, -0.0120, 0.0257] rel_d=0.0100m ayal_F/T_tcp=[-5.2656, -5.7263, -16.4639, 0.7067, -0.9155, -0.1367] uri_F/T_tcp=[-5.1732, 5.7514, -14.7795, -0.8616, -1.1411, -0.1279]
  [insert c1 s14] delta=[-0.0089, -0.0052, 0.0011, 0.0150, -0.0206, 0.0318] rel_d=0.0104m ayal_F/T_tcp=[-13.1666, -23.8862, -17.7514, 2.8022, -1.9535, -0.3693] uri_F/T_tcp=[-13.1453, 22.2270, -12.6939, -3.0409, -2.2600, -0.3355]
  large wrench over 20.0 N detected, aborting insert: [-13.1666, -23.8862, -17.7514, 2.8022, -1.9535, -0.3693]. distance was 0.0104 m
  exceeded wrench. straightening then entering force-seek
  [straightening c1 s14] delta=[-0.0075, -0.0065, -0.0009, 0.0000, -0.0000, -0.0000] rel_d=0.0100m ayal_F/T_tcp=[4.1733, -1.2081, -1.9342, 0.2713, 0.5271, 0.1513] uri_F/T_tcp=[5.0302, 0.9185, -2.0149, -0.2940, 0.6544, -0.0060]
  large wrench over 20.0 N detected, aborting insert: [-13.1666, -23.8862, -17.7514, 2.8022, -1.9535, -0.3693]. distance was 0.0104 m
  exceeded wrench during straightening. skipping force-seek and moving to next cycle.
[cycle 1] pull: target rel_d >= 27.0 mm (cap 25 steps × 1.0 mm), then -Z back-off 20.0 mm
  [pull c1 s0] delta=[-0.0009, -0.0019, -0.0015, -0.0217, -0.0164, -0.0069] rel_d=0.0026m ayal_F/T_tcp=[7.0214, 3.8710, -20.2055, -0.2725, 0.9971, 0.1028] uri_F/T_tcp=[8.7235, -3.4161, -20.8681, 0.4980, 1.0990, 0.1193]
  large wrench over 20.0 N detected, aborting insert: [7.0214, 3.8710, -20.2055, -0.2725, 0.9971, 0.1028]. distance was 0.0026 m
  exceeded wrench. straightening then moving to next cycle
  [straightening c1 s0] delta=[-0.0007, -0.0007, -0.0001, -0.0000, 0.0000, -0.0000] rel_d=0.0010m ayal_F/T_tcp=[-1.2942, -9.0149, -22.5048, 0.9720, -0.2657, 0.0841] uri_F/T_tcp=[-0.4067, 8.2170, -21.5043, -1.0052, -0.0046, -0.0404]
  [pull c1 s1] delta=[-0.0020, -0.0019, -0.0019, -0.0068, -0.0204, 0.0112] rel_d=0.0034m ayal_F/T_tcp=[-0.9144, 7.3409, 4.4819, -0.7536, -0.0806, -0.0605] uri_F/T_tcp=[0.0651, -7.7992, 3.6392, 0.8559, -0.1375, -0.0469]
  [pull c1 s2] delta=[-0.0016, 0.0000, -0.0015, -0.0233, -0.0352, -0.0137] rel_d=0.0021m ayal_F/T_tcp=[-10.0975, 5.0039, -24.5443, -0.5337, -1.5135, 0.3862] uri_F/T_tcp=[-10.0462, -4.2982, -25.3894, 0.6414, -1.9597, 0.2048]
  large wrench over 20.0 N detected, aborting insert: [-10.0975, 5.0039, -24.5443, -0.5337, -1.5135, 0.3862]. distance was 0.0021 m
  exceeded wrench. straightening then moving to next cycle
  [straightening c1 s2] delta=[-0.0022, -0.0020, -0.0003, 0.0000, -0.0000, -0.0000] rel_d=0.0030m ayal_F/T_tcp=[3.2694, -7.8293, 4.4295, 0.8076, 0.4886, 0.0998] uri_F/T_tcp=[4.1423, 7.0768, 5.3428, -0.8710, 0.5648, -0.0556]
  [pull c1 s3] delta=[-0.0028, -0.0017, 0.0016, -0.0205, 0.0106, 0.0157] rel_d=0.0037m ayal_F/T_tcp=[-2.8806, -29.2136, 1.9049, 3.6168, -0.3332, 0.0140] uri_F/T_tcp=[-1.4376, 26.4320, 6.5897, -3.4419, 0.2737, 0.0228]
  large wrench over 20.0 N detected, aborting insert: [-2.8806, -29.2136, 1.9049, 3.6168, -0.3332, 0.0140]. distance was 0.0037 m
  exceeded wrench. straightening then moving to next cycle
  [straightening c1 s3] delta=[-0.0030, -0.0026, -0.0004, 0.0000, -0.0000, 0.0000] rel_d=0.0040m ayal_F/T_tcp=[0.6544, -2.3285, 1.0081, 0.5178, 0.1854, 0.0926] uri_F/T_tcp=[1.5767, 2.2835, 1.6820, -0.5429, 0.2079, -0.0492]
  [pull c1 s4] delta=[-0.0040, -0.0029, -0.0004, 0.0208, -0.0274, -0.0011] rel_d=0.0049m ayal_F/T_tcp=[-4.1815, -3.1536, 3.3139, 0.4269, -0.4855, -0.0608] uri_F/T_tcp=[-3.8619, 2.2514, 3.8937, -0.4742, -0.5723, -0.0720]
  [pull c1 s5] delta=[-0.0048, -0.0031, -0.0018, -0.0193, 0.0008, 0.0037] rel_d=0.0060m ayal_F/T_tcp=[-5.2991, 4.5445, 5.7022, -0.3815, -0.9077, 0.2152] uri_F/T_tcp=[-4.8550, -4.6927, 5.1847, 0.4245, -0.8195, 0.0568]
  [pull c1 s6] delta=[-0.0046, -0.0035, -0.0013, -0.0143, 0.0187, 0.0002] rel_d=0.0060m ayal_F/T_tcp=[1.1457, -0.4499, 7.2513, 0.1003, -0.0318, 0.2265] uri_F/T_tcp=[1.6919, 0.7866, 7.0549, -0.1967, 0.1472, 0.0547]
  [pull c1 s7] delta=[-0.0059, -0.0042, -0.0007, 0.0202, 0.0141, -0.0077] rel_d=0.0073m ayal_F/T_tcp=[-3.5433, -6.7191, 5.6725, 0.6918, -0.5543, 0.0832] uri_F/T_tcp=[-3.5697, 6.4606, 6.2344, -0.8747, -0.5108, -0.0968]
  [pull c1 s8] delta=[-0.0064, -0.0069, -0.0012, 0.0033, 0.0140, -0.0030] rel_d=0.0095m ayal_F/T_tcp=[8.6327, -1.4899, 7.0056, 0.2091, 1.2640, -0.0238] uri_F/T_tcp=[9.7499, 1.2448, 6.9468, -0.2427, 1.3727, -0.0307]
  [pull c1 s9] delta=[-0.0077, -0.0062, -0.0003, -0.0212, -0.0024, 0.0183] rel_d=0.0099m ayal_F/T_tcp=[-3.6470, -9.6349, 3.0946, 1.0577, -0.4518, -0.0132] uri_F/T_tcp=[-3.3488, 8.0055, 4.4351, -1.0631, -0.4250, -0.0110]
  [pull c1 s10] delta=[-0.0071, -0.0062, -0.0030, -0.0144, -0.0393, -0.0350] rel_d=0.0099m ayal_F/T_tcp=[0.6728, 13.7501, 0.1030, -1.5273, 0.2851, 0.4496] uri_F/T_tcp=[1.3261, -12.9272, -1.8475, 1.5427, -0.2896, 0.2640]
  [pull c1 s11] delta=[-0.0082, -0.0079, -0.0007, -0.0098, -0.0264, -0.0370] rel_d=0.0114m ayal_F/T_tcp=[7.5725, -7.4521, 24.4511, 0.7046, 1.5285, 0.4007] uri_F/T_tcp=[7.5029, 6.5802, 24.3642, -0.8052, 1.1593, 0.2217]
  large wrench over 20.0 N detected, aborting insert: [7.5725, -7.4521, 24.4511, 0.7046, 1.5285, 0.4007]. distance was 0.0114 m
  exceeded wrench. straightening then moving to next cycle
  [straightening c1 s11] delta=[-0.0090, -0.0078, -0.0011, 0.0000, 0.0000, -0.0000] rel_d=0.0120m ayal_F/T_tcp=[-0.9789, -4.8327, 1.9468, 0.4924, 0.1574, -0.0705] uri_F/T_tcp=[0.4190, 3.8786, 1.9999, -0.5386, 0.1551, -0.0559]
  [pull c1 s12] delta=[-0.0103, -0.0085, 0.0000, 0.0112, -0.0050, -0.0009] rel_d=0.0133m ayal_F/T_tcp=[-3.1063, -16.0300, 8.1201, 1.8005, -0.1307, -0.0981] uri_F/T_tcp=[-1.7398, 14.1380, 10.0134, -1.8597, -0.1248, -0.0626]
  [pull c1 s13] delta=[-0.0109, -0.0100, -0.0017, 0.0134, -0.0152, 0.0395] rel_d=0.0149m ayal_F/T_tcp=[2.2683, -1.7699, 8.0461, 0.2927, 0.4022, -0.1626] uri_F/T_tcp=[3.4197, 0.5840, 8.4594, -0.2158, 0.4995, -0.1262]
  [pull c1 s14] delta=[-0.0116, -0.0093, -0.0027, 0.0118, 0.0045, 0.0162] rel_d=0.0152m ayal_F/T_tcp=[-3.9991, 3.7927, 3.2749, -0.3695, -0.6034, 0.0720] uri_F/T_tcp=[-3.9101, -3.5711, 2.3241, 0.3171, -0.6285, -0.0671]
  [pull c1 s15] delta=[-0.0111, -0.0117, 0.0003, 0.0163, -0.0094, 0.0038] rel_d=0.0162m ayal_F/T_tcp=[11.5512, -17.2732, 8.8236, 2.1111, 2.1306, 0.0184] uri_F/T_tcp=[13.1449, 15.3492, 11.0613, -2.1680, 2.2961, -0.1188]
  [pull c1 s16] delta=[-0.0126, -0.0113, -0.0027, -0.0128, -0.0319, 0.0400] rel_d=0.0171m ayal_F/T_tcp=[-1.1507, 4.4485, 1.6455, -0.4239, -0.0229, -0.0986] uri_F/T_tcp=[-0.0276, -4.8066, 1.0469, 0.4594, -0.0812, -0.0686]
  [pull c1 s17] delta=[-0.0127, -0.0133, -0.0017, 0.0316, -0.0105, -0.0273] rel_d=0.0185m ayal_F/T_tcp=[11.1020, -2.2129, 8.7985, 0.2966, 1.8391, 0.1279] uri_F/T_tcp=[12.0150, 2.0659, 8.6293, -0.3509, 1.8508, -0.0100]
  [pull c1 s18] delta=[-0.0151, -0.0115, -0.0037, -0.0232, 0.0197, 0.0117] rel_d=0.0194m ayal_F/T_tcp=[-6.2174, 2.5830, 5.6820, -0.3362, -0.8958, -0.0204] uri_F/T_tcp=[-5.9138, -3.2861, 5.3534, 0.3396, -0.8987, -0.0240]
  [pull c1 s19] delta=[-0.0138, -0.0139, -0.0032, -0.0247, -0.0081, 0.0030] rel_d=0.0199m ayal_F/T_tcp=[8.6766, 0.2703, 5.4845, -0.1126, 1.4589, -0.0170] uri_F/T_tcp=[10.3722, -0.6441, 4.8234, 0.0328, 1.5522, 0.0500]
  [pull c1 s20] delta=[-0.0145, -0.0119, -0.0010, -0.0023, 0.0313, 0.0387] rel_d=0.0188m ayal_F/T_tcp=[-3.8320, -7.8918, -5.7906, 0.7653, -0.4287, -0.1982] uri_F/T_tcp=[-3.3515, 7.1198, -4.6522, -1.0016, -0.4621, -0.1582]
  [pull c1 s21] delta=[-0.0168, -0.0130, -0.0023, 0.0128, -0.0232, 0.0167] rel_d=0.0214m ayal_F/T_tcp=[-5.6592, 0.5315, 3.1313, -0.0232, -0.7464, -0.1334] uri_F/T_tcp=[-4.8773, -0.8070, 3.0476, -0.0690, -0.8305, -0.0927]
  [pull c1 s22] delta=[-0.0172, -0.0163, -0.0014, 0.0137, -0.0203, 0.0400] rel_d=0.0238m ayal_F/T_tcp=[6.3101, -6.7226, 6.1586, 0.7211, 0.9919, -0.1604] uri_F/T_tcp=[7.2810, 4.8605, 6.8120, -0.6664, 1.1110, -0.1073]
  [pull c1 s23] delta=[-0.0175, -0.0153, -0.0002, 0.0258, -0.0111, -0.0126] rel_d=0.0232m ayal_F/T_tcp=[-2.7610, -14.7028, -5.5615, 1.6188, -0.2854, 0.1074] uri_F/T_tcp=[-2.6158, 13.8082, -4.0684, -1.9998, -0.3068, -0.0274]
  [pull c1 s24] delta=[-0.0180, -0.0168, -0.0023, -0.0174, 0.0079, -0.0176] rel_d=0.0247m ayal_F/T_tcp=[3.4548, 0.8759, 1.6992, 0.0527, 0.5679, 0.1284] uri_F/T_tcp=[4.0378, -0.7625, 1.2223, -0.0855, 0.6040, -0.0265]
  step cap hit before reaching rel_d target; backing off anyway
  extra pull-back 20.0 mm along ayal -Z
  [pull_backoff c1 s0] delta=[-0.0331, -0.0299, -0.0040, -0.0175, 0.0079, -0.0176] rel_d=0.0447m ayal_F/T_tcp=[-0.5221, 0.5626, -0.9103, 0.0364, 0.0295, 0.1105] uri_F/T_tcp=[-0.0818, -0.7119, -1.0224, -0.0441, 0.0244, -0.0540]
choose_new_uri_location: picked [-0.1800, -0.5200, 0.6600, 1.3387, -0.5754, -0.8275] (attempt 3)
move ayal to compact position
move uri to [-0.1800, -0.5200, 0.6600, 1.3387, -0.5754, -0.8275]
  computed ayal mate: [-0.6756, 0.4434, 0.3906, 0.9995, 1.8137, 1.6099]
ayal current position: [-0.5433, 0.2458, 0.5065, 0.3270, 1.8818, 2.0191]
uri  mate: [-0.1800, -0.5200, 0.6600, 1.3387, -0.5754, -0.8275]
ayal mate: [-0.6756, 0.4434, 0.3906, 0.9995, 1.8137, 1.6099]
ayal_unmate: [-0.6966, 0.4271, 0.3950, 0.9995, 1.8137, 1.6099]
[cycle 2] insert: target rel_d <= 1.5 mm (cap 25 steps × 1.0 mm), then seek |F_z|>=5.0 N (cap 15 steps)
  [insert c2 s0] delta=[0.1323, -0.1977, 0.1159, -0.6725, 0.0681, 0.4092] rel_d=0.2646m ayal_F/T_tcp=[0.0805, 0.1886, 0.0101, 0.0072, 0.0007, 0.0048] uri_F/T_tcp=[0.3255, 0.2222, -0.0817, 0.0058, -0.0092, 0.0142]
  [insert c2 s1] delta=[0.1323, -0.1977, 0.1160, -0.6725, 0.0680, 0.4092] rel_d=0.2646m ayal_F/T_tcp=[0.2604, 0.2678, 0.0479, 0.0108, -0.0033, 0.0045] uri_F/T_tcp=[0.3399, 0.1721, -0.0814, 0.0038, -0.0099, 0.0173]
  [insert c2 s2] delta=[0.1323, -0.1976, 0.1160, -0.6725, 0.0680, 0.4092] rel_d=0.2646m ayal_F/T_tcp=[0.1387, 0.2167, -0.1210, 0.0098, -0.0018, 0.0043] uri_F/T_tcp=[0.4941, 0.1433, -0.0420, 0.0035, -0.0130, 0.0208]
  [insert c2 s3] delta=[0.1323, -0.1976, 0.1159, -0.6725, 0.0681, 0.4092] rel_d=0.2646m ayal_F/T_tcp=[0.1447, 0.2010, -0.1642, 0.0100, -0.0012, 0.0033] uri_F/T_tcp=[0.3757, 0.2166, -0.1177, 0.0052, -0.0098, 0.0250]
  [insert c2 s4] delta=[0.1323, -0.1977, 0.1160, -0.6725, 0.0680, 0.4092] rel_d=0.2646m ayal_F/T_tcp=[0.2964, 0.3100, -0.0600, 0.0094, 0.0015, 0.0041] uri_F/T_tcp=[0.3892, 0.1899, -0.0336, 0.0054, -0.0112, 0.0270]
  [insert c2 s5] delta=[0.1323, -0.1976, 0.1160, -0.6725, 0.0681, 0.4092] rel_d=0.2646m ayal_F/T_tcp=[0.2551, 0.1482, -0.0934, 0.0065, -0.0036, 0.0017] uri_F/T_tcp=[0.5171, 0.1034, -0.0687, 0.0024, -0.0133, 0.0281]
  [insert c2 s6] delta=[0.1323, -0.1976, 0.1160, -0.6725, 0.0681, 0.4092] rel_d=0.2646m ayal_F/T_tcp=[0.2891, 0.0942, -0.0525, 0.0065, -0.0050, 0.0013] uri_F/T_tcp=[0.5161, 0.2742, -0.2006, 0.0053, -0.0143, 0.0343]
  [insert c2 s7] delta=[0.1323, -0.1976, 0.1160, -0.6725, 0.0681, 0.4092] rel_d=0.2646m ayal_F/T_tcp=[0.1701, 0.2219, -0.0808, 0.0088, -0.0034, 0.0005] uri_F/T_tcp=[0.3765, 0.1551, -0.2507, 0.0030, -0.0110, 0.0364]
  [insert c2 s8] delta=[0.1323, -0.1977, 0.1160, -0.6726, 0.0681, 0.4092] rel_d=0.2646m ayal_F/T_tcp=[0.1684, 0.1632, -0.1810, 0.0081, -0.0032, -0.0014] uri_F/T_tcp=[0.4481, 0.0932, 0.0220, 0.0020, -0.0127, 0.0339]
  [insert c2 s9] delta=[0.1323, -0.1977, 0.1159, -0.6725, 0.0681, 0.4092] rel_d=0.2646m ayal_F/T_tcp=[0.1902, 0.1296, -0.3664, 0.0068, -0.0042, -0.0023] uri_F/T_tcp=[0.3971, -0.0654, -0.0200, -0.0020, -0.0112, 0.0334]
  [insert c2 s10] delta=[0.1323, -0.1977, 0.1160, -0.6725, 0.0681, 0.4092] rel_d=0.2646m ayal_F/T_tcp=[0.2134, 0.1784, -0.5225, 0.0090, -0.0051, -0.0019] uri_F/T_tcp=[0.5296, 0.1305, -0.1769, 0.0031, -0.0152, 0.0379]
  [insert c2 s11] delta=[0.1323, -0.1976, 0.1160, -0.6725, 0.0681, 0.4092] rel_d=0.2646m ayal_F/T_tcp=[0.1725, 0.1397, -0.3376, 0.0064, -0.0042, -0.0031] uri_F/T_tcp=[0.4549, 0.1240, -0.2073, 0.0032, -0.0119, 0.0387]
  [insert c2 s12] delta=[0.1323, -0.1977, 0.1160, -0.6726, 0.0680, 0.4092] rel_d=0.2646m ayal_F/T_tcp=[0.1502, 0.1641, -0.4367, 0.0075, -0.0026, -0.0052] uri_F/T_tcp=[0.4762, 0.2002, -0.1892, 0.0036, -0.0136, 0.0373]
  [insert c2 s13] delta=[0.1323, -0.1976, 0.1160, -0.6725, 0.0681, 0.4092] rel_d=0.2646m ayal_F/T_tcp=[0.2241, 0.1464, -0.6042, 0.0070, -0.0037, -0.0039] uri_F/T_tcp=[0.3978, 0.1355, -0.2567, 0.0041, -0.0117, 0.0389]
  [insert c2 s14] delta=[0.1323, -0.1977, 0.1160, -0.6725, 0.0681, 0.4092] rel_d=0.2646m ayal_F/T_tcp=[0.2041, 0.2534, -0.5436, 0.0092, -0.0045, -0.0039] uri_F/T_tcp=[0.4783, 0.1635, -0.2711, 0.0021, -0.0145, 0.0425]
  [insert c2 s15] delta=[0.1323, -0.1977, 0.1159, -0.6726, 0.0680, 0.4092] rel_d=0.2646m ayal_F/T_tcp=[0.2280, 0.1358, -0.5276, 0.0080, -0.0044, -0.0050] uri_F/T_tcp=[0.4924, 0.1529, -0.2980, 0.0028, -0.0145, 0.0414]
  [insert c2 s16] delta=[0.1323, -0.1976, 0.1159, -0.6725, 0.0680, 0.4092] rel_d=0.2646m ayal_F/T_tcp=[0.2291, 0.1942, -0.3314, 0.0078, -0.0050, -0.0062] uri_F/T_tcp=[0.5317, 0.1406, -0.3213, 0.0027, -0.0148, 0.0429]
  [insert c2 s17] delta=[0.1323, -0.1976, 0.1160, -0.6725, 0.0681, 0.4092] rel_d=0.2646m ayal_F/T_tcp=[0.3192, 0.2166, -0.4560, 0.0070, -0.0077, -0.0040] uri_F/T_tcp=[0.4285, 0.2653, -0.4877, 0.0064, -0.0132, 0.0459]
  [insert c2 s18] delta=[0.1323, -0.1977, 0.1159, -0.6726, 0.0681, 0.4092] rel_d=0.2646m ayal_F/T_tcp=[0.3106, 0.2124, -0.4647, 0.0068, -0.0068, -0.0048] uri_F/T_tcp=[0.4774, 0.1801, -0.2987, 0.0037, -0.0129, 0.0447]
  [insert c2 s19] delta=[0.1323, -0.1976, 0.1160, -0.6725, 0.0680, 0.4092] rel_d=0.2646m ayal_F/T_tcp=[0.3927, 0.2068, -0.3073, 0.0053, -0.0080, -0.0075] uri_F/T_tcp=[0.3462, 0.2191, -0.3019, 0.0058, -0.0098, 0.0476]
  [insert c2 s20] delta=[0.1323, -0.1976, 0.1160, -0.6725, 0.0681, 0.4092] rel_d=0.2646m ayal_F/T_tcp=[0.3232, 0.1567, -0.4632, 0.0058, -0.0076, -0.0069] uri_F/T_tcp=[0.4520, 0.2092, -0.3000, 0.0073, -0.0124, 0.0434]
  [insert c2 s21] delta=[0.1323, -0.1976, 0.1159, -0.6725, 0.0681, 0.4092] rel_d=0.2646m ayal_F/T_tcp=[0.3503, 0.1642, -0.6531, 0.0055, -0.0092, -0.0068] uri_F/T_tcp=[0.5169, 0.0669, -0.0724, 0.0022, -0.0120, 0.0444]
  [insert c2 s22] delta=[0.1323, -0.1977, 0.1160, -0.6726, 0.0681, 0.4092] rel_d=0.2646m ayal_F/T_tcp=[0.3678, 0.1607, -0.4450, 0.0047, -0.0084, -0.0096] uri_F/T_tcp=[0.4034, 0.0097, -0.1549, 0.0028, -0.0101, 0.0443]
  [insert c2 s23] delta=[0.1323, -0.1977, 0.1160, -0.6725, 0.0681, 0.4092] rel_d=0.2646m ayal_F/T_tcp=[0.4044, 0.2148, -0.2331, 0.0060, -0.0079, -0.0070] uri_F/T_tcp=[0.5078, 0.0566, -0.2671, 0.0025, -0.0125, 0.0474]
  [insert c2 s24] delta=[0.1323, -0.1976, 0.1160, -0.6725, 0.0681, 0.4092] rel_d=0.2646m ayal_F/T_tcp=[0.3108, 0.1501, -0.2875, 0.0035, -0.0067, -0.0076] uri_F/T_tcp=[0.4836, 0.1369, -0.1907, 0.0032, -0.0121, 0.0471]
  step cap hit before reaching rel_d target; entering force-seek anyway
  [insert_seek c2 s0] delta=[0.1323, -0.1976, 0.1160, -0.6726, 0.0681, 0.4092] rel_d=0.2646m ayal_F/T_tcp=[0.2609, 0.0819, -0.1708, 0.0033, -0.0052, -0.0085] uri_F/T_tcp=[0.5396, 0.0907, -0.1903, 0.0025, -0.0132, 0.0458]
  [insert_seek c2 s1] delta=[0.1323, -0.1977, 0.1159, -0.6726, 0.0680, 0.4092] rel_d=0.2646m ayal_F/T_tcp=[0.3294, 0.1725, -0.3623, 0.0036, -0.0072, -0.0097] uri_F/T_tcp=[0.3454, 0.1053, -0.2825, 0.0025, -0.0080, 0.0467]
  [insert_seek c2 s2] delta=[0.1323, -0.1977, 0.1160, -0.6726, 0.0681, 0.4092] rel_d=0.2646m ayal_F/T_tcp=[0.3681, 0.2363, -0.2077, 0.0043, -0.0067, -0.0086] uri_F/T_tcp=[0.3233, 0.2304, -0.3703, 0.0067, -0.0079, 0.0497]
  [insert_seek c2 s3] delta=[0.1323, -0.1977, 0.1160, -0.6726, 0.0680, 0.4092] rel_d=0.2646m ayal_F/T_tcp=[0.3378, 0.2792, -0.3824, 0.0036, -0.0088, -0.0089] uri_F/T_tcp=[0.3490, 0.1407, -0.3177, 0.0049, -0.0089, 0.0484]
  [insert_seek c2 s4] delta=[0.1323, -0.1976, 0.1160, -0.6725, 0.0680, 0.4092] rel_d=0.2646m ayal_F/T_tcp=[0.3783, 0.1960, -0.3865, 0.0025, -0.0076, -0.0088] uri_F/T_tcp=[0.3181, 0.1984, -0.3249, 0.0052, -0.0085, 0.0488]
  [insert_seek c2 s5] delta=[0.1323, -0.1976, 0.1160, -0.6725, 0.0681, 0.4092] rel_d=0.2646m ayal_F/T_tcp=[0.3684, 0.2603, -0.2960, 0.0034, -0.0079, -0.0087] uri_F/T_tcp=[0.3245, 0.1588, -0.2783, 0.0039, -0.0090, 0.0469]
  [insert_seek c2 s6] delta=[0.1323, -0.1977, 0.1159, -0.6726, 0.0680, 0.4092] rel_d=0.2646m ayal_F/T_tcp=[0.3661, 0.2442, -0.3677, 0.0032, -0.0073, -0.0106] uri_F/T_tcp=[0.4681, 0.2683, -0.2914, 0.0077, -0.0122, 0.0495]
  [insert_seek c2 s7] delta=[0.1323, -0.1976, 0.1160, -0.6726, 0.0680, 0.4092] rel_d=0.2646m ayal_F/T_tcp=[0.3549, 0.3017, -0.3376, 0.0032, -0.0073, -0.0119] uri_F/T_tcp=[0.3548, 0.1457, -0.1916, 0.0048, -0.0089, 0.0488]
  [insert_seek c2 s8] delta=[0.1323, -0.1976, 0.1160, -0.6725, 0.0681, 0.4092] rel_d=0.2646m ayal_F/T_tcp=[0.4394, 0.2545, -0.4821, 0.0030, -0.0101, -0.0127] uri_F/T_tcp=[0.4320, 0.1278, -0.3293, 0.0063, -0.0105, 0.0495]
  [insert_seek c2 s9] delta=[0.1323, -0.1977, 0.1160, -0.6725, 0.0681, 0.4092] rel_d=0.2646m ayal_F/T_tcp=[0.3925, 0.1756, -0.6183, -0.0003, -0.0094, -0.0132] uri_F/T_tcp=[0.4895, 0.1889, -0.3852, 0.0076, -0.0121, 0.0537]
  [insert_seek c2 s10] delta=[0.1323, -0.1976, 0.1160, -0.6725, 0.0680, 0.4092] rel_d=0.2646m ayal_F/T_tcp=[0.4512, 0.2529, -0.3265, -0.0000, -0.0095, -0.0119] uri_F/T_tcp=[0.3795, 0.1993, -0.4576, 0.0077, -0.0071, 0.0528]
  [insert_seek c2 s11] delta=[0.1323, -0.1977, 0.1159, -0.6726, 0.0680, 0.4092] rel_d=0.2646m ayal_F/T_tcp=[0.3488, 0.2725, -0.2193, 0.0004, -0.0080, -0.0148] uri_F/T_tcp=[0.3806, 0.1868, -0.3772, 0.0068, -0.0085, 0.0524]
  [insert_seek c2 s12] delta=[0.1323, -0.1977, 0.1160, -0.6725, 0.0681, 0.4092] rel_d=0.2646m ayal_F/T_tcp=[0.3055, 0.2621, -0.2698, 0.0005, -0.0055, -0.0151] uri_F/T_tcp=[0.4009, 0.1192, -0.2835, 0.0054, -0.0086, 0.0525]
saved 126 records to /home/user/Projects/yarbiv/rmp_lab/dual_arm_peg/output/auto_peg_cycle_3.json
