uri rxyz anchor (first pose): [1.5710, 0.0000, 0.0000]
ayal current position: [-0.0948, 0.5169, 0.5136, 0.1350, 1.9828, 2.4237]
uri  mate: [0.4200, -0.3600, 0.6600, 1.5710, 0.0000, 0.0000]
ayal mate: [-0.0750, 0.6011, 0.3906, 0.0043, 2.2193, 2.2197]
ayal_unmate: [-0.0751, 0.5741, 0.3906, 0.0043, 2.2193, 2.2197]
[cycle 0] insert: target rel_d <= 1.5 mm (cap 25 steps × 1.0 mm), then seek |F_z|>=5.0 N (cap 15 steps)
  [insert c0 s0] delta=[-0.0013, -0.0233, -0.0006, -0.0318, -0.0054, -0.0138] rel_d=0.0234m ayal_F/T_tcp=[-2.5870, 0.8240, -2.0324, -0.0099, -0.3371, 0.0494] uri_F/T_tcp=[-2.4682, -0.5707, -2.4538, 0.0061, -0.4147, 0.0170]
  [insert c0 s1] delta=[-0.0005, -0.0218, 0.0020, -0.0241, -4.4630, -4.4106] rel_d=0.0219m ayal_F/T_tcp=[0.2021, -11.4936, -6.5638, 1.3824, 0.2959, -0.1932] uri_F/T_tcp=[1.9534, 10.3583, -5.2986, -1.7359, 0.3112, -0.0477]
  [insert c0 s2] delta=[-0.0008, -0.0238, -0.0003, 0.0191, 0.0046, -0.0178] rel_d=0.0238m ayal_F/T_tcp=[-0.3024, 2.1292, 0.3619, 0.1074, -0.0005, 0.0316] uri_F/T_tcp=[0.2184, -1.8263, -0.3113, -0.0952, -0.0001, 0.0103]
  [insert c0 s3] delta=[0.0005, -0.0203, 0.0004, -0.0095, -0.0308, 0.0119] rel_d=0.0203m ayal_F/T_tcp=[4.4515, 0.1158, -3.9828, 0.3014, 0.5920, 0.0956] uri_F/T_tcp=[5.1982, 0.4019, -4.2837, -0.2849, 0.7396, 0.0481]
  [insert c0 s4] delta=[0.0007, -0.0180, 0.0002, -0.0239, -4.4353, -4.4219] rel_d=0.0180m ayal_F/T_tcp=[5.9819, 0.0022, -6.2159, 0.2033, 0.8813, -0.1763] uri_F/T_tcp=[7.1985, -0.0131, -6.5430, -0.2679, 1.0700, -0.0447]
  [insert c0 s5] delta=[-0.0015, -0.0188, -0.0007, 0.0146, 0.0043, -0.0257] rel_d=0.0189m ayal_F/T_tcp=[-3.5047, 1.6332, 2.6229, 0.0725, -0.4066, 0.0680] uri_F/T_tcp=[-3.0693, -1.4801, 1.7499, -0.0556, -0.4420, 0.0291]
  [insert c0 s6] delta=[-0.0002, -0.0184, -0.0020, -0.0020, -4.4261, -4.4230] rel_d=0.0185m ayal_F/T_tcp=[1.8658, 5.8335, -0.5416, -0.3523, 0.3427, -0.1654] uri_F/T_tcp=[3.1450, -5.3004, -1.8439, 0.4332, 0.3867, -0.0231]
  [insert c0 s7] delta=[-0.0002, -0.0164, 0.0004, 0.0341, 0.0068, -0.0118] rel_d=0.0164m ayal_F/T_tcp=[-0.3128, -2.4258, -1.8609, 0.4040, 0.1418, -0.1455] uri_F/T_tcp=[0.9233, 2.3855, -2.2637, -0.5016, 0.1532, 0.0001]
  [insert c0 s8] delta=[-0.0001, -0.0147, -0.0002, -0.0197, -4.4191, -4.4337] rel_d=0.0147m ayal_F/T_tcp=[2.4154, 1.6689, -3.8742, 0.0977, 0.3709, -0.0018] uri_F/T_tcp=[3.3717, -1.2406, -4.5540, -0.0928, 0.4496, -0.0104]
  [insert c0 s9] delta=[0.0006, -0.0164, -0.0004, -0.0207, -4.4334, -4.4163] rel_d=0.0164m ayal_F/T_tcp=[5.4004, 0.0796, 5.7071, 0.2310, 0.9348, -0.1606] uri_F/T_tcp=[6.9658, -0.5690, 4.9445, -0.1402, 0.9915, -0.0242]
  [insert c0 s10] delta=[-0.0011, -0.0148, -0.0005, -0.0253, -4.4235, -4.4432] rel_d=0.0148m ayal_F/T_tcp=[-2.4502, 1.0970, -0.8544, 0.1148, -0.2184, 0.0234] uri_F/T_tcp=[-1.9744, -0.8700, -1.9136, -0.1123, -0.2687, -0.0014]
  [insert c0 s11] delta=[0.0008, -0.0130, 0.0003, -0.0195, -0.0056, -0.0121] rel_d=0.0131m ayal_F/T_tcp=[8.3778, -2.6932, -7.2363, 0.6498, 1.2202, 0.1401] uri_F/T_tcp=[9.5233, 3.0461, -7.6890, -0.6183, 1.4643, 0.0946]
  [insert c0 s12] delta=[-0.0000, -0.0117, -0.0004, -0.0312, -4.4180, -4.4466] rel_d=0.0117m ayal_F/T_tcp=[-0.7560, 1.3246, -4.2178, 0.1226, 0.1420, -0.1685] uri_F/T_tcp=[0.4505, -1.0718, -5.2071, -0.1148, 0.1543, -0.0237]
  [insert c0 s13] delta=[-0.0005, -0.0101, -0.0020, -0.0172, -4.4452, -4.4193] rel_d=0.0103m ayal_F/T_tcp=[-1.0236, 6.0907, -3.5469, -0.3908, -0.0759, -0.1544] uri_F/T_tcp=[-0.2071, -5.7419, -4.8710, 0.4666, -0.1128, -0.0119]
  [insert c0 s14] delta=[-0.0003, -0.0102, 0.0003, -0.0355, -4.4462, -4.4162] rel_d=0.0102m ayal_F/T_tcp=[-1.3207, -3.8534, 1.4156, 0.5486, 0.0294, -0.1752] uri_F/T_tcp=[0.0774, 3.1689, 1.2768, -0.6169, 0.0342, -0.0129]
  [insert c0 s15] delta=[0.0012, -0.0085, -0.0006, 0.0028, -0.0309, 0.0002] rel_d=0.0086m ayal_F/T_tcp=[11.0470, 1.6189, -13.0646, 0.1785, 1.6700, 0.2146] uri_F/T_tcp=[12.5827, -1.1401, -13.4545, -0.0694, 1.7931, 0.1867]
  [insert c0 s16] delta=[0.0012, -0.0080, 0.0003, -0.0028, -4.4108, -4.4325] rel_d=0.0081m ayal_F/T_tcp=[10.3833, -4.4148, -10.9474, 0.7203, 1.7527, -0.3006] uri_F/T_tcp=[12.7346, 3.9437, -11.1890, -0.7699, 2.1549, -0.1233]
  [insert c0 s17] delta=[0.0003, -0.0082, -0.0011, -0.0066, 0.0127, -0.0113] rel_d=0.0083m ayal_F/T_tcp=[-0.7876, 2.3227, 1.2504, -0.0180, 0.1173, 0.0463] uri_F/T_tcp=[0.1030, -2.4061, 0.2977, 0.0158, 0.1152, 0.0178]
  [insert c0 s18] delta=[-0.0017, -0.0055, 0.0009, 0.0122, -0.0137, 0.0013] rel_d=0.0058m ayal_F/T_tcp=[-9.2733, -4.7352, -16.4562, 0.7709, -1.3331, 0.1139] uri_F/T_tcp=[-9.3445, 4.8943, -15.2893, -0.9888, -1.5708, 0.0394]
  [insert c0 s19] delta=[0.0010, -0.0047, -0.0005, 0.0019, -0.0218, -0.0401] rel_d=0.0049m ayal_F/T_tcp=[12.4820, 3.6458, -6.9379, -0.1909, 2.2700, 0.3410] uri_F/T_tcp=[13.9892, -2.4808, -7.7893, 0.0043, 1.8464, 0.2878]
  [insert c0 s20] delta=[-0.0009, -0.0030, -0.0012, 0.0315, -0.0067, -0.0189] rel_d=0.0034m ayal_F/T_tcp=[-4.2337, 2.4555, -2.9432, -0.0496, -0.2882, -0.1111] uri_F/T_tcp=[-2.9952, -2.3035, -3.7136, 0.0353, -0.4333, 0.0237]
  [insert c0 s21] delta=[-0.0008, -0.0023, 0.0005, 0.0087, 0.0020, -0.0294] rel_d=0.0025m ayal_F/T_tcp=[-2.1790, -5.2360, -4.0230, 0.7214, -0.2020, 0.0708] uri_F/T_tcp=[-1.7153, 5.0047, -3.7346, -0.8672, -0.2635, 0.0404]
  [insert c0 s22] delta=[-0.0001, -0.0030, 0.0008, -0.0168, -0.0277, 0.0022] rel_d=0.0031m ayal_F/T_tcp=[2.5286, -7.9569, 8.9805, 1.2613, 0.5170, 0.2142] uri_F/T_tcp=[3.1666, 6.7847, 9.6440, -1.0284, 0.5123, 0.1498]
  [insert c0 s23] delta=[0.0003, -0.0005, -0.0009, -0.0264, -4.4264, -4.4215] rel_d=0.0010m ayal_F/T_tcp=[4.1497, 1.5125, -37.3999, 0.1643, 0.3437, -0.2286] uri_F/T_tcp=[6.2712, -1.1883, -37.5858, -0.0775, 0.9180, -0.0653]
  large wrench over 20.0 N detected, aborting insert: [4.1497, 1.5125, -37.3999, 0.1643, 0.3437, -0.2286]. distance was 0.0010 m
  exceeded wrench. straightening then entering force-seek
  [straightening c0 s23] delta=[0.0000, -0.0010, 0.0000, 0.0001, -0.0000, 0.0000] rel_d=0.0010m ayal_F/T_tcp=[0.4577, -3.5779, -18.9190, 0.6871, -0.0051, 0.0777] uri_F/T_tcp=[1.2564, 3.5457, -18.3044, -0.6799, 0.3187, 0.0546]
  large wrench over 20.0 N detected, aborting insert: [4.1497, 1.5125, -37.3999, 0.1643, 0.3437, -0.2286]. distance was 0.0010 m
  exceeded wrench during straightening. skipping force-seek and moving to next cycle.
[cycle 0] pull: target rel_d >= 27.0 mm (cap 25 steps × 1.0 mm), then -Z back-off 20.0 mm
  [pull c0 s0] delta=[0.0009, -0.0014, 0.0004, 0.0028, -4.4203, -4.4361] rel_d=0.0017m ayal_F/T_tcp=[9.1993, -6.5517, -8.6418, 1.1349, 1.3815, -0.1868] uri_F/T_tcp=[11.5189, 5.4721, -8.1232, -0.9028, 1.9338, -0.0210]
  [pull c0 s1] delta=[-0.0020, -0.0015, 0.0005, 0.0231, -4.4194, -4.4413] rel_d=0.0025m ayal_F/T_tcp=[-15.2717, -6.6031, -15.9290, 1.2405, -2.9817, 0.1875] uri_F/T_tcp=[-16.4272, 6.7031, -13.8699, -1.0804, -2.2226, 0.1004]
  [pull c0 s2] delta=[-0.0005, -0.0027, -0.0012, -0.0285, -0.0088, 0.0022] rel_d=0.0030m ayal_F/T_tcp=[1.5673, 4.1953, 7.2094, -0.0964, 0.1065, 0.1778] uri_F/T_tcp=[2.1278, -3.4761, 6.0078, 0.0913, 0.1926, 0.1037]
  [pull c0 s3] delta=[0.0009, -0.0020, -0.0002, 0.0096, 0.0171, -0.0216] rel_d=0.0022m ayal_F/T_tcp=[8.1687, -1.4917, -7.7196, 0.4532, 1.2445, -0.1231] uri_F/T_tcp=[9.7271, 1.7016, -8.0198, -0.5193, 1.3333, 0.0202]
  [pull c0 s4] delta=[0.0011, -0.0049, -0.0020, 0.0113, 0.0165, -0.0130] rel_d=0.0054m ayal_F/T_tcp=[8.3435, 8.0178, 10.2334, -0.5473, 1.5278, -0.1551] uri_F/T_tcp=[9.6847, -7.4606, 8.7252, 0.5855, 1.4487, 0.0088]
  [pull c0 s5] delta=[0.0001, -0.0055, 0.0003, -0.0007, -4.4160, -4.4495] rel_d=0.0054m ayal_F/T_tcp=[-0.2031, -2.9388, 3.4647, 0.6613, 0.0573, 0.0505] uri_F/T_tcp=[0.0952, 2.6601, 3.4666, -0.5629, 0.1271, -0.0032]
  [pull c0 s6] delta=[0.0009, -0.0072, 0.0009, -0.0103, -4.4473, -4.4066] rel_d=0.0072m ayal_F/T_tcp=[8.0915, -11.4041, 11.5164, 1.6243, 1.5382, -0.2537] uri_F/T_tcp=[10.7151, 10.0226, 12.8891, -1.6591, 1.7813, -0.0938]
  [pull c0 s7] delta=[0.0014, -0.0079, -0.0003, -0.0145, -4.4473, -4.4203] rel_d=0.0080m ayal_F/T_tcp=[10.0998, 0.6900, 9.6262, 0.4100, 1.8240, -0.0116] uri_F/T_tcp=[11.4868, -0.5568, 8.7794, -0.3316, 1.8649, -0.0147]
  [pull c0 s8] delta=[-0.0003, -0.0098, 0.0017, 0.0089, -0.0283, -0.0334] rel_d=0.0100m ayal_F/T_tcp=[-0.2271, -17.5418, 26.5757, 2.4427, 0.4749, 0.3623] uri_F/T_tcp=[-1.1386, 16.4278, 27.6786, -2.4654, 0.0098, 0.2951]
  large wrench over 20.0 N detected, aborting insert: [-0.2271, -17.5418, 26.5757, 2.4427, 0.4749, 0.3623]. distance was 0.0100 m
  exceeded wrench. straightening then moving to next cycle
  [straightening c0 s8] delta=[-0.0000, -0.0090, 0.0000, 0.0001, -0.0000, -0.0000] rel_d=0.0090m ayal_F/T_tcp=[-0.1693, 1.6802, 0.8369, 0.3227, 0.1448, -0.1299] uri_F/T_tcp=[1.0848, -1.0378, 0.2904, -0.3149, 0.1402, 0.0214]
  [pull c0 s9] delta=[-0.0007, -0.0111, 0.0017, 0.0159, 0.0022, -0.0002] rel_d=0.0112m ayal_F/T_tcp=[-4.8068, -13.0681, 8.1477, 1.9061, -0.3582, -0.1804] uri_F/T_tcp=[-3.2873, 12.6685, 9.4860, -1.9685, -0.3276, -0.0080]
  [pull c0 s10] delta=[0.0001, -0.0106, -0.0018, 0.0147, -4.4024, -4.4514] rel_d=0.0107m ayal_F/T_tcp=[1.9754, 7.6217, 0.9874, -0.2706, 0.3740, 0.0544] uri_F/T_tcp=[3.1901, -6.0177, -0.6489, 0.3955, 0.4428, 0.0303]
  [pull c0 s11] delta=[0.0019, -0.0105, 0.0004, -0.0008, -4.4259, -4.4370] rel_d=0.0107m ayal_F/T_tcp=[15.1732, -5.5138, 7.1776, 1.0727, 2.7872, -0.1219] uri_F/T_tcp=[18.0934, 4.8948, 7.1602, -1.0104, 2.9864, 0.0626]
  [pull c0 s12] delta=[0.0010, -0.0125, 0.0004, -0.0154, -0.0206, 0.0025] rel_d=0.0126m ayal_F/T_tcp=[2.9415, 0.2599, 9.5596, 0.4478, 0.9850, 0.1291] uri_F/T_tcp=[4.5542, 0.5406, 8.5901, -0.4788, 0.9542, 0.1075]
  [pull c0 s13] delta=[0.0006, -0.0160, -0.0010, 0.0328, 0.0021, -0.0287] rel_d=0.0160m ayal_F/T_tcp=[-1.7216, 3.1080, 1.6569, 0.0816, 0.1514, -0.1109] uri_F/T_tcp=[-0.0265, -2.2524, 0.4206, -0.0775, 0.1341, 0.0338]
  [pull c0 s14] delta=[0.0002, -0.0153, 0.0006, 0.0078, -4.4027, -4.4209] rel_d=0.0153m ayal_F/T_tcp=[-1.2821, -2.5391, 2.4724, 0.6823, 0.1332, -0.1930] uri_F/T_tcp=[0.7437, 2.8811, 2.5800, -0.6864, 0.2522, -0.0353]
  [pull c0 s15] delta=[-0.0008, -0.0155, -0.0005, -0.0015, -0.0238, -0.0011] rel_d=0.0155m ayal_F/T_tcp=[-2.6655, 3.7710, 0.9464, 0.1070, -0.1763, 0.0660] uri_F/T_tcp=[-1.4978, -2.5967, 0.4235, -0.0685, -0.2093, 0.0452]
  [pull c0 s16] delta=[-0.0012, -0.0166, -0.0000, -0.0400, -0.0303, -0.0103] rel_d=0.0167m ayal_F/T_tcp=[-3.7630, 1.3348, 12.3458, 0.3322, -0.3068, 0.2167] uri_F/T_tcp=[-2.5703, -0.6011, 11.7362, -0.2834, -0.3033, 0.1659]
  [pull c0 s17] delta=[-0.0005, -0.0187, 0.0003, 0.0131, -0.0133, -0.0400] rel_d=0.0187m ayal_F/T_tcp=[-0.8324, 0.7943, 3.5384, 0.3293, 0.1405, -0.0732] uri_F/T_tcp=[0.8014, -0.2852, 3.4141, -0.3485, 0.0826, 0.0479]
  [pull c0 s18] delta=[-0.0004, -0.0170, -0.0006, -0.0174, -4.4225, -4.4167] rel_d=0.0170m ayal_F/T_tcp=[-0.5505, 3.6379, -1.3588, 0.0511, 0.1066, -0.1402] uri_F/T_tcp=[0.9716, -2.8453, -1.5821, -0.0192, 0.1158, 0.0008]
  [pull c0 s19] delta=[0.0012, -0.0199, 0.0005, -0.0105, -0.0055, -0.0009] rel_d=0.0199m ayal_F/T_tcp=[7.2608, 1.4699, 7.8265, 0.2952, 1.3146, 0.1277] uri_F/T_tcp=[8.8862, -0.3421, 7.1416, -0.3434, 1.3679, 0.0907]
  [pull c0 s20] delta=[-0.0009, -0.0202, 0.0020, -0.0030, 0.0001, -0.0021] rel_d=0.0203m ayal_F/T_tcp=[-4.9194, -7.9192, 3.7868, 1.3070, -0.4532, -0.0838] uri_F/T_tcp=[-3.7713, 8.1337, 4.8324, -1.3964, -0.5028, 0.0472]
  [pull c0 s21] delta=[0.0004, -0.0206, 0.0000, -0.0076, -4.4467, -4.4296] rel_d=0.0206m ayal_F/T_tcp=[0.7319, 3.2673, 2.3006, 0.1697, 0.3662, -0.1417] uri_F/T_tcp=[2.6921, -2.2029, 1.8723, -0.1337, 0.3624, 0.0248]
  [pull c0 s22] delta=[0.0002, -0.0233, 0.0005, -0.0286, -0.0245, -0.0077] rel_d=0.0233m ayal_F/T_tcp=[0.6061, 1.9084, 3.3199, 0.2771, 0.2719, 0.1015] uri_F/T_tcp=[1.6536, -0.7917, 3.1638, -0.2829, 0.2682, 0.0716]
  [pull c0 s23] delta=[-0.0003, -0.0238, 0.0004, -0.0198, -0.0257, 0.0223] rel_d=0.0238m ayal_F/T_tcp=[-1.8478, 2.2408, 0.8340, 0.1954, -0.0071, -0.0998] uri_F/T_tcp=[-0.3636, -1.4179, 0.4229, -0.1898, -0.0291, 0.0343]
  [pull c0 s24] delta=[-0.0003, -0.0270, -0.0001, -0.0030, -4.4027, -4.4291] rel_d=0.0270m ayal_F/T_tcp=[-1.5697, 3.1412, 0.7719, 0.1244, 0.0391, -0.1151] uri_F/T_tcp=[0.1234, -2.3472, 0.1218, -0.1199, 0.0100, 0.0299]
  step cap hit before reaching rel_d target; backing off anyway
  extra pull-back 20.0 mm along ayal -Z
  [pull_backoff c0 s0] delta=[0.0002, -0.0470, -0.0003, -0.0030, -4.4028, -4.4290] rel_d=0.0470m ayal_F/T_tcp=[-1.1287, 3.0789, 0.8069, 0.1200, 0.0282, 0.0098] uri_F/T_tcp=[0.0176, -2.1302, 0.1133, -0.1119, 0.0117, 0.0305]
choose_new_uri_location: picked [0.3800, -0.3200, 0.7000, 1.5972, 0.1675, -0.0260] (attempt 2)
move ayal to compact position
move uri to [0.3800, -0.3200, 0.7000, 1.5972, 0.1675, -0.0260]
  computed ayal mate: [-0.1148, 0.6413, 0.4306, -0.0390, -2.0851, -2.1485]
ayal current position: [-0.0785, 0.3371, 0.5247, 0.0092, -0.3774, -2.4706]
uri  mate: [0.3800, -0.3200, 0.7000, 1.5972, 0.1675, -0.0261]
ayal mate: [-0.1148, 0.6413, 0.4305, -0.0391, -2.0851, -2.1485]
ayal_unmate: [-0.1125, 0.6144, 0.4296, -0.0391, -2.0851, -2.1485]
[cycle 1] insert: target rel_d <= 1.5 mm (cap 25 steps × 1.0 mm), then seek |F_z|>=5.0 N (cap 15 steps)
  [insert c1 s0] delta=[0.0015, -0.0247, -0.0007, -0.0007, 0.0319, 0.0099] rel_d=0.0247m ayal_F/T_tcp=[-1.6049, -2.2466, -0.3059, -0.0615, -0.0496, -0.2001] uri_F/T_tcp=[-0.5195, 0.2127, -0.5726, -0.0181, -0.0517, -0.0515]
  [insert c1 s1] delta=[0.0011, -0.0235, -0.0024, -0.0158, -0.0121, -0.0108] rel_d=0.0236m ayal_F/T_tcp=[-1.3041, 0.8642, -1.4532, -0.3176, -0.0958, -0.0258] uri_F/T_tcp=[-0.3202, -2.4704, -1.4976, 0.3009, -0.1077, -0.0366]
  [insert c1 s2] delta=[0.0013, -0.0210, 0.0003, 0.0258, -0.0343, 0.0107] rel_d=0.0211m ayal_F/T_tcp=[-0.7708, -5.4515, -3.8856, 0.2845, -0.0233, 0.0075] uri_F/T_tcp=[-0.0625, 3.7706, -3.4872, -0.4195, 0.0017, -0.0249]
  [insert c1 s3] delta=[0.0015, -0.0195, -0.0006, 0.0018, 0.0322, 0.0129] rel_d=0.0196m ayal_F/T_tcp=[0.1236, -1.4222, -0.9280, -0.1078, 0.1280, -0.1982] uri_F/T_tcp=[1.4194, -0.5875, -0.6211, 0.0424, 0.1596, -0.0705]
  [insert c1 s4] delta=[0.0006, -0.0213, -0.0019, -0.0128, -0.0400, 0.0400] rel_d=0.0214m ayal_F/T_tcp=[-2.6205, 0.2884, 1.8141, -0.3061, -0.1796, -0.2047] uri_F/T_tcp=[-1.2950, -2.0094, 1.5102, 0.2379, -0.2027, -0.0682]
  [insert c1 s5] delta=[0.0012, -0.0177, -0.0009, -0.0305, 0.0127, 0.0044] rel_d=0.0178m ayal_F/T_tcp=[0.2121, -1.7957, -1.0427, -0.0513, 0.0532, -0.0361] uri_F/T_tcp=[0.7107, 0.3739, -0.7107, 0.0044, 0.0929, -0.0696]
  [insert c1 s6] delta=[0.0019, -0.0188, 0.0000, 0.0192, -0.0400, -0.0157] rel_d=0.0188m ayal_F/T_tcp=[2.4077, -4.1658, 9.1128, 0.2046, 0.5341, 0.1283] uri_F/T_tcp=[3.3053, 2.9229, 8.9415, -0.3246, 0.4857, 0.0879]
  [insert c1 s7] delta=[0.0005, -0.0168, 0.0014, 0.0161, -0.0035, -0.0004] rel_d=0.0169m ayal_F/T_tcp=[-4.1197, -11.3848, -8.0441, 0.8646, -0.4186, -0.1779] uri_F/T_tcp=[-3.2135, 9.0619, -6.2480, -1.2114, -0.5065, -0.0528]
  [insert c1 s8] delta=[0.0018, -0.0152, 0.0006, -0.0227, 0.0073, -0.0090] rel_d=0.0153m ayal_F/T_tcp=[1.3630, -5.1436, -5.8629, 0.3139, 0.3625, -0.2569] uri_F/T_tcp=[3.1390, 3.3265, -5.3384, -0.4853, 0.4338, -0.1036]
  [insert c1 s9] delta=[0.0025, -0.0143, -0.0003, -0.0011, 0.0287, 0.0210] rel_d=0.0145m ayal_F/T_tcp=[7.9633, -1.8667, -11.4889, -0.1263, 1.1500, -0.3214] uri_F/T_tcp=[9.2221, -0.4965, -11.2407, 0.0541, 1.4460, -0.1647]
  [insert c1 s10] delta=[0.0016, -0.0130, -0.0002, -0.0159, -0.0018, 0.0117] rel_d=0.0131m ayal_F/T_tcp=[-0.7611, -3.2727, -1.1275, 0.0685, 0.0796, -0.0398] uri_F/T_tcp=[0.0587, 1.2114, -0.8902, -0.1622, 0.1264, -0.0792]
  [insert c1 s11] delta=[0.0026, -0.0121, -0.0011, -0.0072, -0.0005, -0.0116] rel_d=0.0124m ayal_F/T_tcp=[9.3271, 0.3873, -8.5439, -0.2127, 1.4325, 0.0276] uri_F/T_tcp=[10.9824, -1.9340, -8.4943, 0.3904, 1.7118, -0.0049]
  [insert c1 s12] delta=[0.0030, -0.0128, -0.0007, 0.0344, 0.0168, 0.0206] rel_d=0.0132m ayal_F/T_tcp=[13.0183, -3.6901, 7.5061, 0.0972, 2.2261, -0.1686] uri_F/T_tcp=[15.5767, 1.5476, 6.6118, -0.1502, 2.6260, -0.0192]
  [insert c1 s13] delta=[0.0011, -0.0114, -0.0006, 0.0211, 0.0312, -0.0093] rel_d=0.0114m ayal_F/T_tcp=[-1.2733, -1.8828, -2.8106, -0.0516, 0.0384, -0.0248] uri_F/T_tcp=[-0.5716, 0.2244, -2.8933, 0.0440, 0.0934, -0.0651]
  [insert c1 s14] delta=[0.0013, -0.0096, -0.0002, 0.0045, 0.0126, 0.0129] rel_d=0.0097m ayal_F/T_tcp=[0.2616, -4.2131, -3.4434, 0.1299, 0.2939, -0.2171] uri_F/T_tcp=[1.6997, 2.3793, -3.6449, -0.2062, 0.3838, -0.0917]
  [insert c1 s15] delta=[-0.0006, -0.0095, 0.0016, 0.0268, 0.0015, -0.0107] rel_d=0.0096m ayal_F/T_tcp=[-9.1164, -13.5561, -7.1293, 1.3721, -1.3348, 0.1182] uri_F/T_tcp=[-9.3227, 10.9610, -5.0881, -1.3719, -1.2763, 0.0649]
  [insert c1 s16] delta=[0.0008, -0.0077, -0.0019, -0.0089, -0.0390, 0.0051] rel_d=0.0080m ayal_F/T_tcp=[1.6079, 3.5491, -3.1873, -0.6575, 0.5096, -0.1762] uri_F/T_tcp=[3.6538, -4.9244, -4.0074, 0.5843, 0.4030, -0.0236]
  [insert c1 s17] delta=[0.0007, -0.0062, -0.0022, -0.0020, -0.0401, 0.0226] rel_d=0.0066m ayal_F/T_tcp=[1.2667, 2.6879, -10.7906, -0.6029, 0.3384, -0.2062] uri_F/T_tcp=[3.4271, -4.4393, -11.3112, 0.5425, 0.4004, -0.0665]
  [insert c1 s18] delta=[-0.0012, -0.0052, 0.0004, -0.0053, -0.0205, -0.0203] rel_d=0.0053m ayal_F/T_tcp=[-8.0396, -4.8166, -8.6647, 0.2518, -1.0758, 0.0622] uri_F/T_tcp=[-7.8374, 3.3174, -8.2897, -0.4484, -1.2520, 0.0021]
  [insert c1 s19] delta=[-0.0002, -0.0046, 0.0007, 0.0382, -0.0278, -0.0154] rel_d=0.0047m ayal_F/T_tcp=[1.8168, -8.1133, -16.1209, 0.5880, 0.1235, 0.2738] uri_F/T_tcp=[2.4605, 6.4424, -15.3145, -0.8302, 0.2623, 0.1986]
  [insert c1 s20] delta=[0.0003, -0.0050, -0.0006, 0.0053, -0.0030, 0.0236] rel_d=0.0051m ayal_F/T_tcp=[0.9648, -2.3976, 0.7148, -0.0106, 0.2101, -0.1973] uri_F/T_tcp=[2.0055, 0.1428, 0.6144, -0.0487, 0.2739, -0.0871]
  [insert c1 s21] delta=[0.0006, -0.0024, 0.0007, 0.0268, -0.0400, -0.0205] rel_d=0.0026m ayal_F/T_tcp=[4.6219, -10.9934, -31.9323, 0.9471, 0.7593, 0.3393] uri_F/T_tcp=[5.2633, 9.0271, -30.6216, -1.0893, 0.6552, 0.2778]
  large wrench over 20.0 N detected, aborting insert: [4.6219, -10.9934, -31.9323, 0.9471, 0.7593, 0.3393]. distance was 0.0026 m
  exceeded wrench. straightening then entering force-seek
  [straightening c1 s21] delta=[0.0003, -0.0030, -0.0001, -0.0000, 0.0000, -0.0000] rel_d=0.0030m ayal_F/T_tcp=[-1.2332, -2.9512, -0.1897, 0.0824, 0.0646, -0.2035] uri_F/T_tcp=[0.1591, 0.7480, -0.1302, -0.1622, 0.0816, -0.0763]
  large wrench over 20.0 N detected, aborting insert: [4.6219, -10.9934, -31.9323, 0.9471, 0.7593, 0.3393]. distance was 0.0026 m
  exceeded wrench during straightening. skipping force-seek and moving to next cycle.
[cycle 1] pull: target rel_d >= 27.0 mm (cap 25 steps × 1.0 mm), then -Z back-off 20.0 mm
  [pull c1 s0] delta=[-0.0003, 0.0001, -0.0005, 0.0186, 0.0094, 0.0269] rel_d=0.0006m ayal_F/T_tcp=[2.6619, -4.5229, -50.7602, 0.2418, -0.0634, -0.1981] uri_F/T_tcp=[3.8644, 2.3899, -50.0753, -0.2465, 0.7088, -0.0643]
  large wrench over 20.0 N detected, aborting insert: [2.6619, -4.5229, -50.7602, 0.2418, -0.0634, -0.1981]. distance was 0.0006 m
  exceeded wrench. straightening then moving to next cycle
  [straightening c1 s0] delta=[0.0001, -0.0010, -0.0000, -0.0000, -0.0000, 0.0000] rel_d=0.0010m ayal_F/T_tcp=[1.0063, -6.3271, -13.4803, 0.4878, 0.1855, -0.0049] uri_F/T_tcp=[1.8654, 4.2429, -12.4438, -0.4919, 0.3845, -0.0299]
  [pull c1 s1] delta=[0.0001, -0.0012, 0.0014, -0.0284, 0.0093, 0.0032] rel_d=0.0018m ayal_F/T_tcp=[-0.8815, -17.6381, -12.2200, 1.7775, 0.1482, -0.3033] uri_F/T_tcp=[0.1910, 14.2137, -9.6232, -1.6471, 0.1116, -0.1795]
  [pull c1 s2] delta=[-0.0007, -0.0032, -0.0003, 0.0330, -0.0183, 0.0123] rel_d=0.0033m ayal_F/T_tcp=[-2.7624, -2.3668, 9.9378, 0.0765, -0.4482, 0.0905] uri_F/T_tcp=[-2.4804, 0.6226, 9.7141, -0.1868, -0.2740, 0.0237]
  [pull c1 s3] delta=[0.0020, -0.0034, -0.0000, 0.0195, -0.0400, -0.0068] rel_d=0.0040m ayal_F/T_tcp=[16.9608, -5.4614, 17.9488, 0.3793, 3.1757, 0.3139] uri_F/T_tcp=[18.2829, 4.6083, 17.4238, -0.6383, 2.8116, 0.2569]
  [pull c1 s4] delta=[0.0001, -0.0053, -0.0003, 0.0190, 0.0189, -0.0400] rel_d=0.0053m ayal_F/T_tcp=[-2.8912, -3.5697, 5.1781, 0.1932, -0.1130, 0.0681] uri_F/T_tcp=[-2.0135, 1.5823, 5.0308, -0.1969, -0.0660, -0.0142]
  [pull c1 s5] delta=[0.0006, -0.0054, -0.0010, 0.0279, 0.0177, 0.0209] rel_d=0.0055m ayal_F/T_tcp=[1.5844, -1.8885, 4.5050, -0.0480, 0.4240, -0.2149] uri_F/T_tcp=[3.9594, 0.1722, 4.1629, -0.0581, 0.6895, -0.0889]
  [pull c1 s6] delta=[0.0008, -0.0062, -0.0020, -0.0073, -0.0003, 0.0350] rel_d=0.0065m ayal_F/T_tcp=[1.4997, 1.0334, 11.8760, -0.4517, 0.5543, -0.2781] uri_F/T_tcp=[3.5768, -2.7674, 11.3543, 0.2385, 0.6369, -0.1342]
  [pull c1 s7] delta=[-0.0004, -0.0082, -0.0010, 0.0039, 0.0398, 0.0109] rel_d=0.0083m ayal_F/T_tcp=[-5.9700, -4.0562, 9.2993, 0.1696, -0.7997, -0.1268] uri_F/T_tcp=[-5.2759, 1.8201, 9.7073, -0.2468, -0.5003, -0.1832]
  [pull c1 s8] delta=[0.0009, -0.0070, -0.0002, 0.0253, 0.0132, 0.0118] rel_d=0.0071m ayal_F/T_tcp=[1.6193, -4.1634, -1.7452, 0.2119, 0.2679, -0.0115] uri_F/T_tcp=[2.5635, 2.4869, -1.6383, -0.2798, 0.4005, -0.0557]
  [pull c1 s9] delta=[0.0015, -0.0102, -0.0023, 0.0077, 0.0062, 0.0283] rel_d=0.0106m ayal_F/T_tcp=[4.0406, 1.3894, 7.7532, -0.4805, 0.7342, -0.2194] uri_F/T_tcp=[5.3151, -3.5404, 7.1165, 0.4444, 0.8539, -0.1073]
  [pull c1 s10] delta=[0.0017, -0.0106, -0.0011, -0.0151, -0.0168, -0.0126] rel_d=0.0108m ayal_F/T_tcp=[4.6432, -3.7668, 6.8069, 0.1056, 0.9329, 0.0813] uri_F/T_tcp=[5.2291, 1.7875, 6.8191, -0.1580, 0.8192, 0.0339]
  [pull c1 s11] delta=[0.0017, -0.0122, 0.0002, -0.0066, -0.0115, 0.0202] rel_d=0.0123m ayal_F/T_tcp=[-0.1132, -9.1869, 4.1454, 0.6359, 0.2496, -0.2097] uri_F/T_tcp=[1.0211, 6.5298, 5.0214, -0.7714, 0.3229, -0.1004]
  [pull c1 s12] delta=[0.0009, -0.0134, 0.0003, -0.0007, 0.0016, 0.0100] rel_d=0.0135m ayal_F/T_tcp=[-3.1265, -5.7525, 2.7479, 0.3805, -0.2598, -0.0572] uri_F/T_tcp=[-2.4951, 3.4555, 3.3369, -0.4807, -0.2066, -0.0917]
  [pull c1 s13] delta=[0.0007, -0.0133, -0.0018, -0.0168, -0.0042, 0.0084] rel_d=0.0134m ayal_F/T_tcp=[-1.2716, -1.5535, 0.3845, -0.0602, -0.0112, -0.1772] uri_F/T_tcp=[-0.3095, -0.4493, 0.3206, -0.0134, 0.0137, -0.0767]
  [pull c1 s14] delta=[0.0018, -0.0154, -0.0008, -0.0206, -0.0067, 0.0231] rel_d=0.0155m ayal_F/T_tcp=[0.9147, -4.0540, 2.2824, 0.1186, 0.2869, -0.2118] uri_F/T_tcp=[1.9940, 1.4246, 2.7628, -0.1956, 0.3292, -0.0910]
  [pull c1 s15] delta=[0.0033, -0.0145, -0.0010, 0.0173, -0.0128, 0.0045] rel_d=0.0149m ayal_F/T_tcp=[11.2298, -5.1961, -6.5862, 0.3823, 1.7696, 0.0718] uri_F/T_tcp=[12.7518, 2.9594, -6.2276, -0.3421, 2.0935, 0.0313]
  [pull c1 s16] delta=[-0.0006, -0.0163, -0.0006, -0.0159, 0.0075, -0.0178] rel_d=0.0163m ayal_F/T_tcp=[-5.7536, -2.5867, 2.7012, 0.0134, -0.6290, 0.0287] uri_F/T_tcp=[-5.1984, 0.4661, 2.8232, -0.0726, -0.6359, -0.0600]
  [pull c1 s17] delta=[0.0005, -0.0195, -0.0010, -0.0206, 0.0147, 0.0025] rel_d=0.0195m ayal_F/T_tcp=[-0.9243, -2.3492, 0.4470, -0.0294, -0.0025, -0.1722] uri_F/T_tcp=[0.2798, 0.4043, 0.3695, -0.0442, 0.0096, -0.0773]
  [pull c1 s18] delta=[0.0019, -0.0196, 0.0004, -0.0375, -0.0209, 0.0201] rel_d=0.0197m ayal_F/T_tcp=[0.3856, -8.0620, 2.0714, 0.5108, 0.2944, -0.2230] uri_F/T_tcp=[1.6924, 5.4843, 2.7130, -0.6386, 0.3392, -0.0996]
  [pull c1 s19] delta=[0.0006, -0.0194, 0.0013, -0.0043, -0.0280, 0.0206] rel_d=0.0195m ayal_F/T_tcp=[-3.3973, -10.2339, -0.9244, 0.8627, -0.4043, -0.0009] uri_F/T_tcp=[-3.1524, 8.0710, 0.3150, -1.0670, -0.3829, -0.0529]
  [pull c1 s20] delta=[0.0012, -0.0196, -0.0004, -0.0147, 0.0280, -0.0124] rel_d=0.0196m ayal_F/T_tcp=[-0.3146, -1.5929, 0.2614, 0.0241, 0.0590, -0.0361] uri_F/T_tcp=[0.6110, -0.0194, 0.1833, -0.0567, 0.0925, -0.0798]
  [pull c1 s21] delta=[0.0008, -0.0227, -0.0023, -0.0072, 0.0096, -0.0245] rel_d=0.0228m ayal_F/T_tcp=[-1.7627, 0.6618, 2.0969, -0.2193, -0.1694, 0.0024] uri_F/T_tcp=[-1.1462, -2.1385, 1.5493, 0.2050, -0.1527, -0.0622]
  [pull c1 s22] delta=[0.0013, -0.0240, 0.0003, -0.0257, 0.0124, -0.0065] rel_d=0.0241m ayal_F/T_tcp=[-1.6603, -4.2921, 1.2425, 0.1781, -0.0298, -0.1845] uri_F/T_tcp=[-0.4557, 2.4432, 1.0186, -0.2757, -0.0065, -0.0832]
  [pull c1 s23] delta=[0.0022, -0.0235, -0.0021, 0.0159, -0.0400, -0.0111] rel_d=0.0237m ayal_F/T_tcp=[0.6779, 0.4284, 0.8946, -0.2676, 0.2441, 0.0324] uri_F/T_tcp=[1.7517, -1.7633, 0.2079, 0.1920, 0.2328, -0.0081]
  [pull c1 s24] delta=[0.0028, -0.0254, -0.0015, 0.0372, -0.0013, -0.0286] rel_d=0.0256m ayal_F/T_tcp=[2.6759, -1.9592, 5.1502, -0.0577, 0.4567, 0.0352] uri_F/T_tcp=[3.3947, 0.4032, 4.6891, -0.0327, 0.5181, -0.0233]
  step cap hit before reaching rel_d target; backing off anyway
  extra pull-back 20.0 mm along ayal -Z
  [pull_backoff c1 s0] delta=[0.0046, -0.0453, -0.0024, 0.0372, -0.0013, -0.0286] rel_d=0.0456m ayal_F/T_tcp=[-0.9267, -1.9168, 0.5486, -0.0556, -0.0044, -0.0110] uri_F/T_tcp=[-0.5837, 0.3185, -0.0410, 0.0002, 0.0293, -0.0715]
choose_new_uri_location: picked [0.2600, -0.3200, 0.2600, 1.6752, -0.0115, -0.1340] (attempt 2)
move ayal to compact position
move uri to [0.2600, -0.3200, 0.2600, 1.6752, -0.0115, -0.1340]
  computed ayal mate: [-0.2348, 0.6417, -0.0094, 0.1899, 2.0873, 2.3227]
ayal current position: [-0.0629, 0.3403, 0.5247, 0.0005, -0.3816, -2.5159]
uri  mate: [0.2600, -0.3200, 0.2600, 1.6752, -0.0115, -0.1341]
ayal mate: [-0.2348, 0.6417, -0.0094, 0.1900, 2.0872, 2.3227]
ayal_unmate: [-0.2375, 0.6150, -0.0122, 0.1900, 2.0872, 2.3227]
[cycle 2] insert: target rel_d <= 1.5 mm (cap 25 steps × 1.0 mm), then seek |F_z|>=5.0 N (cap 15 steps)
  [insert c2 s0] delta=[-0.0015, -0.0220, -0.0031, -0.0212, -0.0040, -0.0113] rel_d=0.0223m ayal_F/T_tcp=[-0.8119, 34.6041, -99.6881, -5.7421, -1.0994, -0.0046] uri_F/T_tcp=[-1.1357, -32.9944, -102.1263, 4.6708, -1.1681, 0.0607]
  large wrench over 20.0 N detected, aborting insert: [-0.8119, 34.6041, -99.6881, -5.7421, -1.0994, -0.0046]. distance was 0.0223 m
  exceeded wrench. straightening then entering force-seek
  [straightening c2 s0] delta=[-0.0024, -0.0238, -0.0025, 0.0000, 0.0000, -0.0000] rel_d=0.0240m ayal_F/T_tcp=[-1.1277, 3.4665, -13.2906, -1.3898, -0.5012, -0.1734] uri_F/T_tcp=[-1.5339, -5.9151, -14.4401, 1.1939, -0.5751, 0.0506]
  large wrench over 20.0 N detected, aborting insert: [-0.8119, 34.6041, -99.6881, -5.7421, -1.0994, -0.0046]. distance was 0.0223 m
  exceeded wrench during straightening. skipping force-seek and moving to next cycle.
[cycle 2] pull: target rel_d >= 27.0 mm (cap 25 steps × 1.0 mm), then -Z back-off 20.0 mm
  [pull c2 s0] delta=[0.0001, -0.0011, -0.0003, -0.4150, -4.1491, -4.6644] rel_d=0.0011m ayal_F/T_tcp=[-0.4743, -5.5433, -18.0698, 0.0622, -0.2097, -0.3820] uri_F/T_tcp=[0.4273, 2.8150, -18.0510, -0.0740, -0.1901, -0.1159]
  [pull c2 s1] delta=[-0.0003, -0.0019, 0.0012, 0.0314, -0.0031, 0.0007] rel_d=0.0023m ayal_F/T_tcp=[-3.4697, -12.5902, 2.5027, 0.8983, -0.5700, -0.2067] uri_F/T_tcp=[-3.3320, 9.1888, 3.1710, -1.0093, -0.5753, 0.0153]
  [pull c2 s2] delta=[-0.0006, -0.0027, 0.0001, 0.0390, 0.0111, -0.0231] rel_d=0.0028m ayal_F/T_tcp=[-2.3996, -5.0752, 2.1670, 0.1177, -0.4635, -0.2351] uri_F/T_tcp=[-2.3962, 2.2509, 2.1100, -0.2818, -0.5301, 0.0092]
  [pull c2 s3] delta=[0.0006, -0.0041, 0.0004, -0.0281, 0.0000, 0.0006] rel_d=0.0041m ayal_F/T_tcp=[3.7773, -6.1180, 9.0564, 0.2533, 0.3371, 0.0472] uri_F/T_tcp=[3.8908, 3.1030, 9.0093, -0.3418, 0.4479, 0.0996]
  [pull c2 s4] delta=[-0.0007, -0.0054, -0.0011, -0.3882, -4.1864, -4.6458] rel_d=0.0055m ayal_F/T_tcp=[-0.9385, -3.2759, 3.6594, -0.1057, -0.2346, -0.2147] uri_F/T_tcp=[-0.8946, 0.4175, 3.0413, -0.0393, -0.1809, 0.0050]
  [pull c2 s5] delta=[-0.0021, -0.0049, -0.0006, -0.0189, -0.0007, 0.0103] rel_d=0.0054m ayal_F/T_tcp=[-9.7973, -3.7467, -7.4450, -0.0298, -2.0295, 0.0736] uri_F/T_tcp=[-10.7476, 0.9305, -7.0051, -0.0528, -1.6382, 0.0973]
  [pull c2 s6] delta=[-0.0005, -0.0075, -0.0018, 0.0015, -0.0089, 0.0068] rel_d=0.0078m ayal_F/T_tcp=[2.2048, -2.2554, 1.3141, -0.1446, 0.0378, 0.0013] uri_F/T_tcp=[2.0247, -0.1471, 0.8024, 0.0644, 0.0629, 0.0390]
  [pull c2 s7] delta=[-0.0011, -0.0087, -0.0005, -0.3672, -4.1686, -4.6633] rel_d=0.0088m ayal_F/T_tcp=[-0.3721, -5.8390, 3.3195, 0.1607, -0.2136, -0.1792] uri_F/T_tcp=[0.0151, 2.6789, 3.2571, -0.2360, -0.1546, 0.0248]
  [pull c2 s8] delta=[-0.0001, -0.0082, -0.0029, -0.0066, -0.0024, 0.0066] rel_d=0.0087m ayal_F/T_tcp=[3.5783, 2.3417, 1.3265, -0.6775, 0.2625, -0.0111] uri_F/T_tcp=[3.4676, -4.9155, 0.2790, 0.6439, 0.2914, 0.0511]
  [pull c2 s9] delta=[-0.0002, -0.0091, -0.0010, -0.3881, -4.1814, -4.6506] rel_d=0.0092m ayal_F/T_tcp=[0.5983, -5.5918, 1.8316, 0.1020, 0.0181, -0.1828] uri_F/T_tcp=[1.1463, 2.6018, 1.4562, -0.2075, 0.0395, 0.0251]
  [pull c2 s10] delta=[-0.0001, -0.0124, -0.0018, -0.4085, -4.1658, -4.6635] rel_d=0.0126m ayal_F/T_tcp=[3.3030, -3.7611, 3.7493, -0.0154, 0.3499, -0.0686] uri_F/T_tcp=[3.6731, 0.5862, 3.7168, -0.0094, 0.3543, 0.0136]
  [pull c2 s11] delta=[-0.0019, -0.0109, 0.0006, -0.0230, -0.0247, -0.0065] rel_d=0.0110m ayal_F/T_tcp=[-4.6823, -11.2209, -13.9705, 0.7836, -0.9802, 0.1214] uri_F/T_tcp=[-5.3900, 8.2458, -12.6808, -1.0114, -0.9633, 0.1546]
  [pull c2 s12] delta=[-0.0014, -0.0120, 0.0000, -0.3565, -4.1826, -4.6277] rel_d=0.0121m ayal_F/T_tcp=[-0.7269, -6.7831, 9.7785, 0.3939, -0.2230, -0.2695] uri_F/T_tcp=[0.4013, 3.6345, 10.3163, -0.5097, -0.0445, -0.0396]
  [pull c2 s13] delta=[-0.0005, -0.0149, -0.0015, -0.3583, -4.1839, -4.6313] rel_d=0.0150m ayal_F/T_tcp=[4.2155, -3.2933, 3.4553, -0.0432, 0.4483, -0.0669] uri_F/T_tcp=[4.5795, 0.0391, 3.0544, -0.0046, 0.5176, 0.0194]
  [pull c2 s14] delta=[-0.0007, -0.0157, -0.0020, -0.0067, 0.0065, -0.0310] rel_d=0.0158m ayal_F/T_tcp=[1.9558, -2.5439, 3.1898, -0.1338, 0.1601, 0.0120] uri_F/T_tcp=[1.9019, -0.3099, 2.9783, 0.0218, 0.1706, 0.0720]
  [pull c2 s15] delta=[-0.0031, -0.0157, -0.0015, -0.0184, -0.0007, -0.0304] rel_d=0.0161m ayal_F/T_tcp=[-8.4571, -4.7852, 4.2985, 0.1351, -1.4344, 0.0764] uri_F/T_tcp=[-9.1454, 1.6093, 4.1268, -0.1826, -1.4941, 0.0988]
  [pull c2 s16] delta=[-0.0016, -0.0161, -0.0029, -0.3657, -4.1574, -4.6433] rel_d=0.0164m ayal_F/T_tcp=[1.8679, -1.2724, 2.5119, -0.2626, 0.1135, -0.2252] uri_F/T_tcp=[2.6488, -1.5669, 2.1065, 0.2121, 0.1497, 0.0029]
  [pull c2 s17] delta=[-0.0004, -0.0172, -0.0010, -0.0191, -0.0359, 0.0142] rel_d=0.0172m ayal_F/T_tcp=[4.2889, -5.4117, 2.1207, 0.1072, 0.4135, 0.0169] uri_F/T_tcp=[4.1828, 2.1206, 2.8224, -0.2397, 0.4422, 0.0758]
  [pull c2 s18] delta=[-0.0009, -0.0184, -0.0020, 0.0347, -0.0075, 0.0000] rel_d=0.0185m ayal_F/T_tcp=[0.6478, -3.1952, 0.4573, -0.1159, -0.0334, -0.1696] uri_F/T_tcp=[0.8368, 0.0093, 0.1563, 0.0113, -0.0257, 0.0394]
  [pull c2 s19] delta=[-0.0010, -0.0184, -0.0013, -0.3884, -4.1924, -4.6309] rel_d=0.0184m ayal_F/T_tcp=[0.5128, -5.1384, 0.2867, 0.0959, 0.0249, -0.2021] uri_F/T_tcp=[1.2190, 2.1093, 0.3007, -0.2327, 0.0304, 0.0284]
  [pull c2 s20] delta=[-0.0032, -0.0199, -0.0017, 0.0227, -0.0216, -0.0015] rel_d=0.0202m ayal_F/T_tcp=[-2.8134, -3.7769, 3.0423, -0.0177, -0.5985, 0.0104] uri_F/T_tcp=[-3.2227, 0.4730, 2.9628, -0.0554, -0.6199, 0.0614]
  [pull c2 s21] delta=[-0.0022, -0.0204, -0.0026, -0.0025, -0.0020, 0.0012] rel_d=0.0207m ayal_F/T_tcp=[1.2507, -2.4257, 0.8428, -0.1499, 0.0284, -0.1712] uri_F/T_tcp=[1.9520, -0.3322, 0.6017, 0.0525, 0.0202, 0.0482]
  [pull c2 s22] delta=[-0.0016, -0.0223, -0.0012, -0.0312, -0.0189, 0.0015] rel_d=0.0224m ayal_F/T_tcp=[2.1360, -5.3072, 2.2643, 0.1467, 0.1461, -0.0118] uri_F/T_tcp=[2.2580, 2.5462, 2.3440, -0.2617, 0.1467, 0.0646]
  [pull c2 s23] delta=[-0.0029, -0.0233, -0.0041, 0.0051, -0.0104, -0.0268] rel_d=0.0239m ayal_F/T_tcp=[-0.8371, -1.3094, 1.5798, -0.2830, -0.2258, -0.1695] uri_F/T_tcp=[-0.3012, -1.9489, 1.3733, 0.2072, -0.2478, 0.0499]
  [pull c2 s24] delta=[-0.0024, -0.0249, -0.0026, -0.4141, -4.1587, -4.6578] rel_d=0.0252m ayal_F/T_tcp=[0.7588, -3.2568, 0.2097, -0.0883, -0.0140, -0.1952] uri_F/T_tcp=[1.5588, 0.0959, 0.3163, -0.0189, -0.0224, 0.0392]
  step cap hit before reaching rel_d target; backing off anyway
  extra pull-back 20.0 mm along ayal -Z
  [pull_backoff c2 s0] delta=[-0.0044, -0.0447, -0.0049, -0.4141, -4.1587, -4.6578] rel_d=0.0452m ayal_F/T_tcp=[0.8154, -2.8209, 0.2289, -0.0871, -0.0388, -0.0413] uri_F/T_tcp=[1.0899, 0.0377, 0.2784, 0.0034, -0.0455, 0.0413]
choose_new_uri_location: picked [0.4600, -0.3200, 0.3000, 1.4583, 0.0885, 0.1258] (attempt 1)
move ayal to compact position
move uri to [0.4600, -0.3200, 0.3000, 1.4583, 0.0885, 0.1258]
  computed ayal mate: [-0.0348, 0.6409, 0.0306, 0.1715, -2.2784, -2.0406]
ayal current position: [-0.1724, 0.3001, 0.5247, 0.0602, -0.3494, -2.1816]
uri  mate: [0.4600, -0.3200, 0.3000, 1.4583, 0.0885, 0.1258]
ayal mate: [-0.0348, 0.6409, 0.0306, 0.1716, -2.2784, -2.0406]
ayal_unmate: [-0.0312, 0.6144, 0.0336, 0.1716, -2.2784, -2.0406]
[cycle 3] insert: target rel_d <= 1.5 mm (cap 25 steps × 1.0 mm), then seek |F_z|>=5.0 N (cap 15 steps)
  [insert c3 s0] delta=[0.0035, -0.0245, 0.0026, -0.0320, -0.0259, 0.0068] rel_d=0.0248m ayal_F/T_tcp=[-0.2603, -1.8622, 0.2239, -0.0458, -0.0013, -0.0330] uri_F/T_tcp=[0.2181, 0.3428, -0.6712, -0.0114, 0.0253, 0.0093]
  [insert c3 s1] delta=[0.0031, -0.0212, 0.0014, 0.0106, -0.0212, -0.0094] rel_d=0.0215m ayal_F/T_tcp=[0.4245, -0.9469, -1.5356, -0.0665, 0.0215, 0.1312] uri_F/T_tcp=[0.5161, -0.1298, -2.2775, 0.0541, 0.0630, 0.0344]
  [insert c3 s2] delta=[0.0022, -0.0204, 0.0014, -0.0353, 0.0144, -0.0349] rel_d=0.0205m ayal_F/T_tcp=[-2.0417, -1.2784, -0.6026, -0.1024, -0.1680, -0.0453] uri_F/T_tcp=[-1.4751, -0.1022, -1.1191, 0.0528, -0.1801, 0.0052]
  [insert c3 s3] delta=[0.0032, -0.0214, 0.0011, 0.0400, 0.0083, 0.0111] rel_d=0.0216m ayal_F/T_tcp=[1.2665, -0.7424, 1.3082, -0.0995, 0.1360, 0.1325] uri_F/T_tcp=[1.3866, -0.3292, 0.7666, 0.0592, 0.1859, 0.0262]
  [insert c3 s4] delta=[0.0028, -0.0205, 0.0023, 0.0401, 0.0137, 0.0060] rel_d=0.0208m ayal_F/T_tcp=[0.0419, -1.9925, -0.4828, 0.0193, -0.0154, 0.1384] uri_F/T_tcp=[-0.1252, 0.8453, -0.7748, -0.0569, 0.0221, 0.0230]
  [insert c3 s5] delta=[0.0043, -0.0181, 0.0005, -0.0241, 0.0162, 0.0065] rel_d=0.0186m ayal_F/T_tcp=[5.3468, 2.4585, -6.1858, -0.5262, 0.7543, -0.1055] uri_F/T_tcp=[6.0192, -3.9629, -7.4153, 0.5721, 0.9722, -0.0301]
  [insert c3 s6] delta=[0.0026, -0.0184, 0.0022, 0.0216, -0.0128, -0.0078] rel_d=0.0187m ayal_F/T_tcp=[-1.2307, -2.7024, 2.2361, 0.0592, -0.1127, 0.1646] uri_F/T_tcp=[-1.2914, 1.3480, 1.3506, -0.0843, -0.0574, 0.0592]
  [insert c3 s7] delta=[0.0029, -0.0187, 0.0015, -0.0174, -0.0132, -0.0053] rel_d=0.0190m ayal_F/T_tcp=[-1.0245, -1.6062, 0.2606, -0.0857, -0.0084, -0.0365] uri_F/T_tcp=[-0.4182, -0.0613, -0.3813, 0.0423, 0.0165, 0.0181]
  [insert c3 s8] delta=[0.0007, -0.0141, 0.0001, 0.0352, 0.0005, -0.0375] rel_d=0.0142m ayal_F/T_tcp=[-5.6568, -0.8496, -17.5058, -0.1622, -0.9398, 0.3118] uri_F/T_tcp=[-6.1941, -0.2593, -17.9747, 0.0743, -0.9929, 0.1701]
  [insert c3 s9] delta=[0.0000, -0.0156, 0.0009, 0.0088, -0.0178, -0.0226] rel_d=0.0156m ayal_F/T_tcp=[-13.0275, -5.0792, 7.0538, 0.3580, -1.9487, 0.0457] uri_F/T_tcp=[-13.8984, 3.0835, 6.5346, -0.3574, -2.0465, 0.0612]
  [insert c3 s10] delta=[0.0005, -0.0128, 0.0011, 0.0155, 0.0155, 0.0291] rel_d=0.0129m ayal_F/T_tcp=[-3.2100, -1.8223, -13.1361, 0.0198, -0.6337, -0.1273] uri_F/T_tcp=[-3.3133, 0.8317, -13.4029, -0.0549, -0.6245, -0.0451]
  [insert c3 s11] delta=[0.0006, -0.0147, 0.0023, 0.0116, 0.0216, 0.0053] rel_d=0.0148m ayal_F/T_tcp=[-3.8865, -5.9081, 2.6268, 0.4012, -0.6490, 0.1072] uri_F/T_tcp=[-4.1200, 4.2620, 2.8015, -0.4534, -0.6236, 0.0172]
  [insert c3 s12] delta=[0.0002, -0.0114, -0.0001, 0.0014, 0.0258, -0.0305] rel_d=0.0114m ayal_F/T_tcp=[-4.5536, 3.7051, -6.7253, -0.5398, -0.8432, 0.1719] uri_F/T_tcp=[-5.2668, -4.4378, -7.7055, 0.5696, -0.9427, 0.0406]
  [insert c3 s13] delta=[0.0007, -0.0088, 0.0032, 0.0275, -0.0042, 0.0049] rel_d=0.0094m ayal_F/T_tcp=[-0.5512, -18.5105, -23.1396, 1.9410, -0.1243, 0.2562] uri_F/T_tcp=[-0.6036, 16.3080, -21.0785, -2.3826, -0.0026, 0.1223]
  large wrench over 20.0 N detected, aborting insert: [-0.5512, -18.5105, -23.1396, 1.9410, -0.1243, 0.2562]. distance was 0.0094 m
  exceeded wrench. straightening then entering force-seek
  [straightening c3 s13] delta=[0.0015, -0.0108, 0.0012, -0.0000, 0.0000, -0.0001] rel_d=0.0110m ayal_F/T_tcp=[-0.4713, -0.8257, 0.1033, 0.0631, 0.0751, -0.0428] uri_F/T_tcp=[0.6105, -0.5925, -0.1391, -0.1176, 0.1098, 0.0285]
  large wrench over 20.0 N detected, aborting insert: [-0.5512, -18.5105, -23.1396, 1.9410, -0.1243, 0.2562]. distance was 0.0094 m
  exceeded wrench during straightening. skipping force-seek and moving to next cycle.
[cycle 3] pull: target rel_d >= 27.0 mm (cap 25 steps × 1.0 mm), then -Z back-off 20.0 mm
  [pull c3 s0] delta=[0.0007, 0.0002, -0.0004, 0.0171, -0.0186, -0.0091] rel_d=0.0008m ayal_F/T_tcp=[0.8573, -3.9786, -70.1878, 0.4044, 0.0970, 0.1901] uri_F/T_tcp=[2.2588, 3.5230, -69.6613, -0.4566, -0.0213, 0.1133]
  large wrench over 20.0 N detected, aborting insert: [0.8573, -3.9786, -70.1878, 0.4044, 0.0970, 0.1901]. distance was 0.0008 m
  exceeded wrench. straightening then moving to next cycle
  [straightening c3 s0] delta=[0.0001, -0.0010, 0.0001, -0.0000, -0.0000, 0.0000] rel_d=0.0010m ayal_F/T_tcp=[-3.1273, -5.0503, -11.2635, 0.4848, -0.3574, -0.0762] uri_F/T_tcp=[-1.8869, 3.2126, -10.8204, -0.4801, -0.2090, -0.0043]
  [pull c3 s1] delta=[0.0023, -0.0028, -0.0012, 0.0240, -0.0079, -0.0135] rel_d=0.0038m ayal_F/T_tcp=[10.1199, 3.5946, 17.8922, -0.5503, 1.8814, 0.3117] uri_F/T_tcp=[11.5641, -4.1829, 16.2550, 0.4026, 1.7932, 0.2359]
  [pull c3 s2] delta=[0.0009, -0.0017, -0.0002, 0.0101, 0.0013, -0.0078] rel_d=0.0020m ayal_F/T_tcp=[-1.8629, -1.6281, 0.7597, 0.0167, -0.0176, -0.0250] uri_F/T_tcp=[-0.9574, 0.1774, 0.2232, -0.0696, 0.0279, 0.0428]
  [pull c3 s3] delta=[-0.0001, -0.0041, 0.0004, 0.0039, -0.0013, 0.0344] rel_d=0.0041m ayal_F/T_tcp=[-7.8468, -2.7866, 4.5135, 0.1320, -1.0566, -0.0953] uri_F/T_tcp=[-7.1203, 1.5388, 4.4382, -0.2814, -0.7983, -0.0160]
  [pull c3 s4] delta=[-0.0001, -0.0053, -0.0007, -0.0023, -0.0225, -0.0192] rel_d=0.0053m ayal_F/T_tcp=[-4.6888, 1.1134, 2.3144, -0.1793, -0.6856, 0.1940] uri_F/T_tcp=[-4.8973, -2.2554, 1.8007, 0.2136, -0.7031, 0.0890]
  [pull c3 s5] delta=[-0.0001, -0.0065, -0.0010, 0.0028, 0.0143, 0.0048] rel_d=0.0066m ayal_F/T_tcp=[-8.4224, 0.8468, 7.1775, -0.2821, -1.1861, -0.0769] uri_F/T_tcp=[-7.6996, -2.0593, 6.2676, 0.1616, -0.9286, -0.0139]
  [pull c3 s6] delta=[0.0008, -0.0066, 0.0006, -0.0395, 0.0058, -0.0110] rel_d=0.0067m ayal_F/T_tcp=[-0.7026, -2.9175, 1.4851, 0.1347, -0.0555, -0.0812] uri_F/T_tcp=[-0.0228, 1.2101, 1.4267, -0.1657, -0.0308, 0.0104]
  [pull c3 s7] delta=[0.0017, -0.0086, 0.0010, 0.0101, -0.0106, -0.0194] rel_d=0.0088m ayal_F/T_tcp=[0.9069, -1.8345, 4.8492, 0.0999, 0.2101, 0.1771] uri_F/T_tcp=[1.4055, 0.7257, 4.7726, -0.1372, 0.1755, 0.0944]
  [pull c3 s8] delta=[0.0002, -0.0078, 0.0002, -0.0202, 0.0045, 0.0320] rel_d=0.0078m ayal_F/T_tcp=[-5.8660, 0.3799, -7.4879, -0.2404, -0.8160, -0.1765] uri_F/T_tcp=[-5.1370, -1.7391, -7.8825, 0.1552, -0.6433, -0.0928]
  [pull c3 s9] delta=[-0.0007, -0.0091, 0.0005, -0.0014, -0.0065, 0.0098] rel_d=0.0091m ayal_F/T_tcp=[-11.7379, -1.3032, 10.8315, -0.0500, -1.8603, 0.1756] uri_F/T_tcp=[-12.2084, -0.2491, 10.7534, -0.0611, -1.5888, 0.0521]
  [pull c3 s10] delta=[0.0031, -0.0099, 0.0009, 0.0371, -0.0039, 0.0239] rel_d=0.0104m ayal_F/T_tcp=[7.2974, -0.7240, 7.5902, -0.0834, 1.0814, 0.2136] uri_F/T_tcp=[7.9891, -0.0828, 6.5665, -0.0516, 1.2921, 0.1016]
  [pull c3 s11] delta=[0.0022, -0.0110, 0.0023, -0.0167, 0.0290, -0.0204] rel_d=0.0115m ayal_F/T_tcp=[-1.9241, -7.6072, 5.3817, 0.6941, 0.0261, -0.1121] uri_F/T_tcp=[-1.0864, 5.2948, 5.9154, -0.6266, 0.0546, -0.0205]
  [pull c3 s12] delta=[0.0015, -0.0118, 0.0013, -0.0136, -0.0083, -0.0066] rel_d=0.0120m ayal_F/T_tcp=[-1.4084, -1.9542, 0.6337, 0.0867, -0.0973, 0.1075] uri_F/T_tcp=[-1.0727, 0.3253, 0.6300, -0.1333, -0.0589, 0.0324]
  [pull c3 s13] delta=[0.0038, -0.0129, 0.0022, 0.0141, -0.0131, 0.0182] rel_d=0.0136m ayal_F/T_tcp=[8.4434, -3.2054, 8.4491, 0.1627, 1.4329, 0.1955] uri_F/T_tcp=[9.4901, 1.7158, 8.3259, -0.3067, 1.5349, 0.0976]
  [pull c3 s14] delta=[0.0012, -0.0155, 0.0027, -0.0030, -0.0103, -0.0228] rel_d=0.0157m ayal_F/T_tcp=[-4.1191, -4.2342, 3.3939, 0.3637, -0.3748, 0.1776] uri_F/T_tcp=[-3.8106, 2.6940, 3.1564, -0.3914, -0.3757, 0.0540]
  [pull c3 s15] delta=[0.0019, -0.0146, 0.0025, -0.0005, -0.0040, 0.0079] rel_d=0.0149m ayal_F/T_tcp=[-1.0470, -2.4691, -1.9997, 0.1491, 0.0749, -0.0570] uri_F/T_tcp=[0.1107, 0.9385, -2.1102, -0.2032, 0.0953, 0.0195]
  [pull c3 s16] delta=[0.0023, -0.0172, 0.0013, -0.0287, -0.0182, -0.0055] rel_d=0.0174m ayal_F/T_tcp=[-1.9341, -0.1404, 0.5287, -0.0626, -0.0574, -0.0505] uri_F/T_tcp=[-0.9960, -1.0240, -0.0055, 0.0273, -0.0454, 0.0325]
  [pull c3 s17] delta=[0.0028, -0.0178, 0.0011, 0.0161, 0.0339, 0.0110] rel_d=0.0181m ayal_F/T_tcp=[0.1279, -0.2230, 1.3757, -0.0776, 0.1424, 0.1046] uri_F/T_tcp=[0.8133, -1.1030, 0.9240, 0.0590, 0.1912, 0.0276]
  [pull c3 s18] delta=[0.0032, -0.0167, 0.0012, -0.0260, -0.0039, 0.0273] rel_d=0.0171m ayal_F/T_tcp=[-0.4312, -0.9289, -1.2943, -0.0682, 0.1087, -0.0516] uri_F/T_tcp=[0.4345, -0.7088, -1.3103, 0.0111, 0.1560, 0.0207]
  [pull c3 s19] delta=[0.0025, -0.0182, 0.0017, -0.0322, 0.0017, 0.0399] rel_d=0.0184m ayal_F/T_tcp=[-2.6091, -1.3736, 3.5332, -0.0028, -0.1096, -0.0948] uri_F/T_tcp=[-1.7657, 0.0118, 3.3694, -0.0720, -0.0485, -0.0091]
  [pull c3 s20] delta=[0.0022, -0.0217, 0.0006, -0.0069, 0.0054, 0.0114] rel_d=0.0218m ayal_F/T_tcp=[-1.7580, 0.8731, 1.5239, -0.1821, -0.1533, 0.1061] uri_F/T_tcp=[-1.7848, -1.9736, 0.7817, 0.1514, -0.1168, 0.0309]
  [pull c3 s21] delta=[0.0018, -0.0219, 0.0026, 0.0268, 0.0035, -0.0091] rel_d=0.0221m ayal_F/T_tcp=[-3.3346, -3.3384, 2.2567, 0.2637, -0.3680, 0.1834] uri_F/T_tcp=[-2.9382, 1.7947, 2.1189, -0.2554, -0.2664, 0.0789]
  [pull c3 s22] delta=[0.0017, -0.0236, 0.0036, 0.0217, 0.0347, -0.0291] rel_d=0.0240m ayal_F/T_tcp=[-3.8680, -4.2775, 2.5995, 0.4012, -0.4047, -0.0078] uri_F/T_tcp=[-3.2359, 2.7699, 2.6520, -0.3651, -0.2992, 0.0596]
  [pull c3 s23] delta=[0.0012, -0.0227, 0.0031, 0.0200, 0.0121, 0.0188] rel_d=0.0230m ayal_F/T_tcp=[-4.8060, -1.3209, -1.8363, 0.0407, -0.5543, -0.0636] uri_F/T_tcp=[-3.6750, -0.1754, -1.6963, -0.0964, -0.4018, 0.0316]
  [pull c3 s24] delta=[0.0014, -0.0246, 0.0021, 0.0376, 0.0339, 0.0152] rel_d=0.0247m ayal_F/T_tcp=[-5.7606, -0.1288, 2.8574, -0.1562, -0.9255, 0.1384] uri_F/T_tcp=[-5.6651, -1.4909, 2.5782, 0.0859, -0.6710, 0.0490]
  step cap hit before reaching rel_d target; backing off anyway
  extra pull-back 20.0 mm along ayal -Z
  [pull_backoff c3 s0] delta=[0.0049, -0.0442, 0.0042, 0.0376, 0.0339, 0.0152] rel_d=0.0446m ayal_F/T_tcp=[-0.6279, -1.2099, 0.1691, -0.0104, -0.0322, -0.0365] uri_F/T_tcp=[0.1367, -0.2079, 0.0518, -0.0318, -0.0177, 0.0380]
choose_new_uri_location: picked [0.5000, -0.3200, 0.7000, 1.5659, -0.0091, -0.1367] (attempt 8)
move ayal to compact position
move uri to [0.5000, -0.3200, 0.7000, 1.5659, -0.0091, -0.1367]
  computed ayal mate: [0.0052, 0.6408, 0.4306, 0.1970, 2.2122, 2.2065]
ayal current position: [0.0419, 0.3436, 0.5247, -0.0619, -0.4077, -2.8155]
uri  mate: [0.5000, -0.3200, 0.7000, 1.5659, -0.0091, -0.1367]
ayal mate: [0.0052, 0.6408, 0.4306, 0.1969, 2.2122, 2.2065]
ayal_unmate: [0.0026, 0.6139, 0.4307, 0.1969, 2.2122, 2.2065]
[cycle 4] insert: target rel_d <= 1.5 mm (cap 25 steps × 1.0 mm), then seek |F_z|>=5.0 N (cap 15 steps)
saved 172 records to /home/user/Projects/yarbiv/rmp_lab/dual_arm_peg/output/auto_peg_cycle_1.json
