uri rxyz anchor (first pose): [1.2813, -0.5331, -0.3033]
ayal current position: [-0.2096, 0.5794, 0.1157, 0.3834, 2.0666, 1.5984]
uri  mate: [0.3024, -0.3580, 0.3801, 1.2813, -0.5331, -0.3033]
ayal mate: [-0.1926, 0.6035, 0.1106, 0.3839, 2.0680, 1.6034]
ayal_unmate: [-0.2071, 0.5813, 0.1157, 0.3839, 2.0680, 1.6034]
[cycle 0] insert: target rel_d <= 1.5 mm (cap 25 steps × 1.0 mm), then seek |F_z|>=5.0 N (cap 15 steps)
  [insert c0 s0] delta=[-0.0120, -0.0177, 0.0030, 0.0032, -0.0400, 0.0184] rel_d=0.0217m ayal_F/T_tcp=[-4.0305, 1.0962, -4.4067, -0.1767, -0.5334, -0.0847] uri_F/T_tcp=[-4.0119, -1.2106, -4.2466, 0.1096, -0.6382, 0.0157]
  [insert c0 s1] delta=[-0.0132, -0.0182, 0.0046, -0.0357, 0.0014, -0.0053] rel_d=0.0230m ayal_F/T_tcp=[-5.5025, -6.8543, 0.5680, 0.6926, -0.8473, 0.0788] uri_F/T_tcp=[-6.3502, 5.9922, 2.4188, -0.7972, -0.9165, 0.0380]
  [insert c0 s2] delta=[-0.0120, -0.0181, 0.0043, 0.0197, 0.0125, -0.0221] rel_d=0.0221m ayal_F/T_tcp=[2.1029, -5.1646, -5.2184, 0.4955, 0.1751, -0.1254] uri_F/T_tcp=[1.9932, 4.5628, -3.4406, -0.6483, 0.2247, -0.0211]
  [insert c0 s3] delta=[-0.0129, -0.0159, 0.0039, 0.0291, 0.0400, -0.0014] rel_d=0.0208m ayal_F/T_tcp=[-18.8491, -9.8138, -23.9318, 1.0952, -2.9631, -0.0701] uri_F/T_tcp=[-20.3351, 9.4998, -21.1431, -1.3964, -3.7143, -0.1028]
  large wrench over 20.0 N detected, aborting insert: [-18.8491, -9.8138, -23.9318, 1.0952, -2.9631, -0.0701]. distance was 0.0208 m
  exceeded wrench. straightening then entering force-seek
  [straightening c0 s3] delta=[-0.0113, -0.0173, 0.0040, 0.0000, -0.0000, -0.0000] rel_d=0.0210m ayal_F/T_tcp=[5.3537, -3.2719, 1.0730, 0.3561, 0.5418, -0.1080] uri_F/T_tcp=[5.3411, 2.8742, 2.0816, -0.4134, 0.6349, 0.0285]
  large wrench over 20.0 N detected, aborting insert: [-18.8491, -9.8138, -23.9318, 1.0952, -2.9631, -0.0701]. distance was 0.0208 m
  exceeded wrench during straightening. skipping force-seek and moving to next cycle.
[cycle 0] pull: target rel_d >= 27.0 mm (cap 25 steps × 1.0 mm), then -Z back-off 20.0 mm
  [pull c0 s0] delta=[-0.0018, -0.0006, -0.0000, 0.0006, 0.0266, 0.0183] rel_d=0.0019m ayal_F/T_tcp=[-14.4772, -7.0418, -51.8654, 0.7382, -2.5828, -0.0570] uri_F/T_tcp=[-15.7314, 7.5343, -48.3989, -1.0062, -2.5286, -0.0863]
  large wrench over 20.0 N detected, aborting insert: [-14.4772, -7.0418, -51.8654, 0.7382, -2.5828, -0.0570]. distance was 0.0019 m
  exceeded wrench. straightening then moving to next cycle
  [straightening c0 s0] delta=[-0.0005, -0.0008, 0.0002, -0.0000, -0.0000, -0.0000] rel_d=0.0010m ayal_F/T_tcp=[3.9243, -6.2375, -7.0630, 0.6339, 0.3103, -0.0835] uri_F/T_tcp=[4.0505, 5.8626, -5.2339, -0.7491, 0.4925, 0.0586]
  [pull c0 s1] delta=[-0.0007, -0.0020, 0.0016, -0.0170, -0.0295, 0.0072] rel_d=0.0026m ayal_F/T_tcp=[12.9352, -21.8147, 22.9337, 2.4949, 2.1936, 0.1097] uri_F/T_tcp=[12.9082, 18.7273, 27.4070, -2.3943, 2.3006, 0.2568]
  large wrench over 20.0 N detected, aborting insert: [12.9352, -21.8147, 22.9337, 2.4949, 2.1936, 0.1097]. distance was 0.0026 m
  exceeded wrench. straightening then moving to next cycle
  [straightening c0 s1] delta=[-0.0011, -0.0016, 0.0004, 0.0000, -0.0000, 0.0000] rel_d=0.0020m ayal_F/T_tcp=[-0.4337, -3.7780, 2.4272, 0.5472, 0.0986, 0.0090] uri_F/T_tcp=[0.0154, 3.9511, 3.3225, -0.6365, 0.2072, 0.0190]
  [pull c0 s2] delta=[-0.0026, -0.0013, -0.0010, -0.0105, -0.0193, -0.0245] rel_d=0.0030m ayal_F/T_tcp=[-21.3108, 8.6920, 3.2927, -1.2117, -3.3954, 0.3146] uri_F/T_tcp=[-22.9251, -9.3520, 0.7117, 1.1975, -4.1835, 0.3919]
  large wrench over 20.0 N detected, aborting insert: [-21.3108, 8.6920, 3.2927, -1.2117, -3.3954, 0.3146]. distance was 0.0030 m
  exceeded wrench. straightening then moving to next cycle
  [straightening c0 s2] delta=[-0.0016, -0.0025, 0.0006, 0.0001, -0.0000, 0.0000] rel_d=0.0030m ayal_F/T_tcp=[7.5389, -8.0647, 9.3758, 0.6919, 0.7764, 0.0318] uri_F/T_tcp=[7.3264, 6.7260, 10.9568, -0.8229, 0.9986, 0.0138]
  [pull c0 s3] delta=[-0.0014, -0.0033, 0.0007, -0.0353, 0.0077, -0.0359] rel_d=0.0037m ayal_F/T_tcp=[14.3482, -7.8533, 26.8872, 0.5428, 1.9160, 0.7327] uri_F/T_tcp=[13.8868, 8.0783, 27.6290, -1.1772, 2.2707, 0.6737]
  large wrench over 20.0 N detected, aborting insert: [14.3482, -7.8533, 26.8872, 0.5428, 1.9160, 0.7327]. distance was 0.0037 m
  exceeded wrench. straightening then moving to next cycle
  [straightening c0 s3] delta=[-0.0014, -0.0033, 0.0007, -0.0353, 0.0077, -0.0359] rel_d=0.0037m ayal_F/T_tcp=[13.7371, -7.9762, 26.4245, 0.5654, 1.8760, 0.7044] uri_F/T_tcp=[13.2115, 8.0671, 27.1281, -1.1635, 2.2322, 0.6500]
  [pull c0 s4] delta=[-0.0019, -0.0021, 0.0016, -0.0124, 0.0400, 0.0007] rel_d=0.0033m ayal_F/T_tcp=[-1.2816, -25.3734, 3.2585, 2.7278, -0.4345, -0.0768] uri_F/T_tcp=[0.0117, 23.0373, 7.8849, -3.0902, 0.7310, -0.0953]
  large wrench over 20.0 N detected, aborting insert: [-1.2816, -25.3734, 3.2585, 2.7278, -0.4345, -0.0768]. distance was 0.0033 m
  exceeded wrench. straightening then moving to next cycle
  [straightening c0 s4] delta=[-0.0027, -0.0041, 0.0009, 0.0001, -0.0000, -0.0000] rel_d=0.0050m ayal_F/T_tcp=[-0.8781, -3.7265, 2.0117, 0.4486, -0.0432, -0.1570] uri_F/T_tcp=[-0.7081, 2.9193, 3.9347, -0.5132, 0.0191, 0.0137]
  [pull c0 s5] delta=[-0.0040, -0.0050, 0.0030, -0.0399, -0.0068, -0.0099] rel_d=0.0071m ayal_F/T_tcp=[-0.0307, -30.3580, 41.7894, 3.3279, 0.0670, 0.5543] uri_F/T_tcp=[-0.9492, 26.3827, 46.7301, -3.4925, 0.4153, 0.5020]
  large wrench over 20.0 N detected, aborting insert: [-0.0307, -30.3580, 41.7894, 3.3279, 0.0670, 0.5543]. distance was 0.0071 m
  exceeded wrench. straightening then moving to next cycle
  [straightening c0 s5] delta=[-0.0040, -0.0050, 0.0029, -0.0400, -0.0067, -0.0099] rel_d=0.0071m ayal_F/T_tcp=[-0.0307, -29.8615, 40.0757, 3.3080, 0.0688, 0.5265] uri_F/T_tcp=[-0.9642, 26.0449, 45.3509, -3.4780, 0.4065, 0.4817]
  [pull c0 s6] delta=[-0.0040, -0.0050, 0.0029, -0.0400, -0.0068, -0.0099] rel_d=0.0070m ayal_F/T_tcp=[-0.0280, -29.5779, 39.1382, 3.3004, 0.0754, 0.5108] uri_F/T_tcp=[-0.8325, 25.8322, 44.3542, -3.4701, 0.4024, 0.4737]
  large wrench over 20.0 N detected, aborting insert: [-0.0280, -29.5779, 39.1382, 3.3004, 0.0754, 0.5108]. distance was 0.0070 m
  exceeded wrench. straightening then moving to next cycle
  [straightening c0 s6] delta=[-0.0040, -0.0050, 0.0030, -0.0400, -0.0068, -0.0099] rel_d=0.0070m ayal_F/T_tcp=[0.0489, -29.4160, 38.7223, 3.2994, 0.0768, 0.4999] uri_F/T_tcp=[-0.9617, 25.8508, 43.6269, -3.4652, 0.4029, 0.4675]
  [pull c0 s7] delta=[-0.0047, -0.0066, 0.0004, -0.0146, 0.0112, -0.0224] rel_d=0.0081m ayal_F/T_tcp=[-3.3055, 5.3907, 9.3605, -0.5171, -0.7567, -0.0143] uri_F/T_tcp=[-3.5404, -5.4323, 10.2018, 0.5615, -0.6747, 0.1247]
  [pull c0 s8] delta=[-0.0032, -0.0071, 0.0033, -0.0195, -0.0052, -0.0019] rel_d=0.0084m ayal_F/T_tcp=[19.2064, -24.2356, 9.2124, 2.8758, 3.1947, 0.1959] uri_F/T_tcp=[20.2482, 22.3165, 13.8722, -3.1392, 3.6716, 0.1942]
  large wrench over 20.0 N detected, aborting insert: [19.2064, -24.2356, 9.2124, 2.8758, 3.1947, 0.1959]. distance was 0.0084 m
  exceeded wrench. straightening then moving to next cycle
  [straightening c0 s8] delta=[-0.0048, -0.0074, 0.0017, -0.0000, -0.0000, -0.0000] rel_d=0.0090m ayal_F/T_tcp=[-2.2662, -2.3971, 1.9368, 0.3502, -0.2507, -0.1382] uri_F/T_tcp=[-2.1124, 1.8808, 3.8922, -0.3863, -0.1999, 0.0331]
  [pull c0 s9] delta=[-0.0065, -0.0072, 0.0009, -0.0399, -0.0186, -0.0355] rel_d=0.0097m ayal_F/T_tcp=[-17.7436, 2.3446, 14.8079, -0.4719, -2.8730, 0.5756] uri_F/T_tcp=[-19.2560, -4.0151, 14.4340, 0.5238, -3.3512, 0.6648]
  [pull c0 s10] delta=[-0.0065, -0.0077, 0.0022, 0.0384, -0.0068, -0.0270] rel_d=0.0103m ayal_F/T_tcp=[-9.0543, -16.0467, 12.1164, 1.4319, -1.6937, -0.2109] uri_F/T_tcp=[-10.7845, 14.1396, 15.3107, -1.8143, -1.8238, -0.0790]
  [pull c0 s11] delta=[-0.0069, -0.0109, 0.0023, -0.0024, -0.0274, 0.0086] rel_d=0.0131m ayal_F/T_tcp=[7.0767, -0.4455, 6.2250, -0.0523, 0.7615, 0.0545] uri_F/T_tcp=[6.6615, 0.1036, 6.7852, -0.0219, 0.8002, 0.0639]
  [pull c0 s12] delta=[-0.0052, -0.0113, 0.0019, -0.0027, 0.0029, -0.0011] rel_d=0.0126m ayal_F/T_tcp=[17.7094, 1.5159, -2.8614, -0.2559, 2.4133, 0.1013] uri_F/T_tcp=[18.0121, -1.4023, -2.4676, 0.3286, 2.9044, 0.1426]
  [pull c0 s13] delta=[-0.0079, -0.0112, 0.0026, 0.0033, 0.0126, 0.0400] rel_d=0.0140m ayal_F/T_tcp=[-5.6234, -6.7460, 8.4280, 0.5889, -0.8293, -0.0492] uri_F/T_tcp=[-5.5730, 5.8755, 10.8377, -0.7034, -0.7167, -0.0704]
  [pull c0 s14] delta=[-0.0066, -0.0127, 0.0048, 0.0043, 0.0058, 0.0400] rel_d=0.0150m ayal_F/T_tcp=[18.3089, -25.2450, 21.0342, 3.0484, 3.1899, -0.3578] uri_F/T_tcp=[21.0523, 21.0742, 26.2131, -2.9226, 3.9150, -0.1624]
  large wrench over 20.0 N detected, aborting insert: [18.3089, -25.2450, 21.0342, 3.0484, 3.1899, -0.3578]. distance was 0.0150 m
  exceeded wrench. straightening then moving to next cycle
  [straightening c0 s14] delta=[-0.0066, -0.0127, 0.0048, 0.0042, 0.0058, 0.0400] rel_d=0.0151m ayal_F/T_tcp=[17.5111, -24.7768, 21.7414, 3.0194, 3.1359, -0.3439] uri_F/T_tcp=[20.0842, 20.5815, 26.4887, -2.8941, 3.8459, -0.1550]
  [pull c0 s15] delta=[-0.0080, -0.0124, 0.0028, 0.0113, -0.0029, -0.0034] rel_d=0.0150m ayal_F/T_tcp=[-2.0470, -1.3390, 0.0229, 0.2227, -0.2028, -0.1683] uri_F/T_tcp=[-2.0248, 1.2080, 2.0171, -0.2629, -0.1906, 0.0313]
  [pull c0 s16] delta=[-0.0107, -0.0139, 0.0028, -0.0400, -0.0025, -0.0058] rel_d=0.0177m ayal_F/T_tcp=[-13.2821, -2.3516, 14.0832, 0.1983, -2.1606, 0.1471] uri_F/T_tcp=[-14.1624, 0.9199, 15.5562, -0.0614, -2.2300, 0.1383]
  [pull c0 s17] delta=[-0.0102, -0.0166, 0.0028, -0.0025, 0.0171, -0.0181] rel_d=0.0196m ayal_F/T_tcp=[5.5268, 2.4528, 6.1174, -0.4109, 0.6188, -0.1181] uri_F/T_tcp=[5.4877, -2.2723, 6.7890, 0.3466, 0.6845, 0.0582]
  [pull c0 s18] delta=[-0.0098, -0.0151, 0.0016, 0.0151, 0.0151, 0.0400] rel_d=0.0180m ayal_F/T_tcp=[-1.2256, 8.7909, -8.2972, -1.0168, -0.4097, -0.0872] uri_F/T_tcp=[-2.2200, -8.9860, -8.1040, 1.2843, -0.4866, -0.0486]
  [pull c0 s19] delta=[-0.0099, -0.0163, 0.0018, -0.0131, 0.0330, 0.0199] rel_d=0.0192m ayal_F/T_tcp=[5.1499, 8.3594, 7.3466, -1.0744, 0.5405, -0.0108] uri_F/T_tcp=[5.1039, -7.9732, 7.2701, 1.1590, 0.6148, 0.0258]
  [pull c0 s20] delta=[-0.0096, -0.0159, 0.0046, -0.0014, 0.0291, -0.0166] rel_d=0.0192m ayal_F/T_tcp=[7.9285, -16.5183, 3.7282, 1.6130, 1.3065, -0.0729] uri_F/T_tcp=[8.3236, 14.9537, 7.0109, -1.9986, 1.5283, 0.1035]
  [pull c0 s21] delta=[-0.0116, -0.0201, 0.0037, 0.0081, -0.0207, 0.0079] rel_d=0.0235m ayal_F/T_tcp=[3.4740, -0.0344, 2.7581, -0.1603, 0.7670, -0.1577] uri_F/T_tcp=[3.9002, -0.6629, 4.3820, 0.1235, 0.8568, 0.0493]
  [pull c0 s22] delta=[-0.0121, -0.0205, 0.0047, 0.0368, -0.0022, 0.0238] rel_d=0.0242m ayal_F/T_tcp=[-0.7067, -0.9264, -0.1041, -0.0371, 0.0344, -0.0308] uri_F/T_tcp=[-0.6671, 0.3437, 1.6353, -0.0117, 0.0819, 0.0265]
  [pull c0 s23] delta=[-0.0122, -0.0198, 0.0031, 0.0028, -0.0133, 0.0134] rel_d=0.0235m ayal_F/T_tcp=[-0.5568, 1.2620, -1.3141, -0.2018, -0.0015, -0.0257] uri_F/T_tcp=[-0.3770, -1.3917, 0.1974, 0.2248, 0.0415, 0.0210]
  [pull c0 s24] delta=[-0.0125, -0.0205, 0.0062, 0.0286, 0.0097, 0.0117] rel_d=0.0247m ayal_F/T_tcp=[-0.4396, -1.0791, -0.2168, -0.0434, 0.0148, -0.0156] uri_F/T_tcp=[-0.4413, 0.5321, 1.5190, -0.0031, 0.0575, 0.0271]
  step cap hit before reaching rel_d target; backing off anyway
  extra pull-back 20.0 mm along ayal -Z
  [pull_backoff c0 s0] delta=[-0.0232, -0.0369, 0.0100, 0.0285, 0.0097, 0.0117] rel_d=0.0447m ayal_F/T_tcp=[-0.1090, -1.1151, -0.1053, -0.0475, -0.0030, -0.1040] uri_F/T_tcp=[-0.3247, 0.5182, 1.8963, -0.0030, 0.0495, 0.0295]
choose_new_uri_location: picked [0.3400, -0.3200, 0.2600, 1.2591, -0.5365, -0.3576] (attempt 6)
move ayal to compact position
move uri to [0.3400, -0.3200, 0.2600, 1.2591, -0.5365, -0.3576]
  computed ayal mate: [-0.1548, 0.6414, -0.0094, 0.4518, 2.0714, 1.5754]
ayal current position: [-0.4350, 0.4224, 0.1207, -0.0505, 2.2787, 1.8478]
uri  mate: [0.3400, -0.3200, 0.2600, 1.2591, -0.5365, -0.3575]
ayal mate: [-0.1548, 0.6414, -0.0094, 0.4517, 2.0713, 1.5753]
ayal_unmate: [-0.1701, 0.6199, -0.0038, 0.4517, 2.0713, 1.5753]
[cycle 1] insert: target rel_d <= 1.5 mm (cap 25 steps × 1.0 mm), then seek |F_z|>=5.0 N (cap 15 steps)
  [insert c1 s0] delta=[-0.0132, -0.0190, 0.0045, -0.0243, -0.0224, -0.0252] rel_d=0.0235m ayal_F/T_tcp=[-0.9771, 0.4434, -0.4081, -0.0009, -0.0432, -0.0408] uri_F/T_tcp=[-0.2686, -0.0334, -1.0768, 0.0117, -0.0656, -0.0152]
  [insert c1 s1] delta=[-0.0133, -0.0179, 0.0039, -0.0137, -0.0047, -0.0180] rel_d=0.0226m ayal_F/T_tcp=[-6.4099, 2.0276, -12.1675, -0.2020, -0.8690, 0.1013] uri_F/T_tcp=[-6.1027, -1.3595, -13.1451, 0.1586, -1.1863, 0.0054]
  [insert c1 s2] delta=[-0.0117, -0.0195, 0.0036, -0.0399, -0.0257, 0.0038] rel_d=0.0230m ayal_F/T_tcp=[9.0594, 5.3268, 1.1048, -0.5774, 1.2382, 0.1639] uri_F/T_tcp=[9.9711, -4.6389, -0.1586, 0.6868, 1.4108, 0.0641]
  [insert c1 s3] delta=[-0.0119, -0.0172, 0.0032, -0.0346, 0.0176, 0.0325] rel_d=0.0212m ayal_F/T_tcp=[-3.3821, 3.3783, -4.5224, -0.4568, -0.5119, 0.0962] uri_F/T_tcp=[-3.4856, -3.5178, -5.5277, 0.5633, -0.6480, -0.0361]
  [insert c1 s4] delta=[-0.0116, -0.0145, 0.0040, -0.0011, -0.0204, 0.0012] rel_d=0.0190m ayal_F/T_tcp=[-13.3768, -5.3097, -12.8909, 0.6107, -1.9233, -0.0209] uri_F/T_tcp=[-12.9227, 6.2415, -12.5331, -0.9056, -2.4097, 0.0062]
  [insert c1 s5] delta=[-0.0127, -0.0163, 0.0029, -0.0303, -0.0180, -0.0079] rel_d=0.0209m ayal_F/T_tcp=[-12.4457, 6.2310, 11.0432, -0.6165, -2.1803, 0.2118] uri_F/T_tcp=[-12.4587, -6.9737, 9.1087, 0.8482, -2.3653, 0.0636]
  [insert c1 s6] delta=[-0.0106, -0.0137, 0.0023, 0.0113, -0.0026, -0.0176] rel_d=0.0175m ayal_F/T_tcp=[-8.7583, 6.2623, -13.9819, -0.6506, -1.6788, 0.0191] uri_F/T_tcp=[-8.9321, -5.2258, -15.9983, 0.7488, -2.0600, 0.0103]
  [insert c1 s7] delta=[-0.0095, -0.0137, 0.0037, -0.0246, 0.0069, -0.0007] rel_d=0.0171m ayal_F/T_tcp=[5.3574, -5.3158, -2.7887, 0.4328, 0.3919, 0.1525] uri_F/T_tcp=[5.0504, 4.5633, -2.4763, -0.4643, 0.5053, 0.0156]
  [insert c1 s8] delta=[-0.0097, -0.0118, 0.0030, -0.0137, 0.0169, 0.0014] rel_d=0.0156m ayal_F/T_tcp=[-11.4141, -2.7659, -14.3707, 0.1542, -1.8957, 0.2010] uri_F/T_tcp=[-12.5465, 2.6314, -13.8553, -0.3859, -2.3830, 0.0304]
  [insert c1 s9] delta=[-0.0081, -0.0116, 0.0022, -0.0216, 0.0178, 0.0367] rel_d=0.0143m ayal_F/T_tcp=[4.3865, 2.5001, -4.0758, -0.3565, 0.1226, 0.1048] uri_F/T_tcp=[3.6927, -2.8618, -4.6894, 0.4751, 0.1864, -0.0419]
  [insert c1 s10] delta=[-0.0069, -0.0099, 0.0017, 0.0021, -0.0007, -0.0028] rel_d=0.0122m ayal_F/T_tcp=[-1.8520, 0.8012, -2.9977, -0.2118, -0.3982, -0.0277] uri_F/T_tcp=[-1.5472, -1.0653, -3.5677, 0.2252, -0.4860, -0.0241]
  [insert c1 s11] delta=[-0.0061, -0.0093, 0.0028, -0.0124, 0.0199, 0.0009] rel_d=0.0115m ayal_F/T_tcp=[6.3794, -8.6464, -8.0619, 0.7666, 0.6284, 0.1235] uri_F/T_tcp=[6.0473, 7.8119, -7.6948, -0.8794, 0.8259, -0.0023]
  [insert c1 s12] delta=[-0.0060, -0.0103, 0.0037, -0.0236, -0.0087, 0.0069] rel_d=0.0125m ayal_F/T_tcp=[13.0891, -13.3378, 14.0000, 1.4446, 2.0070, 0.0813] uri_F/T_tcp=[13.4119, 11.8328, 15.5946, -1.5911, 2.2523, 0.0990]
  [insert c1 s13] delta=[-0.0053, -0.0092, 0.0025, 0.0020, 0.0094, 0.0340] rel_d=0.0110m ayal_F/T_tcp=[7.3005, -0.6135, -8.7129, 0.1617, 0.9940, 0.0052] uri_F/T_tcp=[7.7357, 0.6337, -8.6137, -0.2369, 1.2928, -0.0899]
  [insert c1 s14] delta=[-0.0072, -0.0089, 0.0028, 0.0050, -0.0106, -0.0166] rel_d=0.0118m ayal_F/T_tcp=[-12.6193, -7.8958, 5.7668, 0.9377, -1.7514, 0.0208] uri_F/T_tcp=[-12.3505, 7.3656, 6.6428, -0.9793, -2.0143, 0.0490]
  [insert c1 s15] delta=[-0.0055, -0.0067, 0.0018, 0.0223, 0.0400, -0.0059] rel_d=0.0088m ayal_F/T_tcp=[-9.5536, -6.5685, -22.0823, 0.6635, -1.5589, -0.0584] uri_F/T_tcp=[-10.5172, 6.0315, -20.9608, -0.8108, -1.8681, -0.1690]
  large wrench over 20.0 N detected, aborting insert: [-9.5536, -6.5685, -22.0823, 0.6635, -1.5589, -0.0584]. distance was 0.0088 m
  exceeded wrench. straightening then entering force-seek
  [straightening c1 s15] delta=[-0.0051, -0.0072, 0.0019, -0.0000, -0.0000, -0.0000] rel_d=0.0090m ayal_F/T_tcp=[-0.1579, -1.0971, 0.0180, 0.1661, -0.2861, -0.0275] uri_F/T_tcp=[-0.1555, 0.9174, 0.4205, -0.1618, -0.2970, -0.0280]
  large wrench over 20.0 N detected, aborting insert: [-9.5536, -6.5685, -22.0823, 0.6635, -1.5589, -0.0584]. distance was 0.0088 m
  exceeded wrench during straightening. skipping force-seek and moving to next cycle.
[cycle 1] pull: target rel_d >= 27.0 mm (cap 25 steps × 1.0 mm), then -Z back-off 20.0 mm
  [pull c1 s0] delta=[-0.0004, -0.0018, -0.0018, 0.0029, -0.0034, 0.0178] rel_d=0.0026m ayal_F/T_tcp=[2.5499, 16.8958, -11.9074, -1.6766, -0.0082, 0.0435] uri_F/T_tcp=[2.2747, -16.3742, -14.0947, 2.2871, 0.0620, -0.0704]
  [pull c1 s1] delta=[-0.0012, -0.0028, 0.0019, 0.0216, 0.0321, -0.0028] rel_d=0.0036m ayal_F/T_tcp=[7.9622, -21.5297, 19.3738, 2.2777, 1.2323, -0.1941] uri_F/T_tcp=[8.9396, 19.4862, 21.5171, -2.5182, 1.7443, -0.1520]
  large wrench over 20.0 N detected, aborting insert: [7.9622, -21.5297, 19.3738, 2.2777, 1.2323, -0.1941]. distance was 0.0036 m
  exceeded wrench. straightening then moving to next cycle
  [straightening c1 s1] delta=[-0.0012, -0.0016, 0.0004, -0.0000, 0.0000, -0.0000] rel_d=0.0020m ayal_F/T_tcp=[-3.5542, -0.7093, -5.2120, 0.1114, -0.6913, 0.1276] uri_F/T_tcp=[-4.2924, 0.7028, -5.3090, -0.2112, -0.7804, -0.0058]
  [pull c1 s2] delta=[-0.0013, -0.0023, -0.0011, 0.0400, 0.0050, -0.0097] rel_d=0.0029m ayal_F/T_tcp=[-5.2548, 11.8678, 8.2136, -1.3612, -0.8818, -0.1722] uri_F/T_tcp=[-5.5243, -10.7987, 6.3459, 1.2035, -1.1211, -0.1485]
  [pull c1 s3] delta=[-0.0025, -0.0042, 0.0011, 0.0289, 0.0206, -0.0148] rel_d=0.0050m ayal_F/T_tcp=[1.9875, -9.6140, 6.2187, 0.8643, 0.0972, 0.0671] uri_F/T_tcp=[1.8667, 8.7011, 7.1010, -1.0102, 0.2052, -0.0713]
  [pull c1 s4] delta=[-0.0026, -0.0046, 0.0024, 0.0400, -0.0187, 0.0191] rel_d=0.0058m ayal_F/T_tcp=[5.0155, -18.3117, 15.1263, 2.0409, 0.8526, -0.1563] uri_F/T_tcp=[5.8672, 15.7624, 17.9402, -1.9125, 0.9980, -0.1414]
  [pull c1 s5] delta=[-0.0031, -0.0054, 0.0004, -0.0055, 0.0092, -0.0314] rel_d=0.0063m ayal_F/T_tcp=[1.3490, 4.9144, 5.0251, -0.5082, 0.1239, 0.2627] uri_F/T_tcp=[1.5256, -4.2112, 4.2810, 0.4257, 0.0693, 0.1205]
  [pull c1 s6] delta=[-0.0052, -0.0046, -0.0003, 0.0050, -0.0010, -0.0006] rel_d=0.0069m ayal_F/T_tcp=[-22.2714, 5.0081, 9.5431, -0.7569, -3.8260, 0.1287] uri_F/T_tcp=[-23.6480, -6.1855, 7.4066, 0.8517, -4.0237, -0.0998]
  large wrench over 20.0 N detected, aborting insert: [-22.2714, 5.0081, 9.5431, -0.7569, -3.8260, 0.1287]. distance was 0.0069 m
  exceeded wrench. straightening then moving to next cycle
  [straightening c1 s6] delta=[-0.0040, -0.0056, 0.0015, -0.0000, 0.0000, 0.0001] rel_d=0.0070m ayal_F/T_tcp=[4.4294, -5.8940, 2.0552, 0.4988, 0.2176, 0.0991] uri_F/T_tcp=[3.7152, 5.2084, 1.9962, -0.5453, 0.3075, -0.0552]
  [pull c1 s7] delta=[-0.0033, -0.0084, 0.0021, -0.0278, 0.0128, -0.0002] rel_d=0.0092m ayal_F/T_tcp=[20.9072, -1.6667, 21.4796, -0.0064, 3.1240, 0.2685] uri_F/T_tcp=[21.4297, 1.7337, 20.4173, -0.2327, 3.5435, 0.1465]
  large wrench over 20.0 N detected, aborting insert: [20.9072, -1.6667, 21.4796, -0.0064, 3.1240, 0.2685]. distance was 0.0092 m
  exceeded wrench. straightening then moving to next cycle
  [straightening c1 s7] delta=[-0.0045, -0.0064, 0.0017, 0.0000, 0.0000, 0.0000] rel_d=0.0080m ayal_F/T_tcp=[-6.3518, -1.6934, -5.5339, 0.0848, -0.9481, -0.0149] uri_F/T_tcp=[-6.4968, 1.5932, -5.2773, -0.1992, -1.1141, 0.0010]
  [pull c1 s8] delta=[-0.0042, -0.0071, 0.0011, 0.0096, -0.0194, -0.0228] rel_d=0.0083m ayal_F/T_tcp=[-1.1894, 3.4829, 2.6340, -0.3421, -0.1660, 0.0433] uri_F/T_tcp=[-1.1158, -2.7186, 1.3185, 0.3514, -0.4085, 0.0716]
  [pull c1 s9] delta=[-0.0050, -0.0080, 0.0016, 0.0058, 0.0256, 0.0256] rel_d=0.0096m ayal_F/T_tcp=[0.6909, -3.1859, 9.2286, 0.1230, -0.0154, -0.0361] uri_F/T_tcp=[0.9217, 2.2821, 9.0862, -0.1548, 0.2146, -0.1478]
  [pull c1 s10] delta=[-0.0070, -0.0082, 0.0013, 0.0073, 0.0153, -0.0120] rel_d=0.0109m ayal_F/T_tcp=[-14.1462, 0.2287, 11.2967, -0.1586, -2.2759, 0.0396] uri_F/T_tcp=[-14.5804, -0.6559, 10.5978, 0.1743, -2.3155, 0.0230]
  [pull c1 s11] delta=[-0.0067, -0.0115, 0.0026, 0.0075, 0.0025, -0.0046] rel_d=0.0135m ayal_F/T_tcp=[8.5862, -0.8659, 8.5498, -0.0643, 1.1339, -0.0499] uri_F/T_tcp=[8.7152, 0.6282, 7.9767, 0.0015, 1.2015, 0.0131]
  [pull c1 s12] delta=[-0.0058, -0.0102, 0.0021, 0.0253, -0.0131, 0.0270] rel_d=0.0119m ayal_F/T_tcp=[6.4254, 0.6461, -4.5951, -0.1765, 0.7458, 0.0109] uri_F/T_tcp=[6.6619, -0.5507, -5.4103, 0.1784, 0.9440, -0.0750]
  [pull c1 s13] delta=[-0.0086, -0.0112, 0.0018, 0.0041, 0.0087, -0.0138] rel_d=0.0142m ayal_F/T_tcp=[-10.2492, 1.5209, 7.9321, -0.2849, -1.5771, 0.0077] uri_F/T_tcp=[-10.2406, -1.9803, 6.9870, 0.3571, -1.6693, 0.0217]
  [pull c1 s14] delta=[-0.0079, -0.0130, 0.0025, -0.0299, -0.0145, -0.0164] rel_d=0.0154m ayal_F/T_tcp=[7.7244, 0.8137, 17.1096, -0.2181, 0.9839, 0.3102] uri_F/T_tcp=[7.5812, -0.7381, 16.0505, 0.1934, 1.1079, 0.1756]
  [pull c1 s15] delta=[-0.0093, -0.0136, 0.0024, -0.0010, -0.0319, -0.0157] rel_d=0.0166m ayal_F/T_tcp=[-5.1610, 3.0710, 7.5637, -0.4076, -0.7456, -0.0164] uri_F/T_tcp=[-5.0973, -3.0273, 6.2706, 0.4836, -0.8348, 0.0025]
  [pull c1 s16] delta=[-0.0086, -0.0141, 0.0030, 0.0139, 0.0220, -0.0183] rel_d=0.0168m ayal_F/T_tcp=[6.2223, -1.9931, 3.3961, 0.0707, 0.7712, 0.0932] uri_F/T_tcp=[6.2742, 2.1433, 2.8991, -0.1024, 0.8721, -0.0188]
  [pull c1 s17] delta=[-0.0109, -0.0154, 0.0033, 0.0130, 0.0400, -0.0237] rel_d=0.0191m ayal_F/T_tcp=[-3.2470, -0.7495, 3.1283, -0.0331, -0.4880, 0.1143] uri_F/T_tcp=[-3.1567, 0.7425, 2.9079, 0.0271, -0.5095, -0.0231]
  [pull c1 s18] delta=[-0.0102, -0.0144, 0.0041, 0.0070, 0.0236, -0.0269] rel_d=0.0181m ayal_F/T_tcp=[-1.8405, -5.6985, -4.9100, 0.4547, -0.2989, -0.0393] uri_F/T_tcp=[-1.6047, 5.5445, -4.7317, -0.6090, -0.3828, -0.0337]
  [pull c1 s19] delta=[-0.0116, -0.0159, 0.0039, 0.0213, 0.0215, -0.0300] rel_d=0.0201m ayal_F/T_tcp=[-5.1984, -0.5735, 4.9351, 0.0442, -0.7761, -0.0163] uri_F/T_tcp=[-4.9460, 0.6833, 4.2826, -0.0393, -0.8271, -0.0126]
  [pull c1 s20] delta=[-0.0123, -0.0172, 0.0049, -0.0087, 0.0301, -0.0117] rel_d=0.0217m ayal_F/T_tcp=[-0.5337, -6.2400, 3.1937, 0.5378, -0.2136, 0.0880] uri_F/T_tcp=[-0.4438, 5.6292, 3.6048, -0.5928, -0.2030, -0.0350]
  [pull c1 s21] delta=[-0.0133, -0.0179, 0.0032, 0.0035, -0.0189, 0.0013] rel_d=0.0225m ayal_F/T_tcp=[-7.6454, 4.3297, 5.3164, -0.5004, -1.2219, -0.0145] uri_F/T_tcp=[-7.8683, -4.0455, 3.9400, 0.5841, -1.3555, -0.0128]
  [pull c1 s22] delta=[-0.0126, -0.0190, 0.0054, -0.0123, -0.0213, 0.0104] rel_d=0.0234m ayal_F/T_tcp=[3.2602, -1.5209, 1.5761, 0.0951, 0.3042, 0.0904] uri_F/T_tcp=[3.3977, 1.8638, 0.9390, -0.0936, 0.3299, -0.0107]
  [pull c1 s23] delta=[-0.0122, -0.0198, 0.0059, 0.0106, -0.0240, -0.0288] rel_d=0.0240m ayal_F/T_tcp=[2.6934, -0.9835, -0.1065, -0.0023, 0.2517, -0.0210] uri_F/T_tcp=[2.5483, 1.0033, -0.0777, 0.0150, 0.3000, -0.0168]
  [pull c1 s24] delta=[-0.0136, -0.0198, 0.0062, -0.0202, -0.0139, 0.0202] rel_d=0.0248m ayal_F/T_tcp=[0.3410, -0.5802, 0.8592, -0.0265, -0.0217, 0.0685] uri_F/T_tcp=[0.3159, 0.7002, 0.1930, 0.0361, -0.0193, -0.0330]
  step cap hit before reaching rel_d target; backing off anyway
  extra pull-back 20.0 mm along ayal -Z
  [pull_backoff c1 s0] delta=[-0.0248, -0.0359, 0.0100, -0.0201, -0.0139, 0.0201] rel_d=0.0448m ayal_F/T_tcp=[0.5427, -0.6673, 0.7061, -0.0284, -0.0276, -0.0398] uri_F/T_tcp=[0.3496, 0.7047, 0.2122, 0.0343, -0.0233, -0.0348]
choose_new_uri_location: picked [0.1000, -0.5200, 0.5000, 1.1700, -0.5959, -0.1427] (attempt 4)
move ayal to compact position
move uri to [0.1000, -0.5200, 0.5000, 1.1700, -0.5959, -0.1427]
  computed ayal mate: [-0.3956, 0.4424, 0.2306, 0.1821, 2.1196, 1.4571]
ayal current position: [-0.4186, 0.4729, 0.0006, -0.0257, 2.2596, 1.8320]
uri  mate: [0.1000, -0.5200, 0.5000, 1.1700, -0.5959, -0.1427]
ayal mate: [-0.3956, 0.4424, 0.2306, 0.1820, 2.1195, 1.4571]
ayal_unmate: [-0.4094, 0.4202, 0.2375, 0.1820, 2.1195, 1.4571]
[cycle 2] insert: target rel_d <= 1.5 mm (cap 25 steps × 1.0 mm), then seek |F_z|>=5.0 N (cap 15 steps)
[cycle 2] insert skipped after fault
[cycle 2] pull: target rel_d >= 27.0 mm (cap 25 steps × 1.0 mm), then -Z back-off 20.0 mm
  [pull c2 s0] delta=[-0.0152, -0.0158, -0.0232, -0.0152, 0.0258, 0.0466] rel_d=0.0238m ayal_F/T_tcp=[0.0010, 1.7667, 0.4877, 0.0480, 0.0420, 0.0805] uri_F/T_tcp=[-0.6466, -0.9462, 0.9822, -0.0369, 0.0418, 0.1040]
  [pull c2 s1] delta=[-0.0152, -0.0158, -0.0232, -0.0152, 0.0258, 0.0466] rel_d=0.0239m ayal_F/T_tcp=[-0.0948, 1.7992, 0.4198, 0.0494, 0.0446, 0.0805] uri_F/T_tcp=[-0.5531, -1.0090, 1.0746, -0.0391, 0.0386, 0.1046]
  [pull c2 s2] delta=[-0.0153, -0.0159, -0.0232, -0.0153, 0.0258, 0.0466] rel_d=0.0239m ayal_F/T_tcp=[-0.0368, 1.8513, 0.5125, 0.0510, 0.0426, 0.0805] uri_F/T_tcp=[-0.6516, -0.9842, 1.2511, -0.0390, 0.0390, 0.1026]
  [pull c2 s3] delta=[-0.0152, -0.0158, -0.0232, -0.0152, 0.0258, 0.0466] rel_d=0.0239m ayal_F/T_tcp=[-0.0072, 1.7045, 0.2899, 0.0485, 0.0423, 0.0819] uri_F/T_tcp=[-0.6412, -1.0333, 1.0249, -0.0399, 0.0381, 0.1059]
saved 90 records to /home/user/Projects/yarbiv/rmp_lab/dual_arm_peg/output/auto_peg_cycle_6.json
